[ 2016-12-13T20:54:06+08:00 ] 127.0.0.1 /newmeigui/
INFO: [ app_init ] --START--
INFO: Run Behavior\BuildLiteBehavior [ RunTime:0.000000s ]
INFO: [ app_init ] --END-- [ RunTime:0.002000s ]
INFO: [ app_begin ] --START--
INFO: Run Behavior\ReadHtmlCacheBehavior [ RunTime:0.001000s ]
INFO: [ app_begin ] --END-- [ RunTime:0.001000s ]
SQL: SHOW COLUMNS FROM `na_ad` [ RunTime:0.4480s ]
SQL: SHOW COLUMNS FROM `na_ad` [ RunTime:0.0520s ]
SQL: SELECT * FROM `na_ad` WHERE `na_ad_adType` = '图文' ORDER BY `na_ad_count` desc LIMIT 3   [ RunTime:0.1080s ]
SQL: SHOW COLUMNS FROM `na_adlove` [ RunTime:0.0280s ]
SQL: SHOW COLUMNS FROM `na_adlove` [ RunTime:0.0010s ]
SQL: SHOW COLUMNS FROM `na_adlove` [ RunTime:0.0010s ]
SQL: SELECT * FROM na_adlove a,na_ad b WHERE ( a.na_adlove_adId=b.na_ad_id ) ORDER BY a.na_adlove_count desc LIMIT 3   [ RunTime:0.0570s ]
INFO: [ view_parse ] --START--
INFO: [ template_filter ] --START--
INFO: Run Behavior\ContentReplaceBehavior [ RunTime:0.013000s ]
INFO: [ template_filter ] --END-- [ RunTime:0.013000s ]
NOTIC: [8] Undefined variable: info E:\phpworkspaces\newmeigui\Application\Runtime\Cache\Home\54d51b08bea1174e92f3f8780711524d.php 第 48 行.
INFO: Run Behavior\ParseTemplateBehavior [ RunTime:0.240000s ]
INFO: [ view_parse ] --END-- [ RunTime:0.240000s ]
INFO: [ view_filter ] --START--
INFO: Run Behavior\WriteHtmlCacheBehavior [ RunTime:0.031000s ]
INFO: [ view_filter ] --END-- [ RunTime:0.031000s ]
INFO: [ app_end ] --START--
INFO: Run Behavior\ShowPageTraceBehavior [ RunTime:0.029000s ]
INFO: [ app_end ] --END-- [ RunTime:0.029000s ]

[ 2016-12-13T20:54:16+08:00 ] 127.0.0.1 /newmeigui/index.php/Home/AdSearch
INFO: [ app_init ] --START--
INFO: Run Behavior\BuildLiteBehavior [ RunTime:0.000000s ]
INFO: [ app_init ] --END-- [ RunTime:0.001000s ]
INFO: [ app_begin ] --START--
INFO: Run Behavior\ReadHtmlCacheBehavior [ RunTime:0.017000s ]
INFO: [ app_begin ] --END-- [ RunTime:0.017000s ]
SQL: SHOW COLUMNS FROM `na_picture` [ RunTime:0.0920s ]
SQL: SHOW COLUMNS FROM `na_picture` [ RunTime:0.0130s ]
SQL: SELECT * FROM `na_picture` WHERE `na_picture_type` = '广告' ORDER BY `na_picture_order`  [ RunTime:0.0600s ]
SQL: SHOW COLUMNS FROM `na_user` [ RunTime:0.0400s ]
SQL: SHOW COLUMNS FROM `na_user` [ RunTime:0.0010s ]
SQL: SELECT * FROM `na_user` WHERE `na_user_id` = null LIMIT 1   [ RunTime:0.0180s ]
SQL: SHOW COLUMNS FROM `na_ad` [ RunTime:0.0110s ]
NOTIC: [8] Uninitialized string offset: 1 E:\phpworkspaces\newmeigui\ThinkPHP\Common\functions.php 第 1873 行.
NOTIC: [8] Undefined offset: 1 E:\phpworkspaces\newmeigui\ThinkPHP\Common\functions.php 第 1873 行.
SQL: SHOW COLUMNS FROM `na_ad` [ RunTime:0.0010s ]
SQL: SELECT COUNT(*) AS tp_count FROM `na_ad` WHERE `na_ad_name` LIKE '%%' AND `na_ad_place` LIKE '%%' AND `na_ad_type` LIKE '%%' AND `na_ad_year` LIKE '%%' LIMIT 1   [ RunTime:0.0550s ]
SQL: SELECT `na_ad_id`,`na_ad_name`,`na_ad_showPath`,`na_ad_introduce`,`na_ad_content` FROM `na_ad` WHERE `na_ad_name` LIKE '%%' AND `na_ad_place` LIKE '%%' AND `na_ad_type` LIKE '%%' AND `na_ad_year` LIKE '%%' ORDER BY `na_ad_time` desc LIMIT 0,20   [ RunTime:0.0290s ]
SQL: SHOW COLUMNS FROM `na_adtype` [ RunTime:0.0290s ]
SQL: SHOW COLUMNS FROM `na_adtype` [ RunTime:0.0100s ]
SQL: SELECT * FROM `na_adtype`  [ RunTime:0.0650s ]
NOTIC: [8] Use of undefined constant adSearch - assumed 'adSearch' E:\phpworkspaces\newmeigui\Application\Home\Controller\AdSearchController.class.php 第 25 行.
INFO: [ view_parse ] --START--
INFO: [ template_filter ] --START--
INFO: Run Behavior\ContentReplaceBehavior [ RunTime:0.000000s ]
INFO: [ template_filter ] --END-- [ RunTime:0.001000s ]
INFO: Run Behavior\ParseTemplateBehavior [ RunTime:0.074000s ]
INFO: [ view_parse ] --END-- [ RunTime:0.074000s ]
INFO: [ view_filter ] --START--
INFO: Run Behavior\WriteHtmlCacheBehavior [ RunTime:0.001000s ]
INFO: [ view_filter ] --END-- [ RunTime:0.001000s ]
INFO: [ app_end ] --START--
INFO: Run Behavior\ShowPageTraceBehavior [ RunTime:0.002000s ]
INFO: [ app_end ] --END-- [ RunTime:0.002000s ]

[ 2016-12-13T21:26:59+08:00 ] 127.0.0.1 /newmeigui/index.php/Home/AdSearch
INFO: [ app_init ] --START--
INFO: Run Behavior\BuildLiteBehavior [ RunTime:0.000000s ]
INFO: [ app_init ] --END-- [ RunTime:0.001000s ]
INFO: [ app_begin ] --START--
INFO: Run Behavior\ReadHtmlCacheBehavior [ RunTime:0.001000s ]
INFO: [ app_begin ] --END-- [ RunTime:0.001000s ]
SQL: SHOW COLUMNS FROM `na_picture` [ RunTime:0.0910s ]
SQL: SHOW COLUMNS FROM `na_picture` [ RunTime:0.0250s ]
SQL: SELECT * FROM `na_picture` WHERE `na_picture_type` = '广告' ORDER BY `na_picture_order`  [ RunTime:0.0010s ]
SQL: SHOW COLUMNS FROM `na_user` [ RunTime:0.0210s ]
SQL: SHOW COLUMNS FROM `na_user` [ RunTime:0.0010s ]
SQL: SELECT * FROM `na_user` WHERE `na_user_id` = null LIMIT 1   [ RunTime:0.0010s ]
SQL: SHOW COLUMNS FROM `na_ad` [ RunTime:0.0090s ]
NOTIC: [8] Uninitialized string offset: 1 E:\phpworkspaces\newmeigui\ThinkPHP\Common\functions.php 第 1873 行.
NOTIC: [8] Undefined offset: 1 E:\phpworkspaces\newmeigui\ThinkPHP\Common\functions.php 第 1873 行.
SQL: SHOW COLUMNS FROM `na_ad` [ RunTime:0.0010s ]
SQL: SELECT COUNT(*) AS tp_count FROM `na_ad` WHERE `na_ad_name` LIKE '%%' AND `na_ad_place` LIKE '%%' AND `na_ad_type` LIKE '%%' AND `na_ad_year` LIKE '%%' LIMIT 1   [ RunTime:0.0010s ]
SQL: SELECT `na_ad_id`,`na_ad_name`,`na_ad_showPath`,`na_ad_introduce`,`na_ad_content` FROM `na_ad` WHERE `na_ad_name` LIKE '%%' AND `na_ad_place` LIKE '%%' AND `na_ad_type` LIKE '%%' AND `na_ad_year` LIKE '%%' ORDER BY `na_ad_time` desc LIMIT 0,20   [ RunTime:0.0000s ]
SQL: SHOW COLUMNS FROM `na_adtype` [ RunTime:0.0000s ]
SQL: SHOW COLUMNS FROM `na_adtype` [ RunTime:0.0010s ]
SQL: SELECT * FROM `na_adtype`  [ RunTime:0.0010s ]
NOTIC: [8] Use of undefined constant adSearch - assumed 'adSearch' E:\phpworkspaces\newmeigui\Application\Home\Controller\AdSearchController.class.php 第 25 行.
INFO: [ view_parse ] --START--
INFO: [ template_filter ] --START--
INFO: Run Behavior\ContentReplaceBehavior [ RunTime:0.000000s ]
INFO: [ template_filter ] --END-- [ RunTime:0.000000s ]
INFO: Run Behavior\ParseTemplateBehavior [ RunTime:0.018000s ]
INFO: [ view_parse ] --END-- [ RunTime:0.018000s ]
INFO: [ view_filter ] --START--
INFO: Run Behavior\WriteHtmlCacheBehavior [ RunTime:0.000000s ]
INFO: [ view_filter ] --END-- [ RunTime:0.000000s ]
INFO: [ app_end ] --START--
INFO: Run Behavior\ShowPageTraceBehavior [ RunTime:0.001000s ]
INFO: [ app_end ] --END-- [ RunTime:0.001000s ]

[ 2016-12-13T21:27:00+08:00 ] 127.0.0.1 /newmeigui/index.php/Home/MyInfo
INFO: [ app_init ] --START--
INFO: Run Behavior\BuildLiteBehavior [ RunTime:0.000000s ]
INFO: [ app_init ] --END-- [ RunTime:0.000000s ]
INFO: [ app_begin ] --START--
INFO: Run Behavior\ReadHtmlCacheBehavior [ RunTime:0.001000s ]
INFO: [ app_begin ] --END-- [ RunTime:0.001000s ]

[ 2016-12-13T21:27:01+08:00 ] 127.0.0.1 /newmeigui/index.php/Home/Index/index
INFO: [ app_init ] --START--
INFO: Run Behavior\BuildLiteBehavior [ RunTime:0.000000s ]
INFO: [ app_init ] --END-- [ RunTime:0.000000s ]
INFO: [ app_begin ] --START--
INFO: Run Behavior\ReadHtmlCacheBehavior [ RunTime:0.001000s ]
INFO: [ app_begin ] --END-- [ RunTime:0.001000s ]
SQL: SHOW COLUMNS FROM `na_ad` [ RunTime:0.0250s ]
SQL: SHOW COLUMNS FROM `na_ad` [ RunTime:0.0070s ]
SQL: SELECT * FROM `na_ad` WHERE `na_ad_adType` = '图文' ORDER BY `na_ad_count` desc LIMIT 3   [ RunTime:0.0070s ]
SQL: SHOW COLUMNS FROM `na_adlove` [ RunTime:0.0190s ]
SQL: SHOW COLUMNS FROM `na_adlove` [ RunTime:0.0010s ]
SQL: SHOW COLUMNS FROM `na_adlove` [ RunTime:0.0010s ]
SQL: SELECT * FROM na_adlove a,na_ad b WHERE ( a.na_adlove_adId=b.na_ad_id ) ORDER BY a.na_adlove_count desc LIMIT 3   [ RunTime:0.0080s ]
INFO: [ view_parse ] --START--
INFO: [ template_filter ] --START--
INFO: Run Behavior\ContentReplaceBehavior [ RunTime:0.000000s ]
INFO: [ template_filter ] --END-- [ RunTime:0.000000s ]
NOTIC: [8] Undefined variable: info E:\phpworkspaces\newmeigui\Application\Runtime\Cache\Home\54d51b08bea1174e92f3f8780711524d.php 第 48 行.
INFO: Run Behavior\ParseTemplateBehavior [ RunTime:0.027000s ]
INFO: [ view_parse ] --END-- [ RunTime:0.027000s ]
INFO: [ view_filter ] --START--
INFO: Run Behavior\WriteHtmlCacheBehavior [ RunTime:0.000000s ]
INFO: [ view_filter ] --END-- [ RunTime:0.000000s ]
INFO: [ app_end ] --START--
INFO: Run Behavior\ShowPageTraceBehavior [ RunTime:0.001000s ]
INFO: [ app_end ] --END-- [ RunTime:0.001000s ]

[ 2016-12-13T21:27:14+08:00 ] 127.0.0.1 /newmeigui/index.php/Home/lc
INFO: [ app_init ] --START--
INFO: Run Behavior\BuildLiteBehavior [ RunTime:0.000000s ]
INFO: [ app_init ] --END-- [ RunTime:0.001000s ]
INFO: [ app_begin ] --START--
INFO: Run Behavior\ReadHtmlCacheBehavior [ RunTime:0.001000s ]
INFO: [ app_begin ] --END-- [ RunTime:0.001000s ]
SQL: SHOW COLUMNS FROM `na_user` [ RunTime:0.0290s ]
SQL: SHOW COLUMNS FROM `na_user` [ RunTime:0.0060s ]
SQL: SELECT * FROM `na_user` WHERE `na_user_loginName` = '13787878787' LIMIT 1   [ RunTime:0.0210s ]

[ 2016-12-13T21:27:15+08:00 ] 127.0.0.1 /newmeigui/index.php/Home/MyInfo
INFO: [ app_init ] --START--
INFO: Run Behavior\BuildLiteBehavior [ RunTime:0.000000s ]
INFO: [ app_init ] --END-- [ RunTime:0.001000s ]
INFO: [ app_begin ] --START--
INFO: Run Behavior\ReadHtmlCacheBehavior [ RunTime:0.001000s ]
INFO: [ app_begin ] --END-- [ RunTime:0.001000s ]
SQL: SHOW COLUMNS FROM `na_user` [ RunTime:0.0010s ]
SQL: SHOW COLUMNS FROM `na_user` [ RunTime:0.0160s ]
SQL: SELECT * FROM `na_user` WHERE `na_user_id` = 27 LIMIT 1   [ RunTime:0.0330s ]
SQL: SHOW COLUMNS FROM `na_comment` [ RunTime:0.0170s ]
SQL: SHOW COLUMNS FROM `na_comment` [ RunTime:0.0000s ]
SQL: SELECT COUNT(*) AS tp_count FROM `na_comment` WHERE `na_comment_type` = '动态' AND `na_comment_userId` = 27 LIMIT 1   [ RunTime:0.0370s ]
SQL: SELECT * FROM `na_comment` WHERE `na_comment_type` = '动态' AND `na_comment_userId` = 27 ORDER BY `na_comment_time` desc LIMIT 0,2   [ RunTime:0.0160s ]
SQL: SELECT * FROM `na_user` WHERE `na_user_id` = 27 LIMIT 1   [ RunTime:0.0000s ]
SQL: SHOW COLUMNS FROM `na_ad` [ RunTime:0.0010s ]
SQL: SHOW COLUMNS FROM `na_ad` [ RunTime:0.0010s ]
SQL: SELECT COUNT(na_ad_id) AS tp_count FROM `na_ad` WHERE `na_ad_id` IN ('149','143','143','94','110','94') LIMIT 1   [ RunTime:0.0320s ]
SQL: SELECT * FROM `na_ad` WHERE `na_ad_id` IN ('149','143','143','94','110','94') ORDER BY `na_ad_time` desc LIMIT 0,4   [ RunTime:0.0150s ]
SQL: SHOW COLUMNS FROM `na_adlove` [ RunTime:0.0100s ]
SQL: SHOW COLUMNS FROM `na_adlove` [ RunTime:0.0010s ]
SQL: SHOW COLUMNS FROM `na_adlove` [ RunTime:0.0000s ]
SQL: SELECT * FROM na_adlove a,na_ad b WHERE ( a.na_adlove_adId=b.na_ad_id ) ORDER BY a.na_adlove_count desc LIMIT 3   [ RunTime:0.0000s ]
INFO: [ view_parse ] --START--
INFO: [ template_filter ] --START--
INFO: Run Behavior\ContentReplaceBehavior [ RunTime:0.001000s ]
INFO: [ template_filter ] --END-- [ RunTime:0.001000s ]
NOTIC: [8] Undefined variable: url E:\phpworkspaces\newmeigui\Application\Runtime\Cache\Home\b271d2c0a6846724e36f5bdcf5e43b70.php 第 253 行.
INFO: Run Behavior\ParseTemplateBehavior [ RunTime:0.036000s ]
INFO: [ view_parse ] --END-- [ RunTime:0.036000s ]
INFO: [ view_filter ] --START--
INFO: Run Behavior\WriteHtmlCacheBehavior [ RunTime:0.001000s ]
INFO: [ view_filter ] --END-- [ RunTime:0.001000s ]
INFO: [ app_end ] --START--
INFO: Run Behavior\ShowPageTraceBehavior [ RunTime:0.001000s ]
INFO: [ app_end ] --END-- [ RunTime:0.001000s ]

[ 2016-12-13T21:27:16+08:00 ] 127.0.0.1 /newmeigui/Public/front/jquery.min.js
INFO: [ app_init ] --START--
INFO: Run Behavior\BuildLiteBehavior [ RunTime:0.000000s ]
INFO: [ app_init ] --END-- [ RunTime:0.001000s ]
INFO: [ app_begin ] --START--
INFO: Run Behavior\ReadHtmlCacheBehavior [ RunTime:0.001000s ]
INFO: [ app_begin ] --END-- [ RunTime:0.002000s ]
ERR: 无法加载控制器:Public

[ 2016-12-13T21:41:33+08:00 ] 127.0.0.1 /newmeigui/index.php/Home/MyInfo
INFO: [ app_init ] --START--
INFO: Run Behavior\BuildLiteBehavior [ RunTime:0.000000s ]
INFO: [ app_init ] --END-- [ RunTime:0.000000s ]
INFO: [ app_begin ] --START--
INFO: Run Behavior\ReadHtmlCacheBehavior [ RunTime:0.001000s ]
INFO: [ app_begin ] --END-- [ RunTime:0.001000s ]
SQL: SHOW COLUMNS FROM `na_user` [ RunTime:0.0690s ]
SQL: SHOW COLUMNS FROM `na_user` [ RunTime:0.0090s ]
SQL: SELECT * FROM `na_user` WHERE `na_user_id` = 27 LIMIT 1   [ RunTime:0.0010s ]
SQL: SHOW COLUMNS FROM `na_comment` [ RunTime:0.0220s ]
SQL: SHOW COLUMNS FROM `na_comment` [ RunTime:0.0010s ]
SQL: SELECT COUNT(*) AS tp_count FROM `na_comment` WHERE `na_comment_type` = '动态' AND `na_comment_userId` = 27 LIMIT 1   [ RunTime:0.0080s ]
SQL: SELECT * FROM `na_comment` WHERE `na_comment_type` = '动态' AND `na_comment_userId` = 27 ORDER BY `na_comment_time` desc LIMIT 0,2   [ RunTime:0.0010s ]
SQL: SELECT * FROM `na_user` WHERE `na_user_id` = 27 LIMIT 1   [ RunTime:0.0140s ]
NOTIC: [2] Missing argument 2 for Home\Controller\MyInfoController::get_ad(), called in E:\phpworkspaces\newmeigui\Application\Home\Controller\MyInfoController.class.php on line 27 and defined E:\phpworkspaces\newmeigui\Application\Home\Controller\MyInfoController.class.php 第 126 行.
SQL: SHOW COLUMNS FROM `na_ad` [ RunTime:0.0010s ]
NOTIC: [8] Undefined variable: list E:\phpworkspaces\newmeigui\Application\Home\Controller\MyInfoController.class.php 第 128 行.
SQL: SHOW COLUMNS FROM `na_ad` [ RunTime:0.0000s ]
SQL: SELECT COUNT(na_ad_id) AS tp_count FROM `na_ad` WHERE `na_ad_id` IN ('149','143','143','94','110','94') LIMIT 1   [ RunTime:0.0160s ]
NOTIC: [2] Division by zero E:\phpworkspaces\newmeigui\ThinkPHP\Library\Org\Util\AjaxPage.class.php 第 38 行.
SQL: SELECT * FROM `na_ad` WHERE `na_ad_id` IN ('149','143','143','94','110','94') ORDER BY `na_ad_time` desc  [ RunTime:0.0310s ]
SQL: SHOW COLUMNS FROM `na_adlove` [ RunTime:0.0370s ]
SQL: SHOW COLUMNS FROM `na_adlove` [ RunTime:0.0010s ]
SQL: SHOW COLUMNS FROM `na_adlove` [ RunTime:0.0000s ]
SQL: SELECT * FROM na_adlove a,na_ad b WHERE ( a.na_adlove_adId=b.na_ad_id ) ORDER BY a.na_adlove_count desc LIMIT 3   [ RunTime:0.0000s ]
INFO: [ view_parse ] --START--
INFO: [ template_filter ] --START--
INFO: Run Behavior\ContentReplaceBehavior [ RunTime:0.001000s ]
INFO: [ template_filter ] --END-- [ RunTime:0.001000s ]
NOTIC: [8] Undefined variable: url E:\phpworkspaces\newmeigui\Application\Runtime\Cache\Home\b271d2c0a6846724e36f5bdcf5e43b70.php 第 253 行.
INFO: Run Behavior\ParseTemplateBehavior [ RunTime:0.049000s ]
INFO: [ view_parse ] --END-- [ RunTime:0.049000s ]
INFO: [ view_filter ] --START--
INFO: Run Behavior\WriteHtmlCacheBehavior [ RunTime:0.000000s ]
INFO: [ view_filter ] --END-- [ RunTime:0.000000s ]
INFO: [ app_end ] --START--
INFO: Run Behavior\ShowPageTraceBehavior [ RunTime:0.001000s ]
INFO: [ app_end ] --END-- [ RunTime:0.001000s ]

[ 2016-12-13T21:41:34+08:00 ] 127.0.0.1 /newmeigui/Public/front/jquery.min.js
INFO: [ app_init ] --START--
INFO: Run Behavior\BuildLiteBehavior [ RunTime:0.000000s ]
INFO: [ app_init ] --END-- [ RunTime:0.001000s ]
INFO: [ app_begin ] --START--
INFO: Run Behavior\ReadHtmlCacheBehavior [ RunTime:0.001000s ]
INFO: [ app_begin ] --END-- [ RunTime:0.001000s ]
ERR: 无法加载控制器:Public

[ 2016-12-13T21:41:34+08:00 ] 127.0.0.1 /newmeigui/Public/front/jquery.min.js
INFO: [ app_init ] --START--
INFO: Run Behavior\BuildLiteBehavior [ RunTime:0.000000s ]
INFO: [ app_init ] --END-- [ RunTime:0.000000s ]
INFO: [ app_begin ] --START--
INFO: Run Behavior\ReadHtmlCacheBehavior [ RunTime:0.001000s ]
INFO: [ app_begin ] --END-- [ RunTime:0.001000s ]
ERR: 无法加载控制器:Public

[ 2016-12-13T21:41:46+08:00 ] 127.0.0.1 /newmeigui/index.php/Home/MyInfo/my_loves?p=6
INFO: [ app_init ] --START--
INFO: Run Behavior\BuildLiteBehavior [ RunTime:0.000000s ]
INFO: [ app_init ] --END-- [ RunTime:0.000000s ]
INFO: [ app_begin ] --START--
INFO: Run Behavior\ReadHtmlCacheBehavior [ RunTime:0.001000s ]
INFO: [ app_begin ] --END-- [ RunTime:0.001000s ]
SQL: SHOW COLUMNS FROM `na_user` [ RunTime:0.0020s ]
SQL: SHOW COLUMNS FROM `na_user` [ RunTime:0.0000s ]
SQL: SELECT * FROM `na_user` WHERE `na_user_id` = 27 LIMIT 1   [ RunTime:0.0010s ]
NOTIC: [2] Missing argument 2 for Home\Controller\MyInfoController::get_ad(), called in E:\phpworkspaces\newmeigui\Application\Home\Controller\MyInfoController.class.php on line 79 and defined E:\phpworkspaces\newmeigui\Application\Home\Controller\MyInfoController.class.php 第 126 行.
SQL: SHOW COLUMNS FROM `na_ad` [ RunTime:0.0080s ]
NOTIC: [8] Undefined variable: list E:\phpworkspaces\newmeigui\Application\Home\Controller\MyInfoController.class.php 第 128 行.
SQL: SHOW COLUMNS FROM `na_ad` [ RunTime:0.0000s ]
SQL: SELECT COUNT(na_ad_id) AS tp_count FROM `na_ad` WHERE `na_ad_id` IN ('149','143','143','94','110','94') LIMIT 1   [ RunTime:0.0040s ]
NOTIC: [2] Division by zero E:\phpworkspaces\newmeigui\ThinkPHP\Library\Org\Util\AjaxPage.class.php 第 38 行.
SQL: SELECT * FROM `na_ad` WHERE `na_ad_id` IN ('149','143','143','94','110','94') ORDER BY `na_ad_time` desc  [ RunTime:0.0010s ]
INFO: [ view_parse ] --START--
INFO: [ template_filter ] --START--
INFO: Run Behavior\ContentReplaceBehavior [ RunTime:0.001000s ]
INFO: [ template_filter ] --END-- [ RunTime:0.001000s ]
INFO: Run Behavior\ParseTemplateBehavior [ RunTime:0.011000s ]
INFO: [ view_parse ] --END-- [ RunTime:0.011000s ]
INFO: [ view_filter ] --START--
INFO: Run Behavior\WriteHtmlCacheBehavior [ RunTime:0.001000s ]
INFO: [ view_filter ] --END-- [ RunTime:0.001000s ]
INFO: [ app_end ] --START--
INFO: Run Behavior\ShowPageTraceBehavior [ RunTime:0.001000s ]
INFO: [ app_end ] --END-- [ RunTime:0.001000s ]

[ 2016-12-13T21:41:49+08:00 ] 127.0.0.1 /newmeigui/index.php/Home/MyInfo/my_loves?p=11
INFO: [ app_init ] --START--
INFO: Run Behavior\BuildLiteBehavior [ RunTime:0.000000s ]
INFO: [ app_init ] --END-- [ RunTime:0.001000s ]
INFO: [ app_begin ] --START--
INFO: Run Behavior\ReadHtmlCacheBehavior [ RunTime:0.001000s ]
INFO: [ app_begin ] --END-- [ RunTime:0.001000s ]
SQL: SHOW COLUMNS FROM `na_user` [ RunTime:0.0150s ]
SQL: SHOW COLUMNS FROM `na_user` [ RunTime:0.0010s ]
SQL: SELECT * FROM `na_user` WHERE `na_user_id` = 27 LIMIT 1   [ RunTime:0.0050s ]
NOTIC: [2] Missing argument 2 for Home\Controller\MyInfoController::get_ad(), called in E:\phpworkspaces\newmeigui\Application\Home\Controller\MyInfoController.class.php on line 79 and defined E:\phpworkspaces\newmeigui\Application\Home\Controller\MyInfoController.class.php 第 126 行.
SQL: SHOW COLUMNS FROM `na_ad` [ RunTime:0.0130s ]
NOTIC: [8] Undefined variable: list E:\phpworkspaces\newmeigui\Application\Home\Controller\MyInfoController.class.php 第 128 行.
SQL: SHOW COLUMNS FROM `na_ad` [ RunTime:0.0000s ]
SQL: SELECT COUNT(na_ad_id) AS tp_count FROM `na_ad` WHERE `na_ad_id` IN ('149','143','143','94','110','94') LIMIT 1   [ RunTime:0.0000s ]
NOTIC: [2] Division by zero E:\phpworkspaces\newmeigui\ThinkPHP\Library\Org\Util\AjaxPage.class.php 第 38 行.
SQL: SELECT * FROM `na_ad` WHERE `na_ad_id` IN ('149','143','143','94','110','94') ORDER BY `na_ad_time` desc  [ RunTime:0.0010s ]
INFO: [ view_parse ] --START--
INFO: [ template_filter ] --START--
INFO: Run Behavior\ContentReplaceBehavior [ RunTime:0.000000s ]
INFO: [ template_filter ] --END-- [ RunTime:0.000000s ]
INFO: Run Behavior\ParseTemplateBehavior [ RunTime:0.011000s ]
INFO: [ view_parse ] --END-- [ RunTime:0.011000s ]
INFO: [ view_filter ] --START--
INFO: Run Behavior\WriteHtmlCacheBehavior [ RunTime:0.000000s ]
INFO: [ view_filter ] --END-- [ RunTime:0.000000s ]
INFO: [ app_end ] --START--
INFO: Run Behavior\ShowPageTraceBehavior [ RunTime:0.000000s ]
INFO: [ app_end ] --END-- [ RunTime:0.000000s ]

[ 2016-12-13T21:41:51+08:00 ] 127.0.0.1 /newmeigui/index.php/Home/MyInfo/my_loves?p=0
INFO: [ app_init ] --START--
INFO: Run Behavior\BuildLiteBehavior [ RunTime:0.000000s ]
INFO: [ app_init ] --END-- [ RunTime:0.001000s ]
INFO: [ app_begin ] --START--
INFO: Run Behavior\ReadHtmlCacheBehavior [ RunTime:0.000000s ]
INFO: [ app_begin ] --END-- [ RunTime:0.000000s ]
SQL: SHOW COLUMNS FROM `na_user` [ RunTime:0.0160s ]
SQL: SHOW COLUMNS FROM `na_user` [ RunTime:0.0000s ]
SQL: SELECT * FROM `na_user` WHERE `na_user_id` = 27 LIMIT 1   [ RunTime:0.0000s ]
NOTIC: [2] Missing argument 2 for Home\Controller\MyInfoController::get_ad(), called in E:\phpworkspaces\newmeigui\Application\Home\Controller\MyInfoController.class.php on line 79 and defined E:\phpworkspaces\newmeigui\Application\Home\Controller\MyInfoController.class.php 第 126 行.
SQL: SHOW COLUMNS FROM `na_ad` [ RunTime:0.0040s ]
NOTIC: [8] Undefined variable: list E:\phpworkspaces\newmeigui\Application\Home\Controller\MyInfoController.class.php 第 128 行.
SQL: SHOW COLUMNS FROM `na_ad` [ RunTime:0.0010s ]
SQL: SELECT COUNT(na_ad_id) AS tp_count FROM `na_ad` WHERE `na_ad_id` IN ('149','143','143','94','110','94') LIMIT 1   [ RunTime:0.0010s ]
NOTIC: [2] Division by zero E:\phpworkspaces\newmeigui\ThinkPHP\Library\Org\Util\AjaxPage.class.php 第 38 行.
SQL: SELECT * FROM `na_ad` WHERE `na_ad_id` IN ('149','143','143','94','110','94') ORDER BY `na_ad_time` desc  [ RunTime:0.0000s ]
INFO: [ view_parse ] --START--
INFO: [ template_filter ] --START--
INFO: Run Behavior\ContentReplaceBehavior [ RunTime:0.001000s ]
INFO: [ template_filter ] --END-- [ RunTime:0.001000s ]
INFO: Run Behavior\ParseTemplateBehavior [ RunTime:0.007000s ]
INFO: [ view_parse ] --END-- [ RunTime:0.007000s ]
INFO: [ view_filter ] --START--
INFO: Run Behavior\WriteHtmlCacheBehavior [ RunTime:0.000000s ]
INFO: [ view_filter ] --END-- [ RunTime:0.000000s ]
INFO: [ app_end ] --START--
INFO: Run Behavior\ShowPageTraceBehavior [ RunTime:0.001000s ]
INFO: [ app_end ] --END-- [ RunTime:0.001000s ]

[ 2016-12-13T21:41:52+08:00 ] 127.0.0.1 /newmeigui/index.php/Home/MyInfo/my_loves?p=6
INFO: [ app_init ] --START--
INFO: Run Behavior\BuildLiteBehavior [ RunTime:0.000000s ]
INFO: [ app_init ] --END-- [ RunTime:0.000000s ]
INFO: [ app_begin ] --START--
INFO: Run Behavior\ReadHtmlCacheBehavior [ RunTime:0.001000s ]
INFO: [ app_begin ] --END-- [ RunTime:0.001000s ]
SQL: SHOW COLUMNS FROM `na_user` [ RunTime:0.0020s ]
SQL: SHOW COLUMNS FROM `na_user` [ RunTime:0.0320s ]
SQL: SELECT * FROM `na_user` WHERE `na_user_id` = 27 LIMIT 1   [ RunTime:0.0080s ]
NOTIC: [2] Missing argument 2 for Home\Controller\MyInfoController::get_ad(), called in E:\phpworkspaces\newmeigui\Application\Home\Controller\MyInfoController.class.php on line 79 and defined E:\phpworkspaces\newmeigui\Application\Home\Controller\MyInfoController.class.php 第 126 行.
SQL: SHOW COLUMNS FROM `na_ad` [ RunTime:0.0010s ]
NOTIC: [8] Undefined variable: list E:\phpworkspaces\newmeigui\Application\Home\Controller\MyInfoController.class.php 第 128 行.
SQL: SHOW COLUMNS FROM `na_ad` [ RunTime:0.0010s ]
SQL: SELECT COUNT(na_ad_id) AS tp_count FROM `na_ad` WHERE `na_ad_id` IN ('149','143','143','94','110','94') LIMIT 1   [ RunTime:0.0000s ]
NOTIC: [2] Division by zero E:\phpworkspaces\newmeigui\ThinkPHP\Library\Org\Util\AjaxPage.class.php 第 38 行.
SQL: SELECT * FROM `na_ad` WHERE `na_ad_id` IN ('149','143','143','94','110','94') ORDER BY `na_ad_time` desc  [ RunTime:0.0000s ]
INFO: [ view_parse ] --START--
INFO: [ template_filter ] --START--
INFO: Run Behavior\ContentReplaceBehavior [ RunTime:0.000000s ]
INFO: [ template_filter ] --END-- [ RunTime:0.000000s ]
INFO: Run Behavior\ParseTemplateBehavior [ RunTime:0.006000s ]
INFO: [ view_parse ] --END-- [ RunTime:0.006000s ]
INFO: [ view_filter ] --START--
INFO: Run Behavior\WriteHtmlCacheBehavior [ RunTime:0.001000s ]
INFO: [ view_filter ] --END-- [ RunTime:0.001000s ]
INFO: [ app_end ] --START--
INFO: Run Behavior\ShowPageTraceBehavior [ RunTime:0.001000s ]
INFO: [ app_end ] --END-- [ RunTime:0.001000s ]

[ 2016-12-13T21:44:09+08:00 ] 127.0.0.1 /newmeigui/index.php/Home/MyInfo
INFO: [ app_init ] --START--
INFO: Run Behavior\BuildLiteBehavior [ RunTime:0.000000s ]
INFO: [ app_init ] --END-- [ RunTime:0.000000s ]
INFO: [ app_begin ] --START--
INFO: Run Behavior\ReadHtmlCacheBehavior [ RunTime:0.000000s ]
INFO: [ app_begin ] --END-- [ RunTime:0.001000s ]
SQL: SHOW COLUMNS FROM `na_user` [ RunTime:0.0400s ]
SQL: SHOW COLUMNS FROM `na_user` [ RunTime:0.0130s ]
SQL: SELECT * FROM `na_user` WHERE `na_user_id` = 27 LIMIT 1   [ RunTime:0.0010s ]
SQL: SHOW COLUMNS FROM `na_comment` [ RunTime:0.0120s ]
SQL: SHOW COLUMNS FROM `na_comment` [ RunTime:0.0010s ]
SQL: SELECT COUNT(*) AS tp_count FROM `na_comment` WHERE `na_comment_type` = '动态' AND `na_comment_userId` = 27 LIMIT 1   [ RunTime:0.0040s ]
SQL: SELECT * FROM `na_comment` WHERE `na_comment_type` = '动态' AND `na_comment_userId` = 27 ORDER BY `na_comment_time` desc LIMIT 0,2   [ RunTime:0.0000s ]
SQL: SELECT * FROM `na_user` WHERE `na_user_id` = 27 LIMIT 1   [ RunTime:0.0010s ]
SQL: SHOW COLUMNS FROM `na_ad` [ RunTime:0.0080s ]
SQL: SHOW COLUMNS FROM `na_ad` [ RunTime:0.0010s ]
SQL: SELECT COUNT(na_ad_id) AS tp_count FROM `na_ad` WHERE `na_ad_id` IN ('27') LIMIT 1   [ RunTime:0.0000s ]
SQL: SELECT * FROM `na_ad` WHERE `na_ad_id` IN ('27') ORDER BY `na_ad_time` desc LIMIT 0,149   [ RunTime:0.0000s ]
SQL: SHOW COLUMNS FROM `na_adlove` [ RunTime:0.0430s ]
SQL: SHOW COLUMNS FROM `na_adlove` [ RunTime:0.0000s ]
SQL: SHOW COLUMNS FROM `na_adlove` [ RunTime:0.0000s ]
SQL: SELECT * FROM na_adlove a,na_ad b WHERE ( a.na_adlove_adId=b.na_ad_id ) ORDER BY a.na_adlove_count desc LIMIT 3   [ RunTime:0.0010s ]
INFO: [ view_parse ] --START--
INFO: [ template_filter ] --START--
INFO: Run Behavior\ContentReplaceBehavior [ RunTime:0.000000s ]
INFO: [ template_filter ] --END-- [ RunTime:0.000000s ]
NOTIC: [8] Undefined variable: url E:\phpworkspaces\newmeigui\Application\Runtime\Cache\Home\b271d2c0a6846724e36f5bdcf5e43b70.php 第 253 行.
INFO: Run Behavior\ParseTemplateBehavior [ RunTime:0.015000s ]
INFO: [ view_parse ] --END-- [ RunTime:0.015000s ]
INFO: [ view_filter ] --START--
INFO: Run Behavior\WriteHtmlCacheBehavior [ RunTime:0.000000s ]
INFO: [ view_filter ] --END-- [ RunTime:0.000000s ]
INFO: [ app_end ] --START--
INFO: Run Behavior\ShowPageTraceBehavior [ RunTime:0.000000s ]
INFO: [ app_end ] --END-- [ RunTime:0.000000s ]

[ 2016-12-13T21:44:09+08:00 ] 127.0.0.1 /newmeigui/Public/front/jquery.min.js
INFO: [ app_init ] --START--
INFO: Run Behavior\BuildLiteBehavior [ RunTime:0.000000s ]
INFO: [ app_init ] --END-- [ RunTime:0.000000s ]
INFO: [ app_begin ] --START--
INFO: Run Behavior\ReadHtmlCacheBehavior [ RunTime:0.000000s ]
INFO: [ app_begin ] --END-- [ RunTime:0.000000s ]
ERR: 无法加载控制器:Public

[ 2016-12-13T21:44:09+08:00 ] 127.0.0.1 /newmeigui/Public/front/jquery.min.js
INFO: [ app_init ] --START--
INFO: Run Behavior\BuildLiteBehavior [ RunTime:0.000000s ]
INFO: [ app_init ] --END-- [ RunTime:0.000000s ]
INFO: [ app_begin ] --START--
INFO: Run Behavior\ReadHtmlCacheBehavior [ RunTime:0.001000s ]
INFO: [ app_begin ] --END-- [ RunTime:0.001000s ]
ERR: 无法加载控制器:Public

[ 2016-12-13T21:46:34+08:00 ] 127.0.0.1 /newmeigui/index.php/Home/MyInfo
INFO: [ app_init ] --START--
INFO: Run Behavior\BuildLiteBehavior [ RunTime:0.000000s ]
INFO: [ app_init ] --END-- [ RunTime:0.000000s ]
INFO: [ app_begin ] --START--
INFO: Run Behavior\ReadHtmlCacheBehavior [ RunTime:0.000000s ]
INFO: [ app_begin ] --END-- [ RunTime:0.000000s ]
SQL: SHOW COLUMNS FROM `na_user` [ RunTime:0.0530s ]
SQL: SHOW COLUMNS FROM `na_user` [ RunTime:0.0090s ]
SQL: SELECT * FROM `na_user` WHERE `na_user_id` = 27 LIMIT 1   [ RunTime:0.0010s ]
SQL: SHOW COLUMNS FROM `na_comment` [ RunTime:0.0010s ]
SQL: SHOW COLUMNS FROM `na_comment` [ RunTime:0.0000s ]
SQL: SELECT COUNT(*) AS tp_count FROM `na_comment` WHERE `na_comment_type` = '动态' AND `na_comment_userId` = 27 LIMIT 1   [ RunTime:0.0010s ]
SQL: SELECT * FROM `na_comment` WHERE `na_comment_type` = '动态' AND `na_comment_userId` = 27 ORDER BY `na_comment_time` desc LIMIT 0,2   [ RunTime:0.0010s ]
SQL: SELECT * FROM `na_user` WHERE `na_user_id` = 27 LIMIT 1   [ RunTime:0.0050s ]
SQL: SHOW COLUMNS FROM `na_ad` [ RunTime:0.0100s ]
SQL: SHOW COLUMNS FROM `na_ad` [ RunTime:0.0000s ]
SQL: SELECT COUNT(na_ad_id) AS tp_count FROM `na_ad` WHERE `na_ad_id` IN ('27') LIMIT 1   [ RunTime:0.0020s ]
SQL: SELECT * FROM `na_ad` WHERE `na_ad_id` IN ('27') ORDER BY `na_ad_time` desc LIMIT 0,4   [ RunTime:0.0000s ]
SQL: SHOW COLUMNS FROM `na_adlove` [ RunTime:0.0080s ]
SQL: SHOW COLUMNS FROM `na_adlove` [ RunTime:0.0010s ]
SQL: SHOW COLUMNS FROM `na_adlove` [ RunTime:0.0010s ]
SQL: SELECT * FROM na_adlove a,na_ad b WHERE ( a.na_adlove_adId=b.na_ad_id ) ORDER BY a.na_adlove_count desc LIMIT 3   [ RunTime:0.0100s ]
INFO: [ view_parse ] --START--
INFO: [ template_filter ] --START--
INFO: Run Behavior\ContentReplaceBehavior [ RunTime:0.000000s ]
INFO: [ template_filter ] --END-- [ RunTime:0.000000s ]
NOTIC: [8] Undefined variable: url E:\phpworkspaces\newmeigui\Application\Runtime\Cache\Home\b271d2c0a6846724e36f5bdcf5e43b70.php 第 253 行.
INFO: Run Behavior\ParseTemplateBehavior [ RunTime:0.031000s ]
INFO: [ view_parse ] --END-- [ RunTime:0.031000s ]
INFO: [ view_filter ] --START--
INFO: Run Behavior\WriteHtmlCacheBehavior [ RunTime:0.000000s ]
INFO: [ view_filter ] --END-- [ RunTime:0.000000s ]
INFO: [ app_end ] --START--
INFO: Run Behavior\ShowPageTraceBehavior [ RunTime:0.001000s ]
INFO: [ app_end ] --END-- [ RunTime:0.001000s ]

[ 2016-12-13T21:46:34+08:00 ] 127.0.0.1 /newmeigui/Public/front/jquery.min.js
INFO: [ app_init ] --START--
INFO: Run Behavior\BuildLiteBehavior [ RunTime:0.000000s ]
INFO: [ app_init ] --END-- [ RunTime:0.000000s ]
INFO: [ app_begin ] --START--
INFO: Run Behavior\ReadHtmlCacheBehavior [ RunTime:0.000000s ]
INFO: [ app_begin ] --END-- [ RunTime:0.000000s ]
ERR: 无法加载控制器:Public

[ 2016-12-13T21:46:34+08:00 ] 127.0.0.1 /newmeigui/Public/front/jquery.min.js
INFO: [ app_init ] --START--
INFO: Run Behavior\BuildLiteBehavior [ RunTime:0.000000s ]
INFO: [ app_init ] --END-- [ RunTime:0.000000s ]
INFO: [ app_begin ] --START--
INFO: Run Behavior\ReadHtmlCacheBehavior [ RunTime:0.001000s ]
INFO: [ app_begin ] --END-- [ RunTime:0.001000s ]
ERR: 无法加载控制器:Public

[ 2016-12-13T21:46:46+08:00 ] 127.0.0.1 /newmeigui/index.php/Home/MyInfo
INFO: [ app_init ] --START--
INFO: Run Behavior\BuildLiteBehavior [ RunTime:0.000000s ]
INFO: [ app_init ] --END-- [ RunTime:0.000000s ]
INFO: [ app_begin ] --START--
INFO: Run Behavior\ReadHtmlCacheBehavior [ RunTime:0.001000s ]
INFO: [ app_begin ] --END-- [ RunTime:0.001000s ]
SQL: SHOW COLUMNS FROM `na_user` [ RunTime:0.0210s ]
SQL: SHOW COLUMNS FROM `na_user` [ RunTime:0.0120s ]
SQL: SELECT * FROM `na_user` WHERE `na_user_id` = 27 LIMIT 1   [ RunTime:0.0010s ]
SQL: SHOW COLUMNS FROM `na_comment` [ RunTime:0.0000s ]
SQL: SHOW COLUMNS FROM `na_comment` [ RunTime:0.0000s ]
SQL: SELECT COUNT(*) AS tp_count FROM `na_comment` WHERE `na_comment_type` = '动态' AND `na_comment_userId` = 27 LIMIT 1   [ RunTime:0.0050s ]
SQL: SELECT * FROM `na_comment` WHERE `na_comment_type` = '动态' AND `na_comment_userId` = 27 ORDER BY `na_comment_time` desc LIMIT 0,2   [ RunTime:0.0010s ]
SQL: SELECT * FROM `na_user` WHERE `na_user_id` = 27 LIMIT 1   [ RunTime:0.0000s ]
SQL: SHOW COLUMNS FROM `na_ad` [ RunTime:0.0050s ]
SQL: SHOW COLUMNS FROM `na_ad` [ RunTime:0.0010s ]
SQL: SELECT COUNT(na_ad_id) AS tp_count FROM `na_ad` WHERE `na_ad_id` IN ('149','143','143','94','110','94') LIMIT 1   [ RunTime:0.0000s ]
SQL: SELECT * FROM `na_ad` WHERE `na_ad_id` IN ('149','143','143','94','110','94') ORDER BY `na_ad_time` desc LIMIT 0,4   [ RunTime:0.0120s ]
SQL: SHOW COLUMNS FROM `na_adlove` [ RunTime:0.0110s ]
SQL: SHOW COLUMNS FROM `na_adlove` [ RunTime:0.0000s ]
SQL: SHOW COLUMNS FROM `na_adlove` [ RunTime:0.0000s ]
SQL: SELECT * FROM na_adlove a,na_ad b WHERE ( a.na_adlove_adId=b.na_ad_id ) ORDER BY a.na_adlove_count desc LIMIT 3   [ RunTime:0.0030s ]
INFO: [ view_parse ] --START--
INFO: [ template_filter ] --START--
INFO: Run Behavior\ContentReplaceBehavior [ RunTime:0.001000s ]
INFO: [ template_filter ] --END-- [ RunTime:0.001000s ]
NOTIC: [8] Undefined variable: url E:\phpworkspaces\newmeigui\Application\Runtime\Cache\Home\b271d2c0a6846724e36f5bdcf5e43b70.php 第 253 行.
INFO: Run Behavior\ParseTemplateBehavior [ RunTime:0.009000s ]
INFO: [ view_parse ] --END-- [ RunTime:0.009000s ]
INFO: [ view_filter ] --START--
INFO: Run Behavior\WriteHtmlCacheBehavior [ RunTime:0.000000s ]
INFO: [ view_filter ] --END-- [ RunTime:0.000000s ]
INFO: [ app_end ] --START--
INFO: Run Behavior\ShowPageTraceBehavior [ RunTime:0.000000s ]
INFO: [ app_end ] --END-- [ RunTime:0.000000s ]

[ 2016-12-13T21:46:46+08:00 ] 127.0.0.1 /newmeigui/Public/front/jquery.min.js
INFO: [ app_init ] --START--
INFO: Run Behavior\BuildLiteBehavior [ RunTime:0.000000s ]
INFO: [ app_init ] --END-- [ RunTime:0.001000s ]
INFO: [ app_begin ] --START--
INFO: Run Behavior\ReadHtmlCacheBehavior [ RunTime:0.001000s ]
INFO: [ app_begin ] --END-- [ RunTime:0.001000s ]
ERR: 无法加载控制器:Public

[ 2016-12-13T21:46:46+08:00 ] 127.0.0.1 /newmeigui/Public/front/jquery.min.js
INFO: [ app_init ] --START--
INFO: Run Behavior\BuildLiteBehavior [ RunTime:0.000000s ]
INFO: [ app_init ] --END-- [ RunTime:0.001000s ]
INFO: [ app_begin ] --START--
INFO: Run Behavior\ReadHtmlCacheBehavior [ RunTime:0.001000s ]
INFO: [ app_begin ] --END-- [ RunTime:0.001000s ]
ERR: 无法加载控制器:Public

[ 2016-12-13T21:47:05+08:00 ] 127.0.0.1 /newmeigui/index.php/Home/Mu
INFO: [ app_init ] --START--
INFO: Run Behavior\BuildLiteBehavior [ RunTime:0.001000s ]
INFO: [ app_init ] --END-- [ RunTime:0.001000s ]
INFO: [ app_begin ] --START--
INFO: Run Behavior\ReadHtmlCacheBehavior [ RunTime:0.001000s ]
INFO: [ app_begin ] --END-- [ RunTime:0.001000s ]
SQL: SHOW COLUMNS FROM `na_user` [ RunTime:0.0270s ]
SQL: SHOW COLUMNS FROM `na_user` [ RunTime:0.0000s ]
SQL: UPDATE `na_user` SET `na_user_photoPath`='',`na_user_name`='三宝',`na_user_intro`='' WHERE `na_user_id` = 27 [ RunTime:0.2970s ]

[ 2016-12-13T21:47:06+08:00 ] 127.0.0.1 /newmeigui/index.php/Home/MyInfo
INFO: [ app_init ] --START--
INFO: Run Behavior\BuildLiteBehavior [ RunTime:0.000000s ]
INFO: [ app_init ] --END-- [ RunTime:0.000000s ]
INFO: [ app_begin ] --START--
INFO: Run Behavior\ReadHtmlCacheBehavior [ RunTime:0.001000s ]
INFO: [ app_begin ] --END-- [ RunTime:0.001000s ]
SQL: SHOW COLUMNS FROM `na_user` [ RunTime:0.0130s ]
SQL: SHOW COLUMNS FROM `na_user` [ RunTime:0.0150s ]
SQL: SELECT * FROM `na_user` WHERE `na_user_id` = 27 LIMIT 1   [ RunTime:0.0000s ]
SQL: SHOW COLUMNS FROM `na_comment` [ RunTime:0.0010s ]
SQL: SHOW COLUMNS FROM `na_comment` [ RunTime:0.0010s ]
SQL: SELECT COUNT(*) AS tp_count FROM `na_comment` WHERE `na_comment_type` = '动态' AND `na_comment_userId` = 27 LIMIT 1   [ RunTime:0.0000s ]
SQL: SELECT * FROM `na_comment` WHERE `na_comment_type` = '动态' AND `na_comment_userId` = 27 ORDER BY `na_comment_time` desc LIMIT 0,2   [ RunTime:0.0000s ]
SQL: SELECT * FROM `na_user` WHERE `na_user_id` = 27 LIMIT 1   [ RunTime:0.0000s ]
SQL: SHOW COLUMNS FROM `na_ad` [ RunTime:0.0010s ]
SQL: SHOW COLUMNS FROM `na_ad` [ RunTime:0.0020s ]
SQL: SELECT COUNT(na_ad_id) AS tp_count FROM `na_ad` WHERE `na_ad_id` IN ('149','143','143','94','110','94') LIMIT 1   [ RunTime:0.0000s ]
SQL: SELECT * FROM `na_ad` WHERE `na_ad_id` IN ('149','143','143','94','110','94') ORDER BY `na_ad_time` desc LIMIT 0,4   [ RunTime:0.0010s ]
SQL: SHOW COLUMNS FROM `na_adlove` [ RunTime:0.0100s ]
SQL: SHOW COLUMNS FROM `na_adlove` [ RunTime:0.0000s ]
SQL: SHOW COLUMNS FROM `na_adlove` [ RunTime:0.0010s ]
SQL: SELECT * FROM na_adlove a,na_ad b WHERE ( a.na_adlove_adId=b.na_ad_id ) ORDER BY a.na_adlove_count desc LIMIT 3   [ RunTime:0.0010s ]
INFO: [ view_parse ] --START--
INFO: [ template_filter ] --START--
INFO: Run Behavior\ContentReplaceBehavior [ RunTime:0.000000s ]
INFO: [ template_filter ] --END-- [ RunTime:0.000000s ]
NOTIC: [8] Undefined variable: url E:\phpworkspaces\newmeigui\Application\Runtime\Cache\Home\b271d2c0a6846724e36f5bdcf5e43b70.php 第 253 行.
INFO: Run Behavior\ParseTemplateBehavior [ RunTime:0.018000s ]
INFO: [ view_parse ] --END-- [ RunTime:0.018000s ]
INFO: [ view_filter ] --START--
INFO: Run Behavior\WriteHtmlCacheBehavior [ RunTime:0.001000s ]
INFO: [ view_filter ] --END-- [ RunTime:0.001000s ]
INFO: [ app_end ] --START--
INFO: Run Behavior\ShowPageTraceBehavior [ RunTime:0.001000s ]
INFO: [ app_end ] --END-- [ RunTime:0.001000s ]

[ 2016-12-13T21:47:06+08:00 ] 127.0.0.1 /newmeigui/Public/front/jquery.min.js
INFO: [ app_init ] --START--
INFO: Run Behavior\BuildLiteBehavior [ RunTime:0.000000s ]
INFO: [ app_init ] --END-- [ RunTime:0.001000s ]
INFO: [ app_begin ] --START--
INFO: Run Behavior\ReadHtmlCacheBehavior [ RunTime:0.000000s ]
INFO: [ app_begin ] --END-- [ RunTime:0.001000s ]
ERR: 无法加载控制器:Public

[ 2016-12-13T21:47:07+08:00 ] 127.0.0.1 /newmeigui/Public/front/jquery.min.js
INFO: [ app_init ] --START--
INFO: Run Behavior\BuildLiteBehavior [ RunTime:0.000000s ]
INFO: [ app_init ] --END-- [ RunTime:0.001000s ]
INFO: [ app_begin ] --START--
INFO: Run Behavior\ReadHtmlCacheBehavior [ RunTime:0.000000s ]
INFO: [ app_begin ] --END-- [ RunTime:0.001000s ]
ERR: 无法加载控制器:Public

[ 2016-12-13T21:49:02+08:00 ] 127.0.0.1 /newmeigui/index.php/Home/MyInfo
INFO: [ app_init ] --START--
INFO: Run Behavior\BuildLiteBehavior [ RunTime:0.000000s ]
INFO: [ app_init ] --END-- [ RunTime:0.000000s ]
INFO: [ app_begin ] --START--
INFO: Run Behavior\ReadHtmlCacheBehavior [ RunTime:0.001000s ]
INFO: [ app_begin ] --END-- [ RunTime:0.001000s ]
SQL: SHOW COLUMNS FROM `na_user` [ RunTime:0.0310s ]
SQL: SHOW COLUMNS FROM `na_user` [ RunTime:0.0010s ]
SQL: SELECT * FROM `na_user` WHERE `na_user_id` = 27 LIMIT 1   [ RunTime:0.0000s ]
SQL: SHOW COLUMNS FROM `na_comment` [ RunTime:0.0110s ]
SQL: SHOW COLUMNS FROM `na_comment` [ RunTime:0.0000s ]
SQL: SELECT COUNT(*) AS tp_count FROM `na_comment` WHERE `na_comment_type` = '动态' AND `na_comment_userId` = 27 LIMIT 1   [ RunTime:0.0010s ]
SQL: SELECT * FROM `na_comment` WHERE `na_comment_type` = '动态' AND `na_comment_userId` = 27 ORDER BY `na_comment_time` desc LIMIT 0,2   [ RunTime:0.0000s ]
SQL: SELECT * FROM `na_user` WHERE `na_user_id` = 27 LIMIT 1   [ RunTime:0.0000s ]
SQL: SHOW COLUMNS FROM `na_ad` [ RunTime:0.0070s ]
SQL: SHOW COLUMNS FROM `na_ad` [ RunTime:0.0000s ]
SQL: SELECT COUNT(na_ad_id) AS tp_count FROM `na_ad` WHERE `na_ad_id` IN ('149','143','143','94','110','94') LIMIT 1   [ RunTime:0.0000s ]
SQL: SELECT * FROM `na_ad` WHERE `na_ad_id` IN ('149','143','143','94','110','94') ORDER BY `na_ad_time` desc LIMIT 0,4   [ RunTime:0.0100s ]
SQL: SHOW COLUMNS FROM `na_adlove` [ RunTime:0.0000s ]
SQL: SHOW COLUMNS FROM `na_adlove` [ RunTime:0.0050s ]
SQL: SHOW COLUMNS FROM `na_adlove` [ RunTime:0.0010s ]
SQL: SELECT * FROM na_adlove a,na_ad b WHERE ( a.na_adlove_adId=b.na_ad_id ) ORDER BY a.na_adlove_count desc LIMIT 3   [ RunTime:0.0010s ]
INFO: [ view_parse ] --START--
INFO: [ template_filter ] --START--
INFO: Run Behavior\ContentReplaceBehavior [ RunTime:0.000000s ]
INFO: [ template_filter ] --END-- [ RunTime:0.001000s ]
NOTIC: [8] Undefined variable: url E:\phpworkspaces\newmeigui\Application\Runtime\Cache\Home\b271d2c0a6846724e36f5bdcf5e43b70.php 第 253 行.
INFO: Run Behavior\ParseTemplateBehavior [ RunTime:0.017000s ]
INFO: [ view_parse ] --END-- [ RunTime:0.017000s ]
INFO: [ view_filter ] --START--
INFO: Run Behavior\WriteHtmlCacheBehavior [ RunTime:0.001000s ]
INFO: [ view_filter ] --END-- [ RunTime:0.001000s ]
INFO: [ app_end ] --START--
INFO: Run Behavior\ShowPageTraceBehavior [ RunTime:0.001000s ]
INFO: [ app_end ] --END-- [ RunTime:0.001000s ]

[ 2016-12-13T21:49:02+08:00 ] 127.0.0.1 /newmeigui/Public/front/jquery.min.js
INFO: [ app_init ] --START--
INFO: Run Behavior\BuildLiteBehavior [ RunTime:0.000000s ]
INFO: [ app_init ] --END-- [ RunTime:0.001000s ]
INFO: [ app_begin ] --START--
INFO: Run Behavior\ReadHtmlCacheBehavior [ RunTime:0.001000s ]
INFO: [ app_begin ] --END-- [ RunTime:0.001000s ]
ERR: 无法加载控制器:Public

[ 2016-12-13T21:49:03+08:00 ] 127.0.0.1 /newmeigui/Public/front/jquery.min.js
INFO: [ app_init ] --START--
INFO: Run Behavior\BuildLiteBehavior [ RunTime:0.000000s ]
INFO: [ app_init ] --END-- [ RunTime:0.000000s ]
INFO: [ app_begin ] --START--
INFO: Run Behavior\ReadHtmlCacheBehavior [ RunTime:0.001000s ]
INFO: [ app_begin ] --END-- [ RunTime:0.001000s ]
ERR: 无法加载控制器:Public

[ 2016-12-13T21:51:50+08:00 ] 127.0.0.1 /newmeigui/index.php/Home/MyInfo
INFO: [ app_init ] --START--
INFO: Run Behavior\BuildLiteBehavior [ RunTime:0.000000s ]
INFO: [ app_init ] --END-- [ RunTime:0.001000s ]
INFO: [ app_begin ] --START--
INFO: Run Behavior\ReadHtmlCacheBehavior [ RunTime:0.001000s ]
INFO: [ app_begin ] --END-- [ RunTime:0.001000s ]
SQL: SHOW COLUMNS FROM `na_user` [ RunTime:0.0090s ]
SQL: SHOW COLUMNS FROM `na_user` [ RunTime:0.0080s ]
SQL: SELECT * FROM `na_user` WHERE `na_user_id` = 27 LIMIT 1   [ RunTime:0.0010s ]
SQL: SHOW COLUMNS FROM `na_comment` [ RunTime:0.0170s ]
SQL: SHOW COLUMNS FROM `na_comment` [ RunTime:0.0010s ]
SQL: SELECT COUNT(*) AS tp_count FROM `na_comment` WHERE `na_comment_type` = '动态' AND `na_comment_userId` = 27 LIMIT 1   [ RunTime:0.0000s ]
SQL: SELECT * FROM `na_comment` WHERE `na_comment_type` = '动态' AND `na_comment_userId` = 27 ORDER BY `na_comment_time` desc LIMIT 0,2   [ RunTime:0.0000s ]
SQL: SELECT * FROM `na_user` WHERE `na_user_id` = 27 LIMIT 1   [ RunTime:0.0090s ]
SQL: SHOW COLUMNS FROM `na_ad` [ RunTime:0.0190s ]
SQL: SHOW COLUMNS FROM `na_ad` [ RunTime:0.0010s ]
SQL: SELECT COUNT(na_ad_id) AS tp_count FROM `na_ad` WHERE `na_ad_id` IN ('149','143','143','94','110','94') LIMIT 1   [ RunTime:0.0100s ]
SQL: SELECT * FROM `na_ad` WHERE `na_ad_id` IN ('149','143','143','94','110','94') ORDER BY `na_ad_time` desc LIMIT 0,4   [ RunTime:0.0010s ]
SQL: SHOW COLUMNS FROM `na_adlove` [ RunTime:0.0190s ]
SQL: SHOW COLUMNS FROM `na_adlove` [ RunTime:0.0010s ]
SQL: SHOW COLUMNS FROM `na_adlove` [ RunTime:0.0010s ]
SQL: SELECT * FROM na_adlove a,na_ad b WHERE ( a.na_adlove_adId=b.na_ad_id ) ORDER BY a.na_adlove_count desc LIMIT 3   [ RunTime:0.0010s ]
INFO: [ view_parse ] --START--
INFO: [ template_filter ] --START--
INFO: Run Behavior\ContentReplaceBehavior [ RunTime:0.000000s ]
INFO: [ template_filter ] --END-- [ RunTime:0.000000s ]
NOTIC: [8] Undefined variable: url E:\phpworkspaces\newmeigui\Application\Runtime\Cache\Home\b271d2c0a6846724e36f5bdcf5e43b70.php 第 253 行.
INFO: Run Behavior\ParseTemplateBehavior [ RunTime:0.018000s ]
INFO: [ view_parse ] --END-- [ RunTime:0.018000s ]
INFO: [ view_filter ] --START--
INFO: Run Behavior\WriteHtmlCacheBehavior [ RunTime:0.001000s ]
INFO: [ view_filter ] --END-- [ RunTime:0.001000s ]
INFO: [ app_end ] --START--
INFO: Run Behavior\ShowPageTraceBehavior [ RunTime:0.001000s ]
INFO: [ app_end ] --END-- [ RunTime:0.001000s ]

[ 2016-12-13T21:51:50+08:00 ] 127.0.0.1 /newmeigui/Public/front/jquery.min.js
INFO: [ app_init ] --START--
INFO: Run Behavior\BuildLiteBehavior [ RunTime:0.000000s ]
INFO: [ app_init ] --END-- [ RunTime:0.000000s ]
INFO: [ app_begin ] --START--
INFO: Run Behavior\ReadHtmlCacheBehavior [ RunTime:0.000000s ]
INFO: [ app_begin ] --END-- [ RunTime:0.000000s ]
ERR: 无法加载控制器:Public

[ 2016-12-13T21:51:50+08:00 ] 127.0.0.1 /newmeigui/Public/front/jquery.min.js
INFO: [ app_init ] --START--
INFO: Run Behavior\BuildLiteBehavior [ RunTime:0.001000s ]
INFO: [ app_init ] --END-- [ RunTime:0.001000s ]
INFO: [ app_begin ] --START--
INFO: Run Behavior\ReadHtmlCacheBehavior [ RunTime:0.001000s ]
INFO: [ app_begin ] --END-- [ RunTime:0.001000s ]
ERR: 无法加载控制器:Public

[ 2016-12-13T21:52:00+08:00 ] 127.0.0.1 /newmeigui/index.php/Home/MyInfo/up_pic
INFO: [ app_init ] --START--
INFO: Run Behavior\BuildLiteBehavior [ RunTime:0.000000s ]
INFO: [ app_init ] --END-- [ RunTime:0.001000s ]
INFO: [ app_begin ] --START--
INFO: Run Behavior\ReadHtmlCacheBehavior [ RunTime:0.001000s ]
INFO: [ app_begin ] --END-- [ RunTime:0.001000s ]
NOTIC: [2] call_user_func() expects parameter 1 to be a valid callback, no array or string given E:\phpworkspaces\newmeigui\ThinkPHP\Library\Think\Upload.class.php 第 182 行.
INFO: [ app_end ] --START--
INFO: Run Behavior\ShowPageTraceBehavior [ RunTime:0.001000s ]
INFO: [ app_end ] --END-- [ RunTime:0.001000s ]

[ 2016-12-13T21:52:03+08:00 ] 127.0.0.1 /newmeigui/index.php/Home/Mu
INFO: [ app_init ] --START--
INFO: Run Behavior\BuildLiteBehavior [ RunTime:0.000000s ]
INFO: [ app_init ] --END-- [ RunTime:0.001000s ]
INFO: [ app_begin ] --START--
INFO: Run Behavior\ReadHtmlCacheBehavior [ RunTime:0.001000s ]
INFO: [ app_begin ] --END-- [ RunTime:0.001000s ]
SQL: SHOW COLUMNS FROM `na_user` [ RunTime:0.0090s ]
SQL: SHOW COLUMNS FROM `na_user` [ RunTime:0.0230s ]
SQL: UPDATE `na_user` SET `na_user_photoPath`='Public/front/uploads/user_photo/2016-12-13/584ffd00b0f41.png',`na_user_name`='三宝',`na_user_intro`='' WHERE `na_user_id` = 27 [ RunTime:0.0580s ]

[ 2016-12-13T21:52:04+08:00 ] 127.0.0.1 /newmeigui/index.php/Home/MyInfo
INFO: [ app_init ] --START--
INFO: Run Behavior\BuildLiteBehavior [ RunTime:0.000000s ]
INFO: [ app_init ] --END-- [ RunTime:0.000000s ]
INFO: [ app_begin ] --START--
INFO: Run Behavior\ReadHtmlCacheBehavior [ RunTime:0.000000s ]
INFO: [ app_begin ] --END-- [ RunTime:0.001000s ]
SQL: SHOW COLUMNS FROM `na_user` [ RunTime:0.0010s ]
SQL: SHOW COLUMNS FROM `na_user` [ RunTime:0.0100s ]
SQL: SELECT * FROM `na_user` WHERE `na_user_id` = 27 LIMIT 1   [ RunTime:0.0000s ]
SQL: SHOW COLUMNS FROM `na_comment` [ RunTime:0.0060s ]
SQL: SHOW COLUMNS FROM `na_comment` [ RunTime:0.0000s ]
SQL: SELECT COUNT(*) AS tp_count FROM `na_comment` WHERE `na_comment_type` = '动态' AND `na_comment_userId` = 27 LIMIT 1   [ RunTime:0.0000s ]
SQL: SELECT * FROM `na_comment` WHERE `na_comment_type` = '动态' AND `na_comment_userId` = 27 ORDER BY `na_comment_time` desc LIMIT 0,2   [ RunTime:0.0000s ]
SQL: SELECT * FROM `na_user` WHERE `na_user_id` = 27 LIMIT 1   [ RunTime:0.0070s ]
SQL: SHOW COLUMNS FROM `na_ad` [ RunTime:0.0010s ]
SQL: SHOW COLUMNS FROM `na_ad` [ RunTime:0.0000s ]
SQL: SELECT COUNT(na_ad_id) AS tp_count FROM `na_ad` WHERE `na_ad_id` IN ('149','143','143','94','110','94') LIMIT 1   [ RunTime:0.0010s ]
SQL: SELECT * FROM `na_ad` WHERE `na_ad_id` IN ('149','143','143','94','110','94') ORDER BY `na_ad_time` desc LIMIT 0,4   [ RunTime:0.0000s ]
SQL: SHOW COLUMNS FROM `na_adlove` [ RunTime:0.0000s ]
SQL: SHOW COLUMNS FROM `na_adlove` [ RunTime:0.0010s ]
SQL: SHOW COLUMNS FROM `na_adlove` [ RunTime:0.0000s ]
SQL: SELECT * FROM na_adlove a,na_ad b WHERE ( a.na_adlove_adId=b.na_ad_id ) ORDER BY a.na_adlove_count desc LIMIT 3   [ RunTime:0.0000s ]
INFO: [ view_parse ] --START--
INFO: [ template_filter ] --START--
INFO: Run Behavior\ContentReplaceBehavior [ RunTime:0.000000s ]
INFO: [ template_filter ] --END-- [ RunTime:0.000000s ]
NOTIC: [8] Undefined variable: url E:\phpworkspaces\newmeigui\Application\Runtime\Cache\Home\b271d2c0a6846724e36f5bdcf5e43b70.php 第 253 行.
INFO: Run Behavior\ParseTemplateBehavior [ RunTime:0.010000s ]
INFO: [ view_parse ] --END-- [ RunTime:0.010000s ]
INFO: [ view_filter ] --START--
INFO: Run Behavior\WriteHtmlCacheBehavior [ RunTime:0.000000s ]
INFO: [ view_filter ] --END-- [ RunTime:0.000000s ]
INFO: [ app_end ] --START--
INFO: Run Behavior\ShowPageTraceBehavior [ RunTime:0.001000s ]
INFO: [ app_end ] --END-- [ RunTime:0.001000s ]

[ 2016-12-13T21:52:04+08:00 ] 127.0.0.1 /newmeigui/Public/front/jquery.min.js
INFO: [ app_init ] --START--
INFO: Run Behavior\BuildLiteBehavior [ RunTime:0.000000s ]
INFO: [ app_init ] --END-- [ RunTime:0.001000s ]
INFO: [ app_begin ] --START--
INFO: Run Behavior\ReadHtmlCacheBehavior [ RunTime:0.001000s ]
INFO: [ app_begin ] --END-- [ RunTime:0.001000s ]
ERR: 无法加载控制器:Public

[ 2016-12-13T21:52:04+08:00 ] 127.0.0.1 /newmeigui/Public/front/jquery.min.js
INFO: [ app_init ] --START--
INFO: Run Behavior\BuildLiteBehavior [ RunTime:0.000000s ]
INFO: [ app_init ] --END-- [ RunTime:0.000000s ]
INFO: [ app_begin ] --START--
INFO: Run Behavior\ReadHtmlCacheBehavior [ RunTime:0.001000s ]
INFO: [ app_begin ] --END-- [ RunTime:0.001000s ]
ERR: 无法加载控制器:Public

[ 2016-12-13T21:52:08+08:00 ] 127.0.0.1 /newmeigui/index.php/Home/Mu
INFO: [ app_init ] --START--
INFO: Run Behavior\BuildLiteBehavior [ RunTime:0.000000s ]
INFO: [ app_init ] --END-- [ RunTime:0.001000s ]
INFO: [ app_begin ] --START--
INFO: Run Behavior\ReadHtmlCacheBehavior [ RunTime:0.001000s ]
INFO: [ app_begin ] --END-- [ RunTime:0.001000s ]
SQL: SHOW COLUMNS FROM `na_user` [ RunTime:0.0080s ]
SQL: SHOW COLUMNS FROM `na_user` [ RunTime:0.0030s ]
SQL: UPDATE `na_user` SET `na_user_photoPath`='Public/front/uploads/user_photo/2016-12-13/584ffd00b0f41.png',`na_user_name`='三宝',`na_user_intro`='' WHERE `na_user_id` = 27 [ RunTime:0.0650s ]
INFO: [ app_end ] --START--
INFO: Run Behavior\ShowPageTraceBehavior [ RunTime:0.001000s ]
INFO: [ app_end ] --END-- [ RunTime:0.001000s ]

[ 2016-12-13T21:52:13+08:00 ] 127.0.0.1 /newmeigui/Public/front/jquery.min.js
INFO: [ app_init ] --START--
INFO: Run Behavior\BuildLiteBehavior [ RunTime:0.000000s ]
INFO: [ app_init ] --END-- [ RunTime:0.000000s ]
INFO: [ app_begin ] --START--
INFO: Run Behavior\ReadHtmlCacheBehavior [ RunTime:0.000000s ]
INFO: [ app_begin ] --END-- [ RunTime:0.000000s ]
ERR: 无法加载控制器:Public

[ 2016-12-13T21:52:13+08:00 ] 127.0.0.1 /newmeigui/Public/front/jquery.min.js
INFO: [ app_init ] --START--
INFO: Run Behavior\BuildLiteBehavior [ RunTime:0.000000s ]
INFO: [ app_init ] --END-- [ RunTime:0.000000s ]
INFO: [ app_begin ] --START--
INFO: Run Behavior\ReadHtmlCacheBehavior [ RunTime:0.001000s ]
INFO: [ app_begin ] --END-- [ RunTime:0.001000s ]
ERR: 无法加载控制器:Public

[ 2016-12-13T21:52:18+08:00 ] 127.0.0.1 /newmeigui/index.php/Home/Mu
INFO: [ app_init ] --START--
INFO: Run Behavior\BuildLiteBehavior [ RunTime:0.000000s ]
INFO: [ app_init ] --END-- [ RunTime:0.000000s ]
INFO: [ app_begin ] --START--
INFO: Run Behavior\ReadHtmlCacheBehavior [ RunTime:0.001000s ]
INFO: [ app_begin ] --END-- [ RunTime:0.001000s ]
SQL: SHOW COLUMNS FROM `na_user` [ RunTime:0.0130s ]
SQL: SHOW COLUMNS FROM `na_user` [ RunTime:0.0090s ]
SQL: UPDATE `na_user` SET `na_user_photoPath`='Public/front/uploads/user_photo/2016-12-13/584ffd00b0f41.png',`na_user_name`='三宝',`na_user_intro`='' WHERE `na_user_id` = 27 [ RunTime:0.0420s ]
INFO: [ app_end ] --START--
INFO: Run Behavior\ShowPageTraceBehavior [ RunTime:0.002000s ]
INFO: [ app_end ] --END-- [ RunTime:0.002000s ]

[ 2016-12-13T21:52:21+08:00 ] 127.0.0.1 /newmeigui/Public/front/jquery.min.js
INFO: [ app_init ] --START--
INFO: Run Behavior\BuildLiteBehavior [ RunTime:0.000000s ]
INFO: [ app_init ] --END-- [ RunTime:0.000000s ]
INFO: [ app_begin ] --START--
INFO: Run Behavior\ReadHtmlCacheBehavior [ RunTime:0.000000s ]
INFO: [ app_begin ] --END-- [ RunTime:0.000000s ]
ERR: 无法加载控制器:Public

[ 2016-12-13T21:52:22+08:00 ] 127.0.0.1 /newmeigui/Public/front/jquery.min.js
INFO: [ app_init ] --START--
INFO: Run Behavior\BuildLiteBehavior [ RunTime:0.000000s ]
INFO: [ app_init ] --END-- [ RunTime:0.001000s ]
INFO: [ app_begin ] --START--
INFO: Run Behavior\ReadHtmlCacheBehavior [ RunTime:0.001000s ]
INFO: [ app_begin ] --END-- [ RunTime:0.001000s ]
ERR: 无法加载控制器:Public

[ 2016-12-13T21:55:40+08:00 ] 127.0.0.1 /newmeigui/index.php/Home/Mu
INFO: [ app_init ] --START--
INFO: Run Behavior\BuildLiteBehavior [ RunTime:0.000000s ]
INFO: [ app_init ] --END-- [ RunTime:0.001000s ]
INFO: [ app_begin ] --START--
INFO: Run Behavior\ReadHtmlCacheBehavior [ RunTime:0.001000s ]
INFO: [ app_begin ] --END-- [ RunTime:0.001000s ]
SQL: SHOW COLUMNS FROM `na_user` [ RunTime:0.0000s ]
SQL: SHOW COLUMNS FROM `na_user` [ RunTime:0.0250s ]
SQL: UPDATE `na_user` SET `na_user_photoPath`='Public/front/uploads/user_photo/2016-12-13/584ffd00b0f41.png',`na_user_name`='三宝',`na_user_intro`='' WHERE `na_user_id` = 27 [ RunTime:0.0280s ]
INFO: [ app_end ] --START--
INFO: Run Behavior\ShowPageTraceBehavior [ RunTime:0.001000s ]
INFO: [ app_end ] --END-- [ RunTime:0.001000s ]

[ 2016-12-13T21:55:42+08:00 ] 127.0.0.1 /newmeigui/Public/front/jquery.min.js
INFO: [ app_init ] --START--
INFO: Run Behavior\BuildLiteBehavior [ RunTime:0.000000s ]
INFO: [ app_init ] --END-- [ RunTime:0.000000s ]
INFO: [ app_begin ] --START--
INFO: Run Behavior\ReadHtmlCacheBehavior [ RunTime:0.000000s ]
INFO: [ app_begin ] --END-- [ RunTime:0.000000s ]
ERR: 无法加载控制器:Public

[ 2016-12-13T21:55:42+08:00 ] 127.0.0.1 /newmeigui/Public/front/jquery.min.js
INFO: [ app_init ] --START--
INFO: Run Behavior\BuildLiteBehavior [ RunTime:0.000000s ]
INFO: [ app_init ] --END-- [ RunTime:0.001000s ]
INFO: [ app_begin ] --START--
INFO: Run Behavior\ReadHtmlCacheBehavior [ RunTime:0.000000s ]
INFO: [ app_begin ] --END-- [ RunTime:0.000000s ]
ERR: 无法加载控制器:Public

[ 2016-12-13T21:55:55+08:00 ] 127.0.0.1 /newmeigui/index.php/Home/Mu
INFO: [ app_init ] --START--
INFO: Run Behavior\BuildLiteBehavior [ RunTime:0.000000s ]
INFO: [ app_init ] --END-- [ RunTime:0.000000s ]
INFO: [ app_begin ] --START--
INFO: Run Behavior\ReadHtmlCacheBehavior [ RunTime:0.000000s ]
INFO: [ app_begin ] --END-- [ RunTime:0.000000s ]
SQL: SHOW COLUMNS FROM `na_user` [ RunTime:0.0010s ]
SQL: SHOW COLUMNS FROM `na_user` [ RunTime:0.0010s ]
SQL: UPDATE `na_user` SET `na_user_photoPath`='Public/front/uploads/user_photo/2016-12-13/584ffd00b0f41.png',`na_user_name`='三宝',`na_user_intro`='随便写点什么' WHERE `na_user_id` = 27 [ RunTime:0.1020s ]

[ 2016-12-13T21:55:56+08:00 ] 127.0.0.1 /newmeigui/index.php/Home/MyInfo
INFO: [ app_init ] --START--
INFO: Run Behavior\BuildLiteBehavior [ RunTime:0.000000s ]
INFO: [ app_init ] --END-- [ RunTime:0.000000s ]
INFO: [ app_begin ] --START--
INFO: Run Behavior\ReadHtmlCacheBehavior [ RunTime:0.001000s ]
INFO: [ app_begin ] --END-- [ RunTime:0.001000s ]
SQL: SHOW COLUMNS FROM `na_user` [ RunTime:0.0010s ]
SQL: SHOW COLUMNS FROM `na_user` [ RunTime:0.0010s ]
SQL: SELECT * FROM `na_user` WHERE `na_user_id` = 27 LIMIT 1   [ RunTime:0.0000s ]
SQL: SHOW COLUMNS FROM `na_comment` [ RunTime:0.0010s ]
SQL: SHOW COLUMNS FROM `na_comment` [ RunTime:0.0000s ]
SQL: SELECT COUNT(*) AS tp_count FROM `na_comment` WHERE `na_comment_type` = '动态' AND `na_comment_userId` = 27 LIMIT 1   [ RunTime:0.0000s ]
SQL: SELECT * FROM `na_comment` WHERE `na_comment_type` = '动态' AND `na_comment_userId` = 27 ORDER BY `na_comment_time` desc LIMIT 0,2   [ RunTime:0.0010s ]
SQL: SELECT * FROM `na_user` WHERE `na_user_id` = 27 LIMIT 1   [ RunTime:0.0000s ]
SQL: SHOW COLUMNS FROM `na_ad` [ RunTime:0.0010s ]
SQL: SHOW COLUMNS FROM `na_ad` [ RunTime:0.0000s ]
SQL: SELECT COUNT(na_ad_id) AS tp_count FROM `na_ad` WHERE `na_ad_id` IN ('149','143','143','94','110','94') LIMIT 1   [ RunTime:0.0010s ]
SQL: SELECT * FROM `na_ad` WHERE `na_ad_id` IN ('149','143','143','94','110','94') ORDER BY `na_ad_time` desc LIMIT 0,4   [ RunTime:0.0000s ]
SQL: SHOW COLUMNS FROM `na_adlove` [ RunTime:0.0000s ]
SQL: SHOW COLUMNS FROM `na_adlove` [ RunTime:0.0000s ]
SQL: SHOW COLUMNS FROM `na_adlove` [ RunTime:0.0000s ]
SQL: SELECT * FROM na_adlove a,na_ad b WHERE ( a.na_adlove_adId=b.na_ad_id ) ORDER BY a.na_adlove_count desc LIMIT 3   [ RunTime:0.0090s ]
INFO: [ view_parse ] --START--
INFO: [ template_filter ] --START--
INFO: Run Behavior\ContentReplaceBehavior [ RunTime:0.000000s ]
INFO: [ template_filter ] --END-- [ RunTime:0.000000s ]
NOTIC: [8] Undefined variable: url E:\phpworkspaces\newmeigui\Application\Runtime\Cache\Home\b271d2c0a6846724e36f5bdcf5e43b70.php 第 253 行.
INFO: Run Behavior\ParseTemplateBehavior [ RunTime:0.010000s ]
INFO: [ view_parse ] --END-- [ RunTime:0.010000s ]
INFO: [ view_filter ] --START--
INFO: Run Behavior\WriteHtmlCacheBehavior [ RunTime:0.000000s ]
INFO: [ view_filter ] --END-- [ RunTime:0.000000s ]
INFO: [ app_end ] --START--
INFO: Run Behavior\ShowPageTraceBehavior [ RunTime:0.000000s ]
INFO: [ app_end ] --END-- [ RunTime:0.001000s ]

[ 2016-12-13T21:55:57+08:00 ] 127.0.0.1 /newmeigui/Public/front/jquery.min.js
INFO: [ app_init ] --START--
INFO: Run Behavior\BuildLiteBehavior [ RunTime:0.000000s ]
INFO: [ app_init ] --END-- [ RunTime:0.000000s ]
INFO: [ app_begin ] --START--
INFO: Run Behavior\ReadHtmlCacheBehavior [ RunTime:0.000000s ]
INFO: [ app_begin ] --END-- [ RunTime:0.000000s ]
ERR: 无法加载控制器:Public

[ 2016-12-13T21:55:57+08:00 ] 127.0.0.1 /newmeigui/Public/front/jquery.min.js
INFO: [ app_init ] --START--
INFO: Run Behavior\BuildLiteBehavior [ RunTime:0.000000s ]
INFO: [ app_init ] --END-- [ RunTime:0.000000s ]
INFO: [ app_begin ] --START--
INFO: Run Behavior\ReadHtmlCacheBehavior [ RunTime:0.000000s ]
INFO: [ app_begin ] --END-- [ RunTime:0.000000s ]
ERR: 无法加载控制器:Public

[ 2016-12-13T21:56:42+08:00 ] 127.0.0.1 /newmeigui/index.php/Home/MyInfo
INFO: [ app_init ] --START--
INFO: Run Behavior\BuildLiteBehavior [ RunTime:0.000000s ]
INFO: [ app_init ] --END-- [ RunTime:0.001000s ]
INFO: [ app_begin ] --START--
INFO: Run Behavior\ReadHtmlCacheBehavior [ RunTime:0.001000s ]
INFO: [ app_begin ] --END-- [ RunTime:0.001000s ]
SQL: SHOW COLUMNS FROM `na_user` [ RunTime:0.0150s ]
SQL: SHOW COLUMNS FROM `na_user` [ RunTime:0.0130s ]
SQL: SELECT * FROM `na_user` WHERE `na_user_id` = 27 LIMIT 1   [ RunTime:0.0000s ]
SQL: SHOW COLUMNS FROM `na_comment` [ RunTime:0.0090s ]
SQL: SHOW COLUMNS FROM `na_comment` [ RunTime:0.0010s ]
SQL: SELECT COUNT(*) AS tp_count FROM `na_comment` WHERE `na_comment_type` = '动态' AND `na_comment_userId` = 27 LIMIT 1   [ RunTime:0.0000s ]
SQL: SELECT * FROM `na_comment` WHERE `na_comment_type` = '动态' AND `na_comment_userId` = 27 ORDER BY `na_comment_time` desc LIMIT 0,2   [ RunTime:0.0010s ]
SQL: SELECT * FROM `na_user` WHERE `na_user_id` = 27 LIMIT 1   [ RunTime:0.0000s ]
SQL: SHOW COLUMNS FROM `na_ad` [ RunTime:0.0010s ]
SQL: SHOW COLUMNS FROM `na_ad` [ RunTime:0.0110s ]
SQL: SELECT COUNT(na_ad_id) AS tp_count FROM `na_ad` WHERE `na_ad_id` IN ('149','143','143','94','110','94') LIMIT 1   [ RunTime:0.0000s ]
SQL: SELECT * FROM `na_ad` WHERE `na_ad_id` IN ('149','143','143','94','110','94') ORDER BY `na_ad_time` desc LIMIT 0,4   [ RunTime:0.0010s ]
SQL: SHOW COLUMNS FROM `na_adlove` [ RunTime:0.0010s ]
SQL: SHOW COLUMNS FROM `na_adlove` [ RunTime:0.0000s ]
SQL: SHOW COLUMNS FROM `na_adlove` [ RunTime:0.0010s ]
SQL: SELECT * FROM na_adlove a,na_ad b WHERE ( a.na_adlove_adId=b.na_ad_id ) ORDER BY a.na_adlove_count desc LIMIT 3   [ RunTime:0.0000s ]
INFO: [ view_parse ] --START--
INFO: [ template_filter ] --START--
INFO: Run Behavior\ContentReplaceBehavior [ RunTime:0.000000s ]
INFO: [ template_filter ] --END-- [ RunTime:0.000000s ]
NOTIC: [8] Undefined variable: url E:\phpworkspaces\newmeigui\Application\Runtime\Cache\Home\b271d2c0a6846724e36f5bdcf5e43b70.php 第 253 行.
INFO: Run Behavior\ParseTemplateBehavior [ RunTime:0.011000s ]
INFO: [ view_parse ] --END-- [ RunTime:0.011000s ]
INFO: [ view_filter ] --START--
INFO: Run Behavior\WriteHtmlCacheBehavior [ RunTime:0.000000s ]
INFO: [ view_filter ] --END-- [ RunTime:0.001000s ]
INFO: [ app_end ] --START--
INFO: Run Behavior\ShowPageTraceBehavior [ RunTime:0.001000s ]
INFO: [ app_end ] --END-- [ RunTime:0.001000s ]

[ 2016-12-13T21:56:42+08:00 ] 127.0.0.1 /newmeigui/Public/front/jquery.min.js
INFO: [ app_init ] --START--
INFO: Run Behavior\BuildLiteBehavior [ RunTime:0.000000s ]
INFO: [ app_init ] --END-- [ RunTime:0.001000s ]
INFO: [ app_begin ] --START--
INFO: Run Behavior\ReadHtmlCacheBehavior [ RunTime:0.001000s ]
INFO: [ app_begin ] --END-- [ RunTime:0.001000s ]
ERR: 无法加载控制器:Public

[ 2016-12-13T21:56:42+08:00 ] 127.0.0.1 /newmeigui/Public/front/jquery.min.js
INFO: [ app_init ] --START--
INFO: Run Behavior\BuildLiteBehavior [ RunTime:0.000000s ]
INFO: [ app_init ] --END-- [ RunTime:0.000000s ]
INFO: [ app_begin ] --START--
INFO: Run Behavior\ReadHtmlCacheBehavior [ RunTime:0.000000s ]
INFO: [ app_begin ] --END-- [ RunTime:0.000000s ]
ERR: 无法加载控制器:Public

[ 2016-12-13T21:56:45+08:00 ] 127.0.0.1 /newmeigui/index.php/Home/Mu
INFO: [ app_init ] --START--
INFO: Run Behavior\BuildLiteBehavior [ RunTime:0.000000s ]
INFO: [ app_init ] --END-- [ RunTime:0.000000s ]
INFO: [ app_begin ] --START--
INFO: Run Behavior\ReadHtmlCacheBehavior [ RunTime:0.000000s ]
INFO: [ app_begin ] --END-- [ RunTime:0.000000s ]
SQL: SHOW COLUMNS FROM `na_user` [ RunTime:0.0120s ]
SQL: SHOW COLUMNS FROM `na_user` [ RunTime:0.0440s ]
SQL: UPDATE `na_user` SET `na_user_photoPath`='Public/front/uploads/user_photo/2016-12-13/584ffd00b0f41.png',`na_user_name`='三宝',`na_user_intro`='' WHERE `na_user_id` = 27 [ RunTime:0.0370s ]

[ 2016-12-13T21:56:46+08:00 ] 127.0.0.1 /newmeigui/index.php/Home/MyInfo
INFO: [ app_init ] --START--
INFO: Run Behavior\BuildLiteBehavior [ RunTime:0.000000s ]
INFO: [ app_init ] --END-- [ RunTime:0.001000s ]
INFO: [ app_begin ] --START--
INFO: Run Behavior\ReadHtmlCacheBehavior [ RunTime:0.001000s ]
INFO: [ app_begin ] --END-- [ RunTime:0.001000s ]
SQL: SHOW COLUMNS FROM `na_user` [ RunTime:0.0010s ]
SQL: SHOW COLUMNS FROM `na_user` [ RunTime:0.0010s ]
SQL: SELECT * FROM `na_user` WHERE `na_user_id` = 27 LIMIT 1   [ RunTime:0.0000s ]
SQL: SHOW COLUMNS FROM `na_comment` [ RunTime:0.0000s ]
SQL: SHOW COLUMNS FROM `na_comment` [ RunTime:0.0010s ]
SQL: SELECT COUNT(*) AS tp_count FROM `na_comment` WHERE `na_comment_type` = '动态' AND `na_comment_userId` = 27 LIMIT 1   [ RunTime:0.0000s ]
SQL: SELECT * FROM `na_comment` WHERE `na_comment_type` = '动态' AND `na_comment_userId` = 27 ORDER BY `na_comment_time` desc LIMIT 0,2   [ RunTime:0.0000s ]
SQL: SELECT * FROM `na_user` WHERE `na_user_id` = 27 LIMIT 1   [ RunTime:0.0000s ]
SQL: SHOW COLUMNS FROM `na_ad` [ RunTime:0.0010s ]
SQL: SHOW COLUMNS FROM `na_ad` [ RunTime:0.0000s ]
SQL: SELECT COUNT(na_ad_id) AS tp_count FROM `na_ad` WHERE `na_ad_id` IN ('149','143','143','94','110','94') LIMIT 1   [ RunTime:0.0010s ]
SQL: SELECT * FROM `na_ad` WHERE `na_ad_id` IN ('149','143','143','94','110','94') ORDER BY `na_ad_time` desc LIMIT 0,4   [ RunTime:0.0000s ]
SQL: SHOW COLUMNS FROM `na_adlove` [ RunTime:0.0000s ]
SQL: SHOW COLUMNS FROM `na_adlove` [ RunTime:0.0010s ]
SQL: SHOW COLUMNS FROM `na_adlove` [ RunTime:0.0000s ]
SQL: SELECT * FROM na_adlove a,na_ad b WHERE ( a.na_adlove_adId=b.na_ad_id ) ORDER BY a.na_adlove_count desc LIMIT 3   [ RunTime:0.0000s ]
INFO: [ view_parse ] --START--
INFO: [ template_filter ] --START--
INFO: Run Behavior\ContentReplaceBehavior [ RunTime:0.000000s ]
INFO: [ template_filter ] --END-- [ RunTime:0.000000s ]
NOTIC: [8] Undefined variable: url E:\phpworkspaces\newmeigui\Application\Runtime\Cache\Home\b271d2c0a6846724e36f5bdcf5e43b70.php 第 253 行.
INFO: Run Behavior\ParseTemplateBehavior [ RunTime:0.011000s ]
INFO: [ view_parse ] --END-- [ RunTime:0.011000s ]
INFO: [ view_filter ] --START--
INFO: Run Behavior\WriteHtmlCacheBehavior [ RunTime:0.000000s ]
INFO: [ view_filter ] --END-- [ RunTime:0.000000s ]
INFO: [ app_end ] --START--
INFO: Run Behavior\ShowPageTraceBehavior [ RunTime:0.000000s ]
INFO: [ app_end ] --END-- [ RunTime:0.000000s ]

[ 2016-12-13T21:56:46+08:00 ] 127.0.0.1 /newmeigui/Public/front/jquery.min.js
INFO: [ app_init ] --START--
INFO: Run Behavior\BuildLiteBehavior [ RunTime:0.000000s ]
INFO: [ app_init ] --END-- [ RunTime:0.000000s ]
INFO: [ app_begin ] --START--
INFO: Run Behavior\ReadHtmlCacheBehavior [ RunTime:0.000000s ]
INFO: [ app_begin ] --END-- [ RunTime:0.000000s ]
ERR: 无法加载控制器:Public

[ 2016-12-13T21:56:47+08:00 ] 127.0.0.1 /newmeigui/Public/front/jquery.min.js
INFO: [ app_init ] --START--
INFO: Run Behavior\BuildLiteBehavior [ RunTime:0.000000s ]
INFO: [ app_init ] --END-- [ RunTime:0.001000s ]
INFO: [ app_begin ] --START--
INFO: Run Behavior\ReadHtmlCacheBehavior [ RunTime:0.000000s ]
INFO: [ app_begin ] --END-- [ RunTime:0.000000s ]
ERR: 无法加载控制器:Public

[ 2016-12-13T21:56:51+08:00 ] 127.0.0.1 /newmeigui/index.php/Home/Mu
INFO: [ app_init ] --START--
INFO: Run Behavior\BuildLiteBehavior [ RunTime:0.000000s ]
INFO: [ app_init ] --END-- [ RunTime:0.001000s ]
INFO: [ app_begin ] --START--
INFO: Run Behavior\ReadHtmlCacheBehavior [ RunTime:0.000000s ]
INFO: [ app_begin ] --END-- [ RunTime:0.000000s ]
SQL: SHOW COLUMNS FROM `na_user` [ RunTime:0.0140s ]
SQL: SHOW COLUMNS FROM `na_user` [ RunTime:0.0120s ]
SQL: UPDATE `na_user` SET `na_user_photoPath`='Public/front/uploads/user_photo/2016-12-13/584ffd00b0f41.png',`na_user_name`='三宝',`na_user_intro`='' WHERE `na_user_id` = 27 [ RunTime:0.0680s ]

[ 2016-12-13T21:56:52+08:00 ] 127.0.0.1 /newmeigui/index.php/Home/MyInfo
INFO: [ app_init ] --START--
INFO: Run Behavior\BuildLiteBehavior [ RunTime:0.000000s ]
INFO: [ app_init ] --END-- [ RunTime:0.000000s ]
INFO: [ app_begin ] --START--
INFO: Run Behavior\ReadHtmlCacheBehavior [ RunTime:0.000000s ]
INFO: [ app_begin ] --END-- [ RunTime:0.000000s ]
SQL: SHOW COLUMNS FROM `na_user` [ RunTime:0.0030s ]
SQL: SHOW COLUMNS FROM `na_user` [ RunTime:0.0010s ]
SQL: SELECT * FROM `na_user` WHERE `na_user_id` = 27 LIMIT 1   [ RunTime:0.0000s ]
SQL: SHOW COLUMNS FROM `na_comment` [ RunTime:0.0060s ]
SQL: SHOW COLUMNS FROM `na_comment` [ RunTime:0.0000s ]
SQL: SELECT COUNT(*) AS tp_count FROM `na_comment` WHERE `na_comment_type` = '动态' AND `na_comment_userId` = 27 LIMIT 1   [ RunTime:0.0150s ]
SQL: SELECT * FROM `na_comment` WHERE `na_comment_type` = '动态' AND `na_comment_userId` = 27 ORDER BY `na_comment_time` desc LIMIT 0,2   [ RunTime:0.0000s ]
SQL: SELECT * FROM `na_user` WHERE `na_user_id` = 27 LIMIT 1   [ RunTime:0.0000s ]
SQL: SHOW COLUMNS FROM `na_ad` [ RunTime:0.0000s ]
SQL: SHOW COLUMNS FROM `na_ad` [ RunTime:0.0000s ]
SQL: SELECT COUNT(na_ad_id) AS tp_count FROM `na_ad` WHERE `na_ad_id` IN ('149','143','143','94','110','94') LIMIT 1   [ RunTime:0.0000s ]
SQL: SELECT * FROM `na_ad` WHERE `na_ad_id` IN ('149','143','143','94','110','94') ORDER BY `na_ad_time` desc LIMIT 0,4   [ RunTime:0.0000s ]
SQL: SHOW COLUMNS FROM `na_adlove` [ RunTime:0.0170s ]
SQL: SHOW COLUMNS FROM `na_adlove` [ RunTime:0.0000s ]
SQL: SHOW COLUMNS FROM `na_adlove` [ RunTime:0.0010s ]
SQL: SELECT * FROM na_adlove a,na_ad b WHERE ( a.na_adlove_adId=b.na_ad_id ) ORDER BY a.na_adlove_count desc LIMIT 3   [ RunTime:0.0000s ]
INFO: [ view_parse ] --START--
INFO: [ template_filter ] --START--
INFO: Run Behavior\ContentReplaceBehavior [ RunTime:0.000000s ]
INFO: [ template_filter ] --END-- [ RunTime:0.000000s ]
NOTIC: [8] Undefined variable: url E:\phpworkspaces\newmeigui\Application\Runtime\Cache\Home\b271d2c0a6846724e36f5bdcf5e43b70.php 第 253 行.
INFO: Run Behavior\ParseTemplateBehavior [ RunTime:0.009000s ]
INFO: [ view_parse ] --END-- [ RunTime:0.009000s ]
INFO: [ view_filter ] --START--
INFO: Run Behavior\WriteHtmlCacheBehavior [ RunTime:0.001000s ]
INFO: [ view_filter ] --END-- [ RunTime:0.001000s ]
INFO: [ app_end ] --START--
INFO: Run Behavior\ShowPageTraceBehavior [ RunTime:0.001000s ]
INFO: [ app_end ] --END-- [ RunTime:0.001000s ]

[ 2016-12-13T21:56:52+08:00 ] 127.0.0.1 /newmeigui/Public/front/jquery.min.js
INFO: [ app_init ] --START--
INFO: Run Behavior\BuildLiteBehavior [ RunTime:0.000000s ]
INFO: [ app_init ] --END-- [ RunTime:0.000000s ]
INFO: [ app_begin ] --START--
INFO: Run Behavior\ReadHtmlCacheBehavior [ RunTime:0.001000s ]
INFO: [ app_begin ] --END-- [ RunTime:0.001000s ]
ERR: 无法加载控制器:Public

[ 2016-12-13T21:56:52+08:00 ] 127.0.0.1 /newmeigui/Public/front/jquery.min.js
INFO: [ app_init ] --START--
INFO: Run Behavior\BuildLiteBehavior [ RunTime:0.000000s ]
INFO: [ app_init ] --END-- [ RunTime:0.001000s ]
INFO: [ app_begin ] --START--
INFO: Run Behavior\ReadHtmlCacheBehavior [ RunTime:0.001000s ]
INFO: [ app_begin ] --END-- [ RunTime:0.001000s ]
ERR: 无法加载控制器:Public

[ 2016-12-13T21:57:50+08:00 ] 127.0.0.1 /newmeigui/index.php/Home/MyInfo
INFO: [ app_init ] --START--
INFO: Run Behavior\BuildLiteBehavior [ RunTime:0.000000s ]
INFO: [ app_init ] --END-- [ RunTime:0.001000s ]
INFO: [ app_begin ] --START--
INFO: Run Behavior\ReadHtmlCacheBehavior [ RunTime:0.001000s ]
INFO: [ app_begin ] --END-- [ RunTime:0.001000s ]
SQL: SHOW COLUMNS FROM `na_user` [ RunTime:0.0010s ]
SQL: SHOW COLUMNS FROM `na_user` [ RunTime:0.0010s ]
SQL: SELECT * FROM `na_user` WHERE `na_user_id` = 27 LIMIT 1   [ RunTime:0.0070s ]
SQL: SHOW COLUMNS FROM `na_comment` [ RunTime:0.0000s ]
SQL: SHOW COLUMNS FROM `na_comment` [ RunTime:0.0010s ]
SQL: SELECT COUNT(*) AS tp_count FROM `na_comment` WHERE `na_comment_type` = '动态' AND `na_comment_userId` = 27 LIMIT 1   [ RunTime:0.0000s ]
SQL: SELECT * FROM `na_comment` WHERE `na_comment_type` = '动态' AND `na_comment_userId` = 27 ORDER BY `na_comment_time` desc LIMIT 0,2   [ RunTime:0.0000s ]
SQL: SELECT * FROM `na_user` WHERE `na_user_id` = 27 LIMIT 1   [ RunTime:0.0000s ]
SQL: SHOW COLUMNS FROM `na_ad` [ RunTime:0.0000s ]
SQL: SHOW COLUMNS FROM `na_ad` [ RunTime:0.0010s ]
SQL: SELECT COUNT(na_ad_id) AS tp_count FROM `na_ad` WHERE `na_ad_id` IN ('149','143','143','94','110','94') LIMIT 1   [ RunTime:0.0000s ]
SQL: SELECT * FROM `na_ad` WHERE `na_ad_id` IN ('149','143','143','94','110','94') ORDER BY `na_ad_time` desc LIMIT 0,4   [ RunTime:0.0010s ]
SQL: SHOW COLUMNS FROM `na_adlove` [ RunTime:0.0140s ]
SQL: SHOW COLUMNS FROM `na_adlove` [ RunTime:0.0010s ]
SQL: SHOW COLUMNS FROM `na_adlove` [ RunTime:0.0000s ]
SQL: SELECT * FROM na_adlove a,na_ad b WHERE ( a.na_adlove_adId=b.na_ad_id ) ORDER BY a.na_adlove_count desc LIMIT 3   [ RunTime:0.0080s ]
INFO: [ view_parse ] --START--
INFO: [ template_filter ] --START--
INFO: Run Behavior\ContentReplaceBehavior [ RunTime:0.000000s ]
INFO: [ template_filter ] --END-- [ RunTime:0.000000s ]
NOTIC: [8] Undefined variable: url E:\phpworkspaces\newmeigui\Application\Runtime\Cache\Home\b271d2c0a6846724e36f5bdcf5e43b70.php 第 253 行.
INFO: Run Behavior\ParseTemplateBehavior [ RunTime:0.009000s ]
INFO: [ view_parse ] --END-- [ RunTime:0.009000s ]
INFO: [ view_filter ] --START--
INFO: Run Behavior\WriteHtmlCacheBehavior [ RunTime:0.000000s ]
INFO: [ view_filter ] --END-- [ RunTime:0.000000s ]
INFO: [ app_end ] --START--
INFO: Run Behavior\ShowPageTraceBehavior [ RunTime:0.001000s ]
INFO: [ app_end ] --END-- [ RunTime:0.001000s ]

[ 2016-12-13T21:57:50+08:00 ] 127.0.0.1 /newmeigui/Public/front/jquery.min.js
INFO: [ app_init ] --START--
INFO: Run Behavior\BuildLiteBehavior [ RunTime:0.000000s ]
INFO: [ app_init ] --END-- [ RunTime:0.001000s ]
INFO: [ app_begin ] --START--
INFO: Run Behavior\ReadHtmlCacheBehavior [ RunTime:0.001000s ]
INFO: [ app_begin ] --END-- [ RunTime:0.001000s ]
ERR: 无法加载控制器:Public

[ 2016-12-13T21:57:50+08:00 ] 127.0.0.1 /newmeigui/Public/front/jquery.min.js
INFO: [ app_init ] --START--
INFO: Run Behavior\BuildLiteBehavior [ RunTime:0.000000s ]
INFO: [ app_init ] --END-- [ RunTime:0.001000s ]
INFO: [ app_begin ] --START--
INFO: Run Behavior\ReadHtmlCacheBehavior [ RunTime:0.000000s ]
INFO: [ app_begin ] --END-- [ RunTime:0.000000s ]
ERR: 无法加载控制器:Public

[ 2016-12-13T21:57:54+08:00 ] 127.0.0.1 /newmeigui/index.php/Home/Mu
INFO: [ app_init ] --START--
INFO: Run Behavior\BuildLiteBehavior [ RunTime:0.000000s ]
INFO: [ app_init ] --END-- [ RunTime:0.000000s ]
INFO: [ app_begin ] --START--
INFO: Run Behavior\ReadHtmlCacheBehavior [ RunTime:0.001000s ]
INFO: [ app_begin ] --END-- [ RunTime:0.001000s ]
SQL: SHOW COLUMNS FROM `na_user` [ RunTime:0.0010s ]
SQL: SHOW COLUMNS FROM `na_user` [ RunTime:0.0010s ]
SQL: UPDATE `na_user` SET `na_user_photoPath`='Public/front/uploads/user_photo/2016-12-13/584ffd00b0f41.png',`na_user_name`='三宝',`na_user_intro`='' WHERE `na_user_id` = 27 [ RunTime:0.0460s ]

[ 2016-12-13T21:57:55+08:00 ] 127.0.0.1 /newmeigui/index.php/Home/MyInfo
INFO: [ app_init ] --START--
INFO: Run Behavior\BuildLiteBehavior [ RunTime:0.000000s ]
INFO: [ app_init ] --END-- [ RunTime:0.000000s ]
INFO: [ app_begin ] --START--
INFO: Run Behavior\ReadHtmlCacheBehavior [ RunTime:0.000000s ]
INFO: [ app_begin ] --END-- [ RunTime:0.000000s ]
SQL: SHOW COLUMNS FROM `na_user` [ RunTime:0.0010s ]
SQL: SHOW COLUMNS FROM `na_user` [ RunTime:0.0070s ]
SQL: SELECT * FROM `na_user` WHERE `na_user_id` = 27 LIMIT 1   [ RunTime:0.0000s ]
SQL: SHOW COLUMNS FROM `na_comment` [ RunTime:0.0010s ]
SQL: SHOW COLUMNS FROM `na_comment` [ RunTime:0.0000s ]
SQL: SELECT COUNT(*) AS tp_count FROM `na_comment` WHERE `na_comment_type` = '动态' AND `na_comment_userId` = 27 LIMIT 1   [ RunTime:0.0010s ]
SQL: SELECT * FROM `na_comment` WHERE `na_comment_type` = '动态' AND `na_comment_userId` = 27 ORDER BY `na_comment_time` desc LIMIT 0,2   [ RunTime:0.0010s ]
SQL: SELECT * FROM `na_user` WHERE `na_user_id` = 27 LIMIT 1   [ RunTime:0.0000s ]
SQL: SHOW COLUMNS FROM `na_ad` [ RunTime:0.0000s ]
SQL: SHOW COLUMNS FROM `na_ad` [ RunTime:0.0010s ]
SQL: SELECT COUNT(na_ad_id) AS tp_count FROM `na_ad` WHERE `na_ad_id` IN ('149','143','143','94','110','94') LIMIT 1   [ RunTime:0.0000s ]
SQL: SELECT * FROM `na_ad` WHERE `na_ad_id` IN ('149','143','143','94','110','94') ORDER BY `na_ad_time` desc LIMIT 0,4   [ RunTime:0.0010s ]
SQL: SHOW COLUMNS FROM `na_adlove` [ RunTime:0.0000s ]
SQL: SHOW COLUMNS FROM `na_adlove` [ RunTime:0.0010s ]
SQL: SHOW COLUMNS FROM `na_adlove` [ RunTime:0.0000s ]
SQL: SELECT * FROM na_adlove a,na_ad b WHERE ( a.na_adlove_adId=b.na_ad_id ) ORDER BY a.na_adlove_count desc LIMIT 3   [ RunTime:0.0000s ]
INFO: [ view_parse ] --START--
INFO: [ template_filter ] --START--
INFO: Run Behavior\ContentReplaceBehavior [ RunTime:0.000000s ]
INFO: [ template_filter ] --END-- [ RunTime:0.000000s ]
NOTIC: [8] Undefined variable: url E:\phpworkspaces\newmeigui\Application\Runtime\Cache\Home\b271d2c0a6846724e36f5bdcf5e43b70.php 第 253 行.
INFO: Run Behavior\ParseTemplateBehavior [ RunTime:0.009000s ]
INFO: [ view_parse ] --END-- [ RunTime:0.009000s ]
INFO: [ view_filter ] --START--
INFO: Run Behavior\WriteHtmlCacheBehavior [ RunTime:0.000000s ]
INFO: [ view_filter ] --END-- [ RunTime:0.000000s ]
INFO: [ app_end ] --START--
INFO: Run Behavior\ShowPageTraceBehavior [ RunTime:0.001000s ]
INFO: [ app_end ] --END-- [ RunTime:0.001000s ]

[ 2016-12-13T21:57:55+08:00 ] 127.0.0.1 /newmeigui/Public/front/jquery.min.js
INFO: [ app_init ] --START--
INFO: Run Behavior\BuildLiteBehavior [ RunTime:0.000000s ]
INFO: [ app_init ] --END-- [ RunTime:0.000000s ]
INFO: [ app_begin ] --START--
INFO: Run Behavior\ReadHtmlCacheBehavior [ RunTime:0.001000s ]
INFO: [ app_begin ] --END-- [ RunTime:0.001000s ]
ERR: 无法加载控制器:Public

[ 2016-12-13T21:57:56+08:00 ] 127.0.0.1 /newmeigui/Public/front/jquery.min.js
INFO: [ app_init ] --START--
INFO: Run Behavior\BuildLiteBehavior [ RunTime:0.000000s ]
INFO: [ app_init ] --END-- [ RunTime:0.000000s ]
INFO: [ app_begin ] --START--
INFO: Run Behavior\ReadHtmlCacheBehavior [ RunTime:0.001000s ]
INFO: [ app_begin ] --END-- [ RunTime:0.001000s ]
ERR: 无法加载控制器:Public

