[ 2016-12-10T14:09:35+08:00 ] 127.0.0.1 /newmeigui/
INFO: [ app_init ] --START--
INFO: Run Behavior\BuildLiteBehavior [ RunTime:0.000000s ]
INFO: [ app_init ] --END-- [ RunTime:0.000000s ]
INFO: [ app_begin ] --START--
INFO: Run Behavior\ReadHtmlCacheBehavior [ RunTime:0.001000s ]
INFO: [ app_begin ] --END-- [ RunTime:0.001000s ]
SQL: SHOW COLUMNS FROM `na_ad` [ RunTime:0.1690s ]
SQL: SHOW COLUMNS FROM `na_ad` [ RunTime:0.0420s ]
SQL: SELECT * FROM `na_ad` WHERE `na_ad_adType` = '图文' ORDER BY `na_ad_count` desc LIMIT 3   [ RunTime:0.0920s ]
SQL: SHOW COLUMNS FROM `na_adlove` [ RunTime:0.0210s ]
SQL: SHOW COLUMNS FROM `na_adlove` [ RunTime:0.0000s ]
SQL: SHOW COLUMNS FROM `na_adlove` [ RunTime:0.0010s ]
SQL: SELECT * FROM na_adlove a,na_ad b WHERE ( a.na_adlove_adId=b.na_ad_id ) ORDER BY a.na_adlove_count desc LIMIT 3   [ RunTime:0.0400s ]
INFO: [ view_parse ] --START--
INFO: [ template_filter ] --START--
INFO: Run Behavior\ContentReplaceBehavior [ RunTime:0.001000s ]
INFO: [ template_filter ] --END-- [ RunTime:0.001000s ]
INFO: Run Behavior\ParseTemplateBehavior [ RunTime:0.083000s ]
INFO: [ view_parse ] --END-- [ RunTime:0.083000s ]
INFO: [ view_filter ] --START--
INFO: Run Behavior\WriteHtmlCacheBehavior [ RunTime:0.030000s ]
INFO: [ view_filter ] --END-- [ RunTime:0.030000s ]
INFO: [ app_end ] --START--
INFO: Run Behavior\ShowPageTraceBehavior [ RunTime:0.029000s ]
INFO: [ app_end ] --END-- [ RunTime:0.029000s ]

[ 2016-12-10T14:09:40+08:00 ] 127.0.0.1 /newmeigui/index.php/Home/AdSearch
INFO: [ app_init ] --START--
INFO: Run Behavior\BuildLiteBehavior [ RunTime:0.000000s ]
INFO: [ app_init ] --END-- [ RunTime:0.001000s ]
INFO: [ app_begin ] --START--
INFO: Run Behavior\ReadHtmlCacheBehavior [ RunTime:0.000000s ]
INFO: [ app_begin ] --END-- [ RunTime:0.000000s ]
SQL: SHOW COLUMNS FROM `na_picture` [ RunTime:0.0300s ]
SQL: SHOW COLUMNS FROM `na_picture` [ RunTime:0.0100s ]
SQL: SELECT * FROM `na_picture` WHERE `na_picture_type` = '广告' ORDER BY `na_picture_order`  [ RunTime:0.0300s ]
SQL: SHOW COLUMNS FROM `na_user` [ RunTime:0.0300s ]
SQL: SHOW COLUMNS FROM `na_user` [ RunTime:0.0060s ]
SQL: SELECT * FROM `na_user` WHERE `na_user_id` = null LIMIT 1   [ RunTime:0.0420s ]
SQL: SHOW COLUMNS FROM `na_ad` [ RunTime:0.0250s ]
NOTIC: [8] Uninitialized string offset: 1 E:\phpworkspaces\newmeigui\ThinkPHP\Common\functions.php 第 1873 行.
NOTIC: [8] Undefined offset: 1 E:\phpworkspaces\newmeigui\ThinkPHP\Common\functions.php 第 1873 行.
SQL: SHOW COLUMNS FROM `na_ad` [ RunTime:0.0010s ]
SQL: SELECT COUNT(*) AS tp_count FROM `na_ad` WHERE `na_ad_name` LIKE '%%' AND `na_ad_place` LIKE '%%' AND `na_ad_type` LIKE '%%' AND `na_ad_year` LIKE '%%' LIMIT 1   [ RunTime:0.0660s ]
SQL: SELECT `na_ad_id`,`na_ad_name`,`na_ad_showPath`,`na_ad_introduce`,`na_ad_content` FROM `na_ad` WHERE `na_ad_name` LIKE '%%' AND `na_ad_place` LIKE '%%' AND `na_ad_type` LIKE '%%' AND `na_ad_year` LIKE '%%' ORDER BY `na_ad_time` desc LIMIT 0,20   [ RunTime:0.0010s ]
SQL: SHOW COLUMNS FROM `na_adtype` [ RunTime:0.1250s ]
SQL: SHOW COLUMNS FROM `na_adtype` [ RunTime:0.0010s ]
SQL: SELECT * FROM `na_adtype`  [ RunTime:0.0230s ]
NOTIC: [8] Use of undefined constant adSearch - assumed 'adSearch' E:\phpworkspaces\newmeigui\Application\Home\Controller\AdSearchController.class.php 第 25 行.
INFO: [ view_parse ] --START--
INFO: [ template_filter ] --START--
INFO: Run Behavior\ContentReplaceBehavior [ RunTime:0.000000s ]
INFO: [ template_filter ] --END-- [ RunTime:0.000000s ]
INFO: Run Behavior\ParseTemplateBehavior [ RunTime:0.035000s ]
INFO: [ view_parse ] --END-- [ RunTime:0.035000s ]
INFO: [ view_filter ] --START--
INFO: Run Behavior\WriteHtmlCacheBehavior [ RunTime:0.000000s ]
INFO: [ view_filter ] --END-- [ RunTime:0.000000s ]
INFO: [ app_end ] --START--
INFO: Run Behavior\ShowPageTraceBehavior [ RunTime:0.001000s ]
INFO: [ app_end ] --END-- [ RunTime:0.001000s ]

[ 2016-12-10T14:10:40+08:00 ] 127.0.0.1 /newmeigui/index.php/Home/AdComment
INFO: [ app_init ] --START--
INFO: Run Behavior\BuildLiteBehavior [ RunTime:0.000000s ]
INFO: [ app_init ] --END-- [ RunTime:0.000000s ]
INFO: [ app_begin ] --START--
INFO: Run Behavior\ReadHtmlCacheBehavior [ RunTime:0.000000s ]
INFO: [ app_begin ] --END-- [ RunTime:0.000000s ]
SQL: SHOW COLUMNS FROM `na_picture` [ RunTime:0.0490s ]
SQL: SHOW COLUMNS FROM `na_picture` [ RunTime:0.0010s ]
SQL: SELECT * FROM `na_picture` WHERE `na_picture_type` = '评论' ORDER BY `na_picture_order`  [ RunTime:0.0040s ]
SQL: SHOW COLUMNS FROM `na_adtype` [ RunTime:0.0010s ]
SQL: SHOW COLUMNS FROM `na_adtype` [ RunTime:0.0010s ]
SQL: SELECT * FROM `na_adtype`  [ RunTime:0.0000s ]
SQL: SHOW COLUMNS FROM `na_comment` [ RunTime:0.0010s ]
SQL: SHOW COLUMNS FROM `na_comment` [ RunTime:0.0000s ]
SQL: SHOW COLUMNS FROM `na_comment` [ RunTime:0.0000s ]
SQL: SELECT * FROM na_comment a,na_user b WHERE `na_comment_type` = '动态' AND ( a.na_comment_userId=b.na_user_id ) ORDER BY `na_comment_time` LIMIT 1   [ RunTime:0.1180s ]
SQL: SHOW COLUMNS FROM `na_ad` [ RunTime:0.0000s ]
SQL: SELECT COUNT(*) AS tp_count FROM `na_ad` LIMIT 1   [ RunTime:0.0110s ]
SQL: SELECT * FROM `na_ad` ORDER BY `na_ad_time` desc LIMIT 0,15   [ RunTime:0.0660s ]
SQL: SELECT `na_comment_content`,`na_comment_time` FROM `na_comment` WHERE ( na_comment_type='评论' AND na_comment_adId='151' )  [ RunTime:0.0000s ]
SQL: SELECT `na_comment_content`,`na_comment_time` FROM `na_comment` WHERE ( na_comment_type='评论' AND na_comment_adId='149' )  [ RunTime:0.0000s ]
SQL: SELECT `na_comment_content`,`na_comment_time` FROM `na_comment` WHERE ( na_comment_type='评论' AND na_comment_adId='146' )  [ RunTime:0.0010s ]
SQL: SELECT `na_comment_content`,`na_comment_time` FROM `na_comment` WHERE ( na_comment_type='评论' AND na_comment_adId='145' )  [ RunTime:0.0000s ]
SQL: SELECT `na_comment_content`,`na_comment_time` FROM `na_comment` WHERE ( na_comment_type='评论' AND na_comment_adId='144' )  [ RunTime:0.0010s ]
SQL: SELECT `na_comment_content`,`na_comment_time` FROM `na_comment` WHERE ( na_comment_type='评论' AND na_comment_adId='143' )  [ RunTime:0.0000s ]
SQL: SELECT `na_comment_content`,`na_comment_time` FROM `na_comment` WHERE ( na_comment_type='评论' AND na_comment_adId='142' )  [ RunTime:0.0000s ]
SQL: SELECT `na_comment_content`,`na_comment_time` FROM `na_comment` WHERE ( na_comment_type='评论' AND na_comment_adId='141' )  [ RunTime:0.0000s ]
SQL: SELECT `na_comment_content`,`na_comment_time` FROM `na_comment` WHERE ( na_comment_type='评论' AND na_comment_adId='140' )  [ RunTime:0.0000s ]
SQL: SELECT `na_comment_content`,`na_comment_time` FROM `na_comment` WHERE ( na_comment_type='评论' AND na_comment_adId='139' )  [ RunTime:0.0000s ]
SQL: SELECT `na_comment_content`,`na_comment_time` FROM `na_comment` WHERE ( na_comment_type='评论' AND na_comment_adId='138' )  [ RunTime:0.0000s ]
SQL: SELECT `na_comment_content`,`na_comment_time` FROM `na_comment` WHERE ( na_comment_type='评论' AND na_comment_adId='137' )  [ RunTime:0.0000s ]
SQL: SELECT `na_comment_content`,`na_comment_time` FROM `na_comment` WHERE ( na_comment_type='评论' AND na_comment_adId='136' )  [ RunTime:0.0000s ]
SQL: SELECT `na_comment_content`,`na_comment_time` FROM `na_comment` WHERE ( na_comment_type='评论' AND na_comment_adId='135' )  [ RunTime:0.0010s ]
SQL: SELECT `na_comment_content`,`na_comment_time` FROM `na_comment` WHERE ( na_comment_type='评论' AND na_comment_adId='134' )  [ RunTime:0.0000s ]
SQL: SHOW COLUMNS FROM `na_user` [ RunTime:0.0010s ]
SQL: SHOW COLUMNS FROM `na_user` [ RunTime:0.0000s ]
SQL: SELECT * FROM `na_user` WHERE `na_user_id` = null LIMIT 1   [ RunTime:0.0000s ]
INFO: [ view_parse ] --START--
INFO: [ template_filter ] --START--
INFO: Run Behavior\ContentReplaceBehavior [ RunTime:0.000000s ]
INFO: [ template_filter ] --END-- [ RunTime:0.000000s ]
NOTIC: [8] Undefined variable: arr E:\phpworkspaces\newmeigui\Application\Runtime\Cache\Home\da23dea7fafc9a5db9ec048f18e13227.php 第 84 行.
INFO: Run Behavior\ParseTemplateBehavior [ RunTime:0.024000s ]
INFO: [ view_parse ] --END-- [ RunTime:0.024000s ]
INFO: [ view_filter ] --START--
INFO: Run Behavior\WriteHtmlCacheBehavior [ RunTime:0.000000s ]
INFO: [ view_filter ] --END-- [ RunTime:0.000000s ]
INFO: [ app_end ] --START--
INFO: Run Behavior\ShowPageTraceBehavior [ RunTime:0.001000s ]
INFO: [ app_end ] --END-- [ RunTime:0.001000s ]

[ 2016-12-10T14:10:43+08:00 ] 127.0.0.1 /newmeigui/index.php/Home/AdSearch
INFO: [ app_init ] --START--
INFO: Run Behavior\BuildLiteBehavior [ RunTime:0.000000s ]
INFO: [ app_init ] --END-- [ RunTime:0.000000s ]
INFO: [ app_begin ] --START--
INFO: Run Behavior\ReadHtmlCacheBehavior [ RunTime:0.000000s ]
INFO: [ app_begin ] --END-- [ RunTime:0.000000s ]
SQL: SHOW COLUMNS FROM `na_picture` [ RunTime:0.0230s ]
SQL: SHOW COLUMNS FROM `na_picture` [ RunTime:0.0050s ]
SQL: SELECT * FROM `na_picture` WHERE `na_picture_type` = '广告' ORDER BY `na_picture_order`  [ RunTime:0.0060s ]
SQL: SHOW COLUMNS FROM `na_user` [ RunTime:0.0080s ]
SQL: SHOW COLUMNS FROM `na_user` [ RunTime:0.0000s ]
SQL: SELECT * FROM `na_user` WHERE `na_user_id` = null LIMIT 1   [ RunTime:0.0000s ]
SQL: SHOW COLUMNS FROM `na_ad` [ RunTime:0.0180s ]
NOTIC: [8] Uninitialized string offset: 1 E:\phpworkspaces\newmeigui\ThinkPHP\Common\functions.php 第 1873 行.
NOTIC: [8] Undefined offset: 1 E:\phpworkspaces\newmeigui\ThinkPHP\Common\functions.php 第 1873 行.
SQL: SHOW COLUMNS FROM `na_ad` [ RunTime:0.0000s ]
SQL: SELECT COUNT(*) AS tp_count FROM `na_ad` WHERE `na_ad_name` LIKE '%%' AND `na_ad_place` LIKE '%%' AND `na_ad_type` LIKE '%%' AND `na_ad_year` LIKE '%%' LIMIT 1   [ RunTime:0.0050s ]
SQL: SELECT `na_ad_id`,`na_ad_name`,`na_ad_showPath`,`na_ad_introduce`,`na_ad_content` FROM `na_ad` WHERE `na_ad_name` LIKE '%%' AND `na_ad_place` LIKE '%%' AND `na_ad_type` LIKE '%%' AND `na_ad_year` LIKE '%%' ORDER BY `na_ad_time` desc LIMIT 0,20   [ RunTime:0.0000s ]
SQL: SHOW COLUMNS FROM `na_adtype` [ RunTime:0.0010s ]
SQL: SHOW COLUMNS FROM `na_adtype` [ RunTime:0.0000s ]
SQL: SELECT * FROM `na_adtype`  [ RunTime:0.0000s ]
NOTIC: [8] Use of undefined constant adSearch - assumed 'adSearch' E:\phpworkspaces\newmeigui\Application\Home\Controller\AdSearchController.class.php 第 25 行.
INFO: [ view_parse ] --START--
INFO: [ template_filter ] --START--
INFO: Run Behavior\ContentReplaceBehavior [ RunTime:0.000000s ]
INFO: [ template_filter ] --END-- [ RunTime:0.000000s ]
INFO: Run Behavior\ParseTemplateBehavior [ RunTime:0.007000s ]
INFO: [ view_parse ] --END-- [ RunTime:0.007000s ]
INFO: [ view_filter ] --START--
INFO: Run Behavior\WriteHtmlCacheBehavior [ RunTime:0.001000s ]
INFO: [ view_filter ] --END-- [ RunTime:0.001000s ]
INFO: [ app_end ] --START--
INFO: Run Behavior\ShowPageTraceBehavior [ RunTime:0.000000s ]
INFO: [ app_end ] --END-- [ RunTime:0.000000s ]

[ 2016-12-10T14:10:55+08:00 ] 127.0.0.1 /newmeigui/index.php/Home/AdMetail/index/id/146
INFO: [ app_init ] --START--
INFO: Run Behavior\BuildLiteBehavior [ RunTime:0.000000s ]
INFO: [ app_init ] --END-- [ RunTime:0.000000s ]
INFO: [ app_begin ] --START--
INFO: Run Behavior\ReadHtmlCacheBehavior [ RunTime:0.001000s ]
INFO: [ app_begin ] --END-- [ RunTime:0.001000s ]
SQL: SHOW COLUMNS FROM `na_ad` [ RunTime:0.0150s ]
SQL: SHOW COLUMNS FROM `na_ad` [ RunTime:0.0100s ]
SQL: UPDATE `na_ad` SET `na_ad_count`=na_ad_count+1 WHERE `na_ad_id` = 146 [ RunTime:0.2870s ]
SQL: SELECT * FROM `na_ad` WHERE `na_ad_id` = 146 LIMIT 1   [ RunTime:0.0010s ]
SQL: SHOW COLUMNS FROM `na_comment` [ RunTime:0.0180s ]
SQL: SHOW COLUMNS FROM `na_comment` [ RunTime:0.0000s ]
SQL: SHOW COLUMNS FROM `na_comment` [ RunTime:0.0090s ]
SQL: SELECT COUNT(*) AS tp_count FROM na_comment a,na_user b WHERE ( a.na_comment_userId=b.na_user_id ) AND a.na_comment_type = '评论' AND `na_comment_adId` = 146 LIMIT 1   [ RunTime:0.0080s ]
SQL: SHOW COLUMNS FROM `na_comment` [ RunTime:0.0000s ]
SQL: SELECT * FROM na_comment a,na_user b WHERE ( a.na_comment_userId=b.na_user_id ) AND a.na_comment_type = '评论' AND `na_comment_adId` = 146 ORDER BY `na_comment_time` desc LIMIT 0,4   [ RunTime:0.0080s ]
SQL: SELECT * FROM `na_ad` WHERE `na_ad_adType` = '图文' ORDER BY `na_ad_count` desc LIMIT 4   [ RunTime:0.0010s ]
NOTIC: [8] Use of undefined constant p_info - assumed 'p_info' E:\phpworkspaces\newmeigui\Application\Home\Controller\AdMetailController.class.php 第 129 行.
INFO: [ view_parse ] --START--
INFO: [ template_filter ] --START--
INFO: Run Behavior\ContentReplaceBehavior [ RunTime:0.000000s ]
INFO: [ template_filter ] --END-- [ RunTime:0.000000s ]
INFO: Run Behavior\ParseTemplateBehavior [ RunTime:0.019000s ]
INFO: [ view_parse ] --END-- [ RunTime:0.019000s ]
INFO: [ view_filter ] --START--
INFO: Run Behavior\WriteHtmlCacheBehavior [ RunTime:0.001000s ]
INFO: [ view_filter ] --END-- [ RunTime:0.001000s ]
INFO: [ app_end ] --START--
INFO: Run Behavior\ShowPageTraceBehavior [ RunTime:0.000000s ]
INFO: [ app_end ] --END-- [ RunTime:0.000000s ]

[ 2016-12-10T14:10:55+08:00 ] 127.0.0.1 /newmeigui/index.php/Home/AdMetail/index/id/video-js.css
INFO: [ app_init ] --START--
INFO: Run Behavior\BuildLiteBehavior [ RunTime:0.000000s ]
INFO: [ app_init ] --END-- [ RunTime:0.001000s ]
INFO: [ app_begin ] --START--
INFO: Run Behavior\ReadHtmlCacheBehavior [ RunTime:0.001000s ]
INFO: [ app_begin ] --END-- [ RunTime:0.001000s ]
SQL: SHOW COLUMNS FROM `na_ad` [ RunTime:0.0220s ]
SQL: SHOW COLUMNS FROM `na_ad` [ RunTime:0.0000s ]
SQL: UPDATE `na_ad` SET `na_ad_count`=na_ad_count+1 WHERE `na_ad_id` = 0 [ RunTime:0.0000s ]
SQL: SELECT * FROM `na_ad` WHERE `na_ad_id` = 0 LIMIT 1   [ RunTime:0.0000s ]
SQL: SHOW COLUMNS FROM `na_comment` [ RunTime:0.0090s ]
SQL: SHOW COLUMNS FROM `na_comment` [ RunTime:0.0000s ]
SQL: SHOW COLUMNS FROM `na_comment` [ RunTime:0.0010s ]
SQL: SELECT COUNT(*) AS tp_count FROM na_comment a,na_user b WHERE ( a.na_comment_userId=b.na_user_id ) AND a.na_comment_type = '评论' AND `na_comment_adId` = 0 LIMIT 1   [ RunTime:0.0310s ]
SQL: SHOW COLUMNS FROM `na_comment` [ RunTime:0.0000s ]
SQL: SELECT * FROM na_comment a,na_user b WHERE ( a.na_comment_userId=b.na_user_id ) AND a.na_comment_type = '评论' AND `na_comment_adId` = 0 ORDER BY `na_comment_time` desc LIMIT 0,4   [ RunTime:0.0200s ]
SQL: SELECT * FROM `na_ad` WHERE `na_ad_adType` = null ORDER BY `na_ad_count` desc LIMIT 4   [ RunTime:0.0000s ]
INFO: [ app_end ] --START--
INFO: Run Behavior\ShowPageTraceBehavior [ RunTime:0.000000s ]
INFO: [ app_end ] --END-- [ RunTime:0.000000s ]

[ 2016-12-10T14:10:55+08:00 ] 127.0.0.1 /newmeigui/index.php/Home/AdMetail/index/id/video.js
INFO: [ app_init ] --START--
INFO: Run Behavior\BuildLiteBehavior [ RunTime:0.000000s ]
INFO: [ app_init ] --END-- [ RunTime:0.000000s ]
INFO: [ app_begin ] --START--
INFO: Run Behavior\ReadHtmlCacheBehavior [ RunTime:0.001000s ]
INFO: [ app_begin ] --END-- [ RunTime:0.001000s ]
SQL: SHOW COLUMNS FROM `na_ad` [ RunTime:0.0340s ]
SQL: SHOW COLUMNS FROM `na_ad` [ RunTime:0.0010s ]
SQL: UPDATE `na_ad` SET `na_ad_count`=na_ad_count+1 WHERE `na_ad_id` = 0 [ RunTime:0.0030s ]
SQL: SELECT * FROM `na_ad` WHERE `na_ad_id` = 0 LIMIT 1   [ RunTime:0.0000s ]
SQL: SHOW COLUMNS FROM `na_comment` [ RunTime:0.0010s ]
SQL: SHOW COLUMNS FROM `na_comment` [ RunTime:0.0040s ]
SQL: SHOW COLUMNS FROM `na_comment` [ RunTime:0.0000s ]
SQL: SELECT COUNT(*) AS tp_count FROM na_comment a,na_user b WHERE ( a.na_comment_userId=b.na_user_id ) AND a.na_comment_type = '评论' AND `na_comment_adId` = 0 LIMIT 1   [ RunTime:0.0080s ]
SQL: SHOW COLUMNS FROM `na_comment` [ RunTime:0.0010s ]
SQL: SELECT * FROM na_comment a,na_user b WHERE ( a.na_comment_userId=b.na_user_id ) AND a.na_comment_type = '评论' AND `na_comment_adId` = 0 ORDER BY `na_comment_time` desc LIMIT 0,4   [ RunTime:0.0000s ]
SQL: SELECT * FROM `na_ad` WHERE `na_ad_adType` = null ORDER BY `na_ad_count` desc LIMIT 4   [ RunTime:0.0080s ]
INFO: [ app_end ] --START--
INFO: Run Behavior\ShowPageTraceBehavior [ RunTime:0.001000s ]
INFO: [ app_end ] --END-- [ RunTime:0.001000s ]

[ 2016-12-10T14:11:48+08:00 ] 127.0.0.1 /newmeigui/index.php/Home/MyInfo
INFO: [ app_init ] --START--
INFO: Run Behavior\BuildLiteBehavior [ RunTime:0.000000s ]
INFO: [ app_init ] --END-- [ RunTime:0.001000s ]
INFO: [ app_begin ] --START--
INFO: Run Behavior\ReadHtmlCacheBehavior [ RunTime:0.000000s ]
INFO: [ app_begin ] --END-- [ RunTime:0.000000s ]

[ 2016-12-10T14:11:49+08:00 ] 127.0.0.1 /newmeigui/index.php/Home/Index/index
INFO: [ app_init ] --START--
INFO: Run Behavior\BuildLiteBehavior [ RunTime:0.000000s ]
INFO: [ app_init ] --END-- [ RunTime:0.000000s ]
INFO: [ app_begin ] --START--
INFO: Run Behavior\ReadHtmlCacheBehavior [ RunTime:0.001000s ]
INFO: [ app_begin ] --END-- [ RunTime:0.001000s ]
SQL: SHOW COLUMNS FROM `na_ad` [ RunTime:0.0410s ]
SQL: SHOW COLUMNS FROM `na_ad` [ RunTime:0.0080s ]
SQL: SELECT * FROM `na_ad` WHERE `na_ad_adType` = '图文' ORDER BY `na_ad_count` desc LIMIT 3   [ RunTime:0.0150s ]
SQL: SHOW COLUMNS FROM `na_adlove` [ RunTime:0.0090s ]
SQL: SHOW COLUMNS FROM `na_adlove` [ RunTime:0.0000s ]
SQL: SHOW COLUMNS FROM `na_adlove` [ RunTime:0.0010s ]
SQL: SELECT * FROM na_adlove a,na_ad b WHERE ( a.na_adlove_adId=b.na_ad_id ) ORDER BY a.na_adlove_count desc LIMIT 3   [ RunTime:0.0100s ]
INFO: [ view_parse ] --START--
INFO: [ template_filter ] --START--
INFO: Run Behavior\ContentReplaceBehavior [ RunTime:0.000000s ]
INFO: [ template_filter ] --END-- [ RunTime:0.000000s ]
INFO: Run Behavior\ParseTemplateBehavior [ RunTime:0.007000s ]
INFO: [ view_parse ] --END-- [ RunTime:0.007000s ]
INFO: [ view_filter ] --START--
INFO: Run Behavior\WriteHtmlCacheBehavior [ RunTime:0.000000s ]
INFO: [ view_filter ] --END-- [ RunTime:0.000000s ]
INFO: [ app_end ] --START--
INFO: Run Behavior\ShowPageTraceBehavior [ RunTime:0.001000s ]
INFO: [ app_end ] --END-- [ RunTime:0.001000s ]

[ 2016-12-10T14:12:03+08:00 ] 127.0.0.1 /newmeigui/index.php/Home/lc
INFO: [ app_init ] --START--
INFO: Run Behavior\BuildLiteBehavior [ RunTime:0.000000s ]
INFO: [ app_init ] --END-- [ RunTime:0.001000s ]
INFO: [ app_begin ] --START--
INFO: Run Behavior\ReadHtmlCacheBehavior [ RunTime:0.000000s ]
INFO: [ app_begin ] --END-- [ RunTime:0.000000s ]
SQL: SHOW COLUMNS FROM `na_user` [ RunTime:0.0200s ]
SQL: SHOW COLUMNS FROM `na_user` [ RunTime:0.0010s ]
SQL: SELECT * FROM `na_user` WHERE `na_user_loginName` = '13787878787' LIMIT 1   [ RunTime:0.0110s ]

[ 2016-12-10T14:12:04+08:00 ] 127.0.0.1 /newmeigui/index.php/Home/MyInfo
INFO: [ app_init ] --START--
INFO: Run Behavior\BuildLiteBehavior [ RunTime:0.000000s ]
INFO: [ app_init ] --END-- [ RunTime:0.000000s ]
INFO: [ app_begin ] --START--
INFO: Run Behavior\ReadHtmlCacheBehavior [ RunTime:0.000000s ]
INFO: [ app_begin ] --END-- [ RunTime:0.000000s ]
SQL: SHOW COLUMNS FROM `na_user` [ RunTime:0.0200s ]
SQL: SHOW COLUMNS FROM `na_user` [ RunTime:0.0000s ]
SQL: SELECT * FROM `na_user` WHERE `na_user_id` = 27 LIMIT 1   [ RunTime:0.0040s ]
SQL: SHOW COLUMNS FROM `na_comment` [ RunTime:0.0000s ]
SQL: SHOW COLUMNS FROM `na_comment` [ RunTime:0.0000s ]
SQL: SELECT COUNT(*) AS tp_count FROM `na_comment` WHERE `na_comment_type` = '动态' AND `na_comment_userId` = 27 LIMIT 1   [ RunTime:0.0010s ]
SQL: SELECT * FROM `na_comment` WHERE `na_comment_type` = '动态' AND `na_comment_userId` = 27 ORDER BY `na_comment_time` desc LIMIT 0,2   [ RunTime:0.0010s ]
SQL: SELECT * FROM `na_user` WHERE `na_user_id` = 27 LIMIT 1   [ RunTime:0.0000s ]
SQL: SHOW COLUMNS FROM `na_ad` [ RunTime:0.0010s ]
SQL: SHOW COLUMNS FROM `na_ad` [ RunTime:0.0000s ]
SQL: SELECT COUNT(na_ad_id) AS tp_count FROM `na_ad` WHERE `na_ad_id` IN ('149','143','143','94','110','94') LIMIT 1   [ RunTime:0.0220s ]
SQL: SELECT * FROM `na_ad` WHERE `na_ad_id` IN ('149','143','143','94','110','94') ORDER BY `na_ad_time` desc LIMIT 0,4   [ RunTime:0.0000s ]
SQL: SHOW COLUMNS FROM `na_adlove` [ RunTime:0.0170s ]
SQL: SHOW COLUMNS FROM `na_adlove` [ RunTime:0.0000s ]
SQL: SHOW COLUMNS FROM `na_adlove` [ RunTime:0.0000s ]
SQL: SELECT * FROM na_adlove a,na_ad b WHERE ( a.na_adlove_adId=b.na_ad_id ) ORDER BY a.na_adlove_count desc LIMIT 3   [ RunTime:0.0010s ]
INFO: [ view_parse ] --START--
INFO: [ template_filter ] --START--
INFO: Run Behavior\ContentReplaceBehavior [ RunTime:0.000000s ]
INFO: [ template_filter ] --END-- [ RunTime:0.000000s ]
NOTIC: [8] Undefined variable: url E:\phpworkspaces\newmeigui\Application\Runtime\Cache\Home\b271d2c0a6846724e36f5bdcf5e43b70.php 第 167 行.
INFO: Run Behavior\ParseTemplateBehavior [ RunTime:0.024000s ]
INFO: [ view_parse ] --END-- [ RunTime:0.024000s ]
INFO: [ view_filter ] --START--
INFO: Run Behavior\WriteHtmlCacheBehavior [ RunTime:0.000000s ]
INFO: [ view_filter ] --END-- [ RunTime:0.000000s ]
INFO: [ app_end ] --START--
INFO: Run Behavior\ShowPageTraceBehavior [ RunTime:0.000000s ]
INFO: [ app_end ] --END-- [ RunTime:0.000000s ]

[ 2016-12-10T14:12:05+08:00 ] 127.0.0.1 /newmeigui/Public/front/jquery.min.js
INFO: [ app_init ] --START--
INFO: Run Behavior\BuildLiteBehavior [ RunTime:0.000000s ]
INFO: [ app_init ] --END-- [ RunTime:0.000000s ]
INFO: [ app_begin ] --START--
INFO: Run Behavior\ReadHtmlCacheBehavior [ RunTime:0.000000s ]
INFO: [ app_begin ] --END-- [ RunTime:0.000000s ]
ERR: 无法加载控制器:Public

[ 2016-12-10T14:12:34+08:00 ] 127.0.0.1 /newmeigui/index.php/Home/AdComment
INFO: [ app_init ] --START--
INFO: Run Behavior\BuildLiteBehavior [ RunTime:0.000000s ]
INFO: [ app_init ] --END-- [ RunTime:0.000000s ]
INFO: [ app_begin ] --START--
INFO: Run Behavior\ReadHtmlCacheBehavior [ RunTime:0.000000s ]
INFO: [ app_begin ] --END-- [ RunTime:0.000000s ]
SQL: SHOW COLUMNS FROM `na_picture` [ RunTime:0.0310s ]
SQL: SHOW COLUMNS FROM `na_picture` [ RunTime:0.0000s ]
SQL: SELECT * FROM `na_picture` WHERE `na_picture_type` = '评论' ORDER BY `na_picture_order`  [ RunTime:0.0000s ]
SQL: SHOW COLUMNS FROM `na_adtype` [ RunTime:0.0080s ]
SQL: SHOW COLUMNS FROM `na_adtype` [ RunTime:0.0010s ]
SQL: SELECT * FROM `na_adtype`  [ RunTime:0.0000s ]
SQL: SHOW COLUMNS FROM `na_comment` [ RunTime:0.0170s ]
SQL: SHOW COLUMNS FROM `na_comment` [ RunTime:0.0010s ]
SQL: SHOW COLUMNS FROM `na_comment` [ RunTime:0.0000s ]
SQL: SELECT * FROM na_comment a,na_user b WHERE `na_comment_type` = '动态' AND ( a.na_comment_userId=b.na_user_id ) ORDER BY `na_comment_time` LIMIT 1   [ RunTime:0.0150s ]
SQL: SHOW COLUMNS FROM `na_ad` [ RunTime:0.0040s ]
SQL: SELECT COUNT(*) AS tp_count FROM `na_ad` LIMIT 1   [ RunTime:0.0000s ]
SQL: SELECT * FROM `na_ad` ORDER BY `na_ad_time` desc LIMIT 0,15   [ RunTime:0.0080s ]
SQL: SELECT `na_comment_content`,`na_comment_time` FROM `na_comment` WHERE ( na_comment_type='评论' AND na_comment_adId='151' )  [ RunTime:0.0000s ]
SQL: SELECT `na_comment_content`,`na_comment_time` FROM `na_comment` WHERE ( na_comment_type='评论' AND na_comment_adId='149' )  [ RunTime:0.0000s ]
SQL: SELECT `na_comment_content`,`na_comment_time` FROM `na_comment` WHERE ( na_comment_type='评论' AND na_comment_adId='146' )  [ RunTime:0.0000s ]
SQL: SELECT `na_comment_content`,`na_comment_time` FROM `na_comment` WHERE ( na_comment_type='评论' AND na_comment_adId='145' )  [ RunTime:0.0010s ]
SQL: SELECT `na_comment_content`,`na_comment_time` FROM `na_comment` WHERE ( na_comment_type='评论' AND na_comment_adId='144' )  [ RunTime:0.0000s ]
SQL: SELECT `na_comment_content`,`na_comment_time` FROM `na_comment` WHERE ( na_comment_type='评论' AND na_comment_adId='143' )  [ RunTime:0.0000s ]
SQL: SELECT `na_comment_content`,`na_comment_time` FROM `na_comment` WHERE ( na_comment_type='评论' AND na_comment_adId='142' )  [ RunTime:0.0000s ]
SQL: SELECT `na_comment_content`,`na_comment_time` FROM `na_comment` WHERE ( na_comment_type='评论' AND na_comment_adId='141' )  [ RunTime:0.0000s ]
SQL: SELECT `na_comment_content`,`na_comment_time` FROM `na_comment` WHERE ( na_comment_type='评论' AND na_comment_adId='140' )  [ RunTime:0.0000s ]
SQL: SELECT `na_comment_content`,`na_comment_time` FROM `na_comment` WHERE ( na_comment_type='评论' AND na_comment_adId='139' )  [ RunTime:0.0010s ]
SQL: SELECT `na_comment_content`,`na_comment_time` FROM `na_comment` WHERE ( na_comment_type='评论' AND na_comment_adId='138' )  [ RunTime:0.0000s ]
SQL: SELECT `na_comment_content`,`na_comment_time` FROM `na_comment` WHERE ( na_comment_type='评论' AND na_comment_adId='137' )  [ RunTime:0.0000s ]
SQL: SELECT `na_comment_content`,`na_comment_time` FROM `na_comment` WHERE ( na_comment_type='评论' AND na_comment_adId='136' )  [ RunTime:0.0000s ]
SQL: SELECT `na_comment_content`,`na_comment_time` FROM `na_comment` WHERE ( na_comment_type='评论' AND na_comment_adId='135' )  [ RunTime:0.0010s ]
SQL: SELECT `na_comment_content`,`na_comment_time` FROM `na_comment` WHERE ( na_comment_type='评论' AND na_comment_adId='134' )  [ RunTime:0.0000s ]
SQL: SHOW COLUMNS FROM `na_user` [ RunTime:0.0010s ]
SQL: SHOW COLUMNS FROM `na_user` [ RunTime:0.0000s ]
SQL: SELECT * FROM `na_user` WHERE `na_user_id` = 27 LIMIT 1   [ RunTime:0.0010s ]
INFO: [ view_parse ] --START--
INFO: [ template_filter ] --START--
INFO: Run Behavior\ContentReplaceBehavior [ RunTime:0.000000s ]
INFO: [ template_filter ] --END-- [ RunTime:0.000000s ]
NOTIC: [8] Undefined variable: arr E:\phpworkspaces\newmeigui\Application\Runtime\Cache\Home\da23dea7fafc9a5db9ec048f18e13227.php 第 84 行.
INFO: Run Behavior\ParseTemplateBehavior [ RunTime:0.008000s ]
INFO: [ view_parse ] --END-- [ RunTime:0.008000s ]
INFO: [ view_filter ] --START--
INFO: Run Behavior\WriteHtmlCacheBehavior [ RunTime:0.001000s ]
INFO: [ view_filter ] --END-- [ RunTime:0.001000s ]
INFO: [ app_end ] --START--
INFO: Run Behavior\ShowPageTraceBehavior [ RunTime:0.000000s ]
INFO: [ app_end ] --END-- [ RunTime:0.000000s ]

[ 2016-12-10T14:12:50+08:00 ] 127.0.0.1 /newmeigui/index.php/Home/AdMetail/index/id/145
INFO: [ app_init ] --START--
INFO: Run Behavior\BuildLiteBehavior [ RunTime:0.000000s ]
INFO: [ app_init ] --END-- [ RunTime:0.000000s ]
INFO: [ app_begin ] --START--
INFO: Run Behavior\ReadHtmlCacheBehavior [ RunTime:0.000000s ]
INFO: [ app_begin ] --END-- [ RunTime:0.000000s ]
SQL: SHOW COLUMNS FROM `na_ad` [ RunTime:0.0300s ]
SQL: SHOW COLUMNS FROM `na_ad` [ RunTime:0.0110s ]
SQL: UPDATE `na_ad` SET `na_ad_count`=na_ad_count+1 WHERE `na_ad_id` = 145 [ RunTime:0.0580s ]
SQL: SELECT * FROM `na_ad` WHERE `na_ad_id` = 145 LIMIT 1   [ RunTime:0.0150s ]
SQL: SHOW COLUMNS FROM `na_comment` [ RunTime:0.0080s ]
SQL: SHOW COLUMNS FROM `na_comment` [ RunTime:0.0000s ]
SQL: SHOW COLUMNS FROM `na_comment` [ RunTime:0.0000s ]
SQL: SELECT COUNT(*) AS tp_count FROM na_comment a,na_user b WHERE ( a.na_comment_userId=b.na_user_id ) AND a.na_comment_type = '评论' AND `na_comment_adId` = 145 LIMIT 1   [ RunTime:0.0110s ]
SQL: SHOW COLUMNS FROM `na_comment` [ RunTime:0.0010s ]
SQL: SELECT * FROM na_comment a,na_user b WHERE ( a.na_comment_userId=b.na_user_id ) AND a.na_comment_type = '评论' AND `na_comment_adId` = 145 ORDER BY `na_comment_time` desc LIMIT 0,4   [ RunTime:0.0000s ]
SQL: SELECT * FROM `na_ad` WHERE `na_ad_adType` = '图文' ORDER BY `na_ad_count` desc LIMIT 4   [ RunTime:0.0090s ]
NOTIC: [8] Use of undefined constant p_info - assumed 'p_info' E:\phpworkspaces\newmeigui\Application\Home\Controller\AdMetailController.class.php 第 129 行.
INFO: [ view_parse ] --START--
INFO: [ template_filter ] --START--
INFO: Run Behavior\ContentReplaceBehavior [ RunTime:0.000000s ]
INFO: [ template_filter ] --END-- [ RunTime:0.000000s ]
INFO: Run Behavior\ParseTemplateBehavior [ RunTime:0.007000s ]
INFO: [ view_parse ] --END-- [ RunTime:0.007000s ]
INFO: [ view_filter ] --START--
INFO: Run Behavior\WriteHtmlCacheBehavior [ RunTime:0.000000s ]
INFO: [ view_filter ] --END-- [ RunTime:0.000000s ]
INFO: [ app_end ] --START--
INFO: Run Behavior\ShowPageTraceBehavior [ RunTime:0.000000s ]
INFO: [ app_end ] --END-- [ RunTime:0.000000s ]

[ 2016-12-10T14:12:50+08:00 ] 127.0.0.1 /newmeigui/index.php/Home/AdMetail/index/id/video-js.css
INFO: [ app_init ] --START--
INFO: Run Behavior\BuildLiteBehavior [ RunTime:0.001000s ]
INFO: [ app_init ] --END-- [ RunTime:0.001000s ]
INFO: [ app_begin ] --START--
INFO: Run Behavior\ReadHtmlCacheBehavior [ RunTime:0.000000s ]
INFO: [ app_begin ] --END-- [ RunTime:0.000000s ]
SQL: SHOW COLUMNS FROM `na_ad` [ RunTime:0.0350s ]
SQL: SHOW COLUMNS FROM `na_ad` [ RunTime:0.0090s ]
SQL: UPDATE `na_ad` SET `na_ad_count`=na_ad_count+1 WHERE `na_ad_id` = 0 [ RunTime:0.0000s ]
SQL: SELECT * FROM `na_ad` WHERE `na_ad_id` = 0 LIMIT 1   [ RunTime:0.0000s ]
SQL: SHOW COLUMNS FROM `na_comment` [ RunTime:0.0000s ]
SQL: SHOW COLUMNS FROM `na_comment` [ RunTime:0.0000s ]
SQL: SHOW COLUMNS FROM `na_comment` [ RunTime:0.0010s ]
SQL: SELECT COUNT(*) AS tp_count FROM na_comment a,na_user b WHERE ( a.na_comment_userId=b.na_user_id ) AND a.na_comment_type = '评论' AND `na_comment_adId` = 0 LIMIT 1   [ RunTime:0.0000s ]
SQL: SHOW COLUMNS FROM `na_comment` [ RunTime:0.0010s ]
SQL: SELECT * FROM na_comment a,na_user b WHERE ( a.na_comment_userId=b.na_user_id ) AND a.na_comment_type = '评论' AND `na_comment_adId` = 0 ORDER BY `na_comment_time` desc LIMIT 0,4   [ RunTime:0.0080s ]
SQL: SELECT * FROM `na_ad` WHERE `na_ad_adType` = null ORDER BY `na_ad_count` desc LIMIT 4   [ RunTime:0.0010s ]
INFO: [ app_end ] --START--
INFO: Run Behavior\ShowPageTraceBehavior [ RunTime:0.000000s ]
INFO: [ app_end ] --END-- [ RunTime:0.000000s ]

[ 2016-12-10T14:12:50+08:00 ] 127.0.0.1 /newmeigui/index.php/Home/AdMetail/index/id/video.js
INFO: [ app_init ] --START--
INFO: Run Behavior\BuildLiteBehavior [ RunTime:0.000000s ]
INFO: [ app_init ] --END-- [ RunTime:0.001000s ]
INFO: [ app_begin ] --START--
INFO: Run Behavior\ReadHtmlCacheBehavior [ RunTime:0.000000s ]
INFO: [ app_begin ] --END-- [ RunTime:0.000000s ]
SQL: SHOW COLUMNS FROM `na_ad` [ RunTime:0.0000s ]
SQL: SHOW COLUMNS FROM `na_ad` [ RunTime:0.0000s ]
SQL: UPDATE `na_ad` SET `na_ad_count`=na_ad_count+1 WHERE `na_ad_id` = 0 [ RunTime:0.0040s ]
SQL: SELECT * FROM `na_ad` WHERE `na_ad_id` = 0 LIMIT 1   [ RunTime:0.0010s ]
SQL: SHOW COLUMNS FROM `na_comment` [ RunTime:0.0000s ]
SQL: SHOW COLUMNS FROM `na_comment` [ RunTime:0.0010s ]
SQL: SHOW COLUMNS FROM `na_comment` [ RunTime:0.0000s ]
SQL: SELECT COUNT(*) AS tp_count FROM na_comment a,na_user b WHERE ( a.na_comment_userId=b.na_user_id ) AND a.na_comment_type = '评论' AND `na_comment_adId` = 0 LIMIT 1   [ RunTime:0.0010s ]
SQL: SHOW COLUMNS FROM `na_comment` [ RunTime:0.0060s ]
SQL: SELECT * FROM na_comment a,na_user b WHERE ( a.na_comment_userId=b.na_user_id ) AND a.na_comment_type = '评论' AND `na_comment_adId` = 0 ORDER BY `na_comment_time` desc LIMIT 0,4   [ RunTime:0.0010s ]
SQL: SELECT * FROM `na_ad` WHERE `na_ad_adType` = null ORDER BY `na_ad_count` desc LIMIT 4   [ RunTime:0.0070s ]
INFO: [ app_end ] --START--
INFO: Run Behavior\ShowPageTraceBehavior [ RunTime:0.000000s ]
INFO: [ app_end ] --END-- [ RunTime:0.000000s ]

[ 2016-12-10T14:12:55+08:00 ] 127.0.0.1 /newmeigui/index.php/Home/AdMetail/index/id/142
INFO: [ app_init ] --START--
INFO: Run Behavior\BuildLiteBehavior [ RunTime:0.000000s ]
INFO: [ app_init ] --END-- [ RunTime:0.000000s ]
INFO: [ app_begin ] --START--
INFO: Run Behavior\ReadHtmlCacheBehavior [ RunTime:0.000000s ]
INFO: [ app_begin ] --END-- [ RunTime:0.000000s ]
SQL: SHOW COLUMNS FROM `na_ad` [ RunTime:0.0100s ]
SQL: SHOW COLUMNS FROM `na_ad` [ RunTime:0.0000s ]
SQL: UPDATE `na_ad` SET `na_ad_count`=na_ad_count+1 WHERE `na_ad_id` = 142 [ RunTime:0.0510s ]
SQL: SELECT * FROM `na_ad` WHERE `na_ad_id` = 142 LIMIT 1   [ RunTime:0.0000s ]
SQL: SHOW COLUMNS FROM `na_comment` [ RunTime:0.0190s ]
SQL: SHOW COLUMNS FROM `na_comment` [ RunTime:0.0000s ]
SQL: SHOW COLUMNS FROM `na_comment` [ RunTime:0.0010s ]
SQL: SELECT COUNT(*) AS tp_count FROM na_comment a,na_user b WHERE ( a.na_comment_userId=b.na_user_id ) AND a.na_comment_type = '评论' AND `na_comment_adId` = 142 LIMIT 1   [ RunTime:0.0000s ]
SQL: SHOW COLUMNS FROM `na_comment` [ RunTime:0.0000s ]
SQL: SELECT * FROM na_comment a,na_user b WHERE ( a.na_comment_userId=b.na_user_id ) AND a.na_comment_type = '评论' AND `na_comment_adId` = 142 ORDER BY `na_comment_time` desc LIMIT 0,4   [ RunTime:0.0000s ]
SQL: SELECT * FROM `na_ad` WHERE `na_ad_adType` = '图文' ORDER BY `na_ad_count` desc LIMIT 4   [ RunTime:0.0020s ]
NOTIC: [8] Use of undefined constant p_info - assumed 'p_info' E:\phpworkspaces\newmeigui\Application\Home\Controller\AdMetailController.class.php 第 129 行.
INFO: [ view_parse ] --START--
INFO: [ template_filter ] --START--
INFO: Run Behavior\ContentReplaceBehavior [ RunTime:0.000000s ]
INFO: [ template_filter ] --END-- [ RunTime:0.000000s ]
INFO: Run Behavior\ParseTemplateBehavior [ RunTime:0.006000s ]
INFO: [ view_parse ] --END-- [ RunTime:0.006000s ]
INFO: [ view_filter ] --START--
INFO: Run Behavior\WriteHtmlCacheBehavior [ RunTime:0.000000s ]
INFO: [ view_filter ] --END-- [ RunTime:0.000000s ]
INFO: [ app_end ] --START--
INFO: Run Behavior\ShowPageTraceBehavior [ RunTime:0.000000s ]
INFO: [ app_end ] --END-- [ RunTime:0.000000s ]

[ 2016-12-10T14:12:55+08:00 ] 127.0.0.1 /newmeigui/index.php/Home/AdMetail/index/id/video-js.css
INFO: [ app_init ] --START--
INFO: Run Behavior\BuildLiteBehavior [ RunTime:0.000000s ]
INFO: [ app_init ] --END-- [ RunTime:0.000000s ]
INFO: [ app_begin ] --START--
INFO: Run Behavior\ReadHtmlCacheBehavior [ RunTime:0.000000s ]
INFO: [ app_begin ] --END-- [ RunTime:0.000000s ]
SQL: SHOW COLUMNS FROM `na_ad` [ RunTime:0.0010s ]
SQL: SHOW COLUMNS FROM `na_ad` [ RunTime:0.0000s ]
SQL: UPDATE `na_ad` SET `na_ad_count`=na_ad_count+1 WHERE `na_ad_id` = 0 [ RunTime:0.0000s ]
SQL: SELECT * FROM `na_ad` WHERE `na_ad_id` = 0 LIMIT 1   [ RunTime:0.0000s ]
SQL: SHOW COLUMNS FROM `na_comment` [ RunTime:0.0010s ]
SQL: SHOW COLUMNS FROM `na_comment` [ RunTime:0.0000s ]
SQL: SHOW COLUMNS FROM `na_comment` [ RunTime:0.0010s ]
SQL: SELECT COUNT(*) AS tp_count FROM na_comment a,na_user b WHERE ( a.na_comment_userId=b.na_user_id ) AND a.na_comment_type = '评论' AND `na_comment_adId` = 0 LIMIT 1   [ RunTime:0.0000s ]
SQL: SHOW COLUMNS FROM `na_comment` [ RunTime:0.0000s ]
SQL: SELECT * FROM na_comment a,na_user b WHERE ( a.na_comment_userId=b.na_user_id ) AND a.na_comment_type = '评论' AND `na_comment_adId` = 0 ORDER BY `na_comment_time` desc LIMIT 0,4   [ RunTime:0.0010s ]
SQL: SELECT * FROM `na_ad` WHERE `na_ad_adType` = null ORDER BY `na_ad_count` desc LIMIT 4   [ RunTime:0.0190s ]
INFO: [ app_end ] --START--
INFO: Run Behavior\ShowPageTraceBehavior [ RunTime:0.001000s ]
INFO: [ app_end ] --END-- [ RunTime:0.001000s ]

[ 2016-12-10T14:12:55+08:00 ] 127.0.0.1 /newmeigui/index.php/Home/AdMetail/index/id/video.js
INFO: [ app_init ] --START--
INFO: Run Behavior\BuildLiteBehavior [ RunTime:0.000000s ]
INFO: [ app_init ] --END-- [ RunTime:0.000000s ]
INFO: [ app_begin ] --START--
INFO: Run Behavior\ReadHtmlCacheBehavior [ RunTime:0.001000s ]
INFO: [ app_begin ] --END-- [ RunTime:0.001000s ]
SQL: SHOW COLUMNS FROM `na_ad` [ RunTime:0.0300s ]
SQL: SHOW COLUMNS FROM `na_ad` [ RunTime:0.1750s ]
SQL: UPDATE `na_ad` SET `na_ad_count`=na_ad_count+1 WHERE `na_ad_id` = 0 [ RunTime:0.0000s ]
SQL: SELECT * FROM `na_ad` WHERE `na_ad_id` = 0 LIMIT 1   [ RunTime:0.0000s ]
SQL: SHOW COLUMNS FROM `na_comment` [ RunTime:0.0000s ]
SQL: SHOW COLUMNS FROM `na_comment` [ RunTime:0.0000s ]
SQL: SHOW COLUMNS FROM `na_comment` [ RunTime:0.0000s ]
SQL: SELECT COUNT(*) AS tp_count FROM na_comment a,na_user b WHERE ( a.na_comment_userId=b.na_user_id ) AND a.na_comment_type = '评论' AND `na_comment_adId` = 0 LIMIT 1   [ RunTime:0.0100s ]
SQL: SHOW COLUMNS FROM `na_comment` [ RunTime:0.0010s ]
SQL: SELECT * FROM na_comment a,na_user b WHERE ( a.na_comment_userId=b.na_user_id ) AND a.na_comment_type = '评论' AND `na_comment_adId` = 0 ORDER BY `na_comment_time` desc LIMIT 0,4   [ RunTime:0.0010s ]
SQL: SELECT * FROM `na_ad` WHERE `na_ad_adType` = null ORDER BY `na_ad_count` desc LIMIT 4   [ RunTime:0.0000s ]
INFO: [ app_end ] --START--
INFO: Run Behavior\ShowPageTraceBehavior [ RunTime:0.000000s ]
INFO: [ app_end ] --END-- [ RunTime:0.000000s ]

[ 2016-12-10T14:13:57+08:00 ] 127.0.0.1 /newmeigui/
INFO: [ app_init ] --START--
INFO: Run Behavior\BuildLiteBehavior [ RunTime:0.000000s ]
INFO: [ app_init ] --END-- [ RunTime:0.000000s ]
INFO: [ app_begin ] --START--
INFO: Run Behavior\ReadHtmlCacheBehavior [ RunTime:0.001000s ]
INFO: [ app_begin ] --END-- [ RunTime:0.001000s ]
SQL: SHOW COLUMNS FROM `na_ad` [ RunTime:0.0240s ]
SQL: SHOW COLUMNS FROM `na_ad` [ RunTime:0.0260s ]
SQL: SELECT * FROM `na_ad` WHERE `na_ad_adType` = '图文' ORDER BY `na_ad_count` desc LIMIT 3   [ RunTime:0.0000s ]
SQL: SHOW COLUMNS FROM `na_adlove` [ RunTime:0.0240s ]
SQL: SHOW COLUMNS FROM `na_adlove` [ RunTime:0.0010s ]
SQL: SHOW COLUMNS FROM `na_adlove` [ RunTime:0.0000s ]
SQL: SELECT * FROM na_adlove a,na_ad b WHERE ( a.na_adlove_adId=b.na_ad_id ) ORDER BY a.na_adlove_count desc LIMIT 3   [ RunTime:0.0010s ]
INFO: [ view_parse ] --START--
INFO: [ template_filter ] --START--
INFO: Run Behavior\ContentReplaceBehavior [ RunTime:0.000000s ]
INFO: [ template_filter ] --END-- [ RunTime:0.000000s ]
INFO: Run Behavior\ParseTemplateBehavior [ RunTime:0.008000s ]
INFO: [ view_parse ] --END-- [ RunTime:0.008000s ]
INFO: [ view_filter ] --START--
INFO: Run Behavior\WriteHtmlCacheBehavior [ RunTime:0.000000s ]
INFO: [ view_filter ] --END-- [ RunTime:0.000000s ]
INFO: [ app_end ] --START--
INFO: Run Behavior\ShowPageTraceBehavior [ RunTime:0.001000s ]
INFO: [ app_end ] --END-- [ RunTime:0.001000s ]

[ 2016-12-10T14:14:11+08:00 ] 127.0.0.1 /newmeigui/index.php/Home/MyInfo
INFO: [ app_init ] --START--
INFO: Run Behavior\BuildLiteBehavior [ RunTime:0.000000s ]
INFO: [ app_init ] --END-- [ RunTime:0.000000s ]
INFO: [ app_begin ] --START--
INFO: Run Behavior\ReadHtmlCacheBehavior [ RunTime:0.000000s ]
INFO: [ app_begin ] --END-- [ RunTime:0.000000s ]
SQL: SHOW COLUMNS FROM `na_user` [ RunTime:0.0090s ]
SQL: SHOW COLUMNS FROM `na_user` [ RunTime:0.0190s ]
SQL: SELECT * FROM `na_user` WHERE `na_user_id` = 27 LIMIT 1   [ RunTime:0.0080s ]
SQL: SHOW COLUMNS FROM `na_comment` [ RunTime:0.0000s ]
SQL: SHOW COLUMNS FROM `na_comment` [ RunTime:0.0010s ]
SQL: SELECT COUNT(*) AS tp_count FROM `na_comment` WHERE `na_comment_type` = '动态' AND `na_comment_userId` = 27 LIMIT 1   [ RunTime:0.0000s ]
SQL: SELECT * FROM `na_comment` WHERE `na_comment_type` = '动态' AND `na_comment_userId` = 27 ORDER BY `na_comment_time` desc LIMIT 0,2   [ RunTime:0.0000s ]
SQL: SELECT * FROM `na_user` WHERE `na_user_id` = 27 LIMIT 1   [ RunTime:0.0000s ]
SQL: SHOW COLUMNS FROM `na_ad` [ RunTime:0.0000s ]
SQL: SHOW COLUMNS FROM `na_ad` [ RunTime:0.0000s ]
SQL: SELECT COUNT(na_ad_id) AS tp_count FROM `na_ad` WHERE `na_ad_id` IN ('149','143','143','94','110','94') LIMIT 1   [ RunTime:0.0000s ]
SQL: SELECT * FROM `na_ad` WHERE `na_ad_id` IN ('149','143','143','94','110','94') ORDER BY `na_ad_time` desc LIMIT 0,4   [ RunTime:0.0000s ]
SQL: SHOW COLUMNS FROM `na_adlove` [ RunTime:0.0170s ]
SQL: SHOW COLUMNS FROM `na_adlove` [ RunTime:0.0000s ]
SQL: SHOW COLUMNS FROM `na_adlove` [ RunTime:0.0010s ]
SQL: SELECT * FROM na_adlove a,na_ad b WHERE ( a.na_adlove_adId=b.na_ad_id ) ORDER BY a.na_adlove_count desc LIMIT 3   [ RunTime:0.0000s ]
INFO: [ view_parse ] --START--
INFO: [ template_filter ] --START--
INFO: Run Behavior\ContentReplaceBehavior [ RunTime:0.000000s ]
INFO: [ template_filter ] --END-- [ RunTime:0.000000s ]
NOTIC: [8] Undefined variable: url E:\phpworkspaces\newmeigui\Application\Runtime\Cache\Home\b271d2c0a6846724e36f5bdcf5e43b70.php 第 167 行.
INFO: Run Behavior\ParseTemplateBehavior [ RunTime:0.008000s ]
INFO: [ view_parse ] --END-- [ RunTime:0.008000s ]
INFO: [ view_filter ] --START--
INFO: Run Behavior\WriteHtmlCacheBehavior [ RunTime:0.000000s ]
INFO: [ view_filter ] --END-- [ RunTime:0.000000s ]
INFO: [ app_end ] --START--
INFO: Run Behavior\ShowPageTraceBehavior [ RunTime:0.000000s ]
INFO: [ app_end ] --END-- [ RunTime:0.000000s ]

[ 2016-12-10T14:14:11+08:00 ] 127.0.0.1 /newmeigui/Public/front/jquery.min.js
INFO: [ app_init ] --START--
INFO: Run Behavior\BuildLiteBehavior [ RunTime:0.000000s ]
INFO: [ app_init ] --END-- [ RunTime:0.000000s ]
INFO: [ app_begin ] --START--
INFO: Run Behavior\ReadHtmlCacheBehavior [ RunTime:0.000000s ]
INFO: [ app_begin ] --END-- [ RunTime:0.000000s ]
ERR: 无法加载控制器:Public

[ 2016-12-10T14:14:11+08:00 ] 127.0.0.1 /newmeigui/Public/front/jquery.min.js
INFO: [ app_init ] --START--
INFO: Run Behavior\BuildLiteBehavior [ RunTime:0.000000s ]
INFO: [ app_init ] --END-- [ RunTime:0.001000s ]
INFO: [ app_begin ] --START--
INFO: Run Behavior\ReadHtmlCacheBehavior [ RunTime:0.001000s ]
INFO: [ app_begin ] --END-- [ RunTime:0.001000s ]
ERR: 无法加载控制器:Public

[ 2016-12-10T14:16:03+08:00 ] 127.0.0.1 /newmeigui/index.php/Home/AdComment
INFO: [ app_init ] --START--
INFO: Run Behavior\BuildLiteBehavior [ RunTime:0.000000s ]
INFO: [ app_init ] --END-- [ RunTime:0.000000s ]
INFO: [ app_begin ] --START--
INFO: Run Behavior\ReadHtmlCacheBehavior [ RunTime:0.000000s ]
INFO: [ app_begin ] --END-- [ RunTime:0.000000s ]
SQL: SHOW COLUMNS FROM `na_picture` [ RunTime:0.0120s ]
SQL: SHOW COLUMNS FROM `na_picture` [ RunTime:0.0060s ]
SQL: SELECT * FROM `na_picture` WHERE `na_picture_type` = '评论' ORDER BY `na_picture_order`  [ RunTime:0.0010s ]
SQL: SHOW COLUMNS FROM `na_adtype` [ RunTime:0.0000s ]
SQL: SHOW COLUMNS FROM `na_adtype` [ RunTime:0.0030s ]
SQL: SELECT * FROM `na_adtype`  [ RunTime:0.0010s ]
SQL: SHOW COLUMNS FROM `na_comment` [ RunTime:0.0000s ]
SQL: SHOW COLUMNS FROM `na_comment` [ RunTime:0.0010s ]
SQL: SHOW COLUMNS FROM `na_comment` [ RunTime:0.0000s ]
SQL: SELECT * FROM na_comment a,na_user b WHERE `na_comment_type` = '动态' AND ( a.na_comment_userId=b.na_user_id ) ORDER BY `na_comment_time` LIMIT 1   [ RunTime:0.0010s ]
SQL: SHOW COLUMNS FROM `na_ad` [ RunTime:0.0010s ]
SQL: SELECT COUNT(*) AS tp_count FROM `na_ad` LIMIT 1   [ RunTime:0.0000s ]
SQL: SELECT * FROM `na_ad` ORDER BY `na_ad_time` desc LIMIT 0,15   [ RunTime:0.0000s ]
SQL: SELECT `na_comment_content`,`na_comment_time` FROM `na_comment` WHERE ( na_comment_type='评论' AND na_comment_adId='151' )  [ RunTime:0.0010s ]
SQL: SELECT `na_comment_content`,`na_comment_time` FROM `na_comment` WHERE ( na_comment_type='评论' AND na_comment_adId='149' )  [ RunTime:0.0000s ]
SQL: SELECT `na_comment_content`,`na_comment_time` FROM `na_comment` WHERE ( na_comment_type='评论' AND na_comment_adId='146' )  [ RunTime:0.0000s ]
SQL: SELECT `na_comment_content`,`na_comment_time` FROM `na_comment` WHERE ( na_comment_type='评论' AND na_comment_adId='145' )  [ RunTime:0.0010s ]
SQL: SELECT `na_comment_content`,`na_comment_time` FROM `na_comment` WHERE ( na_comment_type='评论' AND na_comment_adId='144' )  [ RunTime:0.0000s ]
SQL: SELECT `na_comment_content`,`na_comment_time` FROM `na_comment` WHERE ( na_comment_type='评论' AND na_comment_adId='143' )  [ RunTime:0.0000s ]
SQL: SELECT `na_comment_content`,`na_comment_time` FROM `na_comment` WHERE ( na_comment_type='评论' AND na_comment_adId='142' )  [ RunTime:0.0000s ]
SQL: SELECT `na_comment_content`,`na_comment_time` FROM `na_comment` WHERE ( na_comment_type='评论' AND na_comment_adId='141' )  [ RunTime:0.0000s ]
SQL: SELECT `na_comment_content`,`na_comment_time` FROM `na_comment` WHERE ( na_comment_type='评论' AND na_comment_adId='140' )  [ RunTime:0.0000s ]
SQL: SELECT `na_comment_content`,`na_comment_time` FROM `na_comment` WHERE ( na_comment_type='评论' AND na_comment_adId='139' )  [ RunTime:0.0000s ]
SQL: SELECT `na_comment_content`,`na_comment_time` FROM `na_comment` WHERE ( na_comment_type='评论' AND na_comment_adId='138' )  [ RunTime:0.0000s ]
SQL: SELECT `na_comment_content`,`na_comment_time` FROM `na_comment` WHERE ( na_comment_type='评论' AND na_comment_adId='137' )  [ RunTime:0.0000s ]
SQL: SELECT `na_comment_content`,`na_comment_time` FROM `na_comment` WHERE ( na_comment_type='评论' AND na_comment_adId='136' )  [ RunTime:0.0000s ]
SQL: SELECT `na_comment_content`,`na_comment_time` FROM `na_comment` WHERE ( na_comment_type='评论' AND na_comment_adId='135' )  [ RunTime:0.0010s ]
SQL: SELECT `na_comment_content`,`na_comment_time` FROM `na_comment` WHERE ( na_comment_type='评论' AND na_comment_adId='134' )  [ RunTime:0.0000s ]
SQL: SHOW COLUMNS FROM `na_user` [ RunTime:0.0010s ]
SQL: SHOW COLUMNS FROM `na_user` [ RunTime:0.0000s ]
SQL: SELECT * FROM `na_user` WHERE `na_user_id` = 27 LIMIT 1   [ RunTime:0.0000s ]
INFO: [ view_parse ] --START--
INFO: [ template_filter ] --START--
INFO: Run Behavior\ContentReplaceBehavior [ RunTime:0.000000s ]
INFO: [ template_filter ] --END-- [ RunTime:0.000000s ]
NOTIC: [8] Undefined variable: arr E:\phpworkspaces\newmeigui\Application\Runtime\Cache\Home\da23dea7fafc9a5db9ec048f18e13227.php 第 84 行.
INFO: Run Behavior\ParseTemplateBehavior [ RunTime:0.007000s ]
INFO: [ view_parse ] --END-- [ RunTime:0.008000s ]
INFO: [ view_filter ] --START--
INFO: Run Behavior\WriteHtmlCacheBehavior [ RunTime:0.000000s ]
INFO: [ view_filter ] --END-- [ RunTime:0.000000s ]
INFO: [ app_end ] --START--
INFO: Run Behavior\ShowPageTraceBehavior [ RunTime:0.001000s ]
INFO: [ app_end ] --END-- [ RunTime:0.001000s ]

[ 2016-12-10T14:16:05+08:00 ] 127.0.0.1 /newmeigui/index.php/Home/MyInfo
INFO: [ app_init ] --START--
INFO: Run Behavior\BuildLiteBehavior [ RunTime:0.000000s ]
INFO: [ app_init ] --END-- [ RunTime:0.000000s ]
INFO: [ app_begin ] --START--
INFO: Run Behavior\ReadHtmlCacheBehavior [ RunTime:0.000000s ]
INFO: [ app_begin ] --END-- [ RunTime:0.000000s ]
SQL: SHOW COLUMNS FROM `na_user` [ RunTime:0.0000s ]
SQL: SHOW COLUMNS FROM `na_user` [ RunTime:0.0130s ]
SQL: SELECT * FROM `na_user` WHERE `na_user_id` = 27 LIMIT 1   [ RunTime:0.0000s ]
SQL: SHOW COLUMNS FROM `na_comment` [ RunTime:0.0040s ]
SQL: SHOW COLUMNS FROM `na_comment` [ RunTime:0.0000s ]
SQL: SELECT COUNT(*) AS tp_count FROM `na_comment` WHERE `na_comment_type` = '动态' AND `na_comment_userId` = 27 LIMIT 1   [ RunTime:0.0040s ]
SQL: SELECT * FROM `na_comment` WHERE `na_comment_type` = '动态' AND `na_comment_userId` = 27 ORDER BY `na_comment_time` desc LIMIT 0,2   [ RunTime:0.0000s ]
SQL: SELECT * FROM `na_user` WHERE `na_user_id` = 27 LIMIT 1   [ RunTime:0.0130s ]
SQL: SHOW COLUMNS FROM `na_ad` [ RunTime:0.0000s ]
SQL: SHOW COLUMNS FROM `na_ad` [ RunTime:0.0010s ]
SQL: SELECT COUNT(na_ad_id) AS tp_count FROM `na_ad` WHERE `na_ad_id` IN ('149','143','143','94','110','94') LIMIT 1   [ RunTime:0.0000s ]
SQL: SELECT * FROM `na_ad` WHERE `na_ad_id` IN ('149','143','143','94','110','94') ORDER BY `na_ad_time` desc LIMIT 0,4   [ RunTime:0.0000s ]
SQL: SHOW COLUMNS FROM `na_adlove` [ RunTime:0.0000s ]
SQL: SHOW COLUMNS FROM `na_adlove` [ RunTime:0.0000s ]
SQL: SHOW COLUMNS FROM `na_adlove` [ RunTime:0.0000s ]
SQL: SELECT * FROM na_adlove a,na_ad b WHERE ( a.na_adlove_adId=b.na_ad_id ) ORDER BY a.na_adlove_count desc LIMIT 3   [ RunTime:0.0010s ]
INFO: [ view_parse ] --START--
INFO: [ template_filter ] --START--
INFO: Run Behavior\ContentReplaceBehavior [ RunTime:0.000000s ]
INFO: [ template_filter ] --END-- [ RunTime:0.000000s ]
NOTIC: [8] Undefined variable: url E:\phpworkspaces\newmeigui\Application\Runtime\Cache\Home\b271d2c0a6846724e36f5bdcf5e43b70.php 第 167 行.
INFO: Run Behavior\ParseTemplateBehavior [ RunTime:0.007000s ]
INFO: [ view_parse ] --END-- [ RunTime:0.007000s ]
INFO: [ view_filter ] --START--
INFO: Run Behavior\WriteHtmlCacheBehavior [ RunTime:0.000000s ]
INFO: [ view_filter ] --END-- [ RunTime:0.000000s ]
INFO: [ app_end ] --START--
INFO: Run Behavior\ShowPageTraceBehavior [ RunTime:0.000000s ]
INFO: [ app_end ] --END-- [ RunTime:0.000000s ]

[ 2016-12-10T14:16:05+08:00 ] 127.0.0.1 /newmeigui/Public/front/jquery.min.js
INFO: [ app_init ] --START--
INFO: Run Behavior\BuildLiteBehavior [ RunTime:0.000000s ]
INFO: [ app_init ] --END-- [ RunTime:0.000000s ]
INFO: [ app_begin ] --START--
INFO: Run Behavior\ReadHtmlCacheBehavior [ RunTime:0.001000s ]
INFO: [ app_begin ] --END-- [ RunTime:0.001000s ]
ERR: 无法加载控制器:Public

[ 2016-12-10T14:16:15+08:00 ] 127.0.0.1 /newmeigui/index.php/Home/lr
INFO: [ app_init ] --START--
INFO: Run Behavior\BuildLiteBehavior [ RunTime:0.000000s ]
INFO: [ app_init ] --END-- [ RunTime:0.000000s ]
INFO: [ app_begin ] --START--
INFO: Run Behavior\ReadHtmlCacheBehavior [ RunTime:0.000000s ]
INFO: [ app_begin ] --END-- [ RunTime:0.000000s ]
NOTIC: [8] Use of undefined constant re - assumed 're' E:\phpworkspaces\newmeigui\Application\Home\Controller\LoginController.class.php 第 33 行.
INFO: [ view_parse ] --START--
INFO: [ template_filter ] --START--
INFO: Run Behavior\ContentReplaceBehavior [ RunTime:0.000000s ]
INFO: [ template_filter ] --END-- [ RunTime:0.000000s ]
INFO: Run Behavior\ParseTemplateBehavior [ RunTime:0.021000s ]
INFO: [ view_parse ] --END-- [ RunTime:0.021000s ]
INFO: [ view_filter ] --START--
INFO: Run Behavior\WriteHtmlCacheBehavior [ RunTime:0.000000s ]
INFO: [ view_filter ] --END-- [ RunTime:0.000000s ]
INFO: [ app_end ] --START--
INFO: Run Behavior\ShowPageTraceBehavior [ RunTime:0.001000s ]
INFO: [ app_end ] --END-- [ RunTime:0.001000s ]

[ 2016-12-10T14:16:16+08:00 ] 127.0.0.1 /newmeigui/index.php/Login/verify_c.html
INFO: [ app_init ] --START--
INFO: Run Behavior\BuildLiteBehavior [ RunTime:0.000000s ]
INFO: [ app_init ] --END-- [ RunTime:0.000000s ]
INFO: [ app_begin ] --START--
INFO: Run Behavior\ReadHtmlCacheBehavior [ RunTime:0.000000s ]
INFO: [ app_begin ] --END-- [ RunTime:0.000000s ]
INFO: [ app_end ] --START--
INFO: Run Behavior\ShowPageTraceBehavior [ RunTime:0.001000s ]
INFO: [ app_end ] --END-- [ RunTime:0.001000s ]

[ 2016-12-10T14:16:36+08:00 ] 127.0.0.1 /newmeigui/index.php/Home/AdSearch
INFO: [ app_init ] --START--
INFO: Run Behavior\BuildLiteBehavior [ RunTime:0.000000s ]
INFO: [ app_init ] --END-- [ RunTime:0.001000s ]
INFO: [ app_begin ] --START--
INFO: Run Behavior\ReadHtmlCacheBehavior [ RunTime:0.001000s ]
INFO: [ app_begin ] --END-- [ RunTime:0.001000s ]
SQL: SHOW COLUMNS FROM `na_picture` [ RunTime:0.0040s ]
SQL: SHOW COLUMNS FROM `na_picture` [ RunTime:0.0080s ]
SQL: SELECT * FROM `na_picture` WHERE `na_picture_type` = '广告' ORDER BY `na_picture_order`  [ RunTime:0.0170s ]
SQL: SHOW COLUMNS FROM `na_user` [ RunTime:0.0010s ]
SQL: SHOW COLUMNS FROM `na_user` [ RunTime:0.0000s ]
SQL: SELECT * FROM `na_user` WHERE `na_user_id` = 27 LIMIT 1   [ RunTime:0.0070s ]
SQL: SHOW COLUMNS FROM `na_ad` [ RunTime:0.0000s ]
NOTIC: [8] Uninitialized string offset: 1 E:\phpworkspaces\newmeigui\ThinkPHP\Common\functions.php 第 1873 行.
NOTIC: [8] Undefined offset: 1 E:\phpworkspaces\newmeigui\ThinkPHP\Common\functions.php 第 1873 行.
SQL: SHOW COLUMNS FROM `na_ad` [ RunTime:0.0000s ]
SQL: SELECT COUNT(*) AS tp_count FROM `na_ad` WHERE `na_ad_name` LIKE '%%' AND `na_ad_place` LIKE '%%' AND `na_ad_type` LIKE '%%' AND `na_ad_year` LIKE '%%' LIMIT 1   [ RunTime:0.0000s ]
SQL: SELECT `na_ad_id`,`na_ad_name`,`na_ad_showPath`,`na_ad_introduce`,`na_ad_content` FROM `na_ad` WHERE `na_ad_name` LIKE '%%' AND `na_ad_place` LIKE '%%' AND `na_ad_type` LIKE '%%' AND `na_ad_year` LIKE '%%' ORDER BY `na_ad_time` desc LIMIT 0,20   [ RunTime:0.0000s ]
SQL: SHOW COLUMNS FROM `na_adtype` [ RunTime:0.0010s ]
SQL: SHOW COLUMNS FROM `na_adtype` [ RunTime:0.0000s ]
SQL: SELECT * FROM `na_adtype`  [ RunTime:0.0000s ]
NOTIC: [8] Use of undefined constant adSearch - assumed 'adSearch' E:\phpworkspaces\newmeigui\Application\Home\Controller\AdSearchController.class.php 第 25 行.
INFO: [ view_parse ] --START--
INFO: [ template_filter ] --START--
INFO: Run Behavior\ContentReplaceBehavior [ RunTime:0.000000s ]
INFO: [ template_filter ] --END-- [ RunTime:0.000000s ]
INFO: Run Behavior\ParseTemplateBehavior [ RunTime:0.007000s ]
INFO: [ view_parse ] --END-- [ RunTime:0.007000s ]
INFO: [ view_filter ] --START--
INFO: Run Behavior\WriteHtmlCacheBehavior [ RunTime:0.000000s ]
INFO: [ view_filter ] --END-- [ RunTime:0.001000s ]
INFO: [ app_end ] --START--
INFO: Run Behavior\ShowPageTraceBehavior [ RunTime:0.000000s ]
INFO: [ app_end ] --END-- [ RunTime:0.000000s ]

[ 2016-12-10T14:17:02+08:00 ] 127.0.0.1 /newmeigui/index.php/AdSearch/index/type/5yooOuKr5koeGyQ.html
INFO: [ app_init ] --START--
INFO: Run Behavior\BuildLiteBehavior [ RunTime:0.000000s ]
INFO: [ app_init ] --END-- [ RunTime:0.000000s ]
INFO: [ app_begin ] --START--
INFO: Run Behavior\ReadHtmlCacheBehavior [ RunTime:0.000000s ]
INFO: [ app_begin ] --END-- [ RunTime:0.000000s ]
SQL: SHOW COLUMNS FROM `na_picture` [ RunTime:0.0110s ]
SQL: SHOW COLUMNS FROM `na_picture` [ RunTime:0.0010s ]
SQL: SELECT * FROM `na_picture` WHERE `na_picture_type` = '广告' ORDER BY `na_picture_order`  [ RunTime:0.0030s ]
SQL: SHOW COLUMNS FROM `na_user` [ RunTime:0.0040s ]
SQL: SHOW COLUMNS FROM `na_user` [ RunTime:0.0000s ]
SQL: SELECT * FROM `na_user` WHERE `na_user_id` = 27 LIMIT 1   [ RunTime:0.0020s ]
SQL: SHOW COLUMNS FROM `na_ad` [ RunTime:0.0000s ]
SQL: SHOW COLUMNS FROM `na_ad` [ RunTime:0.0010s ]
SQL: SELECT COUNT(*) AS tp_count FROM `na_ad` WHERE `na_ad_name` LIKE '%%' AND `na_ad_place` LIKE '%%' AND `na_ad_type` LIKE '%惊恐%' AND `na_ad_year` LIKE '%%' LIMIT 1   [ RunTime:0.0050s ]
SQL: SELECT `na_ad_id`,`na_ad_name`,`na_ad_showPath`,`na_ad_introduce`,`na_ad_content` FROM `na_ad` WHERE `na_ad_name` LIKE '%%' AND `na_ad_place` LIKE '%%' AND `na_ad_type` LIKE '%惊恐%' AND `na_ad_year` LIKE '%%' ORDER BY `na_ad_time` desc LIMIT 0,20   [ RunTime:0.0000s ]
SQL: SHOW COLUMNS FROM `na_adtype` [ RunTime:0.0010s ]
SQL: SHOW COLUMNS FROM `na_adtype` [ RunTime:0.0000s ]
SQL: SELECT * FROM `na_adtype`  [ RunTime:0.0000s ]
NOTIC: [8] Use of undefined constant adSearch - assumed 'adSearch' E:\phpworkspaces\newmeigui\Application\Home\Controller\AdSearchController.class.php 第 25 行.
INFO: [ view_parse ] --START--
INFO: [ template_filter ] --START--
INFO: Run Behavior\ContentReplaceBehavior [ RunTime:0.000000s ]
INFO: [ template_filter ] --END-- [ RunTime:0.000000s ]
INFO: Run Behavior\ParseTemplateBehavior [ RunTime:0.007000s ]
INFO: [ view_parse ] --END-- [ RunTime:0.007000s ]
INFO: [ view_filter ] --START--
INFO: Run Behavior\WriteHtmlCacheBehavior [ RunTime:0.001000s ]
INFO: [ view_filter ] --END-- [ RunTime:0.001000s ]
INFO: [ app_end ] --START--
INFO: Run Behavior\ShowPageTraceBehavior [ RunTime:0.000000s ]
INFO: [ app_end ] --END-- [ RunTime:0.000000s ]

[ 2016-12-10T14:18:10+08:00 ] 127.0.0.1 /newmeigui/index.php/Home/MyInfo
INFO: [ app_init ] --START--
INFO: Run Behavior\BuildLiteBehavior [ RunTime:0.000000s ]
INFO: [ app_init ] --END-- [ RunTime:0.000000s ]
INFO: [ app_begin ] --START--
INFO: Run Behavior\ReadHtmlCacheBehavior [ RunTime:0.001000s ]
INFO: [ app_begin ] --END-- [ RunTime:0.001000s ]
SQL: SHOW COLUMNS FROM `na_user` [ RunTime:0.0020s ]
SQL: SHOW COLUMNS FROM `na_user` [ RunTime:0.0140s ]
SQL: SELECT * FROM `na_user` WHERE `na_user_id` = 27 LIMIT 1   [ RunTime:0.0000s ]
SQL: SHOW COLUMNS FROM `na_comment` [ RunTime:0.0010s ]
SQL: SHOW COLUMNS FROM `na_comment` [ RunTime:0.0000s ]
SQL: SELECT COUNT(*) AS tp_count FROM `na_comment` WHERE `na_comment_type` = '动态' AND `na_comment_userId` = 27 LIMIT 1   [ RunTime:0.0000s ]
SQL: SELECT * FROM `na_comment` WHERE `na_comment_type` = '动态' AND `na_comment_userId` = 27 ORDER BY `na_comment_time` desc LIMIT 0,2   [ RunTime:0.0000s ]
SQL: SELECT * FROM `na_user` WHERE `na_user_id` = 27 LIMIT 1   [ RunTime:0.0000s ]
SQL: SHOW COLUMNS FROM `na_ad` [ RunTime:0.0010s ]
SQL: SHOW COLUMNS FROM `na_ad` [ RunTime:0.0000s ]
SQL: SELECT COUNT(na_ad_id) AS tp_count FROM `na_ad` WHERE `na_ad_id` IN ('149','143','143','94','110','94') LIMIT 1   [ RunTime:0.0000s ]
SQL: SELECT * FROM `na_ad` WHERE `na_ad_id` IN ('149','143','143','94','110','94') ORDER BY `na_ad_time` desc LIMIT 0,4   [ RunTime:0.0000s ]
SQL: SHOW COLUMNS FROM `na_adlove` [ RunTime:0.0000s ]
SQL: SHOW COLUMNS FROM `na_adlove` [ RunTime:0.0000s ]
SQL: SHOW COLUMNS FROM `na_adlove` [ RunTime:0.0000s ]
SQL: SELECT * FROM na_adlove a,na_ad b WHERE ( a.na_adlove_adId=b.na_ad_id ) ORDER BY a.na_adlove_count desc LIMIT 3   [ RunTime:0.0000s ]
INFO: [ view_parse ] --START--
INFO: [ template_filter ] --START--
INFO: Run Behavior\ContentReplaceBehavior [ RunTime:0.000000s ]
INFO: [ template_filter ] --END-- [ RunTime:0.000000s ]
NOTIC: [8] Undefined variable: url E:\phpworkspaces\newmeigui\Application\Runtime\Cache\Home\b271d2c0a6846724e36f5bdcf5e43b70.php 第 167 行.
INFO: Run Behavior\ParseTemplateBehavior [ RunTime:0.007000s ]
INFO: [ view_parse ] --END-- [ RunTime:0.007000s ]
INFO: [ view_filter ] --START--
INFO: Run Behavior\WriteHtmlCacheBehavior [ RunTime:0.001000s ]
INFO: [ view_filter ] --END-- [ RunTime:0.001000s ]
INFO: [ app_end ] --START--
INFO: Run Behavior\ShowPageTraceBehavior [ RunTime:0.000000s ]
INFO: [ app_end ] --END-- [ RunTime:0.000000s ]

[ 2016-12-10T14:18:10+08:00 ] 127.0.0.1 /newmeigui/Public/front/jquery.min.js
INFO: [ app_init ] --START--
INFO: Run Behavior\BuildLiteBehavior [ RunTime:0.000000s ]
INFO: [ app_init ] --END-- [ RunTime:0.000000s ]
INFO: [ app_begin ] --START--
INFO: Run Behavior\ReadHtmlCacheBehavior [ RunTime:0.000000s ]
INFO: [ app_begin ] --END-- [ RunTime:0.000000s ]
ERR: 无法加载控制器:Public

[ 2016-12-10T14:18:10+08:00 ] 127.0.0.1 /newmeigui/Public/front/jquery.min.js
INFO: [ app_init ] --START--
INFO: Run Behavior\BuildLiteBehavior [ RunTime:0.000000s ]
INFO: [ app_init ] --END-- [ RunTime:0.001000s ]
INFO: [ app_begin ] --START--
INFO: Run Behavior\ReadHtmlCacheBehavior [ RunTime:0.000000s ]
INFO: [ app_begin ] --END-- [ RunTime:0.000000s ]
ERR: 无法加载控制器:Public

[ 2016-12-10T14:19:52+08:00 ] 127.0.0.1 /newmeigui/index.php/Home/AdRank
INFO: [ app_init ] --START--
INFO: Run Behavior\BuildLiteBehavior [ RunTime:0.000000s ]
INFO: [ app_init ] --END-- [ RunTime:0.000000s ]
INFO: [ app_begin ] --START--
INFO: Run Behavior\ReadHtmlCacheBehavior [ RunTime:0.000000s ]
INFO: [ app_begin ] --END-- [ RunTime:0.000000s ]
SQL: SHOW COLUMNS FROM `na_ad` [ RunTime:0.0190s ]
SQL: SHOW COLUMNS FROM `na_user` [ RunTime:0.0120s ]
SQL: SHOW COLUMNS FROM `na_user` [ RunTime:0.0010s ]
SQL: SELECT * FROM `na_user` WHERE `na_user_id` = 27 LIMIT 1   [ RunTime:0.0000s ]
SQL: SHOW COLUMNS FROM `na_ad` [ RunTime:0.0010s ]
SQL: SELECT * FROM `na_ad` ORDER BY `na_ad_time` desc LIMIT 20   [ RunTime:0.0190s ]
INFO: [ view_parse ] --START--
INFO: [ template_filter ] --START--
INFO: Run Behavior\ContentReplaceBehavior [ RunTime:0.000000s ]
INFO: [ template_filter ] --END-- [ RunTime:0.000000s ]
INFO: Run Behavior\ParseTemplateBehavior [ RunTime:0.032000s ]
INFO: [ view_parse ] --END-- [ RunTime:0.032000s ]
INFO: [ view_filter ] --START--
INFO: Run Behavior\WriteHtmlCacheBehavior [ RunTime:0.000000s ]
INFO: [ view_filter ] --END-- [ RunTime:0.000000s ]
INFO: [ app_end ] --START--
INFO: Run Behavior\ShowPageTraceBehavior [ RunTime:0.001000s ]
INFO: [ app_end ] --END-- [ RunTime:0.001000s ]

[ 2016-12-10T14:19:55+08:00 ] 127.0.0.1 /newmeigui/index.php/Home/MyInfo
INFO: [ app_init ] --START--
INFO: Run Behavior\BuildLiteBehavior [ RunTime:0.000000s ]
INFO: [ app_init ] --END-- [ RunTime:0.000000s ]
INFO: [ app_begin ] --START--
INFO: Run Behavior\ReadHtmlCacheBehavior [ RunTime:0.000000s ]
INFO: [ app_begin ] --END-- [ RunTime:0.000000s ]
SQL: SHOW COLUMNS FROM `na_user` [ RunTime:0.0000s ]
SQL: SHOW COLUMNS FROM `na_user` [ RunTime:0.0010s ]
SQL: SELECT * FROM `na_user` WHERE `na_user_id` = 27 LIMIT 1   [ RunTime:0.0000s ]
SQL: SHOW COLUMNS FROM `na_comment` [ RunTime:0.0010s ]
SQL: SHOW COLUMNS FROM `na_comment` [ RunTime:0.0000s ]
SQL: SELECT COUNT(*) AS tp_count FROM `na_comment` WHERE `na_comment_type` = '动态' AND `na_comment_userId` = 27 LIMIT 1   [ RunTime:0.0000s ]
SQL: SELECT * FROM `na_comment` WHERE `na_comment_type` = '动态' AND `na_comment_userId` = 27 ORDER BY `na_comment_time` desc LIMIT 0,2   [ RunTime:0.0000s ]
SQL: SELECT * FROM `na_user` WHERE `na_user_id` = 27 LIMIT 1   [ RunTime:0.0000s ]
SQL: SHOW COLUMNS FROM `na_ad` [ RunTime:0.0010s ]
SQL: SHOW COLUMNS FROM `na_ad` [ RunTime:0.0220s ]
SQL: SELECT COUNT(na_ad_id) AS tp_count FROM `na_ad` WHERE `na_ad_id` IN ('149','143','143','94','110','94') LIMIT 1   [ RunTime:0.0000s ]
SQL: SELECT * FROM `na_ad` WHERE `na_ad_id` IN ('149','143','143','94','110','94') ORDER BY `na_ad_time` desc LIMIT 0,4   [ RunTime:0.0000s ]
SQL: SHOW COLUMNS FROM `na_adlove` [ RunTime:0.0080s ]
SQL: SHOW COLUMNS FROM `na_adlove` [ RunTime:0.0000s ]
SQL: SHOW COLUMNS FROM `na_adlove` [ RunTime:0.0000s ]
SQL: SELECT * FROM na_adlove a,na_ad b WHERE ( a.na_adlove_adId=b.na_ad_id ) ORDER BY a.na_adlove_count desc LIMIT 3   [ RunTime:0.0010s ]
INFO: [ view_parse ] --START--
INFO: [ template_filter ] --START--
INFO: Run Behavior\ContentReplaceBehavior [ RunTime:0.001000s ]
INFO: [ template_filter ] --END-- [ RunTime:0.001000s ]
NOTIC: [8] Undefined variable: url E:\phpworkspaces\newmeigui\Application\Runtime\Cache\Home\b271d2c0a6846724e36f5bdcf5e43b70.php 第 167 行.
INFO: Run Behavior\ParseTemplateBehavior [ RunTime:0.007000s ]
INFO: [ view_parse ] --END-- [ RunTime:0.007000s ]
INFO: [ view_filter ] --START--
INFO: Run Behavior\WriteHtmlCacheBehavior [ RunTime:0.000000s ]
INFO: [ view_filter ] --END-- [ RunTime:0.000000s ]
INFO: [ app_end ] --START--
INFO: Run Behavior\ShowPageTraceBehavior [ RunTime:0.000000s ]
INFO: [ app_end ] --END-- [ RunTime:0.000000s ]

[ 2016-12-10T14:19:55+08:00 ] 127.0.0.1 /newmeigui/Public/front/jquery.min.js
INFO: [ app_init ] --START--
INFO: Run Behavior\BuildLiteBehavior [ RunTime:0.000000s ]
INFO: [ app_init ] --END-- [ RunTime:0.000000s ]
INFO: [ app_begin ] --START--
INFO: Run Behavior\ReadHtmlCacheBehavior [ RunTime:0.001000s ]
INFO: [ app_begin ] --END-- [ RunTime:0.001000s ]
ERR: 无法加载控制器:Public

[ 2016-12-10T14:20:51+08:00 ] 127.0.0.1 /newmeigui/Public/admin/js/jquery2.sorted.js
INFO: [ app_init ] --START--
INFO: Run Behavior\BuildLiteBehavior [ RunTime:0.000000s ]
INFO: [ app_init ] --END-- [ RunTime:0.000000s ]
INFO: [ app_begin ] --START--
INFO: Run Behavior\ReadHtmlCacheBehavior [ RunTime:0.001000s ]
INFO: [ app_begin ] --END-- [ RunTime:0.001000s ]
ERR: 无法加载控制器:Public

[ 2016-12-10T14:20:51+08:00 ] 127.0.0.1 /newmeigui/Public/admin/js/jquery2.sorted.js
INFO: [ app_init ] --START--
INFO: Run Behavior\BuildLiteBehavior [ RunTime:0.000000s ]
INFO: [ app_init ] --END-- [ RunTime:0.000000s ]
INFO: [ app_begin ] --START--
INFO: Run Behavior\ReadHtmlCacheBehavior [ RunTime:0.000000s ]
INFO: [ app_begin ] --END-- [ RunTime:0.000000s ]
ERR: 无法加载控制器:Public

[ 2016-12-10T14:21:28+08:00 ] 127.0.0.1 /newmeigui/index.php/Home/AdSearch
INFO: [ app_init ] --START--
INFO: Run Behavior\BuildLiteBehavior [ RunTime:0.001000s ]
INFO: [ app_init ] --END-- [ RunTime:0.001000s ]
INFO: [ app_begin ] --START--
INFO: Run Behavior\ReadHtmlCacheBehavior [ RunTime:0.000000s ]
INFO: [ app_begin ] --END-- [ RunTime:0.000000s ]
SQL: SHOW COLUMNS FROM `na_picture` [ RunTime:0.0420s ]
SQL: SHOW COLUMNS FROM `na_picture` [ RunTime:0.0140s ]
SQL: SELECT * FROM `na_picture` WHERE `na_picture_type` = '广告' ORDER BY `na_picture_order`  [ RunTime:0.0380s ]
SQL: SHOW COLUMNS FROM `na_user` [ RunTime:0.0010s ]
SQL: SHOW COLUMNS FROM `na_user` [ RunTime:0.0000s ]
SQL: SELECT * FROM `na_user` WHERE `na_user_id` = 27 LIMIT 1   [ RunTime:0.0000s ]
SQL: SHOW COLUMNS FROM `na_ad` [ RunTime:0.0000s ]
NOTIC: [8] Uninitialized string offset: 1 E:\phpworkspaces\newmeigui\ThinkPHP\Common\functions.php 第 1873 行.
NOTIC: [8] Undefined offset: 1 E:\phpworkspaces\newmeigui\ThinkPHP\Common\functions.php 第 1873 行.
SQL: SHOW COLUMNS FROM `na_ad` [ RunTime:0.0010s ]
SQL: SELECT COUNT(*) AS tp_count FROM `na_ad` WHERE `na_ad_name` LIKE '%%' AND `na_ad_place` LIKE '%%' AND `na_ad_type` LIKE '%%' AND `na_ad_year` LIKE '%%' LIMIT 1   [ RunTime:0.0000s ]
SQL: SELECT `na_ad_id`,`na_ad_name`,`na_ad_showPath`,`na_ad_introduce`,`na_ad_content` FROM `na_ad` WHERE `na_ad_name` LIKE '%%' AND `na_ad_place` LIKE '%%' AND `na_ad_type` LIKE '%%' AND `na_ad_year` LIKE '%%' ORDER BY `na_ad_time` desc LIMIT 0,20   [ RunTime:0.0000s ]
SQL: SHOW COLUMNS FROM `na_adtype` [ RunTime:0.0000s ]
SQL: SHOW COLUMNS FROM `na_adtype` [ RunTime:0.0010s ]
SQL: SELECT * FROM `na_adtype`  [ RunTime:0.0000s ]
NOTIC: [8] Use of undefined constant adSearch - assumed 'adSearch' E:\phpworkspaces\newmeigui\Application\Home\Controller\AdSearchController.class.php 第 25 行.
INFO: [ view_parse ] --START--
INFO: [ template_filter ] --START--
INFO: Run Behavior\ContentReplaceBehavior [ RunTime:0.000000s ]
INFO: [ template_filter ] --END-- [ RunTime:0.000000s ]
INFO: Run Behavior\ParseTemplateBehavior [ RunTime:0.008000s ]
INFO: [ view_parse ] --END-- [ RunTime:0.008000s ]
INFO: [ view_filter ] --START--
INFO: Run Behavior\WriteHtmlCacheBehavior [ RunTime:0.000000s ]
INFO: [ view_filter ] --END-- [ RunTime:0.000000s ]
INFO: [ app_end ] --START--
INFO: Run Behavior\ShowPageTraceBehavior [ RunTime:0.001000s ]
INFO: [ app_end ] --END-- [ RunTime:0.001000s ]

[ 2016-12-10T14:21:40+08:00 ] 127.0.0.1 /newmeigui/Public/admin/js/jquery2.sorted.js
INFO: [ app_init ] --START--
INFO: Run Behavior\BuildLiteBehavior [ RunTime:0.000000s ]
INFO: [ app_init ] --END-- [ RunTime:0.000000s ]
INFO: [ app_begin ] --START--
INFO: Run Behavior\ReadHtmlCacheBehavior [ RunTime:0.000000s ]
INFO: [ app_begin ] --END-- [ RunTime:0.001000s ]
ERR: 无法加载控制器:Public

[ 2016-12-10T14:22:00+08:00 ] 127.0.0.1 /newmeigui/Public/admin/js/jquery2.sorted.js
INFO: [ app_init ] --START--
INFO: Run Behavior\BuildLiteBehavior [ RunTime:0.000000s ]
INFO: [ app_init ] --END-- [ RunTime:0.000000s ]
INFO: [ app_begin ] --START--
INFO: Run Behavior\ReadHtmlCacheBehavior [ RunTime:0.000000s ]
INFO: [ app_begin ] --END-- [ RunTime:0.001000s ]
ERR: 无法加载控制器:Public

[ 2016-12-10T14:22:00+08:00 ] 127.0.0.1 /newmeigui/Public/admin/js/jquery2.sorted.js
INFO: [ app_init ] --START--
INFO: Run Behavior\BuildLiteBehavior [ RunTime:0.000000s ]
INFO: [ app_init ] --END-- [ RunTime:0.001000s ]
INFO: [ app_begin ] --START--
INFO: Run Behavior\ReadHtmlCacheBehavior [ RunTime:0.000000s ]
INFO: [ app_begin ] --END-- [ RunTime:0.000000s ]
ERR: 无法加载控制器:Public

[ 2016-12-10T14:22:01+08:00 ] 127.0.0.1 /newmeigui/Public/admin/js/jquery2.sorted.js
INFO: [ app_init ] --START--
INFO: Run Behavior\BuildLiteBehavior [ RunTime:0.000000s ]
INFO: [ app_init ] --END-- [ RunTime:0.000000s ]
INFO: [ app_begin ] --START--
INFO: Run Behavior\ReadHtmlCacheBehavior [ RunTime:0.000000s ]
INFO: [ app_begin ] --END-- [ RunTime:0.000000s ]
ERR: 无法加载控制器:Public

[ 2016-12-10T14:22:02+08:00 ] 127.0.0.1 /newmeigui/Public/admin/js/jquery2.sorted.js
INFO: [ app_init ] --START--
INFO: Run Behavior\BuildLiteBehavior [ RunTime:0.000000s ]
INFO: [ app_init ] --END-- [ RunTime:0.001000s ]
INFO: [ app_begin ] --START--
INFO: Run Behavior\ReadHtmlCacheBehavior [ RunTime:0.000000s ]
INFO: [ app_begin ] --END-- [ RunTime:0.000000s ]
ERR: 无法加载控制器:Public

[ 2016-12-10T14:22:05+08:00 ] 127.0.0.1 /newmeigui/Public/admin/js/jquery2.sorted.js
INFO: [ app_init ] --START--
INFO: Run Behavior\BuildLiteBehavior [ RunTime:0.000000s ]
INFO: [ app_init ] --END-- [ RunTime:0.001000s ]
INFO: [ app_begin ] --START--
INFO: Run Behavior\ReadHtmlCacheBehavior [ RunTime:0.000000s ]
INFO: [ app_begin ] --END-- [ RunTime:0.000000s ]
ERR: 无法加载控制器:Public

[ 2016-12-10T14:22:05+08:00 ] 127.0.0.1 /newmeigui/Public/admin/js/jquery2.sorted.js
INFO: [ app_init ] --START--
INFO: Run Behavior\BuildLiteBehavior [ RunTime:0.000000s ]
INFO: [ app_init ] --END-- [ RunTime:0.001000s ]
INFO: [ app_begin ] --START--
INFO: Run Behavior\ReadHtmlCacheBehavior [ RunTime:0.000000s ]
INFO: [ app_begin ] --END-- [ RunTime:0.000000s ]
ERR: 无法加载控制器:Public

[ 2016-12-10T14:22:05+08:00 ] 127.0.0.1 /newmeigui/Public/admin/js/jquery2.sorted.js
INFO: [ app_init ] --START--
INFO: Run Behavior\BuildLiteBehavior [ RunTime:0.000000s ]
INFO: [ app_init ] --END-- [ RunTime:0.000000s ]
INFO: [ app_begin ] --START--
INFO: Run Behavior\ReadHtmlCacheBehavior [ RunTime:0.000000s ]
INFO: [ app_begin ] --END-- [ RunTime:0.000000s ]
ERR: 无法加载控制器:Public

[ 2016-12-10T14:22:05+08:00 ] 127.0.0.1 /newmeigui/Public/admin/js/jquery2.sorted.js
INFO: [ app_init ] --START--
INFO: Run Behavior\BuildLiteBehavior [ RunTime:0.000000s ]
INFO: [ app_init ] --END-- [ RunTime:0.001000s ]
INFO: [ app_begin ] --START--
INFO: Run Behavior\ReadHtmlCacheBehavior [ RunTime:0.000000s ]
INFO: [ app_begin ] --END-- [ RunTime:0.000000s ]
ERR: 无法加载控制器:Public

[ 2016-12-10T14:22:09+08:00 ] 127.0.0.1 /newmeigui/Public/admin/js/jquery2.sorted.js
INFO: [ app_init ] --START--
INFO: Run Behavior\BuildLiteBehavior [ RunTime:0.000000s ]
INFO: [ app_init ] --END-- [ RunTime:0.000000s ]
INFO: [ app_begin ] --START--
INFO: Run Behavior\ReadHtmlCacheBehavior [ RunTime:0.000000s ]
INFO: [ app_begin ] --END-- [ RunTime:0.000000s ]
ERR: 无法加载控制器:Public

[ 2016-12-10T14:22:09+08:00 ] 127.0.0.1 /newmeigui/Public/admin/js/jquery2.sorted.js
INFO: [ app_init ] --START--
INFO: Run Behavior\BuildLiteBehavior [ RunTime:0.000000s ]
INFO: [ app_init ] --END-- [ RunTime:0.000000s ]
INFO: [ app_begin ] --START--
INFO: Run Behavior\ReadHtmlCacheBehavior [ RunTime:0.000000s ]
INFO: [ app_begin ] --END-- [ RunTime:0.001000s ]
ERR: 无法加载控制器:Public

[ 2016-12-10T14:22:20+08:00 ] 127.0.0.1 /newmeigui/Public/admin/js/jquery2.sorted.js
INFO: [ app_init ] --START--
INFO: Run Behavior\BuildLiteBehavior [ RunTime:0.000000s ]
INFO: [ app_init ] --END-- [ RunTime:0.000000s ]
INFO: [ app_begin ] --START--
INFO: Run Behavior\ReadHtmlCacheBehavior [ RunTime:0.001000s ]
INFO: [ app_begin ] --END-- [ RunTime:0.001000s ]
ERR: 无法加载控制器:Public

[ 2016-12-10T14:22:20+08:00 ] 127.0.0.1 /newmeigui/Public/admin/js/jquery2.sorted.js
INFO: [ app_init ] --START--
INFO: Run Behavior\BuildLiteBehavior [ RunTime:0.000000s ]
INFO: [ app_init ] --END-- [ RunTime:0.000000s ]
INFO: [ app_begin ] --START--
INFO: Run Behavior\ReadHtmlCacheBehavior [ RunTime:0.000000s ]
INFO: [ app_begin ] --END-- [ RunTime:0.000000s ]
ERR: 无法加载控制器:Public

[ 2016-12-10T14:23:43+08:00 ] 127.0.0.1 /newmeigui/Public/admin/js/jquery2.sorted.js
INFO: [ app_init ] --START--
INFO: Run Behavior\BuildLiteBehavior [ RunTime:0.000000s ]
INFO: [ app_init ] --END-- [ RunTime:0.001000s ]
INFO: [ app_begin ] --START--
INFO: Run Behavior\ReadHtmlCacheBehavior [ RunTime:0.001000s ]
INFO: [ app_begin ] --END-- [ RunTime:0.001000s ]
ERR: 无法加载控制器:Public

[ 2016-12-10T14:23:43+08:00 ] 127.0.0.1 /newmeigui/Public/admin/js/jquery2.sorted.js
INFO: [ app_init ] --START--
INFO: Run Behavior\BuildLiteBehavior [ RunTime:0.000000s ]
INFO: [ app_init ] --END-- [ RunTime:0.000000s ]
INFO: [ app_begin ] --START--
INFO: Run Behavior\ReadHtmlCacheBehavior [ RunTime:0.000000s ]
INFO: [ app_begin ] --END-- [ RunTime:0.000000s ]
ERR: 无法加载控制器:Public

[ 2016-12-10T14:23:53+08:00 ] 127.0.0.1 /newmeigui/Public/admin/js/jquery2.sorted.js
INFO: [ app_init ] --START--
INFO: Run Behavior\BuildLiteBehavior [ RunTime:0.000000s ]
INFO: [ app_init ] --END-- [ RunTime:0.000000s ]
INFO: [ app_begin ] --START--
INFO: Run Behavior\ReadHtmlCacheBehavior [ RunTime:0.000000s ]
INFO: [ app_begin ] --END-- [ RunTime:0.000000s ]
ERR: 无法加载控制器:Public

[ 2016-12-10T14:23:53+08:00 ] 127.0.0.1 /newmeigui/Public/admin/js/jquery2.sorted.js
INFO: [ app_init ] --START--
INFO: Run Behavior\BuildLiteBehavior [ RunTime:0.000000s ]
INFO: [ app_init ] --END-- [ RunTime:0.000000s ]
INFO: [ app_begin ] --START--
INFO: Run Behavior\ReadHtmlCacheBehavior [ RunTime:0.001000s ]
INFO: [ app_begin ] --END-- [ RunTime:0.001000s ]
ERR: 无法加载控制器:Public

[ 2016-12-10T14:24:33+08:00 ] 127.0.0.1 /newmeigui/Public/admin/js/jquery2.sorted.js
INFO: [ app_init ] --START--
INFO: Run Behavior\BuildLiteBehavior [ RunTime:0.000000s ]
INFO: [ app_init ] --END-- [ RunTime:0.000000s ]
INFO: [ app_begin ] --START--
INFO: Run Behavior\ReadHtmlCacheBehavior [ RunTime:0.000000s ]
INFO: [ app_begin ] --END-- [ RunTime:0.000000s ]
ERR: 无法加载控制器:Public

[ 2016-12-10T14:24:34+08:00 ] 127.0.0.1 /newmeigui/Public/admin/js/jquery2.sorted.js
INFO: [ app_init ] --START--
INFO: Run Behavior\BuildLiteBehavior [ RunTime:0.000000s ]
INFO: [ app_init ] --END-- [ RunTime:0.001000s ]
INFO: [ app_begin ] --START--
INFO: Run Behavior\ReadHtmlCacheBehavior [ RunTime:0.000000s ]
INFO: [ app_begin ] --END-- [ RunTime:0.000000s ]
ERR: 无法加载控制器:Public

[ 2016-12-10T14:24:36+08:00 ] 127.0.0.1 /newmeigui/Public/admin/js/jquery2.sorted.js
INFO: [ app_init ] --START--
INFO: Run Behavior\BuildLiteBehavior [ RunTime:0.000000s ]
INFO: [ app_init ] --END-- [ RunTime:0.000000s ]
INFO: [ app_begin ] --START--
INFO: Run Behavior\ReadHtmlCacheBehavior [ RunTime:0.001000s ]
INFO: [ app_begin ] --END-- [ RunTime:0.001000s ]
ERR: 无法加载控制器:Public

[ 2016-12-10T14:24:36+08:00 ] 127.0.0.1 /newmeigui/Public/admin/js/jquery2.sorted.js
INFO: [ app_init ] --START--
INFO: Run Behavior\BuildLiteBehavior [ RunTime:0.000000s ]
INFO: [ app_init ] --END-- [ RunTime:0.000000s ]
INFO: [ app_begin ] --START--
INFO: Run Behavior\ReadHtmlCacheBehavior [ RunTime:0.001000s ]
INFO: [ app_begin ] --END-- [ RunTime:0.001000s ]
ERR: 无法加载控制器:Public

[ 2016-12-10T14:24:38+08:00 ] 127.0.0.1 /newmeigui/Public/admin/js/jquery2.sorted.js
INFO: [ app_init ] --START--
INFO: Run Behavior\BuildLiteBehavior [ RunTime:0.000000s ]
INFO: [ app_init ] --END-- [ RunTime:0.000000s ]
INFO: [ app_begin ] --START--
INFO: Run Behavior\ReadHtmlCacheBehavior [ RunTime:0.000000s ]
INFO: [ app_begin ] --END-- [ RunTime:0.000000s ]
ERR: 无法加载控制器:Public

[ 2016-12-10T14:24:38+08:00 ] 127.0.0.1 /newmeigui/Public/admin/js/jquery2.sorted.js
INFO: [ app_init ] --START--
INFO: Run Behavior\BuildLiteBehavior [ RunTime:0.000000s ]
INFO: [ app_init ] --END-- [ RunTime:0.001000s ]
INFO: [ app_begin ] --START--
INFO: Run Behavior\ReadHtmlCacheBehavior [ RunTime:0.000000s ]
INFO: [ app_begin ] --END-- [ RunTime:0.000000s ]
ERR: 无法加载控制器:Public

[ 2016-12-10T14:35:21+08:00 ] 127.0.0.1 /newmeigui/Public/admin/js/jquery2.sorted.js
INFO: [ app_init ] --START--
INFO: Run Behavior\BuildLiteBehavior [ RunTime:0.000000s ]
INFO: [ app_init ] --END-- [ RunTime:0.000000s ]
INFO: [ app_begin ] --START--
INFO: Run Behavior\ReadHtmlCacheBehavior [ RunTime:0.000000s ]
INFO: [ app_begin ] --END-- [ RunTime:0.000000s ]
ERR: 无法加载控制器:Public

[ 2016-12-10T14:35:21+08:00 ] 127.0.0.1 /newmeigui/Public/admin/js/jquery2.sorted.js
INFO: [ app_init ] --START--
INFO: Run Behavior\BuildLiteBehavior [ RunTime:0.000000s ]
INFO: [ app_init ] --END-- [ RunTime:0.001000s ]
INFO: [ app_begin ] --START--
INFO: Run Behavior\ReadHtmlCacheBehavior [ RunTime:0.000000s ]
INFO: [ app_begin ] --END-- [ RunTime:0.000000s ]
ERR: 无法加载控制器:Public

