[ 2016-12-04T12:43:25+08:00 ] 127.0.0.1 /newmeigui/
INFO: [ app_init ] --START--
INFO: Run Behavior\BuildLiteBehavior [ RunTime:0.000000s ]
INFO: [ app_init ] --END-- [ RunTime:0.001000s ]
INFO: [ app_begin ] --START--
INFO: Run Behavior\ReadHtmlCacheBehavior [ RunTime:0.001000s ]
INFO: [ app_begin ] --END-- [ RunTime:0.001000s ]
SQL: SHOW COLUMNS FROM `na_ad` [ RunTime:0.0010s ]
SQL: SHOW COLUMNS FROM `na_ad` [ RunTime:0.0000s ]
SQL: SELECT * FROM `na_ad` WHERE `na_ad_adType` = '图文' ORDER BY `na_ad_count` desc LIMIT 3   [ RunTime:0.0000s ]
SQL: SHOW COLUMNS FROM `na_adlove` [ RunTime:0.0190s ]
SQL: SHOW COLUMNS FROM `na_adlove` [ RunTime:0.0010s ]
SQL: SHOW COLUMNS FROM `na_adlove` [ RunTime:0.0010s ]
SQL: SELECT * FROM na_adlove a,na_ad b WHERE ( a.na_adlove_adId=b.na_ad_id ) ORDER BY a.na_adlove_count desc LIMIT 3   [ RunTime:0.0000s ]
INFO: [ view_parse ] --START--
INFO: [ template_filter ] --START--
INFO: Run Behavior\ContentReplaceBehavior [ RunTime:0.000000s ]
INFO: [ template_filter ] --END-- [ RunTime:0.000000s ]
INFO: Run Behavior\ParseTemplateBehavior [ RunTime:0.042000s ]
INFO: [ view_parse ] --END-- [ RunTime:0.042000s ]
INFO: [ view_filter ] --START--
INFO: Run Behavior\WriteHtmlCacheBehavior [ RunTime:0.000000s ]
INFO: [ view_filter ] --END-- [ RunTime:0.000000s ]
INFO: [ app_end ] --START--
INFO: Run Behavior\ShowPageTraceBehavior [ RunTime:0.001000s ]
INFO: [ app_end ] --END-- [ RunTime:0.001000s ]

[ 2016-12-04T12:43:30+08:00 ] 127.0.0.1 /newmeigui/index.php/Home/AdSearch
INFO: [ app_init ] --START--
INFO: Run Behavior\BuildLiteBehavior [ RunTime:0.000000s ]
INFO: [ app_init ] --END-- [ RunTime:0.000000s ]
INFO: [ app_begin ] --START--
INFO: Run Behavior\ReadHtmlCacheBehavior [ RunTime:0.001000s ]
INFO: [ app_begin ] --END-- [ RunTime:0.001000s ]
SQL: SHOW COLUMNS FROM `na_picture` [ RunTime:0.0200s ]
SQL: SHOW COLUMNS FROM `na_picture` [ RunTime:0.0130s ]
SQL: SELECT * FROM `na_picture` WHERE `na_picture_type` = '广告' ORDER BY `na_picture_order`  [ RunTime:0.0010s ]
SQL: SHOW COLUMNS FROM `na_user` [ RunTime:0.0000s ]
SQL: SHOW COLUMNS FROM `na_user` [ RunTime:0.0000s ]
SQL: SELECT * FROM `na_user` WHERE `na_user_id` = 1 LIMIT 1   [ RunTime:0.0000s ]
SQL: SHOW COLUMNS FROM `na_ad` [ RunTime:0.0010s ]
NOTIC: [8] Uninitialized string offset: 1 E:\phpworkspaces\newmeigui\ThinkPHP\Common\functions.php 第 1873 行.
NOTIC: [8] Undefined offset: 1 E:\phpworkspaces\newmeigui\ThinkPHP\Common\functions.php 第 1873 行.
SQL: SHOW COLUMNS FROM `na_ad` [ RunTime:0.0010s ]
SQL: SELECT COUNT(*) AS tp_count FROM `na_ad` WHERE `na_ad_name` LIKE '%%' AND `na_ad_place` LIKE '%%' AND `na_ad_type` LIKE '%%' AND `na_ad_year` LIKE '%%' LIMIT 1   [ RunTime:0.0010s ]
SQL: SELECT `na_ad_id`,`na_ad_name`,`na_ad_showPath`,`na_ad_introduce`,`na_ad_content` FROM `na_ad` WHERE `na_ad_name` LIKE '%%' AND `na_ad_place` LIKE '%%' AND `na_ad_type` LIKE '%%' AND `na_ad_year` LIKE '%%' ORDER BY `na_ad_time` desc LIMIT 0,20   [ RunTime:0.0010s ]
SQL: SHOW COLUMNS FROM `na_adtype` [ RunTime:0.0010s ]
SQL: SHOW COLUMNS FROM `na_adtype` [ RunTime:0.0010s ]
SQL: SELECT * FROM `na_adtype`  [ RunTime:0.0130s ]
NOTIC: [8] Use of undefined constant adSearch - assumed 'adSearch' E:\phpworkspaces\newmeigui\Application\Home\Controller\AdSearchController.class.php 第 25 行.
INFO: [ view_parse ] --START--
INFO: [ template_filter ] --START--
INFO: Run Behavior\ContentReplaceBehavior [ RunTime:0.000000s ]
INFO: [ template_filter ] --END-- [ RunTime:0.000000s ]
INFO: Run Behavior\ParseTemplateBehavior [ RunTime:0.015000s ]
INFO: [ view_parse ] --END-- [ RunTime:0.015000s ]
INFO: [ view_filter ] --START--
INFO: Run Behavior\WriteHtmlCacheBehavior [ RunTime:0.001000s ]
INFO: [ view_filter ] --END-- [ RunTime:0.001000s ]
INFO: [ app_end ] --START--
INFO: Run Behavior\ShowPageTraceBehavior [ RunTime:0.001000s ]
INFO: [ app_end ] --END-- [ RunTime:0.001000s ]

[ 2016-12-04T12:43:33+08:00 ] 127.0.0.1 /newmeigui/index.php/Home/AdComment
INFO: [ app_init ] --START--
INFO: Run Behavior\BuildLiteBehavior [ RunTime:0.000000s ]
INFO: [ app_init ] --END-- [ RunTime:0.000000s ]
INFO: [ app_begin ] --START--
INFO: Run Behavior\ReadHtmlCacheBehavior [ RunTime:0.001000s ]
INFO: [ app_begin ] --END-- [ RunTime:0.001000s ]
SQL: SHOW COLUMNS FROM `na_picture` [ RunTime:0.0730s ]
SQL: SHOW COLUMNS FROM `na_picture` [ RunTime:0.0040s ]
SQL: SELECT * FROM `na_picture` WHERE `na_picture_type` = '评论' ORDER BY `na_picture_order`  [ RunTime:0.0130s ]
SQL: SHOW COLUMNS FROM `na_adtype` [ RunTime:0.0970s ]
SQL: SHOW COLUMNS FROM `na_adtype` [ RunTime:0.0010s ]
SQL: SELECT * FROM `na_adtype`  [ RunTime:0.0000s ]
SQL: SHOW COLUMNS FROM `na_comment` [ RunTime:0.0010s ]
SQL: SHOW COLUMNS FROM `na_comment` [ RunTime:0.0000s ]
SQL: SHOW COLUMNS FROM `na_comment` [ RunTime:0.0000s ]
SQL: SELECT * FROM na_comment a,na_user b WHERE `na_comment_type` = '动态' AND ( a.na_comment_userId=b.na_user_id ) ORDER BY `na_comment_time` LIMIT 1   [ RunTime:0.0580s ]
SQL: SHOW COLUMNS FROM `na_ad` [ RunTime:0.0840s ]
SQL: SELECT COUNT(*) AS tp_count FROM `na_ad` LIMIT 1   [ RunTime:0.0000s ]
SQL: SELECT * FROM `na_ad` ORDER BY `na_ad_time` desc LIMIT 0,15   [ RunTime:0.0420s ]
SQL: SELECT `na_comment_content`,`na_comment_time` FROM `na_comment` WHERE ( na_comment_type='评论' AND na_comment_adId='151' )  [ RunTime:0.0000s ]
SQL: SELECT `na_comment_content`,`na_comment_time` FROM `na_comment` WHERE ( na_comment_type='评论' AND na_comment_adId='149' )  [ RunTime:0.0010s ]
SQL: SELECT `na_comment_content`,`na_comment_time` FROM `na_comment` WHERE ( na_comment_type='评论' AND na_comment_adId='146' )  [ RunTime:0.0010s ]
SQL: SELECT `na_comment_content`,`na_comment_time` FROM `na_comment` WHERE ( na_comment_type='评论' AND na_comment_adId='145' )  [ RunTime:0.0000s ]
SQL: SELECT `na_comment_content`,`na_comment_time` FROM `na_comment` WHERE ( na_comment_type='评论' AND na_comment_adId='144' )  [ RunTime:0.0010s ]
SQL: SELECT `na_comment_content`,`na_comment_time` FROM `na_comment` WHERE ( na_comment_type='评论' AND na_comment_adId='143' )  [ RunTime:0.0010s ]
SQL: SELECT `na_comment_content`,`na_comment_time` FROM `na_comment` WHERE ( na_comment_type='评论' AND na_comment_adId='142' )  [ RunTime:0.0000s ]
SQL: SELECT `na_comment_content`,`na_comment_time` FROM `na_comment` WHERE ( na_comment_type='评论' AND na_comment_adId='141' )  [ RunTime:0.0000s ]
SQL: SELECT `na_comment_content`,`na_comment_time` FROM `na_comment` WHERE ( na_comment_type='评论' AND na_comment_adId='140' )  [ RunTime:0.0000s ]
SQL: SELECT `na_comment_content`,`na_comment_time` FROM `na_comment` WHERE ( na_comment_type='评论' AND na_comment_adId='139' )  [ RunTime:0.0010s ]
SQL: SELECT `na_comment_content`,`na_comment_time` FROM `na_comment` WHERE ( na_comment_type='评论' AND na_comment_adId='138' )  [ RunTime:0.0000s ]
SQL: SELECT `na_comment_content`,`na_comment_time` FROM `na_comment` WHERE ( na_comment_type='评论' AND na_comment_adId='137' )  [ RunTime:0.0000s ]
SQL: SELECT `na_comment_content`,`na_comment_time` FROM `na_comment` WHERE ( na_comment_type='评论' AND na_comment_adId='136' )  [ RunTime:0.0010s ]
SQL: SELECT `na_comment_content`,`na_comment_time` FROM `na_comment` WHERE ( na_comment_type='评论' AND na_comment_adId='135' )  [ RunTime:0.0000s ]
SQL: SELECT `na_comment_content`,`na_comment_time` FROM `na_comment` WHERE ( na_comment_type='评论' AND na_comment_adId='134' )  [ RunTime:0.0010s ]
SQL: SHOW COLUMNS FROM `na_user` [ RunTime:0.0000s ]
SQL: SHOW COLUMNS FROM `na_user` [ RunTime:0.0000s ]
SQL: SELECT * FROM `na_user` WHERE `na_user_id` = 1 LIMIT 1   [ RunTime:0.0010s ]
INFO: [ view_parse ] --START--
INFO: [ template_filter ] --START--
INFO: Run Behavior\ContentReplaceBehavior [ RunTime:0.000000s ]
INFO: [ template_filter ] --END-- [ RunTime:0.000000s ]
NOTIC: [8] Undefined variable: arr E:\phpworkspaces\newmeigui\Application\Runtime\Cache\Home\da23dea7fafc9a5db9ec048f18e13227.php 第 84 行.
INFO: Run Behavior\ParseTemplateBehavior [ RunTime:0.024000s ]
INFO: [ view_parse ] --END-- [ RunTime:0.024000s ]
INFO: [ view_filter ] --START--
INFO: Run Behavior\WriteHtmlCacheBehavior [ RunTime:0.000000s ]
INFO: [ view_filter ] --END-- [ RunTime:0.000000s ]
INFO: [ app_end ] --START--
INFO: Run Behavior\ShowPageTraceBehavior [ RunTime:0.001000s ]
INFO: [ app_end ] --END-- [ RunTime:0.001000s ]

[ 2016-12-04T12:43:38+08:00 ] 127.0.0.1 /newmeigui/index.php/Home/AdSearch
INFO: [ app_init ] --START--
INFO: Run Behavior\BuildLiteBehavior [ RunTime:0.000000s ]
INFO: [ app_init ] --END-- [ RunTime:0.000000s ]
INFO: [ app_begin ] --START--
INFO: Run Behavior\ReadHtmlCacheBehavior [ RunTime:0.000000s ]
INFO: [ app_begin ] --END-- [ RunTime:0.001000s ]
SQL: SHOW COLUMNS FROM `na_picture` [ RunTime:0.0280s ]
SQL: SHOW COLUMNS FROM `na_picture` [ RunTime:0.0130s ]
SQL: SELECT * FROM `na_picture` WHERE `na_picture_type` = '广告' ORDER BY `na_picture_order`  [ RunTime:0.0000s ]
SQL: SHOW COLUMNS FROM `na_user` [ RunTime:0.0010s ]
SQL: SHOW COLUMNS FROM `na_user` [ RunTime:0.0010s ]
SQL: SELECT * FROM `na_user` WHERE `na_user_id` = 1 LIMIT 1   [ RunTime:0.0110s ]
SQL: SHOW COLUMNS FROM `na_ad` [ RunTime:0.0010s ]
NOTIC: [8] Uninitialized string offset: 1 E:\phpworkspaces\newmeigui\ThinkPHP\Common\functions.php 第 1873 行.
NOTIC: [8] Undefined offset: 1 E:\phpworkspaces\newmeigui\ThinkPHP\Common\functions.php 第 1873 行.
SQL: SHOW COLUMNS FROM `na_ad` [ RunTime:0.0010s ]
SQL: SELECT COUNT(*) AS tp_count FROM `na_ad` WHERE `na_ad_name` LIKE '%%' AND `na_ad_place` LIKE '%%' AND `na_ad_type` LIKE '%%' AND `na_ad_year` LIKE '%%' LIMIT 1   [ RunTime:0.0100s ]
SQL: SELECT `na_ad_id`,`na_ad_name`,`na_ad_showPath`,`na_ad_introduce`,`na_ad_content` FROM `na_ad` WHERE `na_ad_name` LIKE '%%' AND `na_ad_place` LIKE '%%' AND `na_ad_type` LIKE '%%' AND `na_ad_year` LIKE '%%' ORDER BY `na_ad_time` desc LIMIT 0,20   [ RunTime:0.0010s ]
SQL: SHOW COLUMNS FROM `na_adtype` [ RunTime:0.0000s ]
SQL: SHOW COLUMNS FROM `na_adtype` [ RunTime:0.0000s ]
SQL: SELECT * FROM `na_adtype`  [ RunTime:0.0010s ]
NOTIC: [8] Use of undefined constant adSearch - assumed 'adSearch' E:\phpworkspaces\newmeigui\Application\Home\Controller\AdSearchController.class.php 第 25 行.
INFO: [ view_parse ] --START--
INFO: [ template_filter ] --START--
INFO: Run Behavior\ContentReplaceBehavior [ RunTime:0.001000s ]
INFO: [ template_filter ] --END-- [ RunTime:0.001000s ]
INFO: Run Behavior\ParseTemplateBehavior [ RunTime:0.015000s ]
INFO: [ view_parse ] --END-- [ RunTime:0.015000s ]
INFO: [ view_filter ] --START--
INFO: Run Behavior\WriteHtmlCacheBehavior [ RunTime:0.001000s ]
INFO: [ view_filter ] --END-- [ RunTime:0.001000s ]
INFO: [ app_end ] --START--
INFO: Run Behavior\ShowPageTraceBehavior [ RunTime:0.001000s ]
INFO: [ app_end ] --END-- [ RunTime:0.001000s ]

