[ 2016-10-09T13:12:59+08:00 ] 127.0.0.1 /newmeigui/Public/admin/js/jquery2.sorted.js
INFO: [ app_init ] --START--
INFO: Run Behavior\BuildLiteBehavior [ RunTime:0.000013s ]
INFO: [ app_init ] --END-- [ RunTime:0.000392s ]
INFO: [ app_begin ] --START--
INFO: Run Behavior\ReadHtmlCacheBehavior [ RunTime:0.000685s ]
INFO: [ app_begin ] --END-- [ RunTime:0.000748s ]
ERR: 无法加载控制器:Public

[ 2016-10-09T13:12:59+08:00 ] 127.0.0.1 /newmeigui/Public/admin/js/jquery2.sorted.js
INFO: [ app_init ] --START--
INFO: Run Behavior\BuildLiteBehavior [ RunTime:0.000012s ]
INFO: [ app_init ] --END-- [ RunTime:0.000381s ]
INFO: [ app_begin ] --START--
INFO: Run Behavior\ReadHtmlCacheBehavior [ RunTime:0.000598s ]
INFO: [ app_begin ] --END-- [ RunTime:0.000651s ]
ERR: 无法加载控制器:Public

[ 2016-10-09T13:13:02+08:00 ] 127.0.0.1 /newmeigui/Public/admin/js/jquery2.sorted.js
INFO: [ app_init ] --START--
INFO: Run Behavior\BuildLiteBehavior [ RunTime:0.000022s ]
INFO: [ app_init ] --END-- [ RunTime:0.001857s ]
INFO: [ app_begin ] --START--
INFO: Run Behavior\ReadHtmlCacheBehavior [ RunTime:0.000759s ]
INFO: [ app_begin ] --END-- [ RunTime:0.000824s ]
ERR: 无法加载控制器:Public

[ 2016-10-09T13:13:06+08:00 ] 127.0.0.1 /newmeigui/Public/admin/js/jquery2.sorted.js
INFO: [ app_init ] --START--
INFO: Run Behavior\BuildLiteBehavior [ RunTime:0.000013s ]
INFO: [ app_init ] --END-- [ RunTime:0.000405s ]
INFO: [ app_begin ] --START--
INFO: Run Behavior\ReadHtmlCacheBehavior [ RunTime:0.000852s ]
INFO: [ app_begin ] --END-- [ RunTime:0.000947s ]
ERR: 无法加载控制器:Public

[ 2016-10-09T13:13:06+08:00 ] 127.0.0.1 /newmeigui/Public/admin/js/jquery2.sorted.js
INFO: [ app_init ] --START--
INFO: Run Behavior\BuildLiteBehavior [ RunTime:0.000014s ]
INFO: [ app_init ] --END-- [ RunTime:0.000515s ]
INFO: [ app_begin ] --START--
INFO: Run Behavior\ReadHtmlCacheBehavior [ RunTime:0.000605s ]
INFO: [ app_begin ] --END-- [ RunTime:0.000657s ]
ERR: 无法加载控制器:Public

[ 2016-10-09T13:14:04+08:00 ] 127.0.0.1 /newmeigui/Public/admin/js/jquery2.sorted.js
INFO: [ app_init ] --START--
INFO: Run Behavior\BuildLiteBehavior [ RunTime:0.000016s ]
INFO: [ app_init ] --END-- [ RunTime:0.000480s ]
INFO: [ app_begin ] --START--
INFO: Run Behavior\ReadHtmlCacheBehavior [ RunTime:0.000815s ]
INFO: [ app_begin ] --END-- [ RunTime:0.000908s ]
ERR: 无法加载控制器:Public

[ 2016-10-09T13:14:04+08:00 ] 127.0.0.1 /newmeigui/Public/admin/js/jquery2.sorted.js
INFO: [ app_init ] --START--
INFO: Run Behavior\BuildLiteBehavior [ RunTime:0.000013s ]
INFO: [ app_init ] --END-- [ RunTime:0.000384s ]
INFO: [ app_begin ] --START--
INFO: Run Behavior\ReadHtmlCacheBehavior [ RunTime:0.000618s ]
INFO: [ app_begin ] --END-- [ RunTime:0.000676s ]
ERR: 无法加载控制器:Public

[ 2016-10-09T13:15:20+08:00 ] 127.0.0.1 /newmeigui/Public/admin/js/jquery2.sorted.js
INFO: [ app_init ] --START--
INFO: Run Behavior\BuildLiteBehavior [ RunTime:0.000026s ]
INFO: [ app_init ] --END-- [ RunTime:0.000695s ]
INFO: [ app_begin ] --START--
INFO: Run Behavior\ReadHtmlCacheBehavior [ RunTime:0.000697s ]
INFO: [ app_begin ] --END-- [ RunTime:0.000749s ]
ERR: 无法加载控制器:Public

[ 2016-10-09T13:15:37+08:00 ] 127.0.0.1 /newmeigui/Public/admin/js/jquery2.sorted.js
INFO: [ app_init ] --START--
INFO: Run Behavior\BuildLiteBehavior [ RunTime:0.000013s ]
INFO: [ app_init ] --END-- [ RunTime:0.000460s ]
INFO: [ app_begin ] --START--
INFO: Run Behavior\ReadHtmlCacheBehavior [ RunTime:0.002074s ]
INFO: [ app_begin ] --END-- [ RunTime:0.002158s ]
ERR: 无法加载控制器:Public

[ 2016-10-09T13:15:37+08:00 ] 127.0.0.1 /newmeigui/Public/admin/js/jquery2.sorted.js
INFO: [ app_init ] --START--
INFO: Run Behavior\BuildLiteBehavior [ RunTime:0.000014s ]
INFO: [ app_init ] --END-- [ RunTime:0.000551s ]
INFO: [ app_begin ] --START--
INFO: Run Behavior\ReadHtmlCacheBehavior [ RunTime:0.000890s ]
INFO: [ app_begin ] --END-- [ RunTime:0.000989s ]
ERR: 无法加载控制器:Public

[ 2016-10-09T13:16:28+08:00 ] 127.0.0.1 /newmeigui/Public/admin/js/jquery2.sorted.js
INFO: [ app_init ] --START--
INFO: Run Behavior\BuildLiteBehavior [ RunTime:0.000020s ]
INFO: [ app_init ] --END-- [ RunTime:0.000628s ]
INFO: [ app_begin ] --START--
INFO: Run Behavior\ReadHtmlCacheBehavior [ RunTime:0.001035s ]
INFO: [ app_begin ] --END-- [ RunTime:0.001120s ]
ERR: 无法加载控制器:Public

[ 2016-10-09T13:16:33+08:00 ] 127.0.0.1 /newmeigui/Public/admin/js/jquery2.sorted.js
INFO: [ app_init ] --START--
INFO: Run Behavior\BuildLiteBehavior [ RunTime:0.000025s ]
INFO: [ app_init ] --END-- [ RunTime:0.000774s ]
INFO: [ app_begin ] --START--
INFO: Run Behavior\ReadHtmlCacheBehavior [ RunTime:0.001039s ]
INFO: [ app_begin ] --END-- [ RunTime:0.001235s ]
ERR: 无法加载控制器:Public

[ 2016-10-09T13:16:33+08:00 ] 127.0.0.1 /newmeigui/Public/admin/js/jquery2.sorted.js
INFO: [ app_init ] --START--
INFO: Run Behavior\BuildLiteBehavior [ RunTime:0.000016s ]
INFO: [ app_init ] --END-- [ RunTime:0.000497s ]
INFO: [ app_begin ] --START--
INFO: Run Behavior\ReadHtmlCacheBehavior [ RunTime:0.000823s ]
INFO: [ app_begin ] --END-- [ RunTime:0.000886s ]
ERR: 无法加载控制器:Public

[ 2016-10-09T13:16:38+08:00 ] 127.0.0.1 /newmeigui/Public/admin/js/jquery2.sorted.js
INFO: [ app_init ] --START--
INFO: Run Behavior\BuildLiteBehavior [ RunTime:0.000015s ]
INFO: [ app_init ] --END-- [ RunTime:0.000425s ]
INFO: [ app_begin ] --START--
INFO: Run Behavior\ReadHtmlCacheBehavior [ RunTime:0.001209s ]
INFO: [ app_begin ] --END-- [ RunTime:0.001293s ]
ERR: 无法加载控制器:Public

[ 2016-10-09T13:16:38+08:00 ] 127.0.0.1 /newmeigui/Public/admin/js/jquery2.sorted.js
INFO: [ app_init ] --START--
INFO: Run Behavior\BuildLiteBehavior [ RunTime:0.000013s ]
INFO: [ app_init ] --END-- [ RunTime:0.000490s ]
INFO: [ app_begin ] --START--
INFO: Run Behavior\ReadHtmlCacheBehavior [ RunTime:0.000699s ]
INFO: [ app_begin ] --END-- [ RunTime:0.000749s ]
ERR: 无法加载控制器:Public

[ 2016-10-09T13:16:41+08:00 ] 127.0.0.1 /newmeigui/Public/admin/js/jquery2.sorted.js
INFO: [ app_init ] --START--
INFO: Run Behavior\BuildLiteBehavior [ RunTime:0.000023s ]
INFO: [ app_init ] --END-- [ RunTime:0.000713s ]
INFO: [ app_begin ] --START--
INFO: Run Behavior\ReadHtmlCacheBehavior [ RunTime:0.001014s ]
INFO: [ app_begin ] --END-- [ RunTime:0.001098s ]
ERR: 无法加载控制器:Public

[ 2016-10-09T13:17:04+08:00 ] 127.0.0.1 /newmeigui/Public/admin/js/jquery2.sorted.js
INFO: [ app_init ] --START--
INFO: Run Behavior\BuildLiteBehavior [ RunTime:0.000024s ]
INFO: [ app_init ] --END-- [ RunTime:0.000724s ]
INFO: [ app_begin ] --START--
INFO: Run Behavior\ReadHtmlCacheBehavior [ RunTime:0.001070s ]
INFO: [ app_begin ] --END-- [ RunTime:0.001152s ]
ERR: 无法加载控制器:Public

[ 2016-10-09T13:17:04+08:00 ] 127.0.0.1 /newmeigui/Public/admin/js/jquery2.sorted.js
INFO: [ app_init ] --START--
INFO: Run Behavior\BuildLiteBehavior [ RunTime:0.000014s ]
INFO: [ app_init ] --END-- [ RunTime:0.000399s ]
INFO: [ app_begin ] --START--
INFO: Run Behavior\ReadHtmlCacheBehavior [ RunTime:0.000655s ]
INFO: [ app_begin ] --END-- [ RunTime:0.000709s ]
ERR: 无法加载控制器:Public

[ 2016-10-09T13:17:13+08:00 ] 127.0.0.1 /newmeigui/Public/admin/js/jquery2.sorted.js
INFO: [ app_init ] --START--
INFO: Run Behavior\BuildLiteBehavior [ RunTime:0.000022s ]
INFO: [ app_init ] --END-- [ RunTime:0.000712s ]
INFO: [ app_begin ] --START--
INFO: Run Behavior\ReadHtmlCacheBehavior [ RunTime:0.000961s ]
INFO: [ app_begin ] --END-- [ RunTime:0.001037s ]
ERR: 无法加载控制器:Public

[ 2016-10-09T13:17:13+08:00 ] 127.0.0.1 /newmeigui/Public/admin/js/jquery2.sorted.js
INFO: [ app_init ] --START--
INFO: Run Behavior\BuildLiteBehavior [ RunTime:0.000014s ]
INFO: [ app_init ] --END-- [ RunTime:0.000420s ]
INFO: [ app_begin ] --START--
INFO: Run Behavior\ReadHtmlCacheBehavior [ RunTime:0.000669s ]
INFO: [ app_begin ] --END-- [ RunTime:0.000722s ]
ERR: 无法加载控制器:Public

[ 2016-10-09T13:17:39+08:00 ] 127.0.0.1 /newmeigui/Public/admin/js/jquery2.sorted.js
INFO: [ app_init ] --START--
INFO: Run Behavior\BuildLiteBehavior [ RunTime:0.000022s ]
INFO: [ app_init ] --END-- [ RunTime:0.001456s ]
INFO: [ app_begin ] --START--
INFO: Run Behavior\ReadHtmlCacheBehavior [ RunTime:0.000799s ]
INFO: [ app_begin ] --END-- [ RunTime:0.000855s ]
ERR: 无法加载控制器:Public

[ 2016-10-09T13:17:42+08:00 ] 127.0.0.1 /newmeigui/Public/admin/js/jquery2.sorted.js
INFO: [ app_init ] --START--
INFO: Run Behavior\BuildLiteBehavior [ RunTime:0.000013s ]
INFO: [ app_init ] --END-- [ RunTime:0.000434s ]
INFO: [ app_begin ] --START--
INFO: Run Behavior\ReadHtmlCacheBehavior [ RunTime:0.001004s ]
INFO: [ app_begin ] --END-- [ RunTime:0.001079s ]
ERR: 无法加载控制器:Public

[ 2016-10-09T13:17:42+08:00 ] 127.0.0.1 /newmeigui/Public/admin/js/jquery2.sorted.js
INFO: [ app_init ] --START--
INFO: Run Behavior\BuildLiteBehavior [ RunTime:0.000014s ]
INFO: [ app_init ] --END-- [ RunTime:0.000433s ]
INFO: [ app_begin ] --START--
INFO: Run Behavior\ReadHtmlCacheBehavior [ RunTime:0.000714s ]
INFO: [ app_begin ] --END-- [ RunTime:0.000761s ]
ERR: 无法加载控制器:Public

