[ 2018-03-01T09:49:03+08:00 ] 127.0.0.1 /newmeigui/
INFO: [ app_init ] --START--
INFO: Run Behavior\BuildLiteBehavior [ RunTime:0.000045s ]
INFO: [ app_init ] --END-- [ RunTime:0.000275s ]
INFO: [ app_begin ] --START--
INFO: Run Behavior\ReadHtmlCacheBehavior [ RunTime:0.070605s ]
INFO: [ app_begin ] --END-- [ RunTime:0.070995s ]
SQL: SHOW COLUMNS FROM `na_ad` [ RunTime:0.3766s ]
SQL: SHOW COLUMNS FROM `na_ad` [ RunTime:0.0061s ]
SQL: SELECT * FROM `na_ad` WHERE `na_ad_adType` = '图文' ORDER BY `na_ad_count` desc LIMIT 3   [ RunTime:0.2090s ]
SQL: SHOW COLUMNS FROM `na_user` [ RunTime:0.0365s ]
SQL: SHOW COLUMNS FROM `na_user` [ RunTime:0.0222s ]
SQL: SELECT * FROM `na_user` WHERE `na_user_id` = null LIMIT 1   [ RunTime:0.0460s ]
SQL: SHOW COLUMNS FROM `na_adlove` [ RunTime:0.0381s ]
SQL: SHOW COLUMNS FROM `na_adlove` [ RunTime:0.0064s ]
SQL: SHOW COLUMNS FROM `na_adlove` [ RunTime:0.0062s ]
SQL: SELECT * FROM na_adlove a,na_ad b WHERE ( a.na_adlove_adId=b.na_ad_id ) ORDER BY a.na_adlove_count desc LIMIT 3   [ RunTime:0.0182s ]
INFO: [ view_parse ] --START--
INFO: [ template_filter ] --START--
INFO: Run Behavior\ContentReplaceBehavior [ RunTime:0.000744s ]
INFO: [ template_filter ] --END-- [ RunTime:0.001447s ]
NOTIC: [8] Undefined variable: info D:\phpworkspaces\newmeigui\Application\Runtime\Cache\Home\54d51b08bea1174e92f3f8780711524d.php 第 59 行.
INFO: Run Behavior\ParseTemplateBehavior [ RunTime:1.299952s ]
INFO: [ view_parse ] --END-- [ RunTime:1.300175s ]
INFO: [ view_filter ] --START--
INFO: Run Behavior\WriteHtmlCacheBehavior [ RunTime:0.077658s ]
INFO: [ view_filter ] --END-- [ RunTime:0.077825s ]
INFO: [ app_end ] --START--
INFO: Run Behavior\ShowPageTraceBehavior [ RunTime:0.052370s ]
INFO: [ app_end ] --END-- [ RunTime:0.052801s ]

[ 2018-03-01T09:49:22+08:00 ] 127.0.0.1 /newmeigui/index.php/Home/AdSearch
INFO: [ app_init ] --START--
INFO: Run Behavior\BuildLiteBehavior [ RunTime:0.000055s ]
INFO: [ app_init ] --END-- [ RunTime:0.000329s ]
INFO: [ app_begin ] --START--
INFO: Run Behavior\ReadHtmlCacheBehavior [ RunTime:0.001181s ]
INFO: [ app_begin ] --END-- [ RunTime:0.001432s ]
SQL: SHOW COLUMNS FROM `na_picture` [ RunTime:0.0300s ]
SQL: SHOW COLUMNS FROM `na_picture` [ RunTime:0.0060s ]
SQL: SELECT * FROM `na_picture` WHERE `na_picture_type` = '广告' ORDER BY `na_picture_order`  [ RunTime:0.0222s ]
SQL: SHOW COLUMNS FROM `na_user` [ RunTime:0.0089s ]
SQL: SHOW COLUMNS FROM `na_user` [ RunTime:0.0059s ]
SQL: SELECT * FROM `na_user` WHERE `na_user_id` = null LIMIT 1   [ RunTime:0.0003s ]
SQL: SHOW COLUMNS FROM `na_ad` [ RunTime:0.0116s ]
NOTIC: [8] Uninitialized string offset: 1 D:\phpworkspaces\newmeigui\ThinkPHP\Common\functions.php 第 1873 行.
NOTIC: [8] Undefined offset: 1 D:\phpworkspaces\newmeigui\ThinkPHP\Common\functions.php 第 1873 行.
SQL: SHOW COLUMNS FROM `na_ad` [ RunTime:0.0058s ]
SQL: SELECT COUNT(*) AS tp_count FROM `na_ad` WHERE `na_ad_name` LIKE '%%' AND `na_ad_place` LIKE '%%' AND `na_ad_type` LIKE '%%' AND `na_ad_year` LIKE '%%' LIMIT 1   [ RunTime:0.0244s ]
SQL: SELECT `na_ad_id`,`na_ad_name`,`na_ad_showPath`,`na_ad_introduce`,`na_ad_content` FROM `na_ad` WHERE `na_ad_name` LIKE '%%' AND `na_ad_place` LIKE '%%' AND `na_ad_type` LIKE '%%' AND `na_ad_year` LIKE '%%' ORDER BY `na_ad_time` desc LIMIT 0,20   [ RunTime:0.0008s ]
SQL: SHOW COLUMNS FROM `na_adtype` [ RunTime:0.1119s ]
SQL: SHOW COLUMNS FROM `na_adtype` [ RunTime:0.0077s ]
SQL: SELECT * FROM `na_adtype`  [ RunTime:0.0004s ]
NOTIC: [8] Use of undefined constant adSearch - assumed 'adSearch' D:\phpworkspaces\newmeigui\Application\Home\Controller\AdSearchController.class.php 第 25 行.
INFO: [ view_parse ] --START--
INFO: [ template_filter ] --START--
INFO: Run Behavior\ContentReplaceBehavior [ RunTime:0.000200s ]
INFO: [ template_filter ] --END-- [ RunTime:0.000419s ]
INFO: Run Behavior\ParseTemplateBehavior [ RunTime:0.700584s ]
INFO: [ view_parse ] --END-- [ RunTime:0.700807s ]
INFO: [ view_filter ] --START--
INFO: Run Behavior\WriteHtmlCacheBehavior [ RunTime:0.000544s ]
INFO: [ view_filter ] --END-- [ RunTime:0.000750s ]
INFO: [ app_end ] --START--
INFO: Run Behavior\ShowPageTraceBehavior [ RunTime:0.001715s ]
INFO: [ app_end ] --END-- [ RunTime:0.002058s ]

[ 2018-03-01T09:52:55+08:00 ] 127.0.0.1 /newmeigui/index.php/Home/AdRank
INFO: [ app_init ] --START--
INFO: Run Behavior\BuildLiteBehavior [ RunTime:0.000071s ]
INFO: [ app_init ] --END-- [ RunTime:0.000504s ]
INFO: [ app_begin ] --START--
INFO: Run Behavior\ReadHtmlCacheBehavior [ RunTime:0.001170s ]
INFO: [ app_begin ] --END-- [ RunTime:0.001442s ]
SQL: SHOW COLUMNS FROM `na_ad` [ RunTime:0.0109s ]
SQL: SHOW COLUMNS FROM `na_user` [ RunTime:0.0080s ]
SQL: SHOW COLUMNS FROM `na_user` [ RunTime:0.0052s ]
SQL: SELECT * FROM `na_user` WHERE `na_user_id` = null LIMIT 1   [ RunTime:0.0003s ]
SQL: SHOW COLUMNS FROM `na_ad` [ RunTime:0.0052s ]
SQL: SELECT * FROM `na_ad` ORDER BY `na_ad_time` desc LIMIT 20   [ RunTime:0.0006s ]
INFO: [ view_parse ] --START--
INFO: [ template_filter ] --START--
INFO: Run Behavior\ContentReplaceBehavior [ RunTime:0.000186s ]
INFO: [ template_filter ] --END-- [ RunTime:0.000443s ]
INFO: Run Behavior\ParseTemplateBehavior [ RunTime:0.143908s ]
INFO: [ view_parse ] --END-- [ RunTime:0.144143s ]
INFO: [ view_filter ] --START--
INFO: Run Behavior\WriteHtmlCacheBehavior [ RunTime:0.000651s ]
INFO: [ view_filter ] --END-- [ RunTime:0.000921s ]
INFO: [ app_end ] --START--
INFO: Run Behavior\ShowPageTraceBehavior [ RunTime:0.001112s ]
INFO: [ app_end ] --END-- [ RunTime:0.001373s ]

[ 2018-03-01T09:52:58+08:00 ] 127.0.0.1 /newmeigui/index.php/Home/AdMetail/index/id/159
INFO: [ app_init ] --START--
INFO: Run Behavior\BuildLiteBehavior [ RunTime:0.000034s ]
INFO: [ app_init ] --END-- [ RunTime:0.000194s ]
INFO: [ app_begin ] --START--
INFO: Run Behavior\ReadHtmlCacheBehavior [ RunTime:0.000708s ]
INFO: [ app_begin ] --END-- [ RunTime:0.000884s ]
SQL: SHOW COLUMNS FROM `na_ad` [ RunTime:0.0120s ]
SQL: SHOW COLUMNS FROM `na_ad` [ RunTime:0.0056s ]
SQL: UPDATE `na_ad` SET `na_ad_count`=na_ad_count+1 WHERE `na_ad_id` = 159 [ RunTime:0.1470s ]
SQL: SELECT * FROM `na_ad` WHERE `na_ad_id` = 159 LIMIT 1   [ RunTime:0.0009s ]
SQL: SHOW COLUMNS FROM `na_comment` [ RunTime:0.0657s ]
SQL: SHOW COLUMNS FROM `na_comment` [ RunTime:0.0069s ]
SQL: SHOW COLUMNS FROM `na_comment` [ RunTime:0.0086s ]
SQL: SELECT COUNT(*) AS tp_count FROM na_comment a,na_user b WHERE ( a.na_comment_userId=b.na_user_id ) AND a.na_comment_type = '评论' AND `na_comment_adId` = 159 LIMIT 1   [ RunTime:0.0005s ]
SQL: SHOW COLUMNS FROM `na_comment` [ RunTime:0.0069s ]
SQL: SELECT * FROM na_comment a,na_user b WHERE ( a.na_comment_userId=b.na_user_id ) AND a.na_comment_type = '评论' AND `na_comment_adId` = 159 ORDER BY `na_comment_time` desc LIMIT 0,4   [ RunTime:0.0092s ]
SQL: SELECT * FROM `na_ad` WHERE `na_ad_adType` = '视频' ORDER BY `na_ad_count` desc LIMIT 4   [ RunTime:0.0006s ]
NOTIC: [8] Use of undefined constant ads - assumed 'ads' D:\phpworkspaces\newmeigui\Application\Home\Controller\AdMetailController.class.php 第 132 行.
INFO: [ view_parse ] --START--
INFO: [ template_filter ] --START--
INFO: Run Behavior\ContentReplaceBehavior [ RunTime:0.000134s ]
INFO: [ template_filter ] --END-- [ RunTime:0.000254s ]
INFO: Run Behavior\ParseTemplateBehavior [ RunTime:0.175613s ]
INFO: [ view_parse ] --END-- [ RunTime:0.175752s ]
INFO: [ view_filter ] --START--
INFO: Run Behavior\WriteHtmlCacheBehavior [ RunTime:0.000386s ]
INFO: [ view_filter ] --END-- [ RunTime:0.000499s ]
INFO: [ app_end ] --START--
INFO: Run Behavior\ShowPageTraceBehavior [ RunTime:0.000918s ]
INFO: [ app_end ] --END-- [ RunTime:0.001121s ]

[ 2018-03-01T09:52:59+08:00 ] 127.0.0.1 /newmeigui/index.php/Home/AdMetail/index/id/video.js
INFO: [ app_init ] --START--
INFO: Run Behavior\BuildLiteBehavior [ RunTime:0.000041s ]
INFO: [ app_init ] --END-- [ RunTime:0.000257s ]
INFO: [ app_begin ] --START--
INFO: Run Behavior\ReadHtmlCacheBehavior [ RunTime:0.000910s ]
INFO: [ app_begin ] --END-- [ RunTime:0.001126s ]
SQL: SHOW COLUMNS FROM `na_ad` [ RunTime:0.0145s ]
SQL: SHOW COLUMNS FROM `na_ad` [ RunTime:0.0061s ]
SQL: UPDATE `na_ad` SET `na_ad_count`=na_ad_count+1 WHERE `na_ad_id` = 0 [ RunTime:0.0003s ]
SQL: SELECT * FROM `na_ad` WHERE `na_ad_id` = 0 LIMIT 1   [ RunTime:0.0003s ]
SQL: SHOW COLUMNS FROM `na_comment` [ RunTime:0.0087s ]
SQL: SHOW COLUMNS FROM `na_comment` [ RunTime:0.0063s ]
SQL: SHOW COLUMNS FROM `na_comment` [ RunTime:0.0052s ]
SQL: SELECT COUNT(*) AS tp_count FROM na_comment a,na_user b WHERE ( a.na_comment_userId=b.na_user_id ) AND a.na_comment_type = '评论' AND `na_comment_adId` = 0 LIMIT 1   [ RunTime:0.0003s ]
SQL: SHOW COLUMNS FROM `na_comment` [ RunTime:0.0050s ]
SQL: SELECT * FROM na_comment a,na_user b WHERE ( a.na_comment_userId=b.na_user_id ) AND a.na_comment_type = '评论' AND `na_comment_adId` = 0 ORDER BY `na_comment_time` desc LIMIT 0,4   [ RunTime:0.0058s ]
SQL: SELECT * FROM `na_ad` WHERE `na_ad_adType` = null ORDER BY `na_ad_count` desc LIMIT 4   [ RunTime:0.0004s ]
INFO: [ app_end ] --START--
INFO: Run Behavior\ShowPageTraceBehavior [ RunTime:0.000950s ]
INFO: [ app_end ] --END-- [ RunTime:0.001120s ]

[ 2018-03-01T09:53:00+08:00 ] 127.0.0.1 /newmeigui/index.php/Home/AdMetail/index/id/video-js.css
INFO: [ app_init ] --START--
INFO: Run Behavior\BuildLiteBehavior [ RunTime:0.000044s ]
INFO: [ app_init ] --END-- [ RunTime:0.000278s ]
INFO: [ app_begin ] --START--
INFO: Run Behavior\ReadHtmlCacheBehavior [ RunTime:0.000993s ]
INFO: [ app_begin ] --END-- [ RunTime:0.001200s ]
SQL: SHOW COLUMNS FROM `na_ad` [ RunTime:0.0098s ]
SQL: SHOW COLUMNS FROM `na_ad` [ RunTime:0.0055s ]
SQL: UPDATE `na_ad` SET `na_ad_count`=na_ad_count+1 WHERE `na_ad_id` = 0 [ RunTime:0.0003s ]
SQL: SELECT * FROM `na_ad` WHERE `na_ad_id` = 0 LIMIT 1   [ RunTime:0.0003s ]
SQL: SHOW COLUMNS FROM `na_comment` [ RunTime:0.0064s ]
SQL: SHOW COLUMNS FROM `na_comment` [ RunTime:0.0055s ]
SQL: SHOW COLUMNS FROM `na_comment` [ RunTime:0.0048s ]
SQL: SELECT COUNT(*) AS tp_count FROM na_comment a,na_user b WHERE ( a.na_comment_userId=b.na_user_id ) AND a.na_comment_type = '评论' AND `na_comment_adId` = 0 LIMIT 1   [ RunTime:0.0004s ]
SQL: SHOW COLUMNS FROM `na_comment` [ RunTime:0.0053s ]
SQL: SELECT * FROM na_comment a,na_user b WHERE ( a.na_comment_userId=b.na_user_id ) AND a.na_comment_type = '评论' AND `na_comment_adId` = 0 ORDER BY `na_comment_time` desc LIMIT 0,4   [ RunTime:0.0034s ]
SQL: SELECT * FROM `na_ad` WHERE `na_ad_adType` = null ORDER BY `na_ad_count` desc LIMIT 4   [ RunTime:0.0948s ]
INFO: [ app_end ] --START--
INFO: Run Behavior\ShowPageTraceBehavior [ RunTime:0.000954s ]
INFO: [ app_end ] --END-- [ RunTime:0.001112s ]

[ 2018-03-01T09:53:09+08:00 ] 127.0.0.1 /newmeigui/index.php/Home/MyInfo
INFO: [ app_init ] --START--
INFO: Run Behavior\BuildLiteBehavior [ RunTime:0.000046s ]
INFO: [ app_init ] --END-- [ RunTime:0.000285s ]
INFO: [ app_begin ] --START--
INFO: Run Behavior\ReadHtmlCacheBehavior [ RunTime:0.001394s ]
INFO: [ app_begin ] --END-- [ RunTime:0.001638s ]

[ 2018-03-01T09:53:11+08:00 ] 127.0.0.1 /newmeigui/index.php/Home/Index/index
INFO: [ app_init ] --START--
INFO: Run Behavior\BuildLiteBehavior [ RunTime:0.000031s ]
INFO: [ app_init ] --END-- [ RunTime:0.000196s ]
INFO: [ app_begin ] --START--
INFO: Run Behavior\ReadHtmlCacheBehavior [ RunTime:0.001026s ]
INFO: [ app_begin ] --END-- [ RunTime:0.001269s ]
SQL: SHOW COLUMNS FROM `na_ad` [ RunTime:0.0123s ]
SQL: SHOW COLUMNS FROM `na_ad` [ RunTime:0.0059s ]
SQL: SELECT * FROM `na_ad` WHERE `na_ad_adType` = '图文' ORDER BY `na_ad_count` desc LIMIT 3   [ RunTime:0.0005s ]
SQL: SHOW COLUMNS FROM `na_user` [ RunTime:0.0085s ]
SQL: SHOW COLUMNS FROM `na_user` [ RunTime:0.0058s ]
SQL: SELECT * FROM `na_user` WHERE `na_user_id` = null LIMIT 1   [ RunTime:0.0003s ]
SQL: SHOW COLUMNS FROM `na_adlove` [ RunTime:0.0071s ]
SQL: SHOW COLUMNS FROM `na_adlove` [ RunTime:0.0048s ]
SQL: SHOW COLUMNS FROM `na_adlove` [ RunTime:0.0060s ]
SQL: SELECT * FROM na_adlove a,na_ad b WHERE ( a.na_adlove_adId=b.na_ad_id ) ORDER BY a.na_adlove_count desc LIMIT 3   [ RunTime:0.0004s ]
INFO: [ view_parse ] --START--
INFO: [ template_filter ] --START--
INFO: Run Behavior\ContentReplaceBehavior [ RunTime:0.000119s ]
INFO: [ template_filter ] --END-- [ RunTime:0.000236s ]
NOTIC: [8] Undefined variable: info D:\phpworkspaces\newmeigui\Application\Runtime\Cache\Home\54d51b08bea1174e92f3f8780711524d.php 第 59 行.
INFO: Run Behavior\ParseTemplateBehavior [ RunTime:0.022613s ]
INFO: [ view_parse ] --END-- [ RunTime:0.022775s ]
INFO: [ view_filter ] --START--
INFO: Run Behavior\WriteHtmlCacheBehavior [ RunTime:0.000456s ]
INFO: [ view_filter ] --END-- [ RunTime:0.000649s ]
INFO: [ app_end ] --START--
INFO: Run Behavior\ShowPageTraceBehavior [ RunTime:0.000874s ]
INFO: [ app_end ] --END-- [ RunTime:0.001039s ]

[ 2018-03-01T09:54:04+08:00 ] 127.0.0.1 /newmeigui/index.php/Home/AdRank
INFO: [ app_init ] --START--
INFO: Run Behavior\BuildLiteBehavior [ RunTime:0.000049s ]
INFO: [ app_init ] --END-- [ RunTime:0.000310s ]
INFO: [ app_begin ] --START--
INFO: Run Behavior\ReadHtmlCacheBehavior [ RunTime:0.001403s ]
INFO: [ app_begin ] --END-- [ RunTime:0.001735s ]
SQL: SHOW COLUMNS FROM `na_ad` [ RunTime:0.0108s ]
SQL: SHOW COLUMNS FROM `na_user` [ RunTime:0.0074s ]
SQL: SHOW COLUMNS FROM `na_user` [ RunTime:0.0055s ]
SQL: SELECT * FROM `na_user` WHERE `na_user_id` = null LIMIT 1   [ RunTime:0.0003s ]
SQL: SHOW COLUMNS FROM `na_ad` [ RunTime:0.0052s ]
SQL: SELECT * FROM `na_ad` ORDER BY `na_ad_time` desc LIMIT 20   [ RunTime:0.0006s ]
INFO: [ view_parse ] --START--
INFO: [ template_filter ] --START--
INFO: Run Behavior\ContentReplaceBehavior [ RunTime:0.000099s ]
INFO: [ template_filter ] --END-- [ RunTime:0.000219s ]
INFO: Run Behavior\ParseTemplateBehavior [ RunTime:0.010605s ]
INFO: [ view_parse ] --END-- [ RunTime:0.010745s ]
INFO: [ view_filter ] --START--
INFO: Run Behavior\WriteHtmlCacheBehavior [ RunTime:0.000256s ]
INFO: [ view_filter ] --END-- [ RunTime:0.000360s ]
INFO: [ app_end ] --START--
INFO: Run Behavior\ShowPageTraceBehavior [ RunTime:0.000835s ]
INFO: [ app_end ] --END-- [ RunTime:0.001052s ]

[ 2018-03-01T09:54:19+08:00 ] 127.0.0.1 /newmeigui/index.php/Home/MyInfo
INFO: [ app_init ] --START--
INFO: Run Behavior\BuildLiteBehavior [ RunTime:0.000026s ]
INFO: [ app_init ] --END-- [ RunTime:0.000162s ]
INFO: [ app_begin ] --START--
INFO: Run Behavior\ReadHtmlCacheBehavior [ RunTime:0.000516s ]
INFO: [ app_begin ] --END-- [ RunTime:0.000638s ]

[ 2018-03-01T09:54:22+08:00 ] 127.0.0.1 /newmeigui/index.php/Home/Index/index
INFO: [ app_init ] --START--
INFO: Run Behavior\BuildLiteBehavior [ RunTime:0.000038s ]
INFO: [ app_init ] --END-- [ RunTime:0.000256s ]
INFO: [ app_begin ] --START--
INFO: Run Behavior\ReadHtmlCacheBehavior [ RunTime:0.000730s ]
INFO: [ app_begin ] --END-- [ RunTime:0.000906s ]
SQL: SHOW COLUMNS FROM `na_ad` [ RunTime:0.0151s ]
SQL: SHOW COLUMNS FROM `na_ad` [ RunTime:0.0072s ]
SQL: SELECT * FROM `na_ad` WHERE `na_ad_adType` = '图文' ORDER BY `na_ad_count` desc LIMIT 3   [ RunTime:0.0006s ]
SQL: SHOW COLUMNS FROM `na_user` [ RunTime:0.0102s ]
SQL: SHOW COLUMNS FROM `na_user` [ RunTime:0.0064s ]
SQL: SELECT * FROM `na_user` WHERE `na_user_id` = null LIMIT 1   [ RunTime:0.0004s ]
SQL: SHOW COLUMNS FROM `na_adlove` [ RunTime:0.0106s ]
SQL: SHOW COLUMNS FROM `na_adlove` [ RunTime:0.0063s ]
SQL: SHOW COLUMNS FROM `na_adlove` [ RunTime:0.0053s ]
SQL: SELECT * FROM na_adlove a,na_ad b WHERE ( a.na_adlove_adId=b.na_ad_id ) ORDER BY a.na_adlove_count desc LIMIT 3   [ RunTime:0.0005s ]
INFO: [ view_parse ] --START--
INFO: [ template_filter ] --START--
INFO: Run Behavior\ContentReplaceBehavior [ RunTime:0.000115s ]
INFO: [ template_filter ] --END-- [ RunTime:0.000229s ]
NOTIC: [8] Undefined variable: info D:\phpworkspaces\newmeigui\Application\Runtime\Cache\Home\54d51b08bea1174e92f3f8780711524d.php 第 59 行.
INFO: Run Behavior\ParseTemplateBehavior [ RunTime:0.016205s ]
INFO: [ view_parse ] --END-- [ RunTime:0.016334s ]
INFO: [ view_filter ] --START--
INFO: Run Behavior\WriteHtmlCacheBehavior [ RunTime:0.000281s ]
INFO: [ view_filter ] --END-- [ RunTime:0.000398s ]
INFO: [ app_end ] --START--
INFO: Run Behavior\ShowPageTraceBehavior [ RunTime:0.000749s ]
INFO: [ app_end ] --END-- [ RunTime:0.000951s ]

[ 2018-03-01T09:54:43+08:00 ] 127.0.0.1 /newmeigui/index.php/Home/AdComment
INFO: [ app_init ] --START--
INFO: Run Behavior\BuildLiteBehavior [ RunTime:0.000044s ]
INFO: [ app_init ] --END-- [ RunTime:0.000272s ]
INFO: [ app_begin ] --START--
INFO: Run Behavior\ReadHtmlCacheBehavior [ RunTime:0.001051s ]
INFO: [ app_begin ] --END-- [ RunTime:0.001293s ]
SQL: SHOW COLUMNS FROM `na_picture` [ RunTime:0.0121s ]
SQL: SHOW COLUMNS FROM `na_picture` [ RunTime:0.0079s ]
SQL: SELECT * FROM `na_picture` WHERE `na_picture_type` = '评论' ORDER BY `na_picture_order`  [ RunTime:0.0005s ]
SQL: SHOW COLUMNS FROM `na_adtype` [ RunTime:0.0089s ]
SQL: SHOW COLUMNS FROM `na_adtype` [ RunTime:0.0067s ]
SQL: SELECT * FROM `na_adtype`  [ RunTime:0.0003s ]
SQL: SHOW COLUMNS FROM `na_comment` [ RunTime:0.0088s ]
SQL: SHOW COLUMNS FROM `na_comment` [ RunTime:0.0062s ]
SQL: SHOW COLUMNS FROM `na_comment` [ RunTime:0.0051s ]
SQL: SELECT * FROM na_comment a,na_user b WHERE `na_comment_type` = '动态' AND ( a.na_comment_userId=b.na_user_id ) ORDER BY `na_comment_time` LIMIT 1   [ RunTime:0.0142s ]
SQL: SHOW COLUMNS FROM `na_ad` [ RunTime:0.0127s ]
SQL: SELECT COUNT(*) AS tp_count FROM `na_ad` LIMIT 1   [ RunTime:0.0003s ]
SQL: SELECT * FROM `na_ad` ORDER BY `na_ad_time` desc LIMIT 0,15   [ RunTime:0.0006s ]
SQL: SELECT `na_comment_content`,`na_comment_time` FROM `na_comment` WHERE ( na_comment_type='评论' AND na_comment_adId='159' )  [ RunTime:0.0004s ]
SQL: SELECT `na_comment_content`,`na_comment_time` FROM `na_comment` WHERE ( na_comment_type='评论' AND na_comment_adId='158' )  [ RunTime:0.0004s ]
SQL: SELECT `na_comment_content`,`na_comment_time` FROM `na_comment` WHERE ( na_comment_type='评论' AND na_comment_adId='157' )  [ RunTime:0.0004s ]
SQL: SELECT `na_comment_content`,`na_comment_time` FROM `na_comment` WHERE ( na_comment_type='评论' AND na_comment_adId='151' )  [ RunTime:0.0005s ]
SQL: SELECT `na_comment_content`,`na_comment_time` FROM `na_comment` WHERE ( na_comment_type='评论' AND na_comment_adId='149' )  [ RunTime:0.0003s ]
SQL: SELECT `na_comment_content`,`na_comment_time` FROM `na_comment` WHERE ( na_comment_type='评论' AND na_comment_adId='146' )  [ RunTime:0.0004s ]
SQL: SELECT `na_comment_content`,`na_comment_time` FROM `na_comment` WHERE ( na_comment_type='评论' AND na_comment_adId='145' )  [ RunTime:0.0008s ]
SQL: SELECT `na_comment_content`,`na_comment_time` FROM `na_comment` WHERE ( na_comment_type='评论' AND na_comment_adId='144' )  [ RunTime:0.0004s ]
SQL: SELECT `na_comment_content`,`na_comment_time` FROM `na_comment` WHERE ( na_comment_type='评论' AND na_comment_adId='143' )  [ RunTime:0.0004s ]
SQL: SELECT `na_comment_content`,`na_comment_time` FROM `na_comment` WHERE ( na_comment_type='评论' AND na_comment_adId='142' )  [ RunTime:0.0004s ]
SQL: SELECT `na_comment_content`,`na_comment_time` FROM `na_comment` WHERE ( na_comment_type='评论' AND na_comment_adId='141' )  [ RunTime:0.0004s ]
SQL: SELECT `na_comment_content`,`na_comment_time` FROM `na_comment` WHERE ( na_comment_type='评论' AND na_comment_adId='140' )  [ RunTime:0.0004s ]
SQL: SELECT `na_comment_content`,`na_comment_time` FROM `na_comment` WHERE ( na_comment_type='评论' AND na_comment_adId='139' )  [ RunTime:0.0004s ]
SQL: SELECT `na_comment_content`,`na_comment_time` FROM `na_comment` WHERE ( na_comment_type='评论' AND na_comment_adId='138' )  [ RunTime:0.0003s ]
SQL: SELECT `na_comment_content`,`na_comment_time` FROM `na_comment` WHERE ( na_comment_type='评论' AND na_comment_adId='137' )  [ RunTime:0.0003s ]
SQL: SHOW COLUMNS FROM `na_user` [ RunTime:0.0446s ]
SQL: SHOW COLUMNS FROM `na_user` [ RunTime:0.0052s ]
SQL: SELECT * FROM `na_user` WHERE `na_user_id` = null LIMIT 1   [ RunTime:0.0003s ]
SQL: SHOW COLUMNS FROM `na_ad` [ RunTime:0.0052s ]
SQL: SELECT * FROM `na_ad` ORDER BY `na_ad_time` desc LIMIT 2   [ RunTime:0.0005s ]
INFO: [ view_parse ] --START--
INFO: [ template_filter ] --START--
INFO: Run Behavior\ContentReplaceBehavior [ RunTime:0.000140s ]
INFO: [ template_filter ] --END-- [ RunTime:0.000254s ]
NOTIC: [8] Undefined variable: arr D:\phpworkspaces\newmeigui\Application\Runtime\Cache\Home\da23dea7fafc9a5db9ec048f18e13227.php 第 136 行.
INFO: Run Behavior\ParseTemplateBehavior [ RunTime:0.118735s ]
INFO: [ view_parse ] --END-- [ RunTime:0.118891s ]
INFO: [ view_filter ] --START--
INFO: Run Behavior\WriteHtmlCacheBehavior [ RunTime:0.000303s ]
INFO: [ view_filter ] --END-- [ RunTime:0.000406s ]
INFO: [ app_end ] --START--
INFO: Run Behavior\ShowPageTraceBehavior [ RunTime:0.000852s ]
INFO: [ app_end ] --END-- [ RunTime:0.001074s ]

[ 2018-03-01T09:54:53+08:00 ] 127.0.0.1 /newmeigui/index.php/Home/AdMetail/index/id/138
INFO: [ app_init ] --START--
INFO: Run Behavior\BuildLiteBehavior [ RunTime:0.000042s ]
INFO: [ app_init ] --END-- [ RunTime:0.000262s ]
INFO: [ app_begin ] --START--
INFO: Run Behavior\ReadHtmlCacheBehavior [ RunTime:0.000861s ]
INFO: [ app_begin ] --END-- [ RunTime:0.001230s ]
SQL: SHOW COLUMNS FROM `na_ad` [ RunTime:0.0697s ]
SQL: SHOW COLUMNS FROM `na_ad` [ RunTime:0.0099s ]
SQL: UPDATE `na_ad` SET `na_ad_count`=na_ad_count+1 WHERE `na_ad_id` = 138 [ RunTime:0.0441s ]
SQL: SELECT * FROM `na_ad` WHERE `na_ad_id` = 138 LIMIT 1   [ RunTime:0.0008s ]
SQL: SHOW COLUMNS FROM `na_comment` [ RunTime:0.0135s ]
SQL: SHOW COLUMNS FROM `na_comment` [ RunTime:0.0088s ]
SQL: SHOW COLUMNS FROM `na_comment` [ RunTime:0.0105s ]
SQL: SELECT COUNT(*) AS tp_count FROM na_comment a,na_user b WHERE ( a.na_comment_userId=b.na_user_id ) AND a.na_comment_type = '评论' AND `na_comment_adId` = 138 LIMIT 1   [ RunTime:0.0006s ]
SQL: SHOW COLUMNS FROM `na_comment` [ RunTime:0.0094s ]
SQL: SELECT * FROM na_comment a,na_user b WHERE ( a.na_comment_userId=b.na_user_id ) AND a.na_comment_type = '评论' AND `na_comment_adId` = 138 ORDER BY `na_comment_time` desc LIMIT 0,4   [ RunTime:0.0113s ]
SQL: SELECT * FROM `na_ad` WHERE `na_ad_adType` = '图文' ORDER BY `na_ad_count` desc LIMIT 4   [ RunTime:0.0115s ]
NOTIC: [8] Use of undefined constant p_info - assumed 'p_info' D:\phpworkspaces\newmeigui\Application\Home\Controller\AdMetailController.class.php 第 134 行.
INFO: [ view_parse ] --START--
INFO: [ template_filter ] --START--
INFO: Run Behavior\ContentReplaceBehavior [ RunTime:0.000144s ]
INFO: [ template_filter ] --END-- [ RunTime:0.000273s ]
INFO: Run Behavior\ParseTemplateBehavior [ RunTime:0.180598s ]
INFO: [ view_parse ] --END-- [ RunTime:0.180794s ]
INFO: [ view_filter ] --START--
INFO: Run Behavior\WriteHtmlCacheBehavior [ RunTime:0.000357s ]
INFO: [ view_filter ] --END-- [ RunTime:0.000461s ]
INFO: [ app_end ] --START--
INFO: Run Behavior\ShowPageTraceBehavior [ RunTime:0.000932s ]
INFO: [ app_end ] --END-- [ RunTime:0.001154s ]

[ 2018-03-01T09:54:54+08:00 ] 127.0.0.1 /newmeigui/index.php/Home/AdMetail/index/id/video-js.css
INFO: [ app_init ] --START--
INFO: Run Behavior\BuildLiteBehavior [ RunTime:0.000024s ]
INFO: [ app_init ] --END-- [ RunTime:0.000154s ]
INFO: [ app_begin ] --START--
INFO: Run Behavior\ReadHtmlCacheBehavior [ RunTime:0.000671s ]
INFO: [ app_begin ] --END-- [ RunTime:0.000801s ]
SQL: SHOW COLUMNS FROM `na_ad` [ RunTime:0.0068s ]
SQL: SHOW COLUMNS FROM `na_ad` [ RunTime:0.0061s ]
SQL: UPDATE `na_ad` SET `na_ad_count`=na_ad_count+1 WHERE `na_ad_id` = 0 [ RunTime:0.0002s ]
SQL: SELECT * FROM `na_ad` WHERE `na_ad_id` = 0 LIMIT 1   [ RunTime:0.0002s ]
SQL: SHOW COLUMNS FROM `na_comment` [ RunTime:0.0056s ]
SQL: SHOW COLUMNS FROM `na_comment` [ RunTime:0.0053s ]
SQL: SHOW COLUMNS FROM `na_comment` [ RunTime:0.0050s ]
SQL: SELECT COUNT(*) AS tp_count FROM na_comment a,na_user b WHERE ( a.na_comment_userId=b.na_user_id ) AND a.na_comment_type = '评论' AND `na_comment_adId` = 0 LIMIT 1   [ RunTime:0.0003s ]
SQL: SHOW COLUMNS FROM `na_comment` [ RunTime:0.0066s ]
SQL: SELECT * FROM na_comment a,na_user b WHERE ( a.na_comment_userId=b.na_user_id ) AND a.na_comment_type = '评论' AND `na_comment_adId` = 0 ORDER BY `na_comment_time` desc LIMIT 0,4   [ RunTime:0.0031s ]
SQL: SELECT * FROM `na_ad` WHERE `na_ad_adType` = null ORDER BY `na_ad_count` desc LIMIT 4   [ RunTime:0.0003s ]
INFO: [ app_end ] --START--
INFO: Run Behavior\ShowPageTraceBehavior [ RunTime:0.000739s ]
INFO: [ app_end ] --END-- [ RunTime:0.000853s ]

[ 2018-03-01T09:54:54+08:00 ] 127.0.0.1 /newmeigui/index.php/Home/AdMetail/index/id/video.js
INFO: [ app_init ] --START--
INFO: Run Behavior\BuildLiteBehavior [ RunTime:0.000024s ]
INFO: [ app_init ] --END-- [ RunTime:0.000147s ]
INFO: [ app_begin ] --START--
INFO: Run Behavior\ReadHtmlCacheBehavior [ RunTime:0.003007s ]
INFO: [ app_begin ] --END-- [ RunTime:0.003731s ]
SQL: SHOW COLUMNS FROM `na_ad` [ RunTime:0.0118s ]
SQL: SHOW COLUMNS FROM `na_ad` [ RunTime:0.0067s ]
SQL: UPDATE `na_ad` SET `na_ad_count`=na_ad_count+1 WHERE `na_ad_id` = 0 [ RunTime:0.0003s ]
SQL: SELECT * FROM `na_ad` WHERE `na_ad_id` = 0 LIMIT 1   [ RunTime:0.0003s ]
SQL: SHOW COLUMNS FROM `na_comment` [ RunTime:0.0090s ]
SQL: SHOW COLUMNS FROM `na_comment` [ RunTime:0.0056s ]
SQL: SHOW COLUMNS FROM `na_comment` [ RunTime:0.0059s ]
SQL: SELECT COUNT(*) AS tp_count FROM na_comment a,na_user b WHERE ( a.na_comment_userId=b.na_user_id ) AND a.na_comment_type = '评论' AND `na_comment_adId` = 0 LIMIT 1   [ RunTime:0.0005s ]
SQL: SHOW COLUMNS FROM `na_comment` [ RunTime:0.0065s ]
SQL: SELECT * FROM na_comment a,na_user b WHERE ( a.na_comment_userId=b.na_user_id ) AND a.na_comment_type = '评论' AND `na_comment_adId` = 0 ORDER BY `na_comment_time` desc LIMIT 0,4   [ RunTime:0.0061s ]
SQL: SELECT * FROM `na_ad` WHERE `na_ad_adType` = null ORDER BY `na_ad_count` desc LIMIT 4   [ RunTime:0.0004s ]
INFO: [ app_end ] --START--
INFO: Run Behavior\ShowPageTraceBehavior [ RunTime:0.000607s ]
INFO: [ app_end ] --END-- [ RunTime:0.000720s ]

[ 2018-03-01T09:55:29+08:00 ] 127.0.0.1 /newmeigui/
INFO: [ app_init ] --START--
INFO: Run Behavior\BuildLiteBehavior [ RunTime:0.000025s ]
INFO: [ app_init ] --END-- [ RunTime:0.000155s ]
INFO: [ app_begin ] --START--
INFO: Run Behavior\ReadHtmlCacheBehavior [ RunTime:0.000629s ]
INFO: [ app_begin ] --END-- [ RunTime:0.000753s ]
SQL: SHOW COLUMNS FROM `na_ad` [ RunTime:0.0107s ]
SQL: SHOW COLUMNS FROM `na_ad` [ RunTime:0.0082s ]
SQL: SELECT * FROM `na_ad` WHERE `na_ad_adType` = '图文' ORDER BY `na_ad_count` desc LIMIT 3   [ RunTime:0.0007s ]
SQL: SHOW COLUMNS FROM `na_user` [ RunTime:0.0088s ]
SQL: SHOW COLUMNS FROM `na_user` [ RunTime:0.0060s ]
SQL: SELECT * FROM `na_user` WHERE `na_user_id` = null LIMIT 1   [ RunTime:0.0003s ]
SQL: SHOW COLUMNS FROM `na_adlove` [ RunTime:0.0090s ]
SQL: SHOW COLUMNS FROM `na_adlove` [ RunTime:0.0050s ]
SQL: SHOW COLUMNS FROM `na_adlove` [ RunTime:0.0047s ]
SQL: SELECT * FROM na_adlove a,na_ad b WHERE ( a.na_adlove_adId=b.na_ad_id ) ORDER BY a.na_adlove_count desc LIMIT 3   [ RunTime:0.0005s ]
INFO: [ view_parse ] --START--
INFO: [ template_filter ] --START--
INFO: Run Behavior\ContentReplaceBehavior [ RunTime:0.000121s ]
INFO: [ template_filter ] --END-- [ RunTime:0.000239s ]
NOTIC: [8] Undefined variable: info D:\phpworkspaces\newmeigui\Application\Runtime\Cache\Home\54d51b08bea1174e92f3f8780711524d.php 第 59 行.
INFO: Run Behavior\ParseTemplateBehavior [ RunTime:0.017387s ]
INFO: [ view_parse ] --END-- [ RunTime:0.017554s ]
INFO: [ view_filter ] --START--
INFO: Run Behavior\WriteHtmlCacheBehavior [ RunTime:0.000421s ]
INFO: [ view_filter ] --END-- [ RunTime:0.000529s ]
INFO: [ app_end ] --START--
INFO: Run Behavior\ShowPageTraceBehavior [ RunTime:0.000632s ]
INFO: [ app_end ] --END-- [ RunTime:0.000757s ]

[ 2018-03-01T09:55:39+08:00 ] 127.0.0.1 /newmeigui/index.php/Home/AdSearch
INFO: [ app_init ] --START--
INFO: Run Behavior\BuildLiteBehavior [ RunTime:0.000032s ]
INFO: [ app_init ] --END-- [ RunTime:0.000171s ]
INFO: [ app_begin ] --START--
INFO: Run Behavior\ReadHtmlCacheBehavior [ RunTime:0.001036s ]
INFO: [ app_begin ] --END-- [ RunTime:0.001297s ]
SQL: SHOW COLUMNS FROM `na_picture` [ RunTime:0.0132s ]
SQL: SHOW COLUMNS FROM `na_picture` [ RunTime:0.0075s ]
SQL: SELECT * FROM `na_picture` WHERE `na_picture_type` = '广告' ORDER BY `na_picture_order`  [ RunTime:0.0005s ]
SQL: SHOW COLUMNS FROM `na_user` [ RunTime:0.0111s ]
SQL: SHOW COLUMNS FROM `na_user` [ RunTime:0.0060s ]
SQL: SELECT * FROM `na_user` WHERE `na_user_id` = null LIMIT 1   [ RunTime:0.0003s ]
SQL: SHOW COLUMNS FROM `na_ad` [ RunTime:0.0110s ]
NOTIC: [8] Uninitialized string offset: 1 D:\phpworkspaces\newmeigui\ThinkPHP\Common\functions.php 第 1873 行.
NOTIC: [8] Undefined offset: 1 D:\phpworkspaces\newmeigui\ThinkPHP\Common\functions.php 第 1873 行.
SQL: SHOW COLUMNS FROM `na_ad` [ RunTime:0.0078s ]
SQL: SELECT COUNT(*) AS tp_count FROM `na_ad` WHERE `na_ad_name` LIKE '%%' AND `na_ad_place` LIKE '%%' AND `na_ad_type` LIKE '%%' AND `na_ad_year` LIKE '%%' LIMIT 1   [ RunTime:0.0004s ]
SQL: SELECT `na_ad_id`,`na_ad_name`,`na_ad_showPath`,`na_ad_introduce`,`na_ad_content` FROM `na_ad` WHERE `na_ad_name` LIKE '%%' AND `na_ad_place` LIKE '%%' AND `na_ad_type` LIKE '%%' AND `na_ad_year` LIKE '%%' ORDER BY `na_ad_time` desc LIMIT 0,20   [ RunTime:0.0006s ]
SQL: SHOW COLUMNS FROM `na_adtype` [ RunTime:0.0095s ]
SQL: SHOW COLUMNS FROM `na_adtype` [ RunTime:0.0058s ]
SQL: SELECT * FROM `na_adtype`  [ RunTime:0.0003s ]
NOTIC: [8] Use of undefined constant adSearch - assumed 'adSearch' D:\phpworkspaces\newmeigui\Application\Home\Controller\AdSearchController.class.php 第 25 行.
INFO: [ view_parse ] --START--
INFO: [ template_filter ] --START--
INFO: Run Behavior\ContentReplaceBehavior [ RunTime:0.000135s ]
INFO: [ template_filter ] --END-- [ RunTime:0.000257s ]
INFO: Run Behavior\ParseTemplateBehavior [ RunTime:0.202535s ]
INFO: [ view_parse ] --END-- [ RunTime:0.202662s ]
INFO: [ view_filter ] --START--
INFO: Run Behavior\WriteHtmlCacheBehavior [ RunTime:0.000729s ]
INFO: [ view_filter ] --END-- [ RunTime:0.000903s ]
INFO: [ app_end ] --START--
INFO: Run Behavior\ShowPageTraceBehavior [ RunTime:0.001309s ]
INFO: [ app_end ] --END-- [ RunTime:0.001551s ]

[ 2018-03-01T09:55:42+08:00 ] 127.0.0.1 /newmeigui/index.php/AdSearch/index/p/2.html
INFO: [ app_init ] --START--
INFO: Run Behavior\BuildLiteBehavior [ RunTime:0.000030s ]
INFO: [ app_init ] --END-- [ RunTime:0.000165s ]
INFO: [ app_begin ] --START--
INFO: Run Behavior\ReadHtmlCacheBehavior [ RunTime:0.000763s ]
INFO: [ app_begin ] --END-- [ RunTime:0.000907s ]
SQL: SHOW COLUMNS FROM `na_picture` [ RunTime:0.0139s ]
SQL: SHOW COLUMNS FROM `na_picture` [ RunTime:0.0082s ]
SQL: SELECT * FROM `na_picture` WHERE `na_picture_type` = '广告' ORDER BY `na_picture_order`  [ RunTime:0.0005s ]
SQL: SHOW COLUMNS FROM `na_user` [ RunTime:0.0122s ]
SQL: SHOW COLUMNS FROM `na_user` [ RunTime:0.0089s ]
SQL: SELECT * FROM `na_user` WHERE `na_user_id` = null LIMIT 1   [ RunTime:0.0003s ]
SQL: SHOW COLUMNS FROM `na_ad` [ RunTime:0.0077s ]
NOTIC: [8] Uninitialized string offset: 1 D:\phpworkspaces\newmeigui\ThinkPHP\Common\functions.php 第 1873 行.
NOTIC: [8] Undefined offset: 1 D:\phpworkspaces\newmeigui\ThinkPHP\Common\functions.php 第 1873 行.
SQL: SHOW COLUMNS FROM `na_ad` [ RunTime:0.0049s ]
SQL: SELECT COUNT(*) AS tp_count FROM `na_ad` WHERE `na_ad_name` LIKE '%%' AND `na_ad_place` LIKE '%%' AND `na_ad_type` LIKE '%%' AND `na_ad_year` LIKE '%%' LIMIT 1   [ RunTime:0.0003s ]
SQL: SELECT `na_ad_id`,`na_ad_name`,`na_ad_showPath`,`na_ad_introduce`,`na_ad_content` FROM `na_ad` WHERE `na_ad_name` LIKE '%%' AND `na_ad_place` LIKE '%%' AND `na_ad_type` LIKE '%%' AND `na_ad_year` LIKE '%%' ORDER BY `na_ad_time` desc LIMIT 20,20   [ RunTime:0.0006s ]
SQL: SHOW COLUMNS FROM `na_adtype` [ RunTime:0.0074s ]
SQL: SHOW COLUMNS FROM `na_adtype` [ RunTime:0.0064s ]
SQL: SELECT * FROM `na_adtype`  [ RunTime:0.0003s ]
NOTIC: [8] Use of undefined constant adSearch - assumed 'adSearch' D:\phpworkspaces\newmeigui\Application\Home\Controller\AdSearchController.class.php 第 25 行.
INFO: [ view_parse ] --START--
INFO: [ template_filter ] --START--
INFO: Run Behavior\ContentReplaceBehavior [ RunTime:0.000136s ]
INFO: [ template_filter ] --END-- [ RunTime:0.000251s ]
INFO: Run Behavior\ParseTemplateBehavior [ RunTime:0.136240s ]
INFO: [ view_parse ] --END-- [ RunTime:0.136429s ]
INFO: [ view_filter ] --START--
INFO: Run Behavior\WriteHtmlCacheBehavior [ RunTime:0.000737s ]
INFO: [ view_filter ] --END-- [ RunTime:0.000951s ]
INFO: [ app_end ] --START--
INFO: Run Behavior\ShowPageTraceBehavior [ RunTime:0.001187s ]
INFO: [ app_end ] --END-- [ RunTime:0.001427s ]

[ 2018-03-01T09:55:50+08:00 ] 127.0.0.1 /newmeigui/index.php/AdSearch/index/p/1.html
INFO: [ app_init ] --START--
INFO: Run Behavior\BuildLiteBehavior [ RunTime:0.000028s ]
INFO: [ app_init ] --END-- [ RunTime:0.000200s ]
INFO: [ app_begin ] --START--
INFO: Run Behavior\ReadHtmlCacheBehavior [ RunTime:0.000617s ]
INFO: [ app_begin ] --END-- [ RunTime:0.000743s ]
SQL: SHOW COLUMNS FROM `na_picture` [ RunTime:0.0128s ]
SQL: SHOW COLUMNS FROM `na_picture` [ RunTime:0.0059s ]
SQL: SELECT * FROM `na_picture` WHERE `na_picture_type` = '广告' ORDER BY `na_picture_order`  [ RunTime:0.0004s ]
SQL: SHOW COLUMNS FROM `na_user` [ RunTime:0.0091s ]
SQL: SHOW COLUMNS FROM `na_user` [ RunTime:0.0058s ]
SQL: SELECT * FROM `na_user` WHERE `na_user_id` = null LIMIT 1   [ RunTime:0.0003s ]
SQL: SHOW COLUMNS FROM `na_ad` [ RunTime:0.0123s ]
NOTIC: [8] Uninitialized string offset: 1 D:\phpworkspaces\newmeigui\ThinkPHP\Common\functions.php 第 1873 行.
NOTIC: [8] Undefined offset: 1 D:\phpworkspaces\newmeigui\ThinkPHP\Common\functions.php 第 1873 行.
SQL: SHOW COLUMNS FROM `na_ad` [ RunTime:0.0061s ]
SQL: SELECT COUNT(*) AS tp_count FROM `na_ad` WHERE `na_ad_name` LIKE '%%' AND `na_ad_place` LIKE '%%' AND `na_ad_type` LIKE '%%' AND `na_ad_year` LIKE '%%' LIMIT 1   [ RunTime:0.0005s ]
SQL: SELECT `na_ad_id`,`na_ad_name`,`na_ad_showPath`,`na_ad_introduce`,`na_ad_content` FROM `na_ad` WHERE `na_ad_name` LIKE '%%' AND `na_ad_place` LIKE '%%' AND `na_ad_type` LIKE '%%' AND `na_ad_year` LIKE '%%' ORDER BY `na_ad_time` desc LIMIT 0,20   [ RunTime:0.0007s ]
SQL: SHOW COLUMNS FROM `na_adtype` [ RunTime:0.0104s ]
SQL: SHOW COLUMNS FROM `na_adtype` [ RunTime:0.0061s ]
SQL: SELECT * FROM `na_adtype`  [ RunTime:0.0003s ]
NOTIC: [8] Use of undefined constant adSearch - assumed 'adSearch' D:\phpworkspaces\newmeigui\Application\Home\Controller\AdSearchController.class.php 第 25 行.
INFO: [ view_parse ] --START--
INFO: [ template_filter ] --START--
INFO: Run Behavior\ContentReplaceBehavior [ RunTime:0.000171s ]
INFO: [ template_filter ] --END-- [ RunTime:0.000309s ]
INFO: Run Behavior\ParseTemplateBehavior [ RunTime:0.129441s ]
INFO: [ view_parse ] --END-- [ RunTime:0.129563s ]
INFO: [ view_filter ] --START--
INFO: Run Behavior\WriteHtmlCacheBehavior [ RunTime:0.000322s ]
INFO: [ view_filter ] --END-- [ RunTime:0.000433s ]
INFO: [ app_end ] --START--
INFO: Run Behavior\ShowPageTraceBehavior [ RunTime:0.001021s ]
INFO: [ app_end ] --END-- [ RunTime:0.001257s ]

[ 2018-03-01T09:55:52+08:00 ] 127.0.0.1 /newmeigui/index.php/Home/AdMetail/index/id/159
INFO: [ app_init ] --START--
INFO: Run Behavior\BuildLiteBehavior [ RunTime:0.000043s ]
INFO: [ app_init ] --END-- [ RunTime:0.000274s ]
INFO: [ app_begin ] --START--
INFO: Run Behavior\ReadHtmlCacheBehavior [ RunTime:0.001455s ]
INFO: [ app_begin ] --END-- [ RunTime:0.001851s ]
SQL: SHOW COLUMNS FROM `na_ad` [ RunTime:0.0116s ]
SQL: SHOW COLUMNS FROM `na_ad` [ RunTime:0.0058s ]
SQL: UPDATE `na_ad` SET `na_ad_count`=na_ad_count+1 WHERE `na_ad_id` = 159 [ RunTime:0.0644s ]
SQL: SELECT * FROM `na_ad` WHERE `na_ad_id` = 159 LIMIT 1   [ RunTime:0.0003s ]
SQL: SHOW COLUMNS FROM `na_comment` [ RunTime:0.0094s ]
SQL: SHOW COLUMNS FROM `na_comment` [ RunTime:0.0114s ]
SQL: SHOW COLUMNS FROM `na_comment` [ RunTime:0.0119s ]
SQL: SELECT COUNT(*) AS tp_count FROM na_comment a,na_user b WHERE ( a.na_comment_userId=b.na_user_id ) AND a.na_comment_type = '评论' AND `na_comment_adId` = 159 LIMIT 1   [ RunTime:0.0004s ]
SQL: SHOW COLUMNS FROM `na_comment` [ RunTime:0.0054s ]
SQL: SELECT * FROM na_comment a,na_user b WHERE ( a.na_comment_userId=b.na_user_id ) AND a.na_comment_type = '评论' AND `na_comment_adId` = 159 ORDER BY `na_comment_time` desc LIMIT 0,4   [ RunTime:0.0067s ]
SQL: SELECT * FROM `na_ad` WHERE `na_ad_adType` = '视频' ORDER BY `na_ad_count` desc LIMIT 4   [ RunTime:0.0005s ]
NOTIC: [8] Use of undefined constant ads - assumed 'ads' D:\phpworkspaces\newmeigui\Application\Home\Controller\AdMetailController.class.php 第 132 行.
INFO: [ view_parse ] --START--
INFO: [ template_filter ] --START--
INFO: Run Behavior\ContentReplaceBehavior [ RunTime:0.000165s ]
INFO: [ template_filter ] --END-- [ RunTime:0.000319s ]
INFO: Run Behavior\ParseTemplateBehavior [ RunTime:0.064316s ]
INFO: [ view_parse ] --END-- [ RunTime:0.064456s ]
INFO: [ view_filter ] --START--
INFO: Run Behavior\WriteHtmlCacheBehavior [ RunTime:0.000367s ]
INFO: [ view_filter ] --END-- [ RunTime:0.000476s ]
INFO: [ app_end ] --START--
INFO: Run Behavior\ShowPageTraceBehavior [ RunTime:0.000773s ]
INFO: [ app_end ] --END-- [ RunTime:0.000961s ]

[ 2018-03-01T09:55:53+08:00 ] 127.0.0.1 /newmeigui/index.php/Home/AdMetail/index/id/video-js.css
INFO: [ app_init ] --START--
INFO: Run Behavior\BuildLiteBehavior [ RunTime:0.000030s ]
INFO: [ app_init ] --END-- [ RunTime:0.000169s ]
INFO: [ app_begin ] --START--
INFO: Run Behavior\ReadHtmlCacheBehavior [ RunTime:0.000536s ]
INFO: [ app_begin ] --END-- [ RunTime:0.000707s ]
SQL: SHOW COLUMNS FROM `na_ad` [ RunTime:0.0094s ]
SQL: SHOW COLUMNS FROM `na_ad` [ RunTime:0.0064s ]
SQL: UPDATE `na_ad` SET `na_ad_count`=na_ad_count+1 WHERE `na_ad_id` = 0 [ RunTime:0.0003s ]
SQL: SELECT * FROM `na_ad` WHERE `na_ad_id` = 0 LIMIT 1   [ RunTime:0.0003s ]
SQL: SHOW COLUMNS FROM `na_comment` [ RunTime:0.0053s ]
SQL: SHOW COLUMNS FROM `na_comment` [ RunTime:0.0050s ]
SQL: SHOW COLUMNS FROM `na_comment` [ RunTime:0.0052s ]
SQL: SELECT COUNT(*) AS tp_count FROM na_comment a,na_user b WHERE ( a.na_comment_userId=b.na_user_id ) AND a.na_comment_type = '评论' AND `na_comment_adId` = 0 LIMIT 1   [ RunTime:0.0004s ]
SQL: SHOW COLUMNS FROM `na_comment` [ RunTime:0.0052s ]
SQL: SELECT * FROM na_comment a,na_user b WHERE ( a.na_comment_userId=b.na_user_id ) AND a.na_comment_type = '评论' AND `na_comment_adId` = 0 ORDER BY `na_comment_time` desc LIMIT 0,4   [ RunTime:0.0036s ]
SQL: SELECT * FROM `na_ad` WHERE `na_ad_adType` = null ORDER BY `na_ad_count` desc LIMIT 4   [ RunTime:0.0004s ]
INFO: [ app_end ] --START--
INFO: Run Behavior\ShowPageTraceBehavior [ RunTime:0.000570s ]
INFO: [ app_end ] --END-- [ RunTime:0.000687s ]

[ 2018-03-01T09:55:53+08:00 ] 127.0.0.1 /newmeigui/index.php/Home/AdMetail/index/id/video.js
INFO: [ app_init ] --START--
INFO: Run Behavior\BuildLiteBehavior [ RunTime:0.000024s ]
INFO: [ app_init ] --END-- [ RunTime:0.000148s ]
INFO: [ app_begin ] --START--
INFO: Run Behavior\ReadHtmlCacheBehavior [ RunTime:0.000548s ]
INFO: [ app_begin ] --END-- [ RunTime:0.000726s ]
SQL: SHOW COLUMNS FROM `na_ad` [ RunTime:0.0168s ]
SQL: SHOW COLUMNS FROM `na_ad` [ RunTime:0.0055s ]
SQL: UPDATE `na_ad` SET `na_ad_count`=na_ad_count+1 WHERE `na_ad_id` = 0 [ RunTime:0.0003s ]
SQL: SELECT * FROM `na_ad` WHERE `na_ad_id` = 0 LIMIT 1   [ RunTime:0.0003s ]
SQL: SHOW COLUMNS FROM `na_comment` [ RunTime:0.0083s ]
SQL: SHOW COLUMNS FROM `na_comment` [ RunTime:0.0054s ]
SQL: SHOW COLUMNS FROM `na_comment` [ RunTime:0.0069s ]
SQL: SELECT COUNT(*) AS tp_count FROM na_comment a,na_user b WHERE ( a.na_comment_userId=b.na_user_id ) AND a.na_comment_type = '评论' AND `na_comment_adId` = 0 LIMIT 1   [ RunTime:0.0003s ]
SQL: SHOW COLUMNS FROM `na_comment` [ RunTime:0.0061s ]
SQL: SELECT * FROM na_comment a,na_user b WHERE ( a.na_comment_userId=b.na_user_id ) AND a.na_comment_type = '评论' AND `na_comment_adId` = 0 ORDER BY `na_comment_time` desc LIMIT 0,4   [ RunTime:0.0059s ]
SQL: SELECT * FROM `na_ad` WHERE `na_ad_adType` = null ORDER BY `na_ad_count` desc LIMIT 4   [ RunTime:0.0004s ]
INFO: [ app_end ] --START--
INFO: Run Behavior\ShowPageTraceBehavior [ RunTime:0.000725s ]
INFO: [ app_end ] --END-- [ RunTime:0.000845s ]

[ 2018-03-01T09:56:12+08:00 ] 127.0.0.1 /newmeigui/index.php/Home/Aa
INFO: [ app_init ] --START--
INFO: Run Behavior\BuildLiteBehavior [ RunTime:0.000035s ]
INFO: [ app_init ] --END-- [ RunTime:0.000212s ]
INFO: [ app_begin ] --START--
INFO: Run Behavior\ReadHtmlCacheBehavior [ RunTime:0.000688s ]
INFO: [ app_begin ] --END-- [ RunTime:0.000877s ]

[ 2018-03-01T09:56:14+08:00 ] 127.0.0.1 /newmeigui/index.php/Home/Index
INFO: [ app_init ] --START--
INFO: Run Behavior\BuildLiteBehavior [ RunTime:0.000063s ]
INFO: [ app_init ] --END-- [ RunTime:0.000387s ]
INFO: [ app_begin ] --START--
INFO: Run Behavior\ReadHtmlCacheBehavior [ RunTime:0.000607s ]
INFO: [ app_begin ] --END-- [ RunTime:0.000753s ]
SQL: SHOW COLUMNS FROM `na_ad` [ RunTime:0.0109s ]
SQL: SHOW COLUMNS FROM `na_ad` [ RunTime:0.0061s ]
SQL: SELECT * FROM `na_ad` WHERE `na_ad_adType` = '图文' ORDER BY `na_ad_count` desc LIMIT 3   [ RunTime:0.0004s ]
SQL: SHOW COLUMNS FROM `na_user` [ RunTime:0.0077s ]
SQL: SHOW COLUMNS FROM `na_user` [ RunTime:0.0056s ]
SQL: SELECT * FROM `na_user` WHERE `na_user_id` = null LIMIT 1   [ RunTime:0.0003s ]
SQL: SHOW COLUMNS FROM `na_adlove` [ RunTime:0.0074s ]
SQL: SHOW COLUMNS FROM `na_adlove` [ RunTime:0.0055s ]
SQL: SHOW COLUMNS FROM `na_adlove` [ RunTime:0.0053s ]
SQL: SELECT * FROM na_adlove a,na_ad b WHERE ( a.na_adlove_adId=b.na_ad_id ) ORDER BY a.na_adlove_count desc LIMIT 3   [ RunTime:0.0005s ]
INFO: [ view_parse ] --START--
INFO: [ template_filter ] --START--
INFO: Run Behavior\ContentReplaceBehavior [ RunTime:0.000123s ]
INFO: [ template_filter ] --END-- [ RunTime:0.000247s ]
NOTIC: [8] Undefined variable: info D:\phpworkspaces\newmeigui\Application\Runtime\Cache\Home\54d51b08bea1174e92f3f8780711524d.php 第 59 行.
INFO: Run Behavior\ParseTemplateBehavior [ RunTime:0.017918s ]
INFO: [ view_parse ] --END-- [ RunTime:0.018051s ]
INFO: [ view_filter ] --START--
INFO: Run Behavior\WriteHtmlCacheBehavior [ RunTime:0.000355s ]
INFO: [ view_filter ] --END-- [ RunTime:0.000472s ]
INFO: [ app_end ] --START--
INFO: Run Behavior\ShowPageTraceBehavior [ RunTime:0.000470s ]
INFO: [ app_end ] --END-- [ RunTime:0.000577s ]

[ 2018-03-01T10:06:16+08:00 ] 127.0.0.1 /newmeigui/
INFO: [ app_init ] --START--
INFO: Run Behavior\BuildLiteBehavior [ RunTime:0.000044s ]
INFO: [ app_init ] --END-- [ RunTime:0.000273s ]
INFO: [ app_begin ] --START--
INFO: Run Behavior\ReadHtmlCacheBehavior [ RunTime:0.000716s ]
INFO: [ app_begin ] --END-- [ RunTime:0.000960s ]
SQL: SHOW COLUMNS FROM `na_ad` [ RunTime:0.1245s ]
SQL: SHOW COLUMNS FROM `na_ad` [ RunTime:0.0132s ]
SQL: SELECT * FROM `na_ad` WHERE `na_ad_adType` = '图文' ORDER BY `na_ad_count` desc LIMIT 3   [ RunTime:0.0006s ]
SQL: SHOW COLUMNS FROM `na_user` [ RunTime:0.0110s ]
SQL: SHOW COLUMNS FROM `na_user` [ RunTime:0.0063s ]
SQL: SELECT * FROM `na_user` WHERE `na_user_id` = null LIMIT 1   [ RunTime:0.0004s ]
SQL: SHOW COLUMNS FROM `na_adlove` [ RunTime:0.0089s ]
SQL: SHOW COLUMNS FROM `na_adlove` [ RunTime:0.0084s ]
SQL: SHOW COLUMNS FROM `na_adlove` [ RunTime:0.0067s ]
SQL: SELECT * FROM na_adlove a,na_ad b WHERE ( a.na_adlove_adId=b.na_ad_id ) ORDER BY a.na_adlove_count desc LIMIT 3   [ RunTime:0.0005s ]
INFO: [ view_parse ] --START--
INFO: [ template_filter ] --START--
INFO: Run Behavior\ContentReplaceBehavior [ RunTime:0.000200s ]
INFO: [ template_filter ] --END-- [ RunTime:0.000437s ]
NOTIC: [8] Undefined variable: info D:\phpworkspaces\newmeigui\Application\Runtime\Cache\Home\54d51b08bea1174e92f3f8780711524d.php 第 59 行.
INFO: Run Behavior\ParseTemplateBehavior [ RunTime:0.025611s ]
INFO: [ view_parse ] --END-- [ RunTime:0.025797s ]
INFO: [ view_filter ] --START--
INFO: Run Behavior\WriteHtmlCacheBehavior [ RunTime:0.000593s ]
INFO: [ view_filter ] --END-- [ RunTime:0.000720s ]
INFO: [ app_end ] --START--
INFO: Run Behavior\ShowPageTraceBehavior [ RunTime:0.000720s ]
INFO: [ app_end ] --END-- [ RunTime:0.000903s ]

[ 2018-03-01T10:07:06+08:00 ] 127.0.0.1 /newmeigui/Public/admin/js/jquery2.sorted.js
INFO: [ app_init ] --START--
INFO: Run Behavior\BuildLiteBehavior [ RunTime:0.000044s ]
INFO: [ app_init ] --END-- [ RunTime:0.000281s ]
INFO: [ app_begin ] --START--
INFO: Run Behavior\ReadHtmlCacheBehavior [ RunTime:0.000645s ]
INFO: [ app_begin ] --END-- [ RunTime:0.000777s ]
ERR: 无法加载控制器:Public

[ 2018-03-01T10:07:15+08:00 ] 127.0.0.1 /newmeigui/Public/admin/js/jquery2.sorted.js
INFO: [ app_init ] --START--
INFO: Run Behavior\BuildLiteBehavior [ RunTime:0.000027s ]
INFO: [ app_init ] --END-- [ RunTime:0.000171s ]
INFO: [ app_begin ] --START--
INFO: Run Behavior\ReadHtmlCacheBehavior [ RunTime:0.000912s ]
INFO: [ app_begin ] --END-- [ RunTime:0.001098s ]
ERR: 无法加载控制器:Public

[ 2018-03-01T10:07:30+08:00 ] 127.0.0.1 /newmeigui/Public/admin/js/jquery2.sorted.js
INFO: [ app_init ] --START--
INFO: Run Behavior\BuildLiteBehavior [ RunTime:0.000028s ]
INFO: [ app_init ] --END-- [ RunTime:0.000165s ]
INFO: [ app_begin ] --START--
INFO: Run Behavior\ReadHtmlCacheBehavior [ RunTime:0.000671s ]
INFO: [ app_begin ] --END-- [ RunTime:0.000811s ]
ERR: 无法加载控制器:Public

[ 2018-03-01T10:07:48+08:00 ] 127.0.0.1 /newmeigui/Public/admin/js/jquery2.sorted.js
INFO: [ app_init ] --START--
INFO: Run Behavior\BuildLiteBehavior [ RunTime:0.000043s ]
INFO: [ app_init ] --END-- [ RunTime:0.000257s ]
INFO: [ app_begin ] --START--
INFO: Run Behavior\ReadHtmlCacheBehavior [ RunTime:0.000946s ]
INFO: [ app_begin ] --END-- [ RunTime:0.001158s ]
ERR: 无法加载控制器:Public

[ 2018-03-01T10:07:59+08:00 ] 127.0.0.1 /newmeigui/Public/admin/js/jquery2.sorted.js
INFO: [ app_init ] --START--
INFO: Run Behavior\BuildLiteBehavior [ RunTime:0.000046s ]
INFO: [ app_init ] --END-- [ RunTime:0.000267s ]
INFO: [ app_begin ] --START--
INFO: Run Behavior\ReadHtmlCacheBehavior [ RunTime:0.001068s ]
INFO: [ app_begin ] --END-- [ RunTime:0.001288s ]
ERR: 无法加载控制器:Public

[ 2018-03-01T10:08:20+08:00 ] 127.0.0.1 /newmeigui/Public/admin/js/jquery2.sorted.js
INFO: [ app_init ] --START--
INFO: Run Behavior\BuildLiteBehavior [ RunTime:0.000045s ]
INFO: [ app_init ] --END-- [ RunTime:0.000289s ]
INFO: [ app_begin ] --START--
INFO: Run Behavior\ReadHtmlCacheBehavior [ RunTime:0.001198s ]
INFO: [ app_begin ] --END-- [ RunTime:0.001442s ]
ERR: 无法加载控制器:Public

[ 2018-03-01T10:08:40+08:00 ] 127.0.0.1 /newmeigui/index.php/Home/AdSearch
INFO: [ app_init ] --START--
INFO: Run Behavior\BuildLiteBehavior [ RunTime:0.000026s ]
INFO: [ app_init ] --END-- [ RunTime:0.000157s ]
INFO: [ app_begin ] --START--
INFO: Run Behavior\ReadHtmlCacheBehavior [ RunTime:0.000515s ]
INFO: [ app_begin ] --END-- [ RunTime:0.000664s ]
SQL: SHOW COLUMNS FROM `na_picture` [ RunTime:0.0158s ]
SQL: SHOW COLUMNS FROM `na_picture` [ RunTime:0.0093s ]
SQL: SELECT * FROM `na_picture` WHERE `na_picture_type` = '广告' ORDER BY `na_picture_order`  [ RunTime:0.0011s ]
SQL: SHOW COLUMNS FROM `na_user` [ RunTime:0.0183s ]
SQL: SHOW COLUMNS FROM `na_user` [ RunTime:0.0069s ]
SQL: SELECT * FROM `na_user` WHERE `na_user_id` = null LIMIT 1   [ RunTime:0.0003s ]
SQL: SHOW COLUMNS FROM `na_ad` [ RunTime:0.0110s ]
NOTIC: [8] Uninitialized string offset: 1 D:\phpworkspaces\newmeigui\ThinkPHP\Common\functions.php 第 1873 行.
NOTIC: [8] Undefined offset: 1 D:\phpworkspaces\newmeigui\ThinkPHP\Common\functions.php 第 1873 行.
SQL: SHOW COLUMNS FROM `na_ad` [ RunTime:0.0078s ]
SQL: SELECT COUNT(*) AS tp_count FROM `na_ad` WHERE `na_ad_name` LIKE '%%' AND `na_ad_place` LIKE '%%' AND `na_ad_type` LIKE '%%' AND `na_ad_year` LIKE '%%' LIMIT 1   [ RunTime:0.0004s ]
SQL: SELECT `na_ad_id`,`na_ad_name`,`na_ad_showPath`,`na_ad_introduce`,`na_ad_content` FROM `na_ad` WHERE `na_ad_name` LIKE '%%' AND `na_ad_place` LIKE '%%' AND `na_ad_type` LIKE '%%' AND `na_ad_year` LIKE '%%' ORDER BY `na_ad_time` desc LIMIT 0,20   [ RunTime:0.0006s ]
SQL: SHOW COLUMNS FROM `na_adtype` [ RunTime:0.0093s ]
SQL: SHOW COLUMNS FROM `na_adtype` [ RunTime:0.0078s ]
SQL: SELECT * FROM `na_adtype`  [ RunTime:0.0006s ]
NOTIC: [8] Use of undefined constant adSearch - assumed 'adSearch' D:\phpworkspaces\newmeigui\Application\Home\Controller\AdSearchController.class.php 第 25 行.
INFO: [ view_parse ] --START--
INFO: [ template_filter ] --START--
INFO: Run Behavior\ContentReplaceBehavior [ RunTime:0.000146s ]
INFO: [ template_filter ] --END-- [ RunTime:0.000286s ]
INFO: Run Behavior\ParseTemplateBehavior [ RunTime:0.152218s ]
INFO: [ view_parse ] --END-- [ RunTime:0.152574s ]
INFO: [ view_filter ] --START--
INFO: Run Behavior\WriteHtmlCacheBehavior [ RunTime:0.000606s ]
INFO: [ view_filter ] --END-- [ RunTime:0.000771s ]
INFO: [ app_end ] --START--
INFO: Run Behavior\ShowPageTraceBehavior [ RunTime:0.001198s ]
INFO: [ app_end ] --END-- [ RunTime:0.001438s ]

[ 2018-03-01T10:09:15+08:00 ] 127.0.0.1 /newmeigui/index.php/AdSearch/index/p/2.html
INFO: [ app_init ] --START--
INFO: Run Behavior\BuildLiteBehavior [ RunTime:0.000043s ]
INFO: [ app_init ] --END-- [ RunTime:0.000250s ]
INFO: [ app_begin ] --START--
INFO: Run Behavior\ReadHtmlCacheBehavior [ RunTime:0.001085s ]
INFO: [ app_begin ] --END-- [ RunTime:0.001312s ]
SQL: SHOW COLUMNS FROM `na_picture` [ RunTime:0.0124s ]
SQL: SHOW COLUMNS FROM `na_picture` [ RunTime:0.0080s ]
SQL: SELECT * FROM `na_picture` WHERE `na_picture_type` = '广告' ORDER BY `na_picture_order`  [ RunTime:0.0004s ]
SQL: SHOW COLUMNS FROM `na_user` [ RunTime:0.0085s ]
SQL: SHOW COLUMNS FROM `na_user` [ RunTime:0.0075s ]
SQL: SELECT * FROM `na_user` WHERE `na_user_id` = null LIMIT 1   [ RunTime:0.0005s ]
SQL: SHOW COLUMNS FROM `na_ad` [ RunTime:0.0112s ]
NOTIC: [8] Uninitialized string offset: 1 D:\phpworkspaces\newmeigui\ThinkPHP\Common\functions.php 第 1873 行.
NOTIC: [8] Undefined offset: 1 D:\phpworkspaces\newmeigui\ThinkPHP\Common\functions.php 第 1873 行.
SQL: SHOW COLUMNS FROM `na_ad` [ RunTime:0.0077s ]
SQL: SELECT COUNT(*) AS tp_count FROM `na_ad` WHERE `na_ad_name` LIKE '%%' AND `na_ad_place` LIKE '%%' AND `na_ad_type` LIKE '%%' AND `na_ad_year` LIKE '%%' LIMIT 1   [ RunTime:0.0004s ]
SQL: SELECT `na_ad_id`,`na_ad_name`,`na_ad_showPath`,`na_ad_introduce`,`na_ad_content` FROM `na_ad` WHERE `na_ad_name` LIKE '%%' AND `na_ad_place` LIKE '%%' AND `na_ad_type` LIKE '%%' AND `na_ad_year` LIKE '%%' ORDER BY `na_ad_time` desc LIMIT 20,20   [ RunTime:0.0009s ]
SQL: SHOW COLUMNS FROM `na_adtype` [ RunTime:0.0106s ]
SQL: SHOW COLUMNS FROM `na_adtype` [ RunTime:0.0065s ]
SQL: SELECT * FROM `na_adtype`  [ RunTime:0.0003s ]
NOTIC: [8] Use of undefined constant adSearch - assumed 'adSearch' D:\phpworkspaces\newmeigui\Application\Home\Controller\AdSearchController.class.php 第 25 行.
INFO: [ view_parse ] --START--
INFO: [ template_filter ] --START--
INFO: Run Behavior\ContentReplaceBehavior [ RunTime:0.000134s ]
INFO: [ template_filter ] --END-- [ RunTime:0.000264s ]
INFO: Run Behavior\ParseTemplateBehavior [ RunTime:0.156700s ]
INFO: [ view_parse ] --END-- [ RunTime:0.156934s ]
INFO: [ view_filter ] --START--
INFO: Run Behavior\WriteHtmlCacheBehavior [ RunTime:0.000794s ]
INFO: [ view_filter ] --END-- [ RunTime:0.000995s ]
INFO: [ app_end ] --START--
INFO: Run Behavior\ShowPageTraceBehavior [ RunTime:0.003411s ]
INFO: [ app_end ] --END-- [ RunTime:0.003828s ]

[ 2018-03-01T10:09:19+08:00 ] 127.0.0.1 /newmeigui/index.php/AdSearch/index/p/3.html
INFO: [ app_init ] --START--
INFO: Run Behavior\BuildLiteBehavior [ RunTime:0.000028s ]
INFO: [ app_init ] --END-- [ RunTime:0.000165s ]
INFO: [ app_begin ] --START--
INFO: Run Behavior\ReadHtmlCacheBehavior [ RunTime:0.000535s ]
INFO: [ app_begin ] --END-- [ RunTime:0.000668s ]
SQL: SHOW COLUMNS FROM `na_picture` [ RunTime:0.0127s ]
SQL: SHOW COLUMNS FROM `na_picture` [ RunTime:0.0057s ]
SQL: SELECT * FROM `na_picture` WHERE `na_picture_type` = '广告' ORDER BY `na_picture_order`  [ RunTime:0.0005s ]
SQL: SHOW COLUMNS FROM `na_user` [ RunTime:0.0112s ]
SQL: SHOW COLUMNS FROM `na_user` [ RunTime:0.0061s ]
SQL: SELECT * FROM `na_user` WHERE `na_user_id` = null LIMIT 1   [ RunTime:0.0003s ]
SQL: SHOW COLUMNS FROM `na_ad` [ RunTime:0.0155s ]
NOTIC: [8] Uninitialized string offset: 1 D:\phpworkspaces\newmeigui\ThinkPHP\Common\functions.php 第 1873 行.
NOTIC: [8] Undefined offset: 1 D:\phpworkspaces\newmeigui\ThinkPHP\Common\functions.php 第 1873 行.
SQL: SHOW COLUMNS FROM `na_ad` [ RunTime:0.0117s ]
SQL: SELECT COUNT(*) AS tp_count FROM `na_ad` WHERE `na_ad_name` LIKE '%%' AND `na_ad_place` LIKE '%%' AND `na_ad_type` LIKE '%%' AND `na_ad_year` LIKE '%%' LIMIT 1   [ RunTime:0.0004s ]
SQL: SELECT `na_ad_id`,`na_ad_name`,`na_ad_showPath`,`na_ad_introduce`,`na_ad_content` FROM `na_ad` WHERE `na_ad_name` LIKE '%%' AND `na_ad_place` LIKE '%%' AND `na_ad_type` LIKE '%%' AND `na_ad_year` LIKE '%%' ORDER BY `na_ad_time` desc LIMIT 40,20   [ RunTime:0.1548s ]
SQL: SHOW COLUMNS FROM `na_adtype` [ RunTime:0.0099s ]
SQL: SHOW COLUMNS FROM `na_adtype` [ RunTime:0.0207s ]
SQL: SELECT * FROM `na_adtype`  [ RunTime:0.0004s ]
NOTIC: [8] Use of undefined constant adSearch - assumed 'adSearch' D:\phpworkspaces\newmeigui\Application\Home\Controller\AdSearchController.class.php 第 25 行.
INFO: [ view_parse ] --START--
INFO: [ template_filter ] --START--
INFO: Run Behavior\ContentReplaceBehavior [ RunTime:0.000139s ]
INFO: [ template_filter ] --END-- [ RunTime:0.000274s ]
INFO: Run Behavior\ParseTemplateBehavior [ RunTime:0.167609s ]
INFO: [ view_parse ] --END-- [ RunTime:0.167796s ]
INFO: [ view_filter ] --START--
INFO: Run Behavior\WriteHtmlCacheBehavior [ RunTime:0.001033s ]
INFO: [ view_filter ] --END-- [ RunTime:0.001174s ]
INFO: [ app_end ] --START--
INFO: Run Behavior\ShowPageTraceBehavior [ RunTime:0.000784s ]
INFO: [ app_end ] --END-- [ RunTime:0.000949s ]

[ 2018-03-01T10:09:23+08:00 ] 127.0.0.1 /newmeigui/index.php/AdSearch/index/p/4.html
INFO: [ app_init ] --START--
INFO: Run Behavior\BuildLiteBehavior [ RunTime:0.000036s ]
INFO: [ app_init ] --END-- [ RunTime:0.000193s ]
INFO: [ app_begin ] --START--
INFO: Run Behavior\ReadHtmlCacheBehavior [ RunTime:0.001054s ]
INFO: [ app_begin ] --END-- [ RunTime:0.001229s ]
SQL: SHOW COLUMNS FROM `na_picture` [ RunTime:0.0120s ]
SQL: SHOW COLUMNS FROM `na_picture` [ RunTime:0.0062s ]
SQL: SELECT * FROM `na_picture` WHERE `na_picture_type` = '广告' ORDER BY `na_picture_order`  [ RunTime:0.0004s ]
SQL: SHOW COLUMNS FROM `na_user` [ RunTime:0.0094s ]
SQL: SHOW COLUMNS FROM `na_user` [ RunTime:0.0058s ]
SQL: SELECT * FROM `na_user` WHERE `na_user_id` = null LIMIT 1   [ RunTime:0.0003s ]
SQL: SHOW COLUMNS FROM `na_ad` [ RunTime:0.0124s ]
NOTIC: [8] Uninitialized string offset: 1 D:\phpworkspaces\newmeigui\ThinkPHP\Common\functions.php 第 1873 行.
NOTIC: [8] Undefined offset: 1 D:\phpworkspaces\newmeigui\ThinkPHP\Common\functions.php 第 1873 行.
SQL: SHOW COLUMNS FROM `na_ad` [ RunTime:0.0075s ]
SQL: SELECT COUNT(*) AS tp_count FROM `na_ad` WHERE `na_ad_name` LIKE '%%' AND `na_ad_place` LIKE '%%' AND `na_ad_type` LIKE '%%' AND `na_ad_year` LIKE '%%' LIMIT 1   [ RunTime:0.0004s ]
SQL: SELECT `na_ad_id`,`na_ad_name`,`na_ad_showPath`,`na_ad_introduce`,`na_ad_content` FROM `na_ad` WHERE `na_ad_name` LIKE '%%' AND `na_ad_place` LIKE '%%' AND `na_ad_type` LIKE '%%' AND `na_ad_year` LIKE '%%' ORDER BY `na_ad_time` desc LIMIT 60,20   [ RunTime:0.0121s ]
SQL: SHOW COLUMNS FROM `na_adtype` [ RunTime:0.0086s ]
SQL: SHOW COLUMNS FROM `na_adtype` [ RunTime:0.0056s ]
SQL: SELECT * FROM `na_adtype`  [ RunTime:0.0004s ]
NOTIC: [8] Use of undefined constant adSearch - assumed 'adSearch' D:\phpworkspaces\newmeigui\Application\Home\Controller\AdSearchController.class.php 第 25 行.
INFO: [ view_parse ] --START--
INFO: [ template_filter ] --START--
INFO: Run Behavior\ContentReplaceBehavior [ RunTime:0.000147s ]
INFO: [ template_filter ] --END-- [ RunTime:0.000275s ]
INFO: Run Behavior\ParseTemplateBehavior [ RunTime:0.141800s ]
INFO: [ view_parse ] --END-- [ RunTime:0.141987s ]
INFO: [ view_filter ] --START--
INFO: Run Behavior\WriteHtmlCacheBehavior [ RunTime:0.000506s ]
INFO: [ view_filter ] --END-- [ RunTime:0.000623s ]
INFO: [ app_end ] --START--
INFO: Run Behavior\ShowPageTraceBehavior [ RunTime:0.001074s ]
INFO: [ app_end ] --END-- [ RunTime:0.001286s ]

[ 2018-03-01T10:09:31+08:00 ] 127.0.0.1 /newmeigui/index.php/Home/MyInfo
INFO: [ app_init ] --START--
INFO: Run Behavior\BuildLiteBehavior [ RunTime:0.000045s ]
INFO: [ app_init ] --END-- [ RunTime:0.000253s ]
INFO: [ app_begin ] --START--
INFO: Run Behavior\ReadHtmlCacheBehavior [ RunTime:0.000809s ]
INFO: [ app_begin ] --END-- [ RunTime:0.001012s ]

[ 2018-03-01T10:09:33+08:00 ] 127.0.0.1 /newmeigui/index.php/Home/Index/index
INFO: [ app_init ] --START--
INFO: Run Behavior\BuildLiteBehavior [ RunTime:0.000026s ]
INFO: [ app_init ] --END-- [ RunTime:0.000163s ]
INFO: [ app_begin ] --START--
INFO: Run Behavior\ReadHtmlCacheBehavior [ RunTime:0.000787s ]
INFO: [ app_begin ] --END-- [ RunTime:0.000938s ]
SQL: SHOW COLUMNS FROM `na_ad` [ RunTime:0.0126s ]
SQL: SHOW COLUMNS FROM `na_ad` [ RunTime:0.0055s ]
SQL: SELECT * FROM `na_ad` WHERE `na_ad_adType` = '图文' ORDER BY `na_ad_count` desc LIMIT 3   [ RunTime:0.0005s ]
SQL: SHOW COLUMNS FROM `na_user` [ RunTime:0.0146s ]
SQL: SHOW COLUMNS FROM `na_user` [ RunTime:0.0076s ]
SQL: SELECT * FROM `na_user` WHERE `na_user_id` = null LIMIT 1   [ RunTime:0.0003s ]
SQL: SHOW COLUMNS FROM `na_adlove` [ RunTime:0.0170s ]
SQL: SHOW COLUMNS FROM `na_adlove` [ RunTime:0.0159s ]
SQL: SHOW COLUMNS FROM `na_adlove` [ RunTime:0.0121s ]
SQL: SELECT * FROM na_adlove a,na_ad b WHERE ( a.na_adlove_adId=b.na_ad_id ) ORDER BY a.na_adlove_count desc LIMIT 3   [ RunTime:0.0004s ]
INFO: [ view_parse ] --START--
INFO: [ template_filter ] --START--
INFO: Run Behavior\ContentReplaceBehavior [ RunTime:0.000208s ]
INFO: [ template_filter ] --END-- [ RunTime:0.000438s ]
NOTIC: [8] Undefined variable: info D:\phpworkspaces\newmeigui\Application\Runtime\Cache\Home\54d51b08bea1174e92f3f8780711524d.php 第 59 行.
INFO: Run Behavior\ParseTemplateBehavior [ RunTime:0.021630s ]
INFO: [ view_parse ] --END-- [ RunTime:0.021796s ]
INFO: [ view_filter ] --START--
INFO: Run Behavior\WriteHtmlCacheBehavior [ RunTime:0.000611s ]
INFO: [ view_filter ] --END-- [ RunTime:0.000748s ]
INFO: [ app_end ] --START--
INFO: Run Behavior\ShowPageTraceBehavior [ RunTime:0.001015s ]
INFO: [ app_end ] --END-- [ RunTime:0.001195s ]

[ 2018-03-01T10:12:06+08:00 ] 127.0.0.1 /newmeigui/index.php/Home/lc
INFO: [ app_init ] --START--
INFO: Run Behavior\BuildLiteBehavior [ RunTime:0.000048s ]
INFO: [ app_init ] --END-- [ RunTime:0.000276s ]
INFO: [ app_begin ] --START--
INFO: Run Behavior\ReadHtmlCacheBehavior [ RunTime:0.000858s ]
INFO: [ app_begin ] --END-- [ RunTime:0.001005s ]
SQL: SHOW COLUMNS FROM `na_user` [ RunTime:0.0107s ]
SQL: SHOW COLUMNS FROM `na_user` [ RunTime:0.0055s ]
SQL: SELECT * FROM `na_user` WHERE `na_user_loginName` = '13787878787' LIMIT 1   [ RunTime:0.0004s ]

[ 2018-03-01T10:12:08+08:00 ] 127.0.0.1 /newmeigui/index.php/Home/MyInfo
INFO: [ app_init ] --START--
INFO: Run Behavior\BuildLiteBehavior [ RunTime:0.000052s ]
INFO: [ app_init ] --END-- [ RunTime:0.000284s ]
INFO: [ app_begin ] --START--
INFO: Run Behavior\ReadHtmlCacheBehavior [ RunTime:0.000699s ]
INFO: [ app_begin ] --END-- [ RunTime:0.000839s ]
SQL: SHOW COLUMNS FROM `na_user` [ RunTime:0.0187s ]
SQL: SHOW COLUMNS FROM `na_user` [ RunTime:0.0095s ]
SQL: SELECT * FROM `na_user` WHERE `na_user_id` = 27 LIMIT 1   [ RunTime:0.0003s ]
SQL: SHOW COLUMNS FROM `na_comment` [ RunTime:0.0091s ]
SQL: SHOW COLUMNS FROM `na_comment` [ RunTime:0.0074s ]
SQL: SELECT COUNT(*) AS tp_count FROM `na_comment` WHERE `na_comment_type` = '动态' AND `na_comment_userId` = 27 LIMIT 1   [ RunTime:0.0004s ]
SQL: SELECT * FROM `na_comment` WHERE `na_comment_type` = '动态' AND `na_comment_userId` = 27 ORDER BY `na_comment_time` desc LIMIT 0,2   [ RunTime:0.0004s ]
SQL: SELECT * FROM `na_user` WHERE `na_user_id` = 27 LIMIT 1   [ RunTime:0.0002s ]
SQL: SHOW COLUMNS FROM `na_ad` [ RunTime:0.0112s ]
SQL: SHOW COLUMNS FROM `na_ad` [ RunTime:0.0084s ]
SQL: SELECT COUNT(na_ad_id) AS tp_count FROM `na_ad` WHERE `na_ad_id` IN ('149','143','143','94','110','94','83','131','131','151','151','149') LIMIT 1   [ RunTime:0.0005s ]
SQL: SELECT * FROM `na_ad` WHERE `na_ad_id` IN ('149','143','143','94','110','94','83','131','131','151','151','149') ORDER BY `na_ad_time` desc LIMIT 0,4   [ RunTime:0.0006s ]
SQL: SHOW COLUMNS FROM `na_adlove` [ RunTime:0.0160s ]
SQL: SHOW COLUMNS FROM `na_adlove` [ RunTime:0.0065s ]
SQL: SHOW COLUMNS FROM `na_adlove` [ RunTime:0.0068s ]
SQL: SELECT * FROM na_adlove a,na_ad b WHERE ( a.na_adlove_adId=b.na_ad_id ) ORDER BY a.na_adlove_count desc LIMIT 3   [ RunTime:0.0004s ]
INFO: [ view_parse ] --START--
INFO: [ template_filter ] --START--
INFO: Run Behavior\ContentReplaceBehavior [ RunTime:0.000159s ]
INFO: [ template_filter ] --END-- [ RunTime:0.000290s ]
NOTIC: [8] Undefined variable: url D:\phpworkspaces\newmeigui\Application\Runtime\Cache\Home\b271d2c0a6846724e36f5bdcf5e43b70.php 第 179 行.
INFO: Run Behavior\ParseTemplateBehavior [ RunTime:0.243394s ]
INFO: [ view_parse ] --END-- [ RunTime:0.243526s ]
INFO: [ view_filter ] --START--
INFO: Run Behavior\WriteHtmlCacheBehavior [ RunTime:0.000488s ]
INFO: [ view_filter ] --END-- [ RunTime:0.000600s ]
INFO: [ app_end ] --START--
INFO: Run Behavior\ShowPageTraceBehavior [ RunTime:0.001930s ]
INFO: [ app_end ] --END-- [ RunTime:0.002182s ]

[ 2018-03-01T10:12:08+08:00 ] 127.0.0.1 /newmeigui/Public/front/jquery.min.js
INFO: [ app_init ] --START--
INFO: Run Behavior\BuildLiteBehavior [ RunTime:0.000043s ]
INFO: [ app_init ] --END-- [ RunTime:0.000255s ]
INFO: [ app_begin ] --START--
INFO: Run Behavior\ReadHtmlCacheBehavior [ RunTime:0.000931s ]
INFO: [ app_begin ] --END-- [ RunTime:0.001166s ]
ERR: 无法加载控制器:Public

[ 2018-03-01T10:12:15+08:00 ] 127.0.0.1 /newmeigui/index.php/Home/MyInfo/my_loves?p=2
INFO: [ app_init ] --START--
INFO: Run Behavior\BuildLiteBehavior [ RunTime:0.000046s ]
INFO: [ app_init ] --END-- [ RunTime:0.000314s ]
INFO: [ app_begin ] --START--
INFO: Run Behavior\ReadHtmlCacheBehavior [ RunTime:0.000805s ]
INFO: [ app_begin ] --END-- [ RunTime:0.000933s ]
SQL: SHOW COLUMNS FROM `na_user` [ RunTime:0.0149s ]
SQL: SHOW COLUMNS FROM `na_user` [ RunTime:0.0085s ]
SQL: SELECT * FROM `na_user` WHERE `na_user_id` = 27 LIMIT 1   [ RunTime:0.0004s ]
SQL: SHOW COLUMNS FROM `na_ad` [ RunTime:0.0093s ]
SQL: SHOW COLUMNS FROM `na_ad` [ RunTime:0.0053s ]
SQL: SELECT COUNT(na_ad_id) AS tp_count FROM `na_ad` WHERE `na_ad_id` IN ('149','143','143','94','110','94','83','131','131','151','151','149') LIMIT 1   [ RunTime:0.0003s ]
NOTIC: [8] Undefined variable: theFirst D:\phpworkspaces\newmeigui\ThinkPHP\Library\Org\Util\AjaxPage.class.php 第 119 行.
NOTIC: [8] Undefined variable: prePage D:\phpworkspaces\newmeigui\ThinkPHP\Library\Org\Util\AjaxPage.class.php 第 119 行.
SQL: SELECT * FROM `na_ad` WHERE `na_ad_id` IN ('149','143','143','94','110','94','83','131','131','151','151','149') ORDER BY `na_ad_time` desc LIMIT 4,4   [ RunTime:0.0005s ]
INFO: [ view_parse ] --START--
INFO: [ template_filter ] --START--
INFO: Run Behavior\ContentReplaceBehavior [ RunTime:0.000074s ]
INFO: [ template_filter ] --END-- [ RunTime:0.000180s ]
INFO: Run Behavior\ParseTemplateBehavior [ RunTime:0.056847s ]
INFO: [ view_parse ] --END-- [ RunTime:0.057025s ]
INFO: [ view_filter ] --START--
INFO: Run Behavior\WriteHtmlCacheBehavior [ RunTime:0.000673s ]
INFO: [ view_filter ] --END-- [ RunTime:0.000836s ]
INFO: [ app_end ] --START--
INFO: Run Behavior\ShowPageTraceBehavior [ RunTime:0.000977s ]
INFO: [ app_end ] --END-- [ RunTime:0.001138s ]

[ 2018-03-01T10:12:17+08:00 ] 127.0.0.1 /newmeigui/index.php/Home/MyInfo/my_move?p=2
INFO: [ app_init ] --START--
INFO: Run Behavior\BuildLiteBehavior [ RunTime:0.000043s ]
INFO: [ app_init ] --END-- [ RunTime:0.000213s ]
INFO: [ app_begin ] --START--
INFO: Run Behavior\ReadHtmlCacheBehavior [ RunTime:0.000902s ]
INFO: [ app_begin ] --END-- [ RunTime:0.001074s ]
SQL: SHOW COLUMNS FROM `na_comment` [ RunTime:0.0164s ]
SQL: SHOW COLUMNS FROM `na_comment` [ RunTime:0.0060s ]
SQL: SELECT COUNT(*) AS tp_count FROM `na_comment` WHERE `na_comment_type` = '动态' AND `na_comment_userId` = 27 LIMIT 1   [ RunTime:0.0004s ]
NOTIC: [8] Undefined variable: theFirst D:\phpworkspaces\newmeigui\ThinkPHP\Library\Org\Util\AjaxPage.class.php 第 119 行.
NOTIC: [8] Undefined variable: prePage D:\phpworkspaces\newmeigui\ThinkPHP\Library\Org\Util\AjaxPage.class.php 第 119 行.
SQL: SELECT * FROM `na_comment` WHERE `na_comment_type` = '动态' AND `na_comment_userId` = 27 ORDER BY `na_comment_time` desc LIMIT 2,2   [ RunTime:0.0004s ]
INFO: [ view_parse ] --START--
INFO: [ template_filter ] --START--
INFO: Run Behavior\ContentReplaceBehavior [ RunTime:0.000070s ]
INFO: [ template_filter ] --END-- [ RunTime:0.000177s ]
INFO: Run Behavior\ParseTemplateBehavior [ RunTime:0.068223s ]
INFO: [ view_parse ] --END-- [ RunTime:0.068375s ]
INFO: [ view_filter ] --START--
INFO: Run Behavior\WriteHtmlCacheBehavior [ RunTime:0.000854s ]
INFO: [ view_filter ] --END-- [ RunTime:0.001005s ]
INFO: [ app_end ] --START--
INFO: Run Behavior\ShowPageTraceBehavior [ RunTime:0.001855s ]
INFO: [ app_end ] --END-- [ RunTime:0.002147s ]

[ 2018-03-01T10:13:32+08:00 ] 127.0.0.1 /newmeigui/
INFO: [ app_init ] --START--
INFO: Run Behavior\BuildLiteBehavior [ RunTime:0.000037s ]
INFO: [ app_init ] --END-- [ RunTime:0.000229s ]
INFO: [ app_begin ] --START--
INFO: Run Behavior\ReadHtmlCacheBehavior [ RunTime:0.001175s ]
INFO: [ app_begin ] --END-- [ RunTime:0.001481s ]
SQL: SHOW COLUMNS FROM `na_ad` [ RunTime:0.0173s ]
SQL: SHOW COLUMNS FROM `na_ad` [ RunTime:0.0089s ]
SQL: SELECT * FROM `na_ad` WHERE `na_ad_adType` = '图文' ORDER BY `na_ad_count` desc LIMIT 3   [ RunTime:0.0006s ]
SQL: SHOW COLUMNS FROM `na_user` [ RunTime:0.0669s ]
SQL: SHOW COLUMNS FROM `na_user` [ RunTime:0.0062s ]
SQL: SELECT * FROM `na_user` WHERE `na_user_id` = 27 LIMIT 1   [ RunTime:0.0008s ]
SQL: SHOW COLUMNS FROM `na_adlove` [ RunTime:0.0141s ]
SQL: SHOW COLUMNS FROM `na_adlove` [ RunTime:0.0082s ]
SQL: SHOW COLUMNS FROM `na_adlove` [ RunTime:0.0103s ]
SQL: SELECT * FROM na_adlove a,na_ad b WHERE ( a.na_adlove_adId=b.na_ad_id ) ORDER BY a.na_adlove_count desc LIMIT 3   [ RunTime:0.0005s ]
INFO: [ view_parse ] --START--
INFO: [ template_filter ] --START--
INFO: Run Behavior\ContentReplaceBehavior [ RunTime:0.000203s ]
INFO: [ template_filter ] --END-- [ RunTime:0.000425s ]
NOTIC: [8] Undefined variable: info D:\phpworkspaces\newmeigui\Application\Runtime\Cache\Home\54d51b08bea1174e92f3f8780711524d.php 第 59 行.
INFO: Run Behavior\ParseTemplateBehavior [ RunTime:0.022612s ]
INFO: [ view_parse ] --END-- [ RunTime:0.022740s ]
INFO: [ view_filter ] --START--
INFO: Run Behavior\WriteHtmlCacheBehavior [ RunTime:0.000505s ]
INFO: [ view_filter ] --END-- [ RunTime:0.000619s ]
INFO: [ app_end ] --START--
INFO: Run Behavior\ShowPageTraceBehavior [ RunTime:0.000937s ]
INFO: [ app_end ] --END-- [ RunTime:0.001125s ]

[ 2018-03-01T10:13:50+08:00 ] 127.0.0.1 /newmeigui/index.php/Home/AdSearch
INFO: [ app_init ] --START--
INFO: Run Behavior\BuildLiteBehavior [ RunTime:0.000025s ]
INFO: [ app_init ] --END-- [ RunTime:0.000151s ]
INFO: [ app_begin ] --START--
INFO: Run Behavior\ReadHtmlCacheBehavior [ RunTime:0.000713s ]
INFO: [ app_begin ] --END-- [ RunTime:0.000849s ]
SQL: SHOW COLUMNS FROM `na_picture` [ RunTime:0.0134s ]
SQL: SHOW COLUMNS FROM `na_picture` [ RunTime:0.0055s ]
SQL: SELECT * FROM `na_picture` WHERE `na_picture_type` = '广告' ORDER BY `na_picture_order`  [ RunTime:0.0004s ]
SQL: SHOW COLUMNS FROM `na_user` [ RunTime:0.0096s ]
SQL: SHOW COLUMNS FROM `na_user` [ RunTime:0.0111s ]
SQL: SELECT * FROM `na_user` WHERE `na_user_id` = 27 LIMIT 1   [ RunTime:0.0004s ]
SQL: SHOW COLUMNS FROM `na_ad` [ RunTime:0.0128s ]
NOTIC: [8] Uninitialized string offset: 1 D:\phpworkspaces\newmeigui\ThinkPHP\Common\functions.php 第 1873 行.
NOTIC: [8] Undefined offset: 1 D:\phpworkspaces\newmeigui\ThinkPHP\Common\functions.php 第 1873 行.
SQL: SHOW COLUMNS FROM `na_ad` [ RunTime:0.0086s ]
SQL: SELECT COUNT(*) AS tp_count FROM `na_ad` WHERE `na_ad_name` LIKE '%%' AND `na_ad_place` LIKE '%%' AND `na_ad_type` LIKE '%%' AND `na_ad_year` LIKE '%%' LIMIT 1   [ RunTime:0.0004s ]
SQL: SELECT `na_ad_id`,`na_ad_name`,`na_ad_showPath`,`na_ad_introduce`,`na_ad_content` FROM `na_ad` WHERE `na_ad_name` LIKE '%%' AND `na_ad_place` LIKE '%%' AND `na_ad_type` LIKE '%%' AND `na_ad_year` LIKE '%%' ORDER BY `na_ad_time` desc LIMIT 0,20   [ RunTime:0.0010s ]
SQL: SHOW COLUMNS FROM `na_adtype` [ RunTime:0.0113s ]
SQL: SHOW COLUMNS FROM `na_adtype` [ RunTime:0.0067s ]
SQL: SELECT * FROM `na_adtype`  [ RunTime:0.0003s ]
NOTIC: [8] Use of undefined constant adSearch - assumed 'adSearch' D:\phpworkspaces\newmeigui\Application\Home\Controller\AdSearchController.class.php 第 25 行.
INFO: [ view_parse ] --START--
INFO: [ template_filter ] --START--
INFO: Run Behavior\ContentReplaceBehavior [ RunTime:0.000141s ]
INFO: [ template_filter ] --END-- [ RunTime:0.000278s ]
INFO: Run Behavior\ParseTemplateBehavior [ RunTime:0.170874s ]
INFO: [ view_parse ] --END-- [ RunTime:0.171050s ]
INFO: [ view_filter ] --START--
INFO: Run Behavior\WriteHtmlCacheBehavior [ RunTime:0.000756s ]
INFO: [ view_filter ] --END-- [ RunTime:0.000902s ]
INFO: [ app_end ] --START--
INFO: Run Behavior\ShowPageTraceBehavior [ RunTime:0.001400s ]
INFO: [ app_end ] --END-- [ RunTime:0.001634s ]

[ 2018-03-01T10:14:06+08:00 ] 127.0.0.1 /newmeigui/Public/admin/js/jquery2.sorted.js
INFO: [ app_init ] --START--
INFO: Run Behavior\BuildLiteBehavior [ RunTime:0.000025s ]
INFO: [ app_init ] --END-- [ RunTime:0.000153s ]
INFO: [ app_begin ] --START--
INFO: Run Behavior\ReadHtmlCacheBehavior [ RunTime:0.000735s ]
INFO: [ app_begin ] --END-- [ RunTime:0.000865s ]
ERR: 无法加载控制器:Public

[ 2018-03-01T10:14:09+08:00 ] 127.0.0.1 /newmeigui/Public/admin/js/jquery2.sorted.js
INFO: [ app_init ] --START--
INFO: Run Behavior\BuildLiteBehavior [ RunTime:0.000053s ]
INFO: [ app_init ] --END-- [ RunTime:0.000272s ]
INFO: [ app_begin ] --START--
INFO: Run Behavior\ReadHtmlCacheBehavior [ RunTime:0.000544s ]
INFO: [ app_begin ] --END-- [ RunTime:0.000672s ]
ERR: 无法加载控制器:Public

[ 2018-03-01T10:14:41+08:00 ] 127.0.0.1 /newmeigui/Public/admin/js/jquery2.sorted.js
INFO: [ app_init ] --START--
INFO: Run Behavior\BuildLiteBehavior [ RunTime:0.000053s ]
INFO: [ app_init ] --END-- [ RunTime:0.000315s ]
INFO: [ app_begin ] --START--
INFO: Run Behavior\ReadHtmlCacheBehavior [ RunTime:0.001224s ]
INFO: [ app_begin ] --END-- [ RunTime:0.001488s ]
ERR: 无法加载控制器:Public

[ 2018-03-01T10:14:47+08:00 ] 127.0.0.1 /newmeigui/Public/admin/js/jquery2.sorted.js
INFO: [ app_init ] --START--
INFO: Run Behavior\BuildLiteBehavior [ RunTime:0.000042s ]
INFO: [ app_init ] --END-- [ RunTime:0.000259s ]
INFO: [ app_begin ] --START--
INFO: Run Behavior\ReadHtmlCacheBehavior [ RunTime:0.000808s ]
INFO: [ app_begin ] --END-- [ RunTime:0.001037s ]
ERR: 无法加载控制器:Public

[ 2018-03-01T10:16:52+08:00 ] 127.0.0.1 /newmeigui/Public/admin/js/jquery2.sorted.js
INFO: [ app_init ] --START--
INFO: Run Behavior\BuildLiteBehavior [ RunTime:0.000027s ]
INFO: [ app_init ] --END-- [ RunTime:0.000193s ]
INFO: [ app_begin ] --START--
INFO: Run Behavior\ReadHtmlCacheBehavior [ RunTime:0.000928s ]
INFO: [ app_begin ] --END-- [ RunTime:0.001144s ]
ERR: 无法加载控制器:Public

[ 2018-03-01T10:17:06+08:00 ] 127.0.0.1 /newmeigui/Public/admin/js/jquery2.sorted.js
INFO: [ app_init ] --START--
INFO: Run Behavior\BuildLiteBehavior [ RunTime:0.000029s ]
INFO: [ app_init ] --END-- [ RunTime:0.000162s ]
INFO: [ app_begin ] --START--
INFO: Run Behavior\ReadHtmlCacheBehavior [ RunTime:0.000857s ]
INFO: [ app_begin ] --END-- [ RunTime:0.001068s ]
ERR: 无法加载控制器:Public

[ 2018-03-01T10:17:08+08:00 ] 127.0.0.1 /newmeigui/Public/admin/js/jquery2.sorted.js
INFO: [ app_init ] --START--
INFO: Run Behavior\BuildLiteBehavior [ RunTime:0.000061s ]
INFO: [ app_init ] --END-- [ RunTime:0.000359s ]
INFO: [ app_begin ] --START--
INFO: Run Behavior\ReadHtmlCacheBehavior [ RunTime:0.000729s ]
INFO: [ app_begin ] --END-- [ RunTime:0.000906s ]
ERR: 无法加载控制器:Public

[ 2018-03-01T10:17:14+08:00 ] 127.0.0.1 /newmeigui/
INFO: [ app_init ] --START--
INFO: Run Behavior\BuildLiteBehavior [ RunTime:0.000042s ]
INFO: [ app_init ] --END-- [ RunTime:0.000247s ]
INFO: [ app_begin ] --START--
INFO: Run Behavior\ReadHtmlCacheBehavior [ RunTime:0.000796s ]
INFO: [ app_begin ] --END-- [ RunTime:0.000963s ]
SQL: SHOW COLUMNS FROM `na_ad` [ RunTime:0.0134s ]
SQL: SHOW COLUMNS FROM `na_ad` [ RunTime:0.0080s ]
SQL: SELECT * FROM `na_ad` WHERE `na_ad_adType` = '图文' ORDER BY `na_ad_count` desc LIMIT 3   [ RunTime:0.0005s ]
SQL: SHOW COLUMNS FROM `na_user` [ RunTime:0.0144s ]
SQL: SHOW COLUMNS FROM `na_user` [ RunTime:0.0099s ]
SQL: SELECT * FROM `na_user` WHERE `na_user_id` = 27 LIMIT 1   [ RunTime:0.0004s ]
SQL: SHOW COLUMNS FROM `na_adlove` [ RunTime:0.0192s ]
SQL: SHOW COLUMNS FROM `na_adlove` [ RunTime:0.0061s ]
SQL: SHOW COLUMNS FROM `na_adlove` [ RunTime:0.0064s ]
SQL: SELECT * FROM na_adlove a,na_ad b WHERE ( a.na_adlove_adId=b.na_ad_id ) ORDER BY a.na_adlove_count desc LIMIT 3   [ RunTime:0.0006s ]
INFO: [ view_parse ] --START--
INFO: [ template_filter ] --START--
INFO: Run Behavior\ContentReplaceBehavior [ RunTime:0.000123s ]
INFO: [ template_filter ] --END-- [ RunTime:0.000252s ]
NOTIC: [8] Undefined variable: info D:\phpworkspaces\newmeigui\Application\Runtime\Cache\Home\54d51b08bea1174e92f3f8780711524d.php 第 59 行.
INFO: Run Behavior\ParseTemplateBehavior [ RunTime:0.021455s ]
INFO: [ view_parse ] --END-- [ RunTime:0.021591s ]
INFO: [ view_filter ] --START--
INFO: Run Behavior\WriteHtmlCacheBehavior [ RunTime:0.000284s ]
INFO: [ view_filter ] --END-- [ RunTime:0.000399s ]
INFO: [ app_end ] --START--
INFO: Run Behavior\ShowPageTraceBehavior [ RunTime:0.000565s ]
INFO: [ app_end ] --END-- [ RunTime:0.000697s ]

[ 2018-03-01T10:17:20+08:00 ] 127.0.0.1 /newmeigui/index.php/Home/AdSearch
INFO: [ app_init ] --START--
INFO: Run Behavior\BuildLiteBehavior [ RunTime:0.000026s ]
INFO: [ app_init ] --END-- [ RunTime:0.000156s ]
INFO: [ app_begin ] --START--
INFO: Run Behavior\ReadHtmlCacheBehavior [ RunTime:0.000749s ]
INFO: [ app_begin ] --END-- [ RunTime:0.000955s ]
SQL: SHOW COLUMNS FROM `na_picture` [ RunTime:0.0117s ]
SQL: SHOW COLUMNS FROM `na_picture` [ RunTime:0.0049s ]
SQL: SELECT * FROM `na_picture` WHERE `na_picture_type` = '广告' ORDER BY `na_picture_order`  [ RunTime:0.0004s ]
SQL: SHOW COLUMNS FROM `na_user` [ RunTime:0.0092s ]
SQL: SHOW COLUMNS FROM `na_user` [ RunTime:0.0059s ]
SQL: SELECT * FROM `na_user` WHERE `na_user_id` = 27 LIMIT 1   [ RunTime:0.0004s ]
SQL: SHOW COLUMNS FROM `na_ad` [ RunTime:0.0502s ]
NOTIC: [8] Uninitialized string offset: 1 D:\phpworkspaces\newmeigui\ThinkPHP\Common\functions.php 第 1873 行.
NOTIC: [8] Undefined offset: 1 D:\phpworkspaces\newmeigui\ThinkPHP\Common\functions.php 第 1873 行.
SQL: SHOW COLUMNS FROM `na_ad` [ RunTime:0.0063s ]
SQL: SELECT COUNT(*) AS tp_count FROM `na_ad` WHERE `na_ad_name` LIKE '%%' AND `na_ad_place` LIKE '%%' AND `na_ad_type` LIKE '%%' AND `na_ad_year` LIKE '%%' LIMIT 1   [ RunTime:0.0004s ]
SQL: SELECT `na_ad_id`,`na_ad_name`,`na_ad_showPath`,`na_ad_introduce`,`na_ad_content` FROM `na_ad` WHERE `na_ad_name` LIKE '%%' AND `na_ad_place` LIKE '%%' AND `na_ad_type` LIKE '%%' AND `na_ad_year` LIKE '%%' ORDER BY `na_ad_time` desc LIMIT 0,20   [ RunTime:0.0009s ]
SQL: SHOW COLUMNS FROM `na_adtype` [ RunTime:0.0086s ]
SQL: SHOW COLUMNS FROM `na_adtype` [ RunTime:0.0052s ]
SQL: SELECT * FROM `na_adtype`  [ RunTime:0.0003s ]
NOTIC: [8] Use of undefined constant adSearch - assumed 'adSearch' D:\phpworkspaces\newmeigui\Application\Home\Controller\AdSearchController.class.php 第 25 行.
INFO: [ view_parse ] --START--
INFO: [ template_filter ] --START--
INFO: Run Behavior\ContentReplaceBehavior [ RunTime:0.000222s ]
INFO: [ template_filter ] --END-- [ RunTime:0.000460s ]
INFO: Run Behavior\ParseTemplateBehavior [ RunTime:0.164029s ]
INFO: [ view_parse ] --END-- [ RunTime:0.164214s ]
INFO: [ view_filter ] --START--
INFO: Run Behavior\WriteHtmlCacheBehavior [ RunTime:0.000420s ]
INFO: [ view_filter ] --END-- [ RunTime:0.000608s ]
INFO: [ app_end ] --START--
INFO: Run Behavior\ShowPageTraceBehavior [ RunTime:0.000825s ]
INFO: [ app_end ] --END-- [ RunTime:0.001035s ]

[ 2018-03-01T10:18:21+08:00 ] 127.0.0.1 /newmeigui/index.php/Home/AdSearch
INFO: [ app_init ] --START--
INFO: Run Behavior\BuildLiteBehavior [ RunTime:0.000029s ]
INFO: [ app_init ] --END-- [ RunTime:0.000216s ]
INFO: [ app_begin ] --START--
INFO: Run Behavior\ReadHtmlCacheBehavior [ RunTime:0.000892s ]
INFO: [ app_begin ] --END-- [ RunTime:0.001114s ]
SQL: SHOW COLUMNS FROM `na_picture` [ RunTime:0.0281s ]
SQL: SHOW COLUMNS FROM `na_picture` [ RunTime:0.0105s ]
SQL: SELECT * FROM `na_picture` WHERE `na_picture_type` = '广告' ORDER BY `na_picture_order`  [ RunTime:0.0006s ]
SQL: SHOW COLUMNS FROM `na_user` [ RunTime:0.0122s ]
SQL: SHOW COLUMNS FROM `na_user` [ RunTime:0.0091s ]
SQL: SELECT * FROM `na_user` WHERE `na_user_id` = 27 LIMIT 1   [ RunTime:0.0006s ]
SQL: SHOW COLUMNS FROM `na_ad` [ RunTime:0.0093s ]
NOTIC: [8] Uninitialized string offset: 1 D:\phpworkspaces\newmeigui\ThinkPHP\Common\functions.php 第 1873 行.
NOTIC: [8] Undefined offset: 1 D:\phpworkspaces\newmeigui\ThinkPHP\Common\functions.php 第 1873 行.
SQL: SHOW COLUMNS FROM `na_ad` [ RunTime:0.0058s ]
SQL: SELECT COUNT(*) AS tp_count FROM `na_ad` WHERE `na_ad_name` LIKE '%%' AND `na_ad_place` LIKE '%%' AND `na_ad_type` LIKE '%%' AND `na_ad_year` LIKE '%%' LIMIT 1   [ RunTime:0.0005s ]
SQL: SELECT `na_ad_id`,`na_ad_name`,`na_ad_showPath`,`na_ad_introduce`,`na_ad_content` FROM `na_ad` WHERE `na_ad_name` LIKE '%%' AND `na_ad_place` LIKE '%%' AND `na_ad_type` LIKE '%%' AND `na_ad_year` LIKE '%%' ORDER BY `na_ad_time` desc LIMIT 0,20   [ RunTime:0.0008s ]
SQL: SHOW COLUMNS FROM `na_adtype` [ RunTime:0.0087s ]
SQL: SHOW COLUMNS FROM `na_adtype` [ RunTime:0.0057s ]
SQL: SELECT * FROM `na_adtype`  [ RunTime:0.0003s ]
NOTIC: [8] Use of undefined constant adSearch - assumed 'adSearch' D:\phpworkspaces\newmeigui\Application\Home\Controller\AdSearchController.class.php 第 25 行.
INFO: [ view_parse ] --START--
INFO: [ template_filter ] --START--
INFO: Run Behavior\ContentReplaceBehavior [ RunTime:0.000155s ]
INFO: [ template_filter ] --END-- [ RunTime:0.000326s ]
INFO: Run Behavior\ParseTemplateBehavior [ RunTime:0.146297s ]
INFO: [ view_parse ] --END-- [ RunTime:0.146430s ]
INFO: [ view_filter ] --START--
INFO: Run Behavior\WriteHtmlCacheBehavior [ RunTime:0.000539s ]
INFO: [ view_filter ] --END-- [ RunTime:0.000705s ]
INFO: [ app_end ] --START--
INFO: Run Behavior\ShowPageTraceBehavior [ RunTime:0.002667s ]
INFO: [ app_end ] --END-- [ RunTime:0.003688s ]

[ 2018-03-01T10:18:25+08:00 ] 127.0.0.1 /newmeigui/index.php/Home/AdComment
INFO: [ app_init ] --START--
INFO: Run Behavior\BuildLiteBehavior [ RunTime:0.000049s ]
INFO: [ app_init ] --END-- [ RunTime:0.000285s ]
INFO: [ app_begin ] --START--
INFO: Run Behavior\ReadHtmlCacheBehavior [ RunTime:0.000867s ]
INFO: [ app_begin ] --END-- [ RunTime:0.001085s ]
SQL: SHOW COLUMNS FROM `na_picture` [ RunTime:0.0116s ]
SQL: SHOW COLUMNS FROM `na_picture` [ RunTime:0.0073s ]
SQL: SELECT * FROM `na_picture` WHERE `na_picture_type` = '评论' ORDER BY `na_picture_order`  [ RunTime:0.0004s ]
SQL: SHOW COLUMNS FROM `na_adtype` [ RunTime:0.0085s ]
SQL: SHOW COLUMNS FROM `na_adtype` [ RunTime:0.0066s ]
SQL: SELECT * FROM `na_adtype`  [ RunTime:0.0003s ]
SQL: SHOW COLUMNS FROM `na_comment` [ RunTime:0.0091s ]
SQL: SHOW COLUMNS FROM `na_comment` [ RunTime:0.0057s ]
SQL: SHOW COLUMNS FROM `na_comment` [ RunTime:0.0060s ]
SQL: SELECT * FROM na_comment a,na_user b WHERE `na_comment_type` = '动态' AND ( a.na_comment_userId=b.na_user_id ) ORDER BY `na_comment_time` LIMIT 1   [ RunTime:0.0208s ]
SQL: SHOW COLUMNS FROM `na_ad` [ RunTime:0.0139s ]
SQL: SELECT COUNT(*) AS tp_count FROM `na_ad` LIMIT 1   [ RunTime:0.0003s ]
SQL: SELECT * FROM `na_ad` ORDER BY `na_ad_time` desc LIMIT 0,15   [ RunTime:0.0005s ]
SQL: SELECT `na_comment_content`,`na_comment_time` FROM `na_comment` WHERE ( na_comment_type='评论' AND na_comment_adId='159' )  [ RunTime:0.0003s ]
SQL: SELECT `na_comment_content`,`na_comment_time` FROM `na_comment` WHERE ( na_comment_type='评论' AND na_comment_adId='158' )  [ RunTime:0.0003s ]
SQL: SELECT `na_comment_content`,`na_comment_time` FROM `na_comment` WHERE ( na_comment_type='评论' AND na_comment_adId='157' )  [ RunTime:0.0004s ]
SQL: SELECT `na_comment_content`,`na_comment_time` FROM `na_comment` WHERE ( na_comment_type='评论' AND na_comment_adId='151' )  [ RunTime:0.0007s ]
SQL: SELECT `na_comment_content`,`na_comment_time` FROM `na_comment` WHERE ( na_comment_type='评论' AND na_comment_adId='149' )  [ RunTime:0.0005s ]
SQL: SELECT `na_comment_content`,`na_comment_time` FROM `na_comment` WHERE ( na_comment_type='评论' AND na_comment_adId='146' )  [ RunTime:0.0004s ]
SQL: SELECT `na_comment_content`,`na_comment_time` FROM `na_comment` WHERE ( na_comment_type='评论' AND na_comment_adId='145' )  [ RunTime:0.0004s ]
SQL: SELECT `na_comment_content`,`na_comment_time` FROM `na_comment` WHERE ( na_comment_type='评论' AND na_comment_adId='144' )  [ RunTime:0.0003s ]
SQL: SELECT `na_comment_content`,`na_comment_time` FROM `na_comment` WHERE ( na_comment_type='评论' AND na_comment_adId='143' )  [ RunTime:0.0003s ]
SQL: SELECT `na_comment_content`,`na_comment_time` FROM `na_comment` WHERE ( na_comment_type='评论' AND na_comment_adId='142' )  [ RunTime:0.0003s ]
SQL: SELECT `na_comment_content`,`na_comment_time` FROM `na_comment` WHERE ( na_comment_type='评论' AND na_comment_adId='141' )  [ RunTime:0.0003s ]
SQL: SELECT `na_comment_content`,`na_comment_time` FROM `na_comment` WHERE ( na_comment_type='评论' AND na_comment_adId='140' )  [ RunTime:0.0003s ]
SQL: SELECT `na_comment_content`,`na_comment_time` FROM `na_comment` WHERE ( na_comment_type='评论' AND na_comment_adId='139' )  [ RunTime:0.0006s ]
SQL: SELECT `na_comment_content`,`na_comment_time` FROM `na_comment` WHERE ( na_comment_type='评论' AND na_comment_adId='138' )  [ RunTime:0.0004s ]
SQL: SELECT `na_comment_content`,`na_comment_time` FROM `na_comment` WHERE ( na_comment_type='评论' AND na_comment_adId='137' )  [ RunTime:0.0003s ]
SQL: SHOW COLUMNS FROM `na_user` [ RunTime:0.0094s ]
SQL: SHOW COLUMNS FROM `na_user` [ RunTime:0.0069s ]
SQL: SELECT * FROM `na_user` WHERE `na_user_id` = 27 LIMIT 1   [ RunTime:0.0002s ]
SQL: SHOW COLUMNS FROM `na_ad` [ RunTime:0.0054s ]
SQL: SELECT * FROM `na_ad` ORDER BY `na_ad_time` desc LIMIT 2   [ RunTime:0.0003s ]
INFO: [ view_parse ] --START--
INFO: [ template_filter ] --START--
INFO: Run Behavior\ContentReplaceBehavior [ RunTime:0.000158s ]
INFO: [ template_filter ] --END-- [ RunTime:0.000277s ]
NOTIC: [8] Undefined variable: arr D:\phpworkspaces\newmeigui\Application\Runtime\Cache\Home\da23dea7fafc9a5db9ec048f18e13227.php 第 136 行.
INFO: Run Behavior\ParseTemplateBehavior [ RunTime:0.111857s ]
INFO: [ view_parse ] --END-- [ RunTime:0.112019s ]
INFO: [ view_filter ] --START--
INFO: Run Behavior\WriteHtmlCacheBehavior [ RunTime:0.000263s ]
INFO: [ view_filter ] --END-- [ RunTime:0.000370s ]
INFO: [ app_end ] --START--
INFO: Run Behavior\ShowPageTraceBehavior [ RunTime:0.000866s ]
INFO: [ app_end ] --END-- [ RunTime:0.001160s ]

[ 2018-03-01T10:18:37+08:00 ] 127.0.0.1 /newmeigui/index.php/AdComment/index/p/2.html
INFO: [ app_init ] --START--
INFO: Run Behavior\BuildLiteBehavior [ RunTime:0.000027s ]
INFO: [ app_init ] --END-- [ RunTime:0.000165s ]
INFO: [ app_begin ] --START--
INFO: Run Behavior\ReadHtmlCacheBehavior [ RunTime:0.000634s ]
INFO: [ app_begin ] --END-- [ RunTime:0.000797s ]
SQL: SHOW COLUMNS FROM `na_picture` [ RunTime:0.0116s ]
SQL: SHOW COLUMNS FROM `na_picture` [ RunTime:0.0057s ]
SQL: SELECT * FROM `na_picture` WHERE `na_picture_type` = '评论' ORDER BY `na_picture_order`  [ RunTime:0.0005s ]
SQL: SHOW COLUMNS FROM `na_adtype` [ RunTime:0.0249s ]
SQL: SHOW COLUMNS FROM `na_adtype` [ RunTime:0.0060s ]
SQL: SELECT * FROM `na_adtype`  [ RunTime:0.0004s ]
SQL: SHOW COLUMNS FROM `na_comment` [ RunTime:0.0125s ]
SQL: SHOW COLUMNS FROM `na_comment` [ RunTime:0.0107s ]
SQL: SHOW COLUMNS FROM `na_comment` [ RunTime:0.0089s ]
SQL: SELECT * FROM na_comment a,na_user b WHERE `na_comment_type` = '动态' AND ( a.na_comment_userId=b.na_user_id ) ORDER BY `na_comment_time` LIMIT 1   [ RunTime:0.0121s ]
SQL: SHOW COLUMNS FROM `na_ad` [ RunTime:0.0085s ]
SQL: SELECT COUNT(*) AS tp_count FROM `na_ad` LIMIT 1   [ RunTime:0.0002s ]
SQL: SELECT * FROM `na_ad` ORDER BY `na_ad_time` desc LIMIT 15,15   [ RunTime:0.0006s ]
SQL: SELECT `na_comment_content`,`na_comment_time` FROM `na_comment` WHERE ( na_comment_type='评论' AND na_comment_adId='136' )  [ RunTime:0.0005s ]
SQL: SELECT `na_comment_content`,`na_comment_time` FROM `na_comment` WHERE ( na_comment_type='评论' AND na_comment_adId='135' )  [ RunTime:0.0005s ]
SQL: SELECT `na_comment_content`,`na_comment_time` FROM `na_comment` WHERE ( na_comment_type='评论' AND na_comment_adId='134' )  [ RunTime:0.0004s ]
SQL: SELECT `na_comment_content`,`na_comment_time` FROM `na_comment` WHERE ( na_comment_type='评论' AND na_comment_adId='133' )  [ RunTime:0.0005s ]
SQL: SELECT `na_comment_content`,`na_comment_time` FROM `na_comment` WHERE ( na_comment_type='评论' AND na_comment_adId='132' )  [ RunTime:0.0005s ]
SQL: SELECT `na_comment_content`,`na_comment_time` FROM `na_comment` WHERE ( na_comment_type='评论' AND na_comment_adId='131' )  [ RunTime:0.0003s ]
SQL: SELECT `na_comment_content`,`na_comment_time` FROM `na_comment` WHERE ( na_comment_type='评论' AND na_comment_adId='130' )  [ RunTime:0.0003s ]
SQL: SELECT `na_comment_content`,`na_comment_time` FROM `na_comment` WHERE ( na_comment_type='评论' AND na_comment_adId='129' )  [ RunTime:0.0003s ]
SQL: SELECT `na_comment_content`,`na_comment_time` FROM `na_comment` WHERE ( na_comment_type='评论' AND na_comment_adId='128' )  [ RunTime:0.0003s ]
SQL: SELECT `na_comment_content`,`na_comment_time` FROM `na_comment` WHERE ( na_comment_type='评论' AND na_comment_adId='127' )  [ RunTime:0.0003s ]
SQL: SELECT `na_comment_content`,`na_comment_time` FROM `na_comment` WHERE ( na_comment_type='评论' AND na_comment_adId='126' )  [ RunTime:0.0003s ]
SQL: SELECT `na_comment_content`,`na_comment_time` FROM `na_comment` WHERE ( na_comment_type='评论' AND na_comment_adId='125' )  [ RunTime:0.0003s ]
SQL: SELECT `na_comment_content`,`na_comment_time` FROM `na_comment` WHERE ( na_comment_type='评论' AND na_comment_adId='124' )  [ RunTime:0.0004s ]
SQL: SELECT `na_comment_content`,`na_comment_time` FROM `na_comment` WHERE ( na_comment_type='评论' AND na_comment_adId='123' )  [ RunTime:0.0003s ]
SQL: SELECT `na_comment_content`,`na_comment_time` FROM `na_comment` WHERE ( na_comment_type='评论' AND na_comment_adId='122' )  [ RunTime:0.0003s ]
SQL: SHOW COLUMNS FROM `na_user` [ RunTime:0.0099s ]
SQL: SHOW COLUMNS FROM `na_user` [ RunTime:0.0056s ]
SQL: SELECT * FROM `na_user` WHERE `na_user_id` = 27 LIMIT 1   [ RunTime:0.0003s ]
SQL: SHOW COLUMNS FROM `na_ad` [ RunTime:0.0075s ]
SQL: SELECT * FROM `na_ad` ORDER BY `na_ad_time` desc LIMIT 2   [ RunTime:0.0010s ]
INFO: [ view_parse ] --START--
INFO: [ template_filter ] --START--
INFO: Run Behavior\ContentReplaceBehavior [ RunTime:0.000244s ]
INFO: [ template_filter ] --END-- [ RunTime:0.000452s ]
NOTIC: [8] Undefined variable: arr D:\phpworkspaces\newmeigui\Application\Runtime\Cache\Home\da23dea7fafc9a5db9ec048f18e13227.php 第 136 行.
INFO: Run Behavior\ParseTemplateBehavior [ RunTime:0.100300s ]
INFO: [ view_parse ] --END-- [ RunTime:0.100427s ]
INFO: [ view_filter ] --START--
INFO: Run Behavior\WriteHtmlCacheBehavior [ RunTime:0.000256s ]
INFO: [ view_filter ] --END-- [ RunTime:0.000404s ]
INFO: [ app_end ] --START--
INFO: Run Behavior\ShowPageTraceBehavior [ RunTime:0.001121s ]
INFO: [ app_end ] --END-- [ RunTime:0.001451s ]

[ 2018-03-01T10:37:17+08:00 ] 127.0.0.1 /newmeigui/index.php/Home/AdMetail/index/id/136
INFO: [ app_init ] --START--
INFO: Run Behavior\BuildLiteBehavior [ RunTime:0.000027s ]
INFO: [ app_init ] --END-- [ RunTime:0.000165s ]
INFO: [ app_begin ] --START--
INFO: Run Behavior\ReadHtmlCacheBehavior [ RunTime:0.001642s ]
INFO: [ app_begin ] --END-- [ RunTime:0.001778s ]
SQL: SHOW COLUMNS FROM `na_ad` [ RunTime:0.0123s ]
SQL: SHOW COLUMNS FROM `na_ad` [ RunTime:0.0054s ]
SQL: UPDATE `na_ad` SET `na_ad_count`=na_ad_count+1 WHERE `na_ad_id` = 136 [ RunTime:0.0836s ]
SQL: SELECT * FROM `na_ad` WHERE `na_ad_id` = 136 LIMIT 1   [ RunTime:0.0005s ]
SQL: SHOW COLUMNS FROM `na_comment` [ RunTime:0.0160s ]
SQL: SHOW COLUMNS FROM `na_comment` [ RunTime:0.0085s ]
SQL: SHOW COLUMNS FROM `na_comment` [ RunTime:0.0106s ]
SQL: SELECT COUNT(*) AS tp_count FROM na_comment a,na_user b WHERE ( a.na_comment_userId=b.na_user_id ) AND a.na_comment_type = '评论' AND `na_comment_adId` = 136 LIMIT 1   [ RunTime:0.0003s ]
SQL: SHOW COLUMNS FROM `na_comment` [ RunTime:0.0066s ]
SQL: SELECT * FROM na_comment a,na_user b WHERE ( a.na_comment_userId=b.na_user_id ) AND a.na_comment_type = '评论' AND `na_comment_adId` = 136 ORDER BY `na_comment_time` desc LIMIT 0,4   [ RunTime:0.0081s ]
SQL: SELECT * FROM `na_ad` WHERE `na_ad_adType` = '图文' ORDER BY `na_ad_count` desc LIMIT 4   [ RunTime:0.0007s ]
NOTIC: [8] Use of undefined constant p_info - assumed 'p_info' D:\phpworkspaces\newmeigui\Application\Home\Controller\AdMetailController.class.php 第 134 行.
INFO: [ view_parse ] --START--
INFO: [ template_filter ] --START--
INFO: Run Behavior\ContentReplaceBehavior [ RunTime:0.000153s ]
INFO: [ template_filter ] --END-- [ RunTime:0.000294s ]
INFO: Run Behavior\ParseTemplateBehavior [ RunTime:0.081662s ]
INFO: [ view_parse ] --END-- [ RunTime:0.081840s ]
INFO: [ view_filter ] --START--
INFO: Run Behavior\WriteHtmlCacheBehavior [ RunTime:0.000540s ]
INFO: [ view_filter ] --END-- [ RunTime:0.000730s ]
INFO: [ app_end ] --START--
INFO: Run Behavior\ShowPageTraceBehavior [ RunTime:0.000970s ]
INFO: [ app_end ] --END-- [ RunTime:0.001195s ]

[ 2018-03-01T10:37:17+08:00 ] 127.0.0.1 /newmeigui/index.php/Home/AdMetail/index/id/video-js.css
INFO: [ app_init ] --START--
INFO: Run Behavior\BuildLiteBehavior [ RunTime:0.000044s ]
INFO: [ app_init ] --END-- [ RunTime:0.000271s ]
INFO: [ app_begin ] --START--
INFO: Run Behavior\ReadHtmlCacheBehavior [ RunTime:0.000896s ]
INFO: [ app_begin ] --END-- [ RunTime:0.001107s ]
SQL: SHOW COLUMNS FROM `na_ad` [ RunTime:0.0070s ]
SQL: SHOW COLUMNS FROM `na_ad` [ RunTime:0.0055s ]
SQL: UPDATE `na_ad` SET `na_ad_count`=na_ad_count+1 WHERE `na_ad_id` = 0 [ RunTime:0.0003s ]
SQL: SELECT * FROM `na_ad` WHERE `na_ad_id` = 0 LIMIT 1   [ RunTime:0.0004s ]
SQL: SHOW COLUMNS FROM `na_comment` [ RunTime:0.0082s ]
SQL: SHOW COLUMNS FROM `na_comment` [ RunTime:0.0096s ]
SQL: SHOW COLUMNS FROM `na_comment` [ RunTime:0.0050s ]
SQL: SELECT COUNT(*) AS tp_count FROM na_comment a,na_user b WHERE ( a.na_comment_userId=b.na_user_id ) AND a.na_comment_type = '评论' AND `na_comment_adId` = 0 LIMIT 1   [ RunTime:0.0004s ]
SQL: SHOW COLUMNS FROM `na_comment` [ RunTime:0.0062s ]
SQL: SELECT * FROM na_comment a,na_user b WHERE ( a.na_comment_userId=b.na_user_id ) AND a.na_comment_type = '评论' AND `na_comment_adId` = 0 ORDER BY `na_comment_time` desc LIMIT 0,4   [ RunTime:0.0071s ]
SQL: SELECT * FROM `na_ad` WHERE `na_ad_adType` = null ORDER BY `na_ad_count` desc LIMIT 4   [ RunTime:0.0005s ]
INFO: [ app_end ] --START--
INFO: Run Behavior\ShowPageTraceBehavior [ RunTime:0.000691s ]
INFO: [ app_end ] --END-- [ RunTime:0.000815s ]

[ 2018-03-01T10:37:18+08:00 ] 127.0.0.1 /newmeigui/index.php/Home/AdMetail/index/id/video.js
INFO: [ app_init ] --START--
INFO: Run Behavior\BuildLiteBehavior [ RunTime:0.000042s ]
INFO: [ app_init ] --END-- [ RunTime:0.000253s ]
INFO: [ app_begin ] --START--
INFO: Run Behavior\ReadHtmlCacheBehavior [ RunTime:0.000895s ]
INFO: [ app_begin ] --END-- [ RunTime:0.001132s ]
SQL: SHOW COLUMNS FROM `na_ad` [ RunTime:0.0139s ]
SQL: SHOW COLUMNS FROM `na_ad` [ RunTime:0.0085s ]
SQL: UPDATE `na_ad` SET `na_ad_count`=na_ad_count+1 WHERE `na_ad_id` = 0 [ RunTime:0.0003s ]
SQL: SELECT * FROM `na_ad` WHERE `na_ad_id` = 0 LIMIT 1   [ RunTime:0.0005s ]
SQL: SHOW COLUMNS FROM `na_comment` [ RunTime:0.0110s ]
SQL: SHOW COLUMNS FROM `na_comment` [ RunTime:0.0077s ]
SQL: SHOW COLUMNS FROM `na_comment` [ RunTime:0.0087s ]
SQL: SELECT COUNT(*) AS tp_count FROM na_comment a,na_user b WHERE ( a.na_comment_userId=b.na_user_id ) AND a.na_comment_type = '评论' AND `na_comment_adId` = 0 LIMIT 1   [ RunTime:0.0016s ]
SQL: SHOW COLUMNS FROM `na_comment` [ RunTime:0.0084s ]
SQL: SELECT * FROM na_comment a,na_user b WHERE ( a.na_comment_userId=b.na_user_id ) AND a.na_comment_type = '评论' AND `na_comment_adId` = 0 ORDER BY `na_comment_time` desc LIMIT 0,4   [ RunTime:0.0090s ]
SQL: SELECT * FROM `na_ad` WHERE `na_ad_adType` = null ORDER BY `na_ad_count` desc LIMIT 4   [ RunTime:0.0007s ]
INFO: [ app_end ] --START--
INFO: Run Behavior\ShowPageTraceBehavior [ RunTime:0.001236s ]
INFO: [ app_end ] --END-- [ RunTime:0.001435s ]

[ 2018-03-01T10:37:36+08:00 ] 127.0.0.1 /newmeigui/index.php/Home/Aa
INFO: [ app_init ] --START--
INFO: Run Behavior\BuildLiteBehavior [ RunTime:0.000043s ]
INFO: [ app_init ] --END-- [ RunTime:0.000265s ]
INFO: [ app_begin ] --START--
INFO: Run Behavior\ReadHtmlCacheBehavior [ RunTime:0.000584s ]
INFO: [ app_begin ] --END-- [ RunTime:0.000736s ]
SQL: SHOW COLUMNS FROM `na_comment` [ RunTime:0.0168s ]
SQL: SHOW COLUMNS FROM `na_user` [ RunTime:0.0128s ]
SQL: SHOW COLUMNS FROM `na_user` [ RunTime:0.0067s ]
SQL: SELECT `na_user_state` FROM `na_user` WHERE `na_user_id` = 27 LIMIT 1   [ RunTime:0.0003s ]

[ 2018-03-01T10:37:37+08:00 ] 127.0.0.1 /newmeigui/index.php/Home/AdMetail/index/id/136
INFO: [ app_init ] --START--
INFO: Run Behavior\BuildLiteBehavior [ RunTime:0.000026s ]
INFO: [ app_init ] --END-- [ RunTime:0.000160s ]
INFO: [ app_begin ] --START--
INFO: Run Behavior\ReadHtmlCacheBehavior [ RunTime:0.000544s ]
INFO: [ app_begin ] --END-- [ RunTime:0.000665s ]
SQL: SHOW COLUMNS FROM `na_ad` [ RunTime:0.0121s ]
SQL: SHOW COLUMNS FROM `na_ad` [ RunTime:0.0062s ]
SQL: UPDATE `na_ad` SET `na_ad_count`=na_ad_count+1 WHERE `na_ad_id` = 136 [ RunTime:0.0308s ]
SQL: SELECT * FROM `na_ad` WHERE `na_ad_id` = 136 LIMIT 1   [ RunTime:0.0005s ]
SQL: SHOW COLUMNS FROM `na_comment` [ RunTime:0.0145s ]
SQL: SHOW COLUMNS FROM `na_comment` [ RunTime:0.0088s ]
SQL: SHOW COLUMNS FROM `na_comment` [ RunTime:0.0073s ]
SQL: SELECT COUNT(*) AS tp_count FROM na_comment a,na_user b WHERE ( a.na_comment_userId=b.na_user_id ) AND a.na_comment_type = '评论' AND `na_comment_adId` = 136 LIMIT 1   [ RunTime:0.0005s ]
SQL: SHOW COLUMNS FROM `na_comment` [ RunTime:0.0069s ]
SQL: SELECT * FROM na_comment a,na_user b WHERE ( a.na_comment_userId=b.na_user_id ) AND a.na_comment_type = '评论' AND `na_comment_adId` = 136 ORDER BY `na_comment_time` desc LIMIT 0,4   [ RunTime:0.0103s ]
SQL: SELECT * FROM `na_ad` WHERE `na_ad_adType` = '图文' ORDER BY `na_ad_count` desc LIMIT 4   [ RunTime:0.0004s ]
NOTIC: [8] Use of undefined constant p_info - assumed 'p_info' D:\phpworkspaces\newmeigui\Application\Home\Controller\AdMetailController.class.php 第 134 行.
INFO: [ view_parse ] --START--
INFO: [ template_filter ] --START--
INFO: Run Behavior\ContentReplaceBehavior [ RunTime:0.000146s ]
INFO: [ template_filter ] --END-- [ RunTime:0.000269s ]
INFO: Run Behavior\ParseTemplateBehavior [ RunTime:0.078779s ]
INFO: [ view_parse ] --END-- [ RunTime:0.078919s ]
INFO: [ view_filter ] --START--
INFO: Run Behavior\WriteHtmlCacheBehavior [ RunTime:0.000411s ]
INFO: [ view_filter ] --END-- [ RunTime:0.000590s ]
INFO: [ app_end ] --START--
INFO: Run Behavior\ShowPageTraceBehavior [ RunTime:0.000792s ]
INFO: [ app_end ] --END-- [ RunTime:0.001483s ]

[ 2018-03-01T10:37:38+08:00 ] 127.0.0.1 /newmeigui/index.php/Home/AdMetail/index/id/video.js
INFO: [ app_init ] --START--
INFO: Run Behavior\BuildLiteBehavior [ RunTime:0.000204s ]
INFO: [ app_init ] --END-- [ RunTime:0.000714s ]
INFO: [ app_begin ] --START--
INFO: Run Behavior\ReadHtmlCacheBehavior [ RunTime:0.000791s ]
INFO: [ app_begin ] --END-- [ RunTime:0.001004s ]
SQL: SHOW COLUMNS FROM `na_ad` [ RunTime:0.0113s ]
SQL: SHOW COLUMNS FROM `na_ad` [ RunTime:0.0071s ]
SQL: UPDATE `na_ad` SET `na_ad_count`=na_ad_count+1 WHERE `na_ad_id` = 0 [ RunTime:0.0003s ]
SQL: SELECT * FROM `na_ad` WHERE `na_ad_id` = 0 LIMIT 1   [ RunTime:0.0002s ]
SQL: SHOW COLUMNS FROM `na_comment` [ RunTime:0.0084s ]
SQL: SHOW COLUMNS FROM `na_comment` [ RunTime:0.0083s ]
SQL: SHOW COLUMNS FROM `na_comment` [ RunTime:0.0126s ]
SQL: SELECT COUNT(*) AS tp_count FROM na_comment a,na_user b WHERE ( a.na_comment_userId=b.na_user_id ) AND a.na_comment_type = '评论' AND `na_comment_adId` = 0 LIMIT 1   [ RunTime:0.0004s ]
SQL: SHOW COLUMNS FROM `na_comment` [ RunTime:0.0065s ]
SQL: SELECT * FROM na_comment a,na_user b WHERE ( a.na_comment_userId=b.na_user_id ) AND a.na_comment_type = '评论' AND `na_comment_adId` = 0 ORDER BY `na_comment_time` desc LIMIT 0,4   [ RunTime:0.0080s ]
SQL: SELECT * FROM `na_ad` WHERE `na_ad_adType` = null ORDER BY `na_ad_count` desc LIMIT 4   [ RunTime:0.0004s ]
INFO: [ app_end ] --START--
INFO: Run Behavior\ShowPageTraceBehavior [ RunTime:0.000596s ]
INFO: [ app_end ] --END-- [ RunTime:0.000718s ]

[ 2018-03-01T10:37:38+08:00 ] 127.0.0.1 /newmeigui/index.php/Home/AdMetail/index/id/video-js.css
INFO: [ app_init ] --START--
INFO: Run Behavior\BuildLiteBehavior [ RunTime:0.000049s ]
INFO: [ app_init ] --END-- [ RunTime:0.000292s ]
INFO: [ app_begin ] --START--
INFO: Run Behavior\ReadHtmlCacheBehavior [ RunTime:0.000736s ]
INFO: [ app_begin ] --END-- [ RunTime:0.000939s ]
SQL: SHOW COLUMNS FROM `na_ad` [ RunTime:0.0053s ]
SQL: SHOW COLUMNS FROM `na_ad` [ RunTime:0.0054s ]
SQL: UPDATE `na_ad` SET `na_ad_count`=na_ad_count+1 WHERE `na_ad_id` = 0 [ RunTime:0.0003s ]
SQL: SELECT * FROM `na_ad` WHERE `na_ad_id` = 0 LIMIT 1   [ RunTime:0.0004s ]
SQL: SHOW COLUMNS FROM `na_comment` [ RunTime:0.0070s ]
SQL: SHOW COLUMNS FROM `na_comment` [ RunTime:0.0052s ]
SQL: SHOW COLUMNS FROM `na_comment` [ RunTime:0.0065s ]
SQL: SELECT COUNT(*) AS tp_count FROM na_comment a,na_user b WHERE ( a.na_comment_userId=b.na_user_id ) AND a.na_comment_type = '评论' AND `na_comment_adId` = 0 LIMIT 1   [ RunTime:0.0013s ]
SQL: SHOW COLUMNS FROM `na_comment` [ RunTime:0.0081s ]
SQL: SELECT * FROM na_comment a,na_user b WHERE ( a.na_comment_userId=b.na_user_id ) AND a.na_comment_type = '评论' AND `na_comment_adId` = 0 ORDER BY `na_comment_time` desc LIMIT 0,4   [ RunTime:0.0049s ]
SQL: SELECT * FROM `na_ad` WHERE `na_ad_adType` = null ORDER BY `na_ad_count` desc LIMIT 4   [ RunTime:0.0005s ]
INFO: [ app_end ] --START--
INFO: Run Behavior\ShowPageTraceBehavior [ RunTime:0.001032s ]
INFO: [ app_end ] --END-- [ RunTime:0.001266s ]

