[ 2016-09-30T11:48:41+08:00 ] 127.0.0.1 /newmeigui/index.php/Admin/UploadFiles/videoAdd
ERR: Think\Controller:returnAjax方法不存在！

[ 2016-09-30T11:49:25+08:00 ] 127.0.0.1 /newmeigui/index.php/Admin/UploadFiles/videoAdd
ERR: Think\Controller:returnAjax方法不存在！

[ 2016-09-30T11:49:41+08:00 ] 127.0.0.1 /newmeigui/index.php/Admin/UploadFiles/videoAdd
ERR: Think\Controller:returnAjax方法不存在！

[ 2016-09-30T11:50:47+08:00 ] 127.0.0.1 /newmeigui/index.php/Admin/UploadFiles/videoAdd
ERR: Think\Controller:returnAjax方法不存在！

[ 2016-09-30T11:52:55+08:00 ] 127.0.0.1 /newmeigui/index.php/Admin/__PUBLIC_/admin/Js/jquery2.sorted.js
ERR: 非法操作:admin

[ 2016-09-30T11:52:55+08:00 ] 127.0.0.1 /newmeigui/index.php/Admin/__PUBLIC_/admin/Js/jquery2.js
ERR: 非法操作:admin

[ 2016-09-30T11:52:55+08:00 ] 127.0.0.1 /newmeigui/index.php/Admin/__PUBLIC_/admin/Js/ckform.js
ERR: 非法操作:admin

[ 2016-09-30T11:52:55+08:00 ] 127.0.0.1 /newmeigui/index.php/Admin/__PUBLIC_/admin/Js/common.js
ERR: 非法操作:admin

[ 2016-09-30T11:52:55+08:00 ] 127.0.0.1 /newmeigui/index.php/Admin/__PUBLIC_/admin/Js/bootstrap.js
ERR: 非法操作:admin

[ 2016-09-30T11:53:19+08:00 ] 127.0.0.1 /newmeigui/index.php/Admin/__PUBLIC_/admin/Js/jquery2.js
ERR: 非法操作:admin

[ 2016-09-30T11:53:19+08:00 ] 127.0.0.1 /newmeigui/index.php/Admin/__PUBLIC_/admin/Js/bootstrap.js
ERR: 非法操作:admin

[ 2016-09-30T11:53:19+08:00 ] 127.0.0.1 /newmeigui/index.php/Admin/__PUBLIC_/admin/Js/ckform.js
ERR: 非法操作:admin

[ 2016-09-30T11:53:19+08:00 ] 127.0.0.1 /newmeigui/index.php/Admin/__PUBLIC_/admin/Js/common.js
ERR: 非法操作:admin

[ 2016-09-30T11:53:19+08:00 ] 127.0.0.1 /newmeigui/index.php/Admin/__PUBLIC_/admin/Js/jquery2.sorted.js
ERR: 非法操作:admin

[ 2016-09-30T11:53:31+08:00 ] 127.0.0.1 /newmeigui/index.php/Admin/__PUBLIC_/admin/Js/jquery2.sorted.js
ERR: 非法操作:admin

[ 2016-09-30T11:53:31+08:00 ] 127.0.0.1 /newmeigui/index.php/Admin/__PUBLIC_/admin/Js/jquery2.js
ERR: 非法操作:admin

[ 2016-09-30T11:53:31+08:00 ] 127.0.0.1 /newmeigui/index.php/Admin/__PUBLIC_/admin/Js/common.js
ERR: 非法操作:admin

[ 2016-09-30T11:53:31+08:00 ] 127.0.0.1 /newmeigui/index.php/Admin/__PUBLIC_/admin/Js/bootstrap.js
ERR: 非法操作:admin

[ 2016-09-30T11:53:31+08:00 ] 127.0.0.1 /newmeigui/index.php/Admin/__PUBLIC_/admin/Js/ckform.js
ERR: 非法操作:admin

[ 2016-09-30T12:04:18+08:00 ] 127.0.0.1 /newmeigui/index.php/Admin/__PUBLIC_/admin/Js/jquery2.sorted.js
ERR: 非法操作:admin

[ 2016-09-30T12:04:18+08:00 ] 127.0.0.1 /newmeigui/index.php/Admin/__PUBLIC_/admin/Js/jquery2.js
ERR: 非法操作:admin

[ 2016-09-30T12:04:18+08:00 ] 127.0.0.1 /newmeigui/index.php/Admin/__PUBLIC_/admin/Js/ckform.js
ERR: 非法操作:admin

[ 2016-09-30T12:04:18+08:00 ] 127.0.0.1 /newmeigui/index.php/Admin/__PUBLIC_/admin/Js/common.js
ERR: 非法操作:admin

[ 2016-09-30T12:04:18+08:00 ] 127.0.0.1 /newmeigui/index.php/Admin/__PUBLIC_/admin/Js/bootstrap.js
ERR: 非法操作:admin

[ 2016-09-30T12:06:26+08:00 ] 127.0.0.1 /newmeigui/index.php/Admin/__PUBLIC_/admin/Js/jquery2.sorted.js
ERR: 非法操作:admin

[ 2016-09-30T12:06:26+08:00 ] 127.0.0.1 /newmeigui/index.php/Admin/__PUBLIC_/admin/Js/jquery2.js
ERR: 非法操作:admin

[ 2016-09-30T12:06:26+08:00 ] 127.0.0.1 /newmeigui/index.php/Admin/__PUBLIC_/admin/Js/common.js
ERR: 非法操作:admin

[ 2016-09-30T12:06:26+08:00 ] 127.0.0.1 /newmeigui/index.php/Admin/__PUBLIC_/admin/Js/ckform.js
ERR: 非法操作:admin

[ 2016-09-30T12:06:26+08:00 ] 127.0.0.1 /newmeigui/index.php/Admin/__PUBLIC_/admin/Js/bootstrap.js
ERR: 非法操作:admin

[ 2016-09-30T12:06:39+08:00 ] 127.0.0.1 /newmeigui/index.php/Admin/__PUBLIC_/admin/Js/jquery2.js
ERR: 非法操作:admin

[ 2016-09-30T12:06:39+08:00 ] 127.0.0.1 /newmeigui/index.php/Admin/__PUBLIC_/admin/Js/bootstrap.js
ERR: 非法操作:admin

[ 2016-09-30T12:06:39+08:00 ] 127.0.0.1 /newmeigui/index.php/Admin/__PUBLIC_/admin/Js/ckform.js
ERR: 非法操作:admin

[ 2016-09-30T12:06:39+08:00 ] 127.0.0.1 /newmeigui/index.php/Admin/__PUBLIC_/admin/Js/jquery2.sorted.js
ERR: 非法操作:admin

[ 2016-09-30T12:06:39+08:00 ] 127.0.0.1 /newmeigui/index.php/Admin/__PUBLIC_/admin/Js/common.js
ERR: 非法操作:admin

[ 2016-09-30T12:08:09+08:00 ] 127.0.0.1 /newmeigui/index.php/Admin/__PUBLIC_/admin/Js/jquery2.js
ERR: 非法操作:admin

[ 2016-09-30T12:08:09+08:00 ] 127.0.0.1 /newmeigui/index.php/Admin/__PUBLIC_/admin/Js/bootstrap.js
ERR: 非法操作:admin

[ 2016-09-30T12:08:09+08:00 ] 127.0.0.1 /newmeigui/index.php/Admin/__PUBLIC_/admin/Js/jquery2.sorted.js
ERR: 非法操作:admin

[ 2016-09-30T12:08:09+08:00 ] 127.0.0.1 /newmeigui/index.php/Admin/__PUBLIC_/admin/Js/ckform.js
ERR: 非法操作:admin

[ 2016-09-30T12:08:09+08:00 ] 127.0.0.1 /newmeigui/index.php/Admin/__PUBLIC_/admin/Js/common.js
ERR: 非法操作:admin

[ 2016-09-30T12:08:48+08:00 ] 127.0.0.1 /newmeigui/index.php/Admin/__PUBLIC_/admin/Js/jquery2.js
ERR: 非法操作:admin

[ 2016-09-30T12:08:48+08:00 ] 127.0.0.1 /newmeigui/index.php/Admin/__PUBLIC_/admin/Js/bootstrap.js
ERR: 非法操作:admin

[ 2016-09-30T12:08:48+08:00 ] 127.0.0.1 /newmeigui/index.php/Admin/__PUBLIC_/admin/Js/jquery2.sorted.js
ERR: 非法操作:admin

[ 2016-09-30T12:08:48+08:00 ] 127.0.0.1 /newmeigui/index.php/Admin/__PUBLIC_/admin/Js/common.js
ERR: 非法操作:admin

[ 2016-09-30T12:08:48+08:00 ] 127.0.0.1 /newmeigui/index.php/Admin/__PUBLIC_/admin/Js/ckform.js
ERR: 非法操作:admin

[ 2016-09-30T12:09:42+08:00 ] 127.0.0.1 /newmeigui/index.php/Admin/__PUBLIC_/admin/Js/jquery2.js
ERR: 非法操作:admin

[ 2016-09-30T12:09:42+08:00 ] 127.0.0.1 /newmeigui/index.php/Admin/__PUBLIC_/admin/Js/jquery2.sorted.js
ERR: 非法操作:admin

[ 2016-09-30T12:09:42+08:00 ] 127.0.0.1 /newmeigui/index.php/Admin/__PUBLIC_/admin/Js/bootstrap.js
ERR: 非法操作:admin

[ 2016-09-30T12:09:42+08:00 ] 127.0.0.1 /newmeigui/index.php/Admin/__PUBLIC_/admin/Js/ckform.js
ERR: 非法操作:admin

[ 2016-09-30T12:09:42+08:00 ] 127.0.0.1 /newmeigui/index.php/Admin/__PUBLIC_/admin/Js/common.js
ERR: 非法操作:admin

[ 2016-09-30T12:09:54+08:00 ] 127.0.0.1 /newmeigui/index.php/Admin/__PUBLIC_/admin/Js/jquery2.sorted.js
ERR: 非法操作:admin

[ 2016-09-30T12:09:54+08:00 ] 127.0.0.1 /newmeigui/index.php/Admin/__PUBLIC_/admin/Js/jquery2.js
ERR: 非法操作:admin

[ 2016-09-30T12:09:55+08:00 ] 127.0.0.1 /newmeigui/index.php/Admin/__PUBLIC_/admin/Js/bootstrap.js
ERR: 非法操作:admin

[ 2016-09-30T12:09:55+08:00 ] 127.0.0.1 /newmeigui/index.php/Admin/__PUBLIC_/admin/Js/ckform.js
ERR: 非法操作:admin

[ 2016-09-30T12:09:55+08:00 ] 127.0.0.1 /newmeigui/index.php/Admin/__PUBLIC_/admin/Js/common.js
ERR: 非法操作:admin

[ 2016-09-30T12:10:23+08:00 ] 127.0.0.1 /newmeigui/index.php/Admin/__PUBLIC_/admin/Js/jquery2.sorted.js
ERR: 非法操作:admin

[ 2016-09-30T12:10:23+08:00 ] 127.0.0.1 /newmeigui/index.php/Admin/__PUBLIC_/admin/Js/jquery2.js
ERR: 非法操作:admin

[ 2016-09-30T12:10:23+08:00 ] 127.0.0.1 /newmeigui/index.php/Admin/__PUBLIC_/admin/Js/ckform.js
ERR: 非法操作:admin

[ 2016-09-30T12:10:23+08:00 ] 127.0.0.1 /newmeigui/index.php/Admin/__PUBLIC_/admin/Js/common.js
ERR: 非法操作:admin

[ 2016-09-30T12:10:23+08:00 ] 127.0.0.1 /newmeigui/index.php/Admin/__PUBLIC_/admin/Js/bootstrap.js
ERR: 非法操作:admin

[ 2016-09-30T12:11:02+08:00 ] 127.0.0.1 /newmeigui/index.php/Admin/__PUBLIC_/admin/Js/jquery2.sorted.js
ERR: 非法操作:admin

[ 2016-09-30T12:11:02+08:00 ] 127.0.0.1 /newmeigui/index.php/Admin/__PUBLIC_/admin/Js/jquery2.js
ERR: 非法操作:admin

[ 2016-09-30T12:11:02+08:00 ] 127.0.0.1 /newmeigui/index.php/Admin/__PUBLIC_/admin/Js/ckform.js
ERR: 非法操作:admin

[ 2016-09-30T12:11:02+08:00 ] 127.0.0.1 /newmeigui/index.php/Admin/__PUBLIC_/admin/Js/bootstrap.js
ERR: 非法操作:admin

[ 2016-09-30T12:11:02+08:00 ] 127.0.0.1 /newmeigui/index.php/Admin/__PUBLIC_/admin/Js/common.js
ERR: 非法操作:admin

[ 2016-09-30T12:13:17+08:00 ] 127.0.0.1 /newmeigui/index.php/Admin/list/__PUBLIC_/admin/Js/jquery2.js
ERR: 非法操作:__PUBLIC_

[ 2016-09-30T12:13:17+08:00 ] 127.0.0.1 /newmeigui/index.php/Admin/list/__PUBLIC_/admin/Js/jquery2.sorted.js
ERR: 非法操作:__PUBLIC_

[ 2016-09-30T12:13:17+08:00 ] 127.0.0.1 /newmeigui/index.php/Admin/list/__PUBLIC_/admin/Js/ckform.js
ERR: 非法操作:__PUBLIC_

[ 2016-09-30T12:13:17+08:00 ] 127.0.0.1 /newmeigui/index.php/Admin/list/__PUBLIC_/admin/Js/common.js
ERR: 非法操作:__PUBLIC_

[ 2016-09-30T12:13:17+08:00 ] 127.0.0.1 /newmeigui/index.php/Admin/list/__PUBLIC_/admin/Js/bootstrap.js
ERR: 非法操作:__PUBLIC_

[ 2016-09-30T12:14:50+08:00 ] 127.0.0.1 /newmeigui/index.php/Admin/list/__PUBLIC_/admin/Js/jquery2.js
ERR: 非法操作:__PUBLIC_

[ 2016-09-30T12:14:50+08:00 ] 127.0.0.1 /newmeigui/index.php/Admin/list/__PUBLIC_/admin/Js/jquery2.sorted.js
ERR: 非法操作:__PUBLIC_

[ 2016-09-30T12:14:50+08:00 ] 127.0.0.1 /newmeigui/index.php/Admin/list/__PUBLIC_/admin/Js/bootstrap.js
ERR: 非法操作:__PUBLIC_

[ 2016-09-30T12:14:50+08:00 ] 127.0.0.1 /newmeigui/index.php/Admin/list/__PUBLIC_/admin/Js/ckform.js
ERR: 非法操作:__PUBLIC_

[ 2016-09-30T12:14:50+08:00 ] 127.0.0.1 /newmeigui/index.php/Admin/list/__PUBLIC_/admin/Js/common.js
ERR: 非法操作:__PUBLIC_

[ 2016-09-30T12:21:11+08:00 ] 127.0.0.1 /newmeigui/index.php/Admin/list/__PUBLIC_/admin/Js/jquery2.js
ERR: 非法操作:__PUBLIC_

[ 2016-09-30T12:21:11+08:00 ] 127.0.0.1 /newmeigui/index.php/Admin/list/__PUBLIC_/admin/Js/bootstrap.js
ERR: 非法操作:__PUBLIC_

[ 2016-09-30T12:21:11+08:00 ] 127.0.0.1 /newmeigui/index.php/Admin/list/__PUBLIC_/admin/Js/common.js
ERR: 非法操作:__PUBLIC_

[ 2016-09-30T12:21:11+08:00 ] 127.0.0.1 /newmeigui/index.php/Admin/list/__PUBLIC_/admin/Js/ckform.js
ERR: 非法操作:__PUBLIC_

[ 2016-09-30T12:21:11+08:00 ] 127.0.0.1 /newmeigui/index.php/Admin/list/__PUBLIC_/admin/Js/jquery2.sorted.js
ERR: 非法操作:__PUBLIC_

[ 2016-09-30T12:22:13+08:00 ] 127.0.0.1 /newmeigui/index.php/Admin/List/list/index
ERR: 非法操作:list

[ 2016-09-30T12:22:37+08:00 ] 127.0.0.1 /newmeigui/index.php/Admin/__PUBLIC_/admin/Js/bootstrap.js
ERR: 非法操作:admin

[ 2016-09-30T12:22:37+08:00 ] 127.0.0.1 /newmeigui/index.php/Admin/__PUBLIC_/admin/Js/ckform.js
ERR: 非法操作:admin

[ 2016-09-30T12:22:37+08:00 ] 127.0.0.1 /newmeigui/index.php/Admin/__PUBLIC_/admin/Js/jquery2.js
ERR: 非法操作:admin

[ 2016-09-30T12:22:37+08:00 ] 127.0.0.1 /newmeigui/index.php/Admin/__PUBLIC_/admin/Js/jquery2.sorted.js
ERR: 非法操作:admin

[ 2016-09-30T12:22:37+08:00 ] 127.0.0.1 /newmeigui/index.php/Admin/__PUBLIC_/admin/Js/common.js
ERR: 非法操作:admin

[ 2016-09-30T12:22:53+08:00 ] 127.0.0.1 /newmeigui/index.php/Admin/__PUBLIC_/admin/Js/jquery2.js
ERR: 非法操作:admin

[ 2016-09-30T12:22:53+08:00 ] 127.0.0.1 /newmeigui/index.php/Admin/__PUBLIC_/admin/Js/common.js
ERR: 非法操作:admin

[ 2016-09-30T12:22:53+08:00 ] 127.0.0.1 /newmeigui/index.php/Admin/__PUBLIC_/admin/Js/bootstrap.js
ERR: 非法操作:admin

[ 2016-09-30T12:22:53+08:00 ] 127.0.0.1 /newmeigui/index.php/Admin/__PUBLIC_/admin/Js/ckform.js
ERR: 非法操作:admin

[ 2016-09-30T12:22:53+08:00 ] 127.0.0.1 /newmeigui/index.php/Admin/__PUBLIC_/admin/Js/jquery2.sorted.js
ERR: 非法操作:admin

[ 2016-09-30T12:23:00+08:00 ] 127.0.0.1 /newmeigui/index.php/Admin/list/__PUBLIC_/admin/Js/jquery2.js
ERR: 非法操作:__PUBLIC_

[ 2016-09-30T12:23:00+08:00 ] 127.0.0.1 /newmeigui/index.php/Admin/list/__PUBLIC_/admin/Js/common.js
ERR: 非法操作:__PUBLIC_

[ 2016-09-30T12:23:00+08:00 ] 127.0.0.1 /newmeigui/index.php/Admin/list/__PUBLIC_/admin/Js/bootstrap.js
ERR: 非法操作:__PUBLIC_

[ 2016-09-30T12:23:00+08:00 ] 127.0.0.1 /newmeigui/index.php/Admin/list/__PUBLIC_/admin/Js/jquery2.sorted.js
ERR: 非法操作:__PUBLIC_

[ 2016-09-30T12:23:00+08:00 ] 127.0.0.1 /newmeigui/index.php/Admin/list/__PUBLIC_/admin/Js/ckform.js
ERR: 非法操作:__PUBLIC_

[ 2016-09-30T12:23:44+08:00 ] 127.0.0.1 /newmeigui/index.php/Admin/list/__PUBLIC_/admin/Js/jquery2.js
ERR: 非法操作:__PUBLIC_

[ 2016-09-30T12:23:44+08:00 ] 127.0.0.1 /newmeigui/index.php/Admin/list/__PUBLIC_/admin/Js/bootstrap.js
ERR: 非法操作:__PUBLIC_

[ 2016-09-30T12:23:44+08:00 ] 127.0.0.1 /newmeigui/index.php/Admin/list/__PUBLIC_/admin/Js/common.js
ERR: 非法操作:__PUBLIC_

[ 2016-09-30T12:23:44+08:00 ] 127.0.0.1 /newmeigui/index.php/Admin/list/__PUBLIC_/admin/Js/jquery2.sorted.js
ERR: 非法操作:__PUBLIC_

[ 2016-09-30T12:23:44+08:00 ] 127.0.0.1 /newmeigui/index.php/Admin/list/__PUBLIC_/admin/Js/ckform.js
ERR: 非法操作:__PUBLIC_

[ 2016-09-30T12:23:51+08:00 ] 127.0.0.1 /newmeigui/index.php/Admin/list/__PUBLIC_/admin/Js/jquery2.js
ERR: 非法操作:__PUBLIC_

[ 2016-09-30T12:23:51+08:00 ] 127.0.0.1 /newmeigui/index.php/Admin/list/__PUBLIC_/admin/Js/jquery2.sorted.js
ERR: 非法操作:__PUBLIC_

[ 2016-09-30T12:23:51+08:00 ] 127.0.0.1 /newmeigui/index.php/Admin/list/__PUBLIC_/admin/Js/common.js
ERR: 非法操作:__PUBLIC_

[ 2016-09-30T12:23:51+08:00 ] 127.0.0.1 /newmeigui/index.php/Admin/list/__PUBLIC_/admin/Js/bootstrap.js
ERR: 非法操作:__PUBLIC_

[ 2016-09-30T12:23:51+08:00 ] 127.0.0.1 /newmeigui/index.php/Admin/list/__PUBLIC_/admin/Js/ckform.js
ERR: 非法操作:__PUBLIC_

[ 2016-09-30T12:23:56+08:00 ] 127.0.0.1 /newmeigui/index.php/Admin/list/__PUBLIC_/admin/Js/jquery2.js
ERR: 非法操作:__PUBLIC_

[ 2016-09-30T12:23:56+08:00 ] 127.0.0.1 /newmeigui/index.php/Admin/list/__PUBLIC_/admin/Js/ckform.js
ERR: 非法操作:__PUBLIC_

[ 2016-09-30T12:23:56+08:00 ] 127.0.0.1 /newmeigui/index.php/Admin/list/__PUBLIC_/admin/Js/jquery2.sorted.js
ERR: 非法操作:__PUBLIC_

[ 2016-09-30T12:23:56+08:00 ] 127.0.0.1 /newmeigui/index.php/Admin/list/__PUBLIC_/admin/Js/common.js
ERR: 非法操作:__PUBLIC_

[ 2016-09-30T12:23:56+08:00 ] 127.0.0.1 /newmeigui/index.php/Admin/list/__PUBLIC_/admin/Js/bootstrap.js
ERR: 非法操作:__PUBLIC_

[ 2016-09-30T12:24:00+08:00 ] 127.0.0.1 /newmeigui/index.php/Admin/__PUBLIC_/admin/Js/jquery2.sorted.js
ERR: 非法操作:admin

[ 2016-09-30T12:24:00+08:00 ] 127.0.0.1 /newmeigui/index.php/Admin/__PUBLIC_/admin/Js/ckform.js
ERR: 非法操作:admin

[ 2016-09-30T12:24:00+08:00 ] 127.0.0.1 /newmeigui/index.php/Admin/__PUBLIC_/admin/Js/common.js
ERR: 非法操作:admin

[ 2016-09-30T12:24:00+08:00 ] 127.0.0.1 /newmeigui/index.php/Admin/__PUBLIC_/admin/Js/bootstrap.js
ERR: 非法操作:admin

[ 2016-09-30T12:24:00+08:00 ] 127.0.0.1 /newmeigui/index.php/Admin/__PUBLIC_/admin/Js/jquery2.js
ERR: 非法操作:admin

[ 2016-09-30T12:24:07+08:00 ] 127.0.0.1 /newmeigui/index.php/Admin/list/__PUBLIC_/admin/Js/jquery2.sorted.js
ERR: 非法操作:__PUBLIC_

[ 2016-09-30T12:24:07+08:00 ] 127.0.0.1 /newmeigui/index.php/Admin/list/__PUBLIC_/admin/Js/bootstrap.js
ERR: 非法操作:__PUBLIC_

[ 2016-09-30T12:24:07+08:00 ] 127.0.0.1 /newmeigui/index.php/Admin/list/__PUBLIC_/admin/Js/common.js
ERR: 非法操作:__PUBLIC_

[ 2016-09-30T12:24:07+08:00 ] 127.0.0.1 /newmeigui/index.php/Admin/list/__PUBLIC_/admin/Js/ckform.js
ERR: 非法操作:__PUBLIC_

[ 2016-09-30T12:24:07+08:00 ] 127.0.0.1 /newmeigui/index.php/Admin/list/__PUBLIC_/admin/Js/jquery2.js
ERR: 非法操作:__PUBLIC_

[ 2016-09-30T12:29:25+08:00 ] 127.0.0.1 /newmeigui/index.php/Admin/__PUBLIC_/admin/Js/jquery2.js
ERR: 非法操作:admin

[ 2016-09-30T12:29:25+08:00 ] 127.0.0.1 /newmeigui/index.php/Admin/__PUBLIC_/admin/Js/bootstrap.js
ERR: 非法操作:admin

[ 2016-09-30T12:29:25+08:00 ] 127.0.0.1 /newmeigui/index.php/Admin/__PUBLIC_/admin/Js/ckform.js
ERR: 非法操作:admin

[ 2016-09-30T12:29:25+08:00 ] 127.0.0.1 /newmeigui/index.php/Admin/__PUBLIC_/admin/Js/common.js
ERR: 非法操作:admin

[ 2016-09-30T12:29:25+08:00 ] 127.0.0.1 /newmeigui/index.php/Admin/__PUBLIC_/admin/Js/jquery2.sorted.js
ERR: 非法操作:admin

[ 2016-09-30T12:44:55+08:00 ] 127.0.0.1 /newmeigui/index.php/Admin/__PUBLIC_/admin/Js/bootstrap.js
ERR: 非法操作:admin

[ 2016-09-30T12:44:55+08:00 ] 127.0.0.1 /newmeigui/index.php/Admin/__PUBLIC_/admin/Js/jquery2.sorted.js
ERR: 非法操作:admin

[ 2016-09-30T12:44:55+08:00 ] 127.0.0.1 /newmeigui/index.php/Admin/__PUBLIC_/admin/Js/jquery2.js
ERR: 非法操作:admin

[ 2016-09-30T12:44:55+08:00 ] 127.0.0.1 /newmeigui/index.php/Admin/__PUBLIC_/admin/Js/ckform.js
ERR: 非法操作:admin

[ 2016-09-30T12:44:55+08:00 ] 127.0.0.1 /newmeigui/index.php/Admin/__PUBLIC_/admin/Js/common.js
ERR: 非法操作:admin

[ 2016-09-30T20:33:33+08:00 ] 127.0.0.1 /newmeigui/index.php/Admin/index
INFO: [ app_init ] --START--
INFO: Run Behavior\BuildLiteBehavior [ RunTime:0.000023s ]
INFO: [ app_init ] --END-- [ RunTime:0.000729s ]
INFO: [ app_begin ] --START--
INFO: Run Behavior\ReadHtmlCacheBehavior [ RunTime:0.001248s ]
INFO: [ app_begin ] --END-- [ RunTime:0.001329s ]
NOTIC: [2048] Declaration of Admin\Controller\IndexController::error() should be compatible with Think\Controller::error($message = '', $jumpUrl = '', $ajax = false) D:\phpworkspaces\newmeigui\Application\Admin\Controller\IndexController.class.php 第 31 行.
INFO: [ view_parse ] --START--
INFO: [ template_filter ] --START--
INFO: Run Behavior\ContentReplaceBehavior [ RunTime:0.000082s ]
INFO: [ template_filter ] --END-- [ RunTime:0.000152s ]
INFO: Run Behavior\ParseTemplateBehavior [ RunTime:0.027457s ]
INFO: [ view_parse ] --END-- [ RunTime:0.027549s ]
INFO: [ view_filter ] --START--
INFO: Run Behavior\WriteHtmlCacheBehavior [ RunTime:0.000532s ]
INFO: [ view_filter ] --END-- [ RunTime:0.000569s ]
INFO: [ app_end ] --START--
INFO: Run Behavior\ShowPageTraceBehavior [ RunTime:0.000734s ]
INFO: [ app_end ] --END-- [ RunTime:0.000792s ]

[ 2016-09-30T20:33:36+08:00 ] 127.0.0.1 /newmeigui/index.php/Admin/uv
INFO: [ app_init ] --START--
INFO: Run Behavior\BuildLiteBehavior [ RunTime:0.000013s ]
INFO: [ app_init ] --END-- [ RunTime:0.000533s ]
INFO: [ app_begin ] --START--
INFO: Run Behavior\ReadHtmlCacheBehavior [ RunTime:0.000665s ]
INFO: [ app_begin ] --END-- [ RunTime:0.000724s ]
SQL: SHOW COLUMNS FROM `na_adtype` [ RunTime:0.0048s ]
SQL: SHOW COLUMNS FROM `na_adtype` [ RunTime:0.0049s ]
SQL: SELECT * FROM `na_adtype`  [ RunTime:0.0003s ]
NOTIC: [8] Use of undefined constant videoUpload - assumed 'videoUpload' D:\phpworkspaces\newmeigui\Application\Admin\Controller\UploadFilesController.class.php 第 28 行.
INFO: [ view_parse ] --START--
INFO: [ template_filter ] --START--
INFO: Run Behavior\ContentReplaceBehavior [ RunTime:0.000062s ]
INFO: [ template_filter ] --END-- [ RunTime:0.000100s ]
INFO: Run Behavior\ParseTemplateBehavior [ RunTime:0.007397s ]
INFO: [ view_parse ] --END-- [ RunTime:0.007449s ]
INFO: [ view_filter ] --START--
INFO: Run Behavior\WriteHtmlCacheBehavior [ RunTime:0.000430s ]
INFO: [ view_filter ] --END-- [ RunTime:0.000467s ]
INFO: [ app_end ] --START--
INFO: Run Behavior\ShowPageTraceBehavior [ RunTime:0.000686s ]
INFO: [ app_end ] --END-- [ RunTime:0.000721s ]

[ 2016-09-30T20:33:37+08:00 ] 127.0.0.1 /newmeigui/index.php/Admin/UploadFiles
INFO: [ app_init ] --START--
INFO: Run Behavior\BuildLiteBehavior [ RunTime:0.000014s ]
INFO: [ app_init ] --END-- [ RunTime:0.000419s ]
INFO: [ app_begin ] --START--
INFO: Run Behavior\ReadHtmlCacheBehavior [ RunTime:0.000916s ]
INFO: [ app_begin ] --END-- [ RunTime:0.001033s ]
SQL: SHOW COLUMNS FROM `na_adtype` [ RunTime:0.0042s ]
SQL: SHOW COLUMNS FROM `na_adtype` [ RunTime:0.0038s ]
SQL: SELECT * FROM `na_adtype`  [ RunTime:0.0003s ]
NOTIC: [8] Use of undefined constant ptUpload - assumed 'ptUpload' D:\phpworkspaces\newmeigui\Application\Admin\Controller\UploadFilesController.class.php 第 20 行.
INFO: [ view_parse ] --START--
INFO: [ template_filter ] --START--
INFO: Run Behavior\ContentReplaceBehavior [ RunTime:0.000048s ]
INFO: [ template_filter ] --END-- [ RunTime:0.000091s ]
INFO: Run Behavior\ParseTemplateBehavior [ RunTime:0.006920s ]
INFO: [ view_parse ] --END-- [ RunTime:0.006965s ]
INFO: [ view_filter ] --START--
INFO: Run Behavior\WriteHtmlCacheBehavior [ RunTime:0.000449s ]
INFO: [ view_filter ] --END-- [ RunTime:0.000483s ]
INFO: [ app_end ] --START--
INFO: Run Behavior\ShowPageTraceBehavior [ RunTime:0.000692s ]
INFO: [ app_end ] --END-- [ RunTime:0.000733s ]

[ 2016-09-30T20:33:44+08:00 ] 127.0.0.1 /newmeigui/index.php/Admin/list
INFO: [ app_init ] --START--
INFO: Run Behavior\BuildLiteBehavior [ RunTime:0.000014s ]
INFO: [ app_init ] --END-- [ RunTime:0.000564s ]
INFO: [ app_begin ] --START--
INFO: Run Behavior\ReadHtmlCacheBehavior [ RunTime:0.000866s ]
INFO: [ app_begin ] --END-- [ RunTime:0.000935s ]
SQL: SHOW COLUMNS FROM `na_ad` [ RunTime:0.0134s ]
SQL: SHOW COLUMNS FROM `na_ad` [ RunTime:0.0040s ]
NOTIC: [8] Undefined variable: map D:\phpworkspaces\newmeigui\Application\Admin\Model\AdModel.class.php 第 17 行.
SQL: SELECT COUNT(*) AS tp_count FROM `na_ad` LIMIT 1   [ RunTime:0.0004s ]
SQL: SELECT `na_ad_id`,`na_ad_name`,`na_ad_type`,`na_ad_count`,`na_ad_uname`,`na_ad_time` FROM `na_ad` WHERE `na_ad_name` LIKE '%%' AND `na_ad_adtype` = '图文' ORDER BY `na_ad_time` desc LIMIT 0,9   [ RunTime:0.0004s ]
NOTIC: [8] Use of undefined constant ptManage - assumed 'ptManage' D:\phpworkspaces\newmeigui\Application\Admin\Controller\ListController.class.php 第 22 行.
INFO: [ view_parse ] --START--
INFO: [ template_filter ] --START--
INFO: Run Behavior\ContentReplaceBehavior [ RunTime:0.000048s ]
INFO: [ template_filter ] --END-- [ RunTime:0.000090s ]
INFO: Run Behavior\ParseTemplateBehavior [ RunTime:0.007203s ]
INFO: [ view_parse ] --END-- [ RunTime:0.007250s ]
INFO: [ view_filter ] --START--
INFO: Run Behavior\WriteHtmlCacheBehavior [ RunTime:0.000445s ]
INFO: [ view_filter ] --END-- [ RunTime:0.000479s ]
INFO: [ app_end ] --START--
INFO: Run Behavior\ShowPageTraceBehavior [ RunTime:0.000657s ]
INFO: [ app_end ] --END-- [ RunTime:0.000691s ]

[ 2016-09-30T20:33:44+08:00 ] 127.0.0.1 /newmeigui/index.php/Admin/__PUBLIC_/admin/Js/jquery2.js
INFO: [ app_init ] --START--
INFO: Run Behavior\BuildLiteBehavior [ RunTime:0.000020s ]
INFO: [ app_init ] --END-- [ RunTime:0.000699s ]
INFO: [ app_begin ] --START--
INFO: Run Behavior\ReadHtmlCacheBehavior [ RunTime:0.000939s ]
INFO: [ app_begin ] --END-- [ RunTime:0.001013s ]
ERR: 非法操作:admin

[ 2016-09-30T20:33:44+08:00 ] 127.0.0.1 /newmeigui/index.php/Admin/__PUBLIC_/admin/Js/common.js
INFO: [ app_init ] --START--
INFO: Run Behavior\BuildLiteBehavior [ RunTime:0.000021s ]
INFO: [ app_init ] --END-- [ RunTime:0.000972s ]
INFO: [ app_begin ] --START--
INFO: Run Behavior\ReadHtmlCacheBehavior [ RunTime:0.001019s ]
INFO: [ app_begin ] --END-- [ RunTime:0.001093s ]
ERR: 非法操作:admin

[ 2016-09-30T20:33:44+08:00 ] 127.0.0.1 /newmeigui/index.php/Admin/__PUBLIC_/admin/Js/jquery2.sorted.js
INFO: [ app_init ] --START--
INFO: Run Behavior\BuildLiteBehavior [ RunTime:0.000020s ]
INFO: [ app_init ] --END-- [ RunTime:0.001098s ]
INFO: [ app_begin ] --START--
INFO: Run Behavior\ReadHtmlCacheBehavior [ RunTime:0.001097s ]
INFO: [ app_begin ] --END-- [ RunTime:0.001167s ]
ERR: 非法操作:admin

[ 2016-09-30T20:33:44+08:00 ] 127.0.0.1 /newmeigui/index.php/Admin/__PUBLIC_/admin/Js/bootstrap.js
INFO: [ app_init ] --START--
INFO: Run Behavior\BuildLiteBehavior [ RunTime:0.000013s ]
INFO: [ app_init ] --END-- [ RunTime:0.000436s ]
INFO: [ app_begin ] --START--
INFO: Run Behavior\ReadHtmlCacheBehavior [ RunTime:0.000642s ]
INFO: [ app_begin ] --END-- [ RunTime:0.000692s ]
ERR: 非法操作:admin

[ 2016-09-30T20:33:44+08:00 ] 127.0.0.1 /newmeigui/index.php/Admin/__PUBLIC_/admin/Js/ckform.js
INFO: [ app_init ] --START--
INFO: Run Behavior\BuildLiteBehavior [ RunTime:0.000012s ]
INFO: [ app_init ] --END-- [ RunTime:0.000437s ]
INFO: [ app_begin ] --START--
INFO: Run Behavior\ReadHtmlCacheBehavior [ RunTime:0.001047s ]
INFO: [ app_begin ] --END-- [ RunTime:0.001100s ]
ERR: 非法操作:admin

[ 2016-09-30T20:33:46+08:00 ] 127.0.0.1 /newmeigui/index.php/Admin/list/editPt/id/71
INFO: [ app_init ] --START--
INFO: Run Behavior\BuildLiteBehavior [ RunTime:0.000015s ]
INFO: [ app_init ] --END-- [ RunTime:0.000573s ]
INFO: [ app_begin ] --START--
INFO: Run Behavior\ReadHtmlCacheBehavior [ RunTime:0.000905s ]
INFO: [ app_begin ] --END-- [ RunTime:0.000997s ]
SQL: SHOW COLUMNS FROM `na_adtype` [ RunTime:0.0042s ]
SQL: SHOW COLUMNS FROM `na_adtype` [ RunTime:0.0040s ]
SQL: SELECT * FROM `na_adtype`  [ RunTime:0.0003s ]
SQL: SHOW COLUMNS FROM `na_ad` [ RunTime:0.0044s ]
SQL: SHOW COLUMNS FROM `na_ad` [ RunTime:0.0040s ]
SQL: SELECT * FROM `na_ad` WHERE `na_ad_id` = 71 LIMIT 1   [ RunTime:0.0004s ]
NOTIC: [8] Use of undefined constant editPt - assumed 'editPt' D:\phpworkspaces\newmeigui\Application\Admin\Controller\ListController.class.php 第 64 行.
INFO: [ view_parse ] --START--
INFO: [ template_filter ] --START--
INFO: Run Behavior\ContentReplaceBehavior [ RunTime:0.000055s ]
INFO: [ template_filter ] --END-- [ RunTime:0.000102s ]
INFO: Run Behavior\ParseTemplateBehavior [ RunTime:0.007387s ]
INFO: [ view_parse ] --END-- [ RunTime:0.007434s ]
INFO: [ view_filter ] --START--
INFO: Run Behavior\WriteHtmlCacheBehavior [ RunTime:0.000476s ]
INFO: [ view_filter ] --END-- [ RunTime:0.000509s ]
INFO: [ app_end ] --START--
INFO: Run Behavior\ShowPageTraceBehavior [ RunTime:0.000765s ]
INFO: [ app_end ] --END-- [ RunTime:0.000811s ]

[ 2016-09-30T21:04:40+08:00 ] 127.0.0.1 /newmeigui/index.php/Admin/index
INFO: [ app_init ] --START--
INFO: Run Behavior\BuildLiteBehavior [ RunTime:0.000025s ]
INFO: [ app_init ] --END-- [ RunTime:0.000903s ]
INFO: [ app_begin ] --START--
INFO: Run Behavior\ReadHtmlCacheBehavior [ RunTime:0.001426s ]
INFO: [ app_begin ] --END-- [ RunTime:0.001514s ]
NOTIC: [2048] Declaration of Admin\Controller\IndexController::error() should be compatible with Think\Controller::error($message = '', $jumpUrl = '', $ajax = false) D:\phpworkspaces\newmeigui\Application\Admin\Controller\IndexController.class.php 第 31 行.
INFO: [ view_parse ] --START--
INFO: [ template_filter ] --START--
INFO: Run Behavior\ContentReplaceBehavior [ RunTime:0.000078s ]
INFO: [ template_filter ] --END-- [ RunTime:0.000133s ]
INFO: Run Behavior\ParseTemplateBehavior [ RunTime:0.010485s ]
INFO: [ view_parse ] --END-- [ RunTime:0.010548s ]
INFO: [ view_filter ] --START--
INFO: Run Behavior\WriteHtmlCacheBehavior [ RunTime:0.000586s ]
INFO: [ view_filter ] --END-- [ RunTime:0.000628s ]
INFO: [ app_end ] --START--
INFO: Run Behavior\ShowPageTraceBehavior [ RunTime:0.000866s ]
INFO: [ app_end ] --END-- [ RunTime:0.000910s ]

[ 2016-09-30T21:04:42+08:00 ] 127.0.0.1 /newmeigui/index.php/Admin/uv
INFO: [ app_init ] --START--
INFO: Run Behavior\BuildLiteBehavior [ RunTime:0.000023s ]
INFO: [ app_init ] --END-- [ RunTime:0.000761s ]
INFO: [ app_begin ] --START--
INFO: Run Behavior\ReadHtmlCacheBehavior [ RunTime:0.000746s ]
INFO: [ app_begin ] --END-- [ RunTime:0.000813s ]
SQL: SHOW COLUMNS FROM `na_adtype` [ RunTime:0.0045s ]
SQL: SHOW COLUMNS FROM `na_adtype` [ RunTime:0.0040s ]
SQL: SELECT * FROM `na_adtype`  [ RunTime:0.0003s ]
NOTIC: [8] Use of undefined constant videoUpload - assumed 'videoUpload' D:\phpworkspaces\newmeigui\Application\Admin\Controller\UploadFilesController.class.php 第 28 行.
INFO: [ view_parse ] --START--
INFO: [ template_filter ] --START--
INFO: Run Behavior\ContentReplaceBehavior [ RunTime:0.000082s ]
INFO: [ template_filter ] --END-- [ RunTime:0.000134s ]
INFO: Run Behavior\ParseTemplateBehavior [ RunTime:0.008032s ]
INFO: [ view_parse ] --END-- [ RunTime:0.008076s ]
INFO: [ view_filter ] --START--
INFO: Run Behavior\WriteHtmlCacheBehavior [ RunTime:0.000486s ]
INFO: [ view_filter ] --END-- [ RunTime:0.000519s ]
INFO: [ app_end ] --START--
INFO: Run Behavior\ShowPageTraceBehavior [ RunTime:0.000714s ]
INFO: [ app_end ] --END-- [ RunTime:0.000770s ]

[ 2016-09-30T21:04:53+08:00 ] 127.0.0.1 /newmeigui/index.php/Admin/index
INFO: [ app_init ] --START--
INFO: Run Behavior\BuildLiteBehavior [ RunTime:0.000021s ]
INFO: [ app_init ] --END-- [ RunTime:0.000729s ]
INFO: [ app_begin ] --START--
INFO: Run Behavior\ReadHtmlCacheBehavior [ RunTime:0.001053s ]
INFO: [ app_begin ] --END-- [ RunTime:0.001134s ]
NOTIC: [2048] Declaration of Admin\Controller\IndexController::error() should be compatible with Think\Controller::error($message = '', $jumpUrl = '', $ajax = false) D:\phpworkspaces\newmeigui\Application\Admin\Controller\IndexController.class.php 第 31 行.
INFO: [ view_parse ] --START--
INFO: [ template_filter ] --START--
INFO: Run Behavior\ContentReplaceBehavior [ RunTime:0.000106s ]
INFO: [ template_filter ] --END-- [ RunTime:0.000188s ]
INFO: Run Behavior\ParseTemplateBehavior [ RunTime:0.012716s ]
INFO: [ view_parse ] --END-- [ RunTime:0.012806s ]
INFO: [ view_filter ] --START--
INFO: Run Behavior\WriteHtmlCacheBehavior [ RunTime:0.000921s ]
INFO: [ view_filter ] --END-- [ RunTime:0.000994s ]
INFO: [ app_end ] --START--
INFO: Run Behavior\ShowPageTraceBehavior [ RunTime:0.002893s ]
INFO: [ app_end ] --END-- [ RunTime:0.002975s ]

[ 2016-09-30T21:04:57+08:00 ] 127.0.0.1 /newmeigui/index.php/Admin/UploadFiles/videoAdd
INFO: [ app_init ] --START--
INFO: Run Behavior\BuildLiteBehavior [ RunTime:0.000016s ]
INFO: [ app_init ] --END-- [ RunTime:0.000534s ]
INFO: [ app_begin ] --START--
INFO: Run Behavior\ReadHtmlCacheBehavior [ RunTime:0.000751s ]
INFO: [ app_begin ] --END-- [ RunTime:0.000854s ]
INFO: [ app_end ] --START--
INFO: Run Behavior\ShowPageTraceBehavior [ RunTime:0.000625s ]
INFO: [ app_end ] --END-- [ RunTime:0.000681s ]

[ 2016-09-30T21:08:14+08:00 ] 127.0.0.1 /newmeigui/index.php/Admin/index
INFO: [ app_init ] --START--
INFO: Run Behavior\BuildLiteBehavior [ RunTime:0.000014s ]
INFO: [ app_init ] --END-- [ RunTime:0.000535s ]
INFO: [ app_begin ] --START--
INFO: Run Behavior\ReadHtmlCacheBehavior [ RunTime:0.000699s ]
INFO: [ app_begin ] --END-- [ RunTime:0.000751s ]
NOTIC: [2048] Declaration of Admin\Controller\IndexController::error() should be compatible with Think\Controller::error($message = '', $jumpUrl = '', $ajax = false) D:\phpworkspaces\newmeigui\Application\Admin\Controller\IndexController.class.php 第 31 行.
INFO: [ view_parse ] --START--
INFO: [ template_filter ] --START--
INFO: Run Behavior\ContentReplaceBehavior [ RunTime:0.000105s ]
INFO: [ template_filter ] --END-- [ RunTime:0.000191s ]
INFO: Run Behavior\ParseTemplateBehavior [ RunTime:0.007672s ]
INFO: [ view_parse ] --END-- [ RunTime:0.007725s ]
INFO: [ view_filter ] --START--
INFO: Run Behavior\WriteHtmlCacheBehavior [ RunTime:0.000445s ]
INFO: [ view_filter ] --END-- [ RunTime:0.000480s ]
INFO: [ app_end ] --START--
INFO: Run Behavior\ShowPageTraceBehavior [ RunTime:0.000688s ]
INFO: [ app_end ] --END-- [ RunTime:0.000723s ]

[ 2016-09-30T21:08:17+08:00 ] 127.0.0.1 /newmeigui/index.php/Admin/uv
INFO: [ app_init ] --START--
INFO: Run Behavior\BuildLiteBehavior [ RunTime:0.000015s ]
INFO: [ app_init ] --END-- [ RunTime:0.000540s ]
INFO: [ app_begin ] --START--
INFO: Run Behavior\ReadHtmlCacheBehavior [ RunTime:0.000700s ]
INFO: [ app_begin ] --END-- [ RunTime:0.000748s ]
SQL: SHOW COLUMNS FROM `na_adtype` [ RunTime:0.0044s ]
SQL: SHOW COLUMNS FROM `na_adtype` [ RunTime:0.0042s ]
SQL: SELECT * FROM `na_adtype`  [ RunTime:0.0003s ]
NOTIC: [8] Use of undefined constant videoUpload - assumed 'videoUpload' D:\phpworkspaces\newmeigui\Application\Admin\Controller\UploadFilesController.class.php 第 28 行.
INFO: [ view_parse ] --START--
INFO: [ template_filter ] --START--
INFO: Run Behavior\ContentReplaceBehavior [ RunTime:0.000066s ]
INFO: [ template_filter ] --END-- [ RunTime:0.000108s ]
INFO: Run Behavior\ParseTemplateBehavior [ RunTime:0.007455s ]
INFO: [ view_parse ] --END-- [ RunTime:0.007498s ]
INFO: [ view_filter ] --START--
INFO: Run Behavior\WriteHtmlCacheBehavior [ RunTime:0.000462s ]
INFO: [ view_filter ] --END-- [ RunTime:0.000534s ]
INFO: [ app_end ] --START--
INFO: Run Behavior\ShowPageTraceBehavior [ RunTime:0.000968s ]
INFO: [ app_end ] --END-- [ RunTime:0.001015s ]

[ 2016-09-30T21:08:21+08:00 ] 127.0.0.1 /newmeigui/index.php/Admin/UploadFiles/videoAdd
INFO: [ app_init ] --START--
INFO: Run Behavior\BuildLiteBehavior [ RunTime:0.000022s ]
INFO: [ app_init ] --END-- [ RunTime:0.000711s ]
INFO: [ app_begin ] --START--
INFO: Run Behavior\ReadHtmlCacheBehavior [ RunTime:0.000597s ]
INFO: [ app_begin ] --END-- [ RunTime:0.000652s ]
INFO: [ app_end ] --START--
INFO: Run Behavior\ShowPageTraceBehavior [ RunTime:0.000617s ]
INFO: [ app_end ] --END-- [ RunTime:0.000669s ]

[ 2016-09-30T21:09:42+08:00 ] 127.0.0.1 /newmeigui/index.php/Admin/index
INFO: [ app_init ] --START--
INFO: Run Behavior\BuildLiteBehavior [ RunTime:0.000027s ]
INFO: [ app_init ] --END-- [ RunTime:0.000730s ]
INFO: [ app_begin ] --START--
INFO: Run Behavior\ReadHtmlCacheBehavior [ RunTime:0.001057s ]
INFO: [ app_begin ] --END-- [ RunTime:0.001147s ]
NOTIC: [2048] Declaration of Admin\Controller\IndexController::error() should be compatible with Think\Controller::error($message = '', $jumpUrl = '', $ajax = false) D:\phpworkspaces\newmeigui\Application\Admin\Controller\IndexController.class.php 第 31 行.
INFO: [ view_parse ] --START--
INFO: [ template_filter ] --START--
INFO: Run Behavior\ContentReplaceBehavior [ RunTime:0.000076s ]
INFO: [ template_filter ] --END-- [ RunTime:0.000133s ]
INFO: Run Behavior\ParseTemplateBehavior [ RunTime:0.009198s ]
INFO: [ view_parse ] --END-- [ RunTime:0.009251s ]
INFO: [ view_filter ] --START--
INFO: Run Behavior\WriteHtmlCacheBehavior [ RunTime:0.000498s ]
INFO: [ view_filter ] --END-- [ RunTime:0.000531s ]
INFO: [ app_end ] --START--
INFO: Run Behavior\ShowPageTraceBehavior [ RunTime:0.000647s ]
INFO: [ app_end ] --END-- [ RunTime:0.000682s ]

[ 2016-09-30T21:09:44+08:00 ] 127.0.0.1 /newmeigui/index.php/Admin/uv
INFO: [ app_init ] --START--
INFO: Run Behavior\BuildLiteBehavior [ RunTime:0.000013s ]
INFO: [ app_init ] --END-- [ RunTime:0.000498s ]
INFO: [ app_begin ] --START--
INFO: Run Behavior\ReadHtmlCacheBehavior [ RunTime:0.000700s ]
INFO: [ app_begin ] --END-- [ RunTime:0.000746s ]
SQL: SHOW COLUMNS FROM `na_adtype` [ RunTime:0.0041s ]
SQL: SHOW COLUMNS FROM `na_adtype` [ RunTime:0.0038s ]
SQL: SELECT * FROM `na_adtype`  [ RunTime:0.0003s ]
NOTIC: [8] Use of undefined constant videoUpload - assumed 'videoUpload' D:\phpworkspaces\newmeigui\Application\Admin\Controller\UploadFilesController.class.php 第 28 行.
INFO: [ view_parse ] --START--
INFO: [ template_filter ] --START--
INFO: Run Behavior\ContentReplaceBehavior [ RunTime:0.000064s ]
INFO: [ template_filter ] --END-- [ RunTime:0.000105s ]
INFO: Run Behavior\ParseTemplateBehavior [ RunTime:0.007471s ]
INFO: [ view_parse ] --END-- [ RunTime:0.007529s ]
INFO: [ view_filter ] --START--
INFO: Run Behavior\WriteHtmlCacheBehavior [ RunTime:0.000459s ]
INFO: [ view_filter ] --END-- [ RunTime:0.000505s ]
INFO: [ app_end ] --START--
INFO: Run Behavior\ShowPageTraceBehavior [ RunTime:0.000657s ]
INFO: [ app_end ] --END-- [ RunTime:0.000696s ]

[ 2016-09-30T21:09:48+08:00 ] 127.0.0.1 /newmeigui/index.php/Admin/UploadFiles/videoAdd
INFO: [ app_init ] --START--
INFO: Run Behavior\BuildLiteBehavior [ RunTime:0.000023s ]
INFO: [ app_init ] --END-- [ RunTime:0.000638s ]
INFO: [ app_begin ] --START--
INFO: Run Behavior\ReadHtmlCacheBehavior [ RunTime:0.001022s ]
INFO: [ app_begin ] --END-- [ RunTime:0.001107s ]
INFO: [ app_end ] --START--
INFO: Run Behavior\ShowPageTraceBehavior [ RunTime:0.001014s ]
INFO: [ app_end ] --END-- [ RunTime:0.001107s ]

[ 2016-09-30T21:09:59+08:00 ] 127.0.0.1 /newmeigui/index.php/Admin/index
INFO: [ app_init ] --START--
INFO: Run Behavior\BuildLiteBehavior [ RunTime:0.000022s ]
INFO: [ app_init ] --END-- [ RunTime:0.000652s ]
INFO: [ app_begin ] --START--
INFO: Run Behavior\ReadHtmlCacheBehavior [ RunTime:0.001166s ]
INFO: [ app_begin ] --END-- [ RunTime:0.001253s ]
NOTIC: [2048] Declaration of Admin\Controller\IndexController::error() should be compatible with Think\Controller::error($message = '', $jumpUrl = '', $ajax = false) D:\phpworkspaces\newmeigui\Application\Admin\Controller\IndexController.class.php 第 31 行.
INFO: [ view_parse ] --START--
INFO: [ template_filter ] --START--
INFO: Run Behavior\ContentReplaceBehavior [ RunTime:0.000097s ]
INFO: [ template_filter ] --END-- [ RunTime:0.000169s ]
INFO: Run Behavior\ParseTemplateBehavior [ RunTime:0.012281s ]
INFO: [ view_parse ] --END-- [ RunTime:0.012359s ]
INFO: [ view_filter ] --START--
INFO: Run Behavior\WriteHtmlCacheBehavior [ RunTime:0.001683s ]
INFO: [ view_filter ] --END-- [ RunTime:0.001749s ]
INFO: [ app_end ] --START--
INFO: Run Behavior\ShowPageTraceBehavior [ RunTime:0.001789s ]
INFO: [ app_end ] --END-- [ RunTime:0.001855s ]

[ 2016-09-30T21:10:01+08:00 ] 127.0.0.1 /newmeigui/index.php/Admin/uv
INFO: [ app_init ] --START--
INFO: Run Behavior\BuildLiteBehavior [ RunTime:0.000014s ]
INFO: [ app_init ] --END-- [ RunTime:0.000550s ]
INFO: [ app_begin ] --START--
INFO: Run Behavior\ReadHtmlCacheBehavior [ RunTime:0.000637s ]
INFO: [ app_begin ] --END-- [ RunTime:0.000689s ]
SQL: SHOW COLUMNS FROM `na_adtype` [ RunTime:0.0040s ]
SQL: SHOW COLUMNS FROM `na_adtype` [ RunTime:0.0042s ]
SQL: SELECT * FROM `na_adtype`  [ RunTime:0.0003s ]
NOTIC: [8] Use of undefined constant videoUpload - assumed 'videoUpload' D:\phpworkspaces\newmeigui\Application\Admin\Controller\UploadFilesController.class.php 第 28 行.
INFO: [ view_parse ] --START--
INFO: [ template_filter ] --START--
INFO: Run Behavior\ContentReplaceBehavior [ RunTime:0.000065s ]
INFO: [ template_filter ] --END-- [ RunTime:0.000105s ]
INFO: Run Behavior\ParseTemplateBehavior [ RunTime:0.007650s ]
INFO: [ view_parse ] --END-- [ RunTime:0.007698s ]
INFO: [ view_filter ] --START--
INFO: Run Behavior\WriteHtmlCacheBehavior [ RunTime:0.000454s ]
INFO: [ view_filter ] --END-- [ RunTime:0.000489s ]
INFO: [ app_end ] --START--
INFO: Run Behavior\ShowPageTraceBehavior [ RunTime:0.000668s ]
INFO: [ app_end ] --END-- [ RunTime:0.000703s ]

[ 2016-09-30T21:10:05+08:00 ] 127.0.0.1 /newmeigui/index.php/Admin/UploadFiles/videoAdd
INFO: [ app_init ] --START--
INFO: Run Behavior\BuildLiteBehavior [ RunTime:0.000015s ]
INFO: [ app_init ] --END-- [ RunTime:0.000441s ]
INFO: [ app_begin ] --START--
INFO: Run Behavior\ReadHtmlCacheBehavior [ RunTime:0.000682s ]
INFO: [ app_begin ] --END-- [ RunTime:0.000732s ]
INFO: [ app_end ] --START--
INFO: Run Behavior\ShowPageTraceBehavior [ RunTime:0.000667s ]
INFO: [ app_end ] --END-- [ RunTime:0.000725s ]

[ 2016-09-30T21:11:26+08:00 ] 127.0.0.1 /newmeigui/index.php/Admin/index
INFO: [ app_init ] --START--
INFO: Run Behavior\BuildLiteBehavior [ RunTime:0.000032s ]
INFO: [ app_init ] --END-- [ RunTime:0.003629s ]
INFO: [ app_begin ] --START--
INFO: Run Behavior\ReadHtmlCacheBehavior [ RunTime:0.001867s ]
INFO: [ app_begin ] --END-- [ RunTime:0.001959s ]
NOTIC: [2048] Declaration of Admin\Controller\IndexController::error() should be compatible with Think\Controller::error($message = '', $jumpUrl = '', $ajax = false) D:\phpworkspaces\newmeigui\Application\Admin\Controller\IndexController.class.php 第 31 行.
INFO: [ view_parse ] --START--
INFO: [ template_filter ] --START--
INFO: Run Behavior\ContentReplaceBehavior [ RunTime:0.000061s ]
INFO: [ template_filter ] --END-- [ RunTime:0.000109s ]
INFO: Run Behavior\ParseTemplateBehavior [ RunTime:0.010919s ]
INFO: [ view_parse ] --END-- [ RunTime:0.010990s ]
INFO: [ view_filter ] --START--
INFO: Run Behavior\WriteHtmlCacheBehavior [ RunTime:0.000386s ]
INFO: [ view_filter ] --END-- [ RunTime:0.000418s ]
INFO: [ app_end ] --START--
INFO: Run Behavior\ShowPageTraceBehavior [ RunTime:0.000640s ]
INFO: [ app_end ] --END-- [ RunTime:0.000675s ]

[ 2016-09-30T21:11:28+08:00 ] 127.0.0.1 /newmeigui/index.php/Admin/uv
INFO: [ app_init ] --START--
INFO: Run Behavior\BuildLiteBehavior [ RunTime:0.000012s ]
INFO: [ app_init ] --END-- [ RunTime:0.000499s ]
INFO: [ app_begin ] --START--
INFO: Run Behavior\ReadHtmlCacheBehavior [ RunTime:0.000687s ]
INFO: [ app_begin ] --END-- [ RunTime:0.000732s ]
SQL: SHOW COLUMNS FROM `na_adtype` [ RunTime:0.0041s ]
SQL: SHOW COLUMNS FROM `na_adtype` [ RunTime:0.0038s ]
SQL: SELECT * FROM `na_adtype`  [ RunTime:0.0003s ]
NOTIC: [8] Use of undefined constant videoUpload - assumed 'videoUpload' D:\phpworkspaces\newmeigui\Application\Admin\Controller\UploadFilesController.class.php 第 28 行.
INFO: [ view_parse ] --START--
INFO: [ template_filter ] --START--
INFO: Run Behavior\ContentReplaceBehavior [ RunTime:0.000067s ]
INFO: [ template_filter ] --END-- [ RunTime:0.000117s ]
INFO: Run Behavior\ParseTemplateBehavior [ RunTime:0.008104s ]
INFO: [ view_parse ] --END-- [ RunTime:0.008161s ]
INFO: [ view_filter ] --START--
INFO: Run Behavior\WriteHtmlCacheBehavior [ RunTime:0.000411s ]
INFO: [ view_filter ] --END-- [ RunTime:0.000450s ]
INFO: [ app_end ] --START--
INFO: Run Behavior\ShowPageTraceBehavior [ RunTime:0.000629s ]
INFO: [ app_end ] --END-- [ RunTime:0.000667s ]

[ 2016-09-30T21:11:32+08:00 ] 127.0.0.1 /newmeigui/index.php/Admin/UploadFiles/videoAdd
INFO: [ app_init ] --START--
INFO: Run Behavior\BuildLiteBehavior [ RunTime:0.000022s ]
INFO: [ app_init ] --END-- [ RunTime:0.000700s ]
INFO: [ app_begin ] --START--
INFO: Run Behavior\ReadHtmlCacheBehavior [ RunTime:0.001141s ]
INFO: [ app_begin ] --END-- [ RunTime:0.001233s ]
INFO: [ app_end ] --START--
INFO: Run Behavior\ShowPageTraceBehavior [ RunTime:0.001007s ]
INFO: [ app_end ] --END-- [ RunTime:0.001098s ]

[ 2016-09-30T21:11:38+08:00 ] 127.0.0.1 /newmeigui/index.php/Admin/UploadFiles/videoAdd
INFO: [ app_init ] --START--
INFO: Run Behavior\BuildLiteBehavior [ RunTime:0.000013s ]
INFO: [ app_init ] --END-- [ RunTime:0.000428s ]
INFO: [ app_begin ] --START--
INFO: Run Behavior\ReadHtmlCacheBehavior [ RunTime:0.000771s ]
INFO: [ app_begin ] --END-- [ RunTime:0.000837s ]
NOTIC: [2] call_user_func() expects parameter 1 to be a valid callback, no array or string given D:\phpworkspaces\newmeigui\ThinkPHP\Library\Think\Upload.class.php 第 182 行.
INFO: [ app_end ] --START--
INFO: Run Behavior\ShowPageTraceBehavior [ RunTime:0.000790s ]
INFO: [ app_end ] --END-- [ RunTime:0.000851s ]

[ 2016-09-30T21:12:08+08:00 ] 127.0.0.1 /newmeigui/index.php/Admin/index
INFO: [ app_init ] --START--
INFO: Run Behavior\BuildLiteBehavior [ RunTime:0.000019s ]
INFO: [ app_init ] --END-- [ RunTime:0.000852s ]
INFO: [ app_begin ] --START--
INFO: Run Behavior\ReadHtmlCacheBehavior [ RunTime:0.001146s ]
INFO: [ app_begin ] --END-- [ RunTime:0.001237s ]
NOTIC: [2048] Declaration of Admin\Controller\IndexController::error() should be compatible with Think\Controller::error($message = '', $jumpUrl = '', $ajax = false) D:\phpworkspaces\newmeigui\Application\Admin\Controller\IndexController.class.php 第 31 行.
INFO: [ view_parse ] --START--
INFO: [ template_filter ] --START--
INFO: Run Behavior\ContentReplaceBehavior [ RunTime:0.000096s ]
INFO: [ template_filter ] --END-- [ RunTime:0.000177s ]
INFO: Run Behavior\ParseTemplateBehavior [ RunTime:0.011930s ]
INFO: [ view_parse ] --END-- [ RunTime:0.012018s ]
INFO: [ view_filter ] --START--
INFO: Run Behavior\WriteHtmlCacheBehavior [ RunTime:0.000621s ]
INFO: [ view_filter ] --END-- [ RunTime:0.000681s ]
INFO: [ app_end ] --START--
INFO: Run Behavior\ShowPageTraceBehavior [ RunTime:0.000998s ]
INFO: [ app_end ] --END-- [ RunTime:0.001060s ]

[ 2016-09-30T21:12:10+08:00 ] 127.0.0.1 /newmeigui/index.php/Admin/uv
INFO: [ app_init ] --START--
INFO: Run Behavior\BuildLiteBehavior [ RunTime:0.000012s ]
INFO: [ app_init ] --END-- [ RunTime:0.000496s ]
INFO: [ app_begin ] --START--
INFO: Run Behavior\ReadHtmlCacheBehavior [ RunTime:0.000700s ]
INFO: [ app_begin ] --END-- [ RunTime:0.000745s ]
SQL: SHOW COLUMNS FROM `na_adtype` [ RunTime:0.0048s ]
SQL: SHOW COLUMNS FROM `na_adtype` [ RunTime:0.0055s ]
SQL: SELECT * FROM `na_adtype`  [ RunTime:0.0003s ]
NOTIC: [8] Use of undefined constant videoUpload - assumed 'videoUpload' D:\phpworkspaces\newmeigui\Application\Admin\Controller\UploadFilesController.class.php 第 28 行.
INFO: [ view_parse ] --START--
INFO: [ template_filter ] --START--
INFO: Run Behavior\ContentReplaceBehavior [ RunTime:0.000060s ]
INFO: [ template_filter ] --END-- [ RunTime:0.000101s ]
INFO: Run Behavior\ParseTemplateBehavior [ RunTime:0.007346s ]
INFO: [ view_parse ] --END-- [ RunTime:0.007399s ]
INFO: [ view_filter ] --START--
INFO: Run Behavior\WriteHtmlCacheBehavior [ RunTime:0.000482s ]
INFO: [ view_filter ] --END-- [ RunTime:0.000516s ]
INFO: [ app_end ] --START--
INFO: Run Behavior\ShowPageTraceBehavior [ RunTime:0.000653s ]
INFO: [ app_end ] --END-- [ RunTime:0.000689s ]

[ 2016-09-30T21:12:14+08:00 ] 127.0.0.1 /newmeigui/index.php/Admin/UploadFiles/videoAdd
INFO: [ app_init ] --START--
INFO: Run Behavior\BuildLiteBehavior [ RunTime:0.000013s ]
INFO: [ app_init ] --END-- [ RunTime:0.000421s ]
INFO: [ app_begin ] --START--
INFO: Run Behavior\ReadHtmlCacheBehavior [ RunTime:0.000640s ]
INFO: [ app_begin ] --END-- [ RunTime:0.000695s ]
INFO: [ app_end ] --START--
INFO: Run Behavior\ShowPageTraceBehavior [ RunTime:0.001952s ]
INFO: [ app_end ] --END-- [ RunTime:0.002041s ]

[ 2016-09-30T21:12:20+08:00 ] 127.0.0.1 /newmeigui/index.php/Admin/UploadFiles/videoAdd
INFO: [ app_init ] --START--
INFO: Run Behavior\BuildLiteBehavior [ RunTime:0.000012s ]
INFO: [ app_init ] --END-- [ RunTime:0.000398s ]
INFO: [ app_begin ] --START--
INFO: Run Behavior\ReadHtmlCacheBehavior [ RunTime:0.000585s ]
INFO: [ app_begin ] --END-- [ RunTime:0.000632s ]
NOTIC: [2] call_user_func() expects parameter 1 to be a valid callback, no array or string given D:\phpworkspaces\newmeigui\ThinkPHP\Library\Think\Upload.class.php 第 182 行.
INFO: [ app_end ] --START--
INFO: Run Behavior\ShowPageTraceBehavior [ RunTime:0.000820s ]
INFO: [ app_end ] --END-- [ RunTime:0.000885s ]

[ 2016-09-30T21:13:17+08:00 ] 127.0.0.1 /newmeigui/index.php/Admin/index
INFO: [ app_init ] --START--
INFO: Run Behavior\BuildLiteBehavior [ RunTime:0.000022s ]
INFO: [ app_init ] --END-- [ RunTime:0.000684s ]
INFO: [ app_begin ] --START--
INFO: Run Behavior\ReadHtmlCacheBehavior [ RunTime:0.001481s ]
INFO: [ app_begin ] --END-- [ RunTime:0.001571s ]
NOTIC: [2048] Declaration of Admin\Controller\IndexController::error() should be compatible with Think\Controller::error($message = '', $jumpUrl = '', $ajax = false) D:\phpworkspaces\newmeigui\Application\Admin\Controller\IndexController.class.php 第 31 行.
INFO: [ view_parse ] --START--
INFO: [ template_filter ] --START--
INFO: Run Behavior\ContentReplaceBehavior [ RunTime:0.000089s ]
INFO: [ template_filter ] --END-- [ RunTime:0.000195s ]
INFO: Run Behavior\ParseTemplateBehavior [ RunTime:0.008273s ]
INFO: [ view_parse ] --END-- [ RunTime:0.008331s ]
INFO: [ view_filter ] --START--
INFO: Run Behavior\WriteHtmlCacheBehavior [ RunTime:0.000430s ]
INFO: [ view_filter ] --END-- [ RunTime:0.000463s ]
INFO: [ app_end ] --START--
INFO: Run Behavior\ShowPageTraceBehavior [ RunTime:0.000639s ]
INFO: [ app_end ] --END-- [ RunTime:0.000673s ]

[ 2016-09-30T21:13:19+08:00 ] 127.0.0.1 /newmeigui/index.php/Admin/uv
INFO: [ app_init ] --START--
INFO: Run Behavior\BuildLiteBehavior [ RunTime:0.000022s ]
INFO: [ app_init ] --END-- [ RunTime:0.000734s ]
INFO: [ app_begin ] --START--
INFO: Run Behavior\ReadHtmlCacheBehavior [ RunTime:0.000710s ]
INFO: [ app_begin ] --END-- [ RunTime:0.000758s ]
SQL: SHOW COLUMNS FROM `na_adtype` [ RunTime:0.0043s ]
SQL: SHOW COLUMNS FROM `na_adtype` [ RunTime:0.0038s ]
SQL: SELECT * FROM `na_adtype`  [ RunTime:0.0003s ]
NOTIC: [8] Use of undefined constant videoUpload - assumed 'videoUpload' D:\phpworkspaces\newmeigui\Application\Admin\Controller\UploadFilesController.class.php 第 28 行.
INFO: [ view_parse ] --START--
INFO: [ template_filter ] --START--
INFO: Run Behavior\ContentReplaceBehavior [ RunTime:0.000068s ]
INFO: [ template_filter ] --END-- [ RunTime:0.000112s ]
INFO: Run Behavior\ParseTemplateBehavior [ RunTime:0.007414s ]
INFO: [ view_parse ] --END-- [ RunTime:0.007460s ]
INFO: [ view_filter ] --START--
INFO: Run Behavior\WriteHtmlCacheBehavior [ RunTime:0.000460s ]
INFO: [ view_filter ] --END-- [ RunTime:0.000494s ]
INFO: [ app_end ] --START--
INFO: Run Behavior\ShowPageTraceBehavior [ RunTime:0.000821s ]
INFO: [ app_end ] --END-- [ RunTime:0.000902s ]

[ 2016-09-30T21:13:23+08:00 ] 127.0.0.1 /newmeigui/index.php/Admin/UploadFiles/videoAdd
INFO: [ app_init ] --START--
INFO: Run Behavior\BuildLiteBehavior [ RunTime:0.000013s ]
INFO: [ app_init ] --END-- [ RunTime:0.000467s ]
INFO: [ app_begin ] --START--
INFO: Run Behavior\ReadHtmlCacheBehavior [ RunTime:0.000621s ]
INFO: [ app_begin ] --END-- [ RunTime:0.000666s ]
INFO: [ app_end ] --START--
INFO: Run Behavior\ShowPageTraceBehavior [ RunTime:0.000641s ]
INFO: [ app_end ] --END-- [ RunTime:0.000690s ]

[ 2016-09-30T21:13:40+08:00 ] 127.0.0.1 /newmeigui/index.php/Admin/UploadFiles/videoAdd
INFO: [ app_init ] --START--
INFO: Run Behavior\BuildLiteBehavior [ RunTime:0.000012s ]
INFO: [ app_init ] --END-- [ RunTime:0.000390s ]
INFO: [ app_begin ] --START--
INFO: Run Behavior\ReadHtmlCacheBehavior [ RunTime:0.000589s ]
INFO: [ app_begin ] --END-- [ RunTime:0.000636s ]
NOTIC: [2] call_user_func() expects parameter 1 to be a valid callback, no array or string given D:\phpworkspaces\newmeigui\ThinkPHP\Library\Think\Upload.class.php 第 182 行.
INFO: [ app_end ] --START--
INFO: Run Behavior\ShowPageTraceBehavior [ RunTime:0.000781s ]
INFO: [ app_end ] --END-- [ RunTime:0.000844s ]

[ 2016-09-30T21:29:05+08:00 ] 127.0.0.1 /newmeigui/index.php/Admin/index
INFO: [ app_init ] --START--
INFO: Run Behavior\BuildLiteBehavior [ RunTime:0.000055s ]
INFO: [ app_init ] --END-- [ RunTime:0.002237s ]
INFO: [ app_begin ] --START--
INFO: Run Behavior\ReadHtmlCacheBehavior [ RunTime:0.001149s ]
INFO: [ app_begin ] --END-- [ RunTime:0.001233s ]
NOTIC: [2048] Declaration of Admin\Controller\IndexController::error() should be compatible with Think\Controller::error($message = '', $jumpUrl = '', $ajax = false) D:\phpworkspaces\newmeigui\Application\Admin\Controller\IndexController.class.php 第 31 行.
INFO: [ view_parse ] --START--
INFO: [ template_filter ] --START--
INFO: Run Behavior\ContentReplaceBehavior [ RunTime:0.000107s ]
INFO: [ template_filter ] --END-- [ RunTime:0.000176s ]
INFO: Run Behavior\ParseTemplateBehavior [ RunTime:0.012626s ]
INFO: [ view_parse ] --END-- [ RunTime:0.012699s ]
INFO: [ view_filter ] --START--
INFO: Run Behavior\WriteHtmlCacheBehavior [ RunTime:0.000672s ]
INFO: [ view_filter ] --END-- [ RunTime:0.000725s ]
INFO: [ app_end ] --START--
INFO: Run Behavior\ShowPageTraceBehavior [ RunTime:0.001092s ]
INFO: [ app_end ] --END-- [ RunTime:0.001149s ]

[ 2016-09-30T21:29:06+08:00 ] 127.0.0.1 /newmeigui/index.php/Admin/uv
INFO: [ app_init ] --START--
INFO: Run Behavior\BuildLiteBehavior [ RunTime:0.000011s ]
INFO: [ app_init ] --END-- [ RunTime:0.000500s ]
INFO: [ app_begin ] --START--
INFO: Run Behavior\ReadHtmlCacheBehavior [ RunTime:0.000713s ]
INFO: [ app_begin ] --END-- [ RunTime:0.000768s ]
SQL: SHOW COLUMNS FROM `na_adtype` [ RunTime:0.0058s ]
SQL: SHOW COLUMNS FROM `na_adtype` [ RunTime:0.0049s ]
SQL: SELECT * FROM `na_adtype`  [ RunTime:0.0006s ]
NOTIC: [8] Use of undefined constant videoUpload - assumed 'videoUpload' D:\phpworkspaces\newmeigui\Application\Admin\Controller\UploadFilesController.class.php 第 28 行.
INFO: [ view_parse ] --START--
INFO: [ template_filter ] --START--
INFO: Run Behavior\ContentReplaceBehavior [ RunTime:0.000084s ]
INFO: [ template_filter ] --END-- [ RunTime:0.000128s ]
INFO: Run Behavior\ParseTemplateBehavior [ RunTime:0.008068s ]
INFO: [ view_parse ] --END-- [ RunTime:0.008118s ]
INFO: [ view_filter ] --START--
INFO: Run Behavior\WriteHtmlCacheBehavior [ RunTime:0.000482s ]
INFO: [ view_filter ] --END-- [ RunTime:0.000515s ]
INFO: [ app_end ] --START--
INFO: Run Behavior\ShowPageTraceBehavior [ RunTime:0.000693s ]
INFO: [ app_end ] --END-- [ RunTime:0.000738s ]

[ 2016-09-30T21:29:32+08:00 ] 127.0.0.1 /newmeigui/index.php/Admin/index
INFO: [ app_init ] --START--
INFO: Run Behavior\BuildLiteBehavior [ RunTime:0.000014s ]
INFO: [ app_init ] --END-- [ RunTime:0.000498s ]
INFO: [ app_begin ] --START--
INFO: Run Behavior\ReadHtmlCacheBehavior [ RunTime:0.000670s ]
INFO: [ app_begin ] --END-- [ RunTime:0.000721s ]
NOTIC: [2048] Declaration of Admin\Controller\IndexController::error() should be compatible with Think\Controller::error($message = '', $jumpUrl = '', $ajax = false) D:\phpworkspaces\newmeigui\Application\Admin\Controller\IndexController.class.php 第 31 行.
INFO: [ view_parse ] --START--
INFO: [ template_filter ] --START--
INFO: Run Behavior\ContentReplaceBehavior [ RunTime:0.000062s ]
INFO: [ template_filter ] --END-- [ RunTime:0.000110s ]
INFO: Run Behavior\ParseTemplateBehavior [ RunTime:0.007728s ]
INFO: [ view_parse ] --END-- [ RunTime:0.007769s ]
INFO: [ view_filter ] --START--
INFO: Run Behavior\WriteHtmlCacheBehavior [ RunTime:0.000385s ]
INFO: [ view_filter ] --END-- [ RunTime:0.000418s ]
INFO: [ app_end ] --START--
INFO: Run Behavior\ShowPageTraceBehavior [ RunTime:0.000589s ]
INFO: [ app_end ] --END-- [ RunTime:0.000625s ]

[ 2016-09-30T21:29:34+08:00 ] 127.0.0.1 /newmeigui/index.php/Admin/uv
INFO: [ app_init ] --START--
INFO: Run Behavior\BuildLiteBehavior [ RunTime:0.000015s ]
INFO: [ app_init ] --END-- [ RunTime:0.000571s ]
INFO: [ app_begin ] --START--
INFO: Run Behavior\ReadHtmlCacheBehavior [ RunTime:0.000747s ]
INFO: [ app_begin ] --END-- [ RunTime:0.000796s ]
SQL: SHOW COLUMNS FROM `na_adtype` [ RunTime:0.0040s ]
SQL: SHOW COLUMNS FROM `na_adtype` [ RunTime:0.0042s ]
SQL: SELECT * FROM `na_adtype`  [ RunTime:0.0003s ]
NOTIC: [8] Use of undefined constant videoUpload - assumed 'videoUpload' D:\phpworkspaces\newmeigui\Application\Admin\Controller\UploadFilesController.class.php 第 28 行.
INFO: [ view_parse ] --START--
INFO: [ template_filter ] --START--
INFO: Run Behavior\ContentReplaceBehavior [ RunTime:0.000062s ]
INFO: [ template_filter ] --END-- [ RunTime:0.000100s ]
INFO: Run Behavior\ParseTemplateBehavior [ RunTime:0.007210s ]
INFO: [ view_parse ] --END-- [ RunTime:0.007261s ]
INFO: [ view_filter ] --START--
INFO: Run Behavior\WriteHtmlCacheBehavior [ RunTime:0.000466s ]
INFO: [ view_filter ] --END-- [ RunTime:0.000501s ]
INFO: [ app_end ] --START--
INFO: Run Behavior\ShowPageTraceBehavior [ RunTime:0.000743s ]
INFO: [ app_end ] --END-- [ RunTime:0.000780s ]

[ 2016-09-30T21:29:37+08:00 ] 127.0.0.1 /newmeigui/index.php/Admin/UploadFiles/videoAdd
INFO: [ app_init ] --START--
INFO: Run Behavior\BuildLiteBehavior [ RunTime:0.000012s ]
INFO: [ app_init ] --END-- [ RunTime:0.000490s ]
INFO: [ app_begin ] --START--
INFO: Run Behavior\ReadHtmlCacheBehavior [ RunTime:0.000829s ]
INFO: [ app_begin ] --END-- [ RunTime:0.000896s ]
INFO: [ app_end ] --START--
INFO: Run Behavior\ShowPageTraceBehavior [ RunTime:0.000662s ]
INFO: [ app_end ] --END-- [ RunTime:0.000709s ]

[ 2016-09-30T21:34:25+08:00 ] 127.0.0.1 /newmeigui/index.php/Admin/index
INFO: [ app_init ] --START--
INFO: Run Behavior\BuildLiteBehavior [ RunTime:0.000030s ]
INFO: [ app_init ] --END-- [ RunTime:0.001142s ]
INFO: [ app_begin ] --START--
INFO: Run Behavior\ReadHtmlCacheBehavior [ RunTime:0.001629s ]
INFO: [ app_begin ] --END-- [ RunTime:0.001742s ]
NOTIC: [2048] Declaration of Admin\Controller\IndexController::error() should be compatible with Think\Controller::error($message = '', $jumpUrl = '', $ajax = false) D:\phpworkspaces\newmeigui\Application\Admin\Controller\IndexController.class.php 第 31 行.
INFO: [ view_parse ] --START--
INFO: [ template_filter ] --START--
INFO: Run Behavior\ContentReplaceBehavior [ RunTime:0.000087s ]
INFO: [ template_filter ] --END-- [ RunTime:0.000156s ]
INFO: Run Behavior\ParseTemplateBehavior [ RunTime:0.015716s ]
INFO: [ view_parse ] --END-- [ RunTime:0.015793s ]
INFO: [ view_filter ] --START--
INFO: Run Behavior\WriteHtmlCacheBehavior [ RunTime:0.000641s ]
INFO: [ view_filter ] --END-- [ RunTime:0.000688s ]
INFO: [ app_end ] --START--
INFO: Run Behavior\ShowPageTraceBehavior [ RunTime:0.001242s ]
INFO: [ app_end ] --END-- [ RunTime:0.001308s ]

[ 2016-09-30T21:34:28+08:00 ] 127.0.0.1 /newmeigui/index.php/Admin/uv
INFO: [ app_init ] --START--
INFO: Run Behavior\BuildLiteBehavior [ RunTime:0.000015s ]
INFO: [ app_init ] --END-- [ RunTime:0.000536s ]
INFO: [ app_begin ] --START--
INFO: Run Behavior\ReadHtmlCacheBehavior [ RunTime:0.000749s ]
INFO: [ app_begin ] --END-- [ RunTime:0.000804s ]
SQL: SHOW COLUMNS FROM `na_adtype` [ RunTime:0.0046s ]
SQL: SHOW COLUMNS FROM `na_adtype` [ RunTime:0.0039s ]
SQL: SELECT * FROM `na_adtype`  [ RunTime:0.0003s ]
NOTIC: [8] Use of undefined constant videoUpload - assumed 'videoUpload' D:\phpworkspaces\newmeigui\Application\Admin\Controller\UploadFilesController.class.php 第 28 行.
INFO: [ view_parse ] --START--
INFO: [ template_filter ] --START--
INFO: Run Behavior\ContentReplaceBehavior [ RunTime:0.000061s ]
INFO: [ template_filter ] --END-- [ RunTime:0.000102s ]
INFO: Run Behavior\ParseTemplateBehavior [ RunTime:0.007538s ]
INFO: [ view_parse ] --END-- [ RunTime:0.007583s ]
INFO: [ view_filter ] --START--
INFO: Run Behavior\WriteHtmlCacheBehavior [ RunTime:0.000472s ]
INFO: [ view_filter ] --END-- [ RunTime:0.000508s ]
INFO: [ app_end ] --START--
INFO: Run Behavior\ShowPageTraceBehavior [ RunTime:0.000719s ]
INFO: [ app_end ] --END-- [ RunTime:0.000772s ]

[ 2016-09-30T21:37:19+08:00 ] 127.0.0.1 /newmeigui/index.php/Admin/index
INFO: [ app_init ] --START--
INFO: Run Behavior\BuildLiteBehavior [ RunTime:0.000013s ]
INFO: [ app_init ] --END-- [ RunTime:0.000437s ]
INFO: [ app_begin ] --START--
INFO: Run Behavior\ReadHtmlCacheBehavior [ RunTime:0.001002s ]
INFO: [ app_begin ] --END-- [ RunTime:0.001068s ]
NOTIC: [2048] Declaration of Admin\Controller\IndexController::error() should be compatible with Think\Controller::error($message = '', $jumpUrl = '', $ajax = false) D:\phpworkspaces\newmeigui\Application\Admin\Controller\IndexController.class.php 第 31 行.
INFO: [ view_parse ] --START--
INFO: [ template_filter ] --START--
INFO: Run Behavior\ContentReplaceBehavior [ RunTime:0.000062s ]
INFO: [ template_filter ] --END-- [ RunTime:0.000109s ]
INFO: Run Behavior\ParseTemplateBehavior [ RunTime:0.006966s ]
INFO: [ view_parse ] --END-- [ RunTime:0.007007s ]
INFO: [ view_filter ] --START--
INFO: Run Behavior\WriteHtmlCacheBehavior [ RunTime:0.000424s ]
INFO: [ view_filter ] --END-- [ RunTime:0.000456s ]
INFO: [ app_end ] --START--
INFO: Run Behavior\ShowPageTraceBehavior [ RunTime:0.000690s ]
INFO: [ app_end ] --END-- [ RunTime:0.000725s ]

[ 2016-09-30T21:37:21+08:00 ] 127.0.0.1 /newmeigui/index.php/Admin/uv
INFO: [ app_init ] --START--
INFO: Run Behavior\BuildLiteBehavior [ RunTime:0.000021s ]
INFO: [ app_init ] --END-- [ RunTime:0.000757s ]
INFO: [ app_begin ] --START--
INFO: Run Behavior\ReadHtmlCacheBehavior [ RunTime:0.000859s ]
INFO: [ app_begin ] --END-- [ RunTime:0.000926s ]
SQL: SHOW COLUMNS FROM `na_adtype` [ RunTime:0.0046s ]
SQL: SHOW COLUMNS FROM `na_adtype` [ RunTime:0.0040s ]
SQL: SELECT * FROM `na_adtype`  [ RunTime:0.0004s ]
NOTIC: [8] Use of undefined constant videoUpload - assumed 'videoUpload' D:\phpworkspaces\newmeigui\Application\Admin\Controller\UploadFilesController.class.php 第 28 行.
INFO: [ view_parse ] --START--
INFO: [ template_filter ] --START--
INFO: Run Behavior\ContentReplaceBehavior [ RunTime:0.000095s ]
INFO: [ template_filter ] --END-- [ RunTime:0.000170s ]
INFO: Run Behavior\ParseTemplateBehavior [ RunTime:0.008764s ]
INFO: [ view_parse ] --END-- [ RunTime:0.008821s ]
INFO: [ view_filter ] --START--
INFO: Run Behavior\WriteHtmlCacheBehavior [ RunTime:0.000385s ]
INFO: [ view_filter ] --END-- [ RunTime:0.000423s ]
INFO: [ app_end ] --START--
INFO: Run Behavior\ShowPageTraceBehavior [ RunTime:0.000624s ]
INFO: [ app_end ] --END-- [ RunTime:0.000666s ]

[ 2016-09-30T21:41:04+08:00 ] 127.0.0.1 /newmeigui/index.php/Admin/index
INFO: [ app_init ] --START--
INFO: Run Behavior\BuildLiteBehavior [ RunTime:0.000027s ]
INFO: [ app_init ] --END-- [ RunTime:0.001250s ]
INFO: [ app_begin ] --START--
INFO: Run Behavior\ReadHtmlCacheBehavior [ RunTime:0.001449s ]
INFO: [ app_begin ] --END-- [ RunTime:0.001547s ]
NOTIC: [2048] Declaration of Admin\Controller\IndexController::error() should be compatible with Think\Controller::error($message = '', $jumpUrl = '', $ajax = false) D:\phpworkspaces\newmeigui\Application\Admin\Controller\IndexController.class.php 第 31 行.
INFO: [ view_parse ] --START--
INFO: [ template_filter ] --START--
INFO: Run Behavior\ContentReplaceBehavior [ RunTime:0.000192s ]
INFO: [ template_filter ] --END-- [ RunTime:0.000330s ]
INFO: Run Behavior\ParseTemplateBehavior [ RunTime:0.016852s ]
INFO: [ view_parse ] --END-- [ RunTime:0.016942s ]
INFO: [ view_filter ] --START--
INFO: Run Behavior\WriteHtmlCacheBehavior [ RunTime:0.000963s ]
INFO: [ view_filter ] --END-- [ RunTime:0.001029s ]
INFO: [ app_end ] --START--
INFO: Run Behavior\ShowPageTraceBehavior [ RunTime:0.000879s ]
INFO: [ app_end ] --END-- [ RunTime:0.000923s ]

[ 2016-09-30T21:41:06+08:00 ] 127.0.0.1 /newmeigui/index.php/Admin/uv
INFO: [ app_init ] --START--
INFO: Run Behavior\BuildLiteBehavior [ RunTime:0.000021s ]
INFO: [ app_init ] --END-- [ RunTime:0.000640s ]
INFO: [ app_begin ] --START--
INFO: Run Behavior\ReadHtmlCacheBehavior [ RunTime:0.000926s ]
INFO: [ app_begin ] --END-- [ RunTime:0.000998s ]
SQL: SHOW COLUMNS FROM `na_adtype` [ RunTime:0.0039s ]
SQL: SHOW COLUMNS FROM `na_adtype` [ RunTime:0.0042s ]
SQL: SELECT * FROM `na_adtype`  [ RunTime:0.0003s ]
NOTIC: [8] Use of undefined constant videoUpload - assumed 'videoUpload' D:\phpworkspaces\newmeigui\Application\Admin\Controller\UploadFilesController.class.php 第 28 行.
INFO: [ view_parse ] --START--
INFO: [ template_filter ] --START--
INFO: Run Behavior\ContentReplaceBehavior [ RunTime:0.000066s ]
INFO: [ template_filter ] --END-- [ RunTime:0.000113s ]
INFO: Run Behavior\ParseTemplateBehavior [ RunTime:0.008779s ]
INFO: [ view_parse ] --END-- [ RunTime:0.008852s ]
INFO: [ view_filter ] --START--
INFO: Run Behavior\WriteHtmlCacheBehavior [ RunTime:0.000652s ]
INFO: [ view_filter ] --END-- [ RunTime:0.000700s ]
INFO: [ app_end ] --START--
INFO: Run Behavior\ShowPageTraceBehavior [ RunTime:0.000794s ]
INFO: [ app_end ] --END-- [ RunTime:0.000830s ]

[ 2016-09-30T21:41:47+08:00 ] 127.0.0.1 /newmeigui/index.php/Admin/index
INFO: [ app_init ] --START--
INFO: Run Behavior\BuildLiteBehavior [ RunTime:0.000021s ]
INFO: [ app_init ] --END-- [ RunTime:0.000719s ]
INFO: [ app_begin ] --START--
INFO: Run Behavior\ReadHtmlCacheBehavior [ RunTime:0.000982s ]
INFO: [ app_begin ] --END-- [ RunTime:0.001061s ]
NOTIC: [2048] Declaration of Admin\Controller\IndexController::error() should be compatible with Think\Controller::error($message = '', $jumpUrl = '', $ajax = false) D:\phpworkspaces\newmeigui\Application\Admin\Controller\IndexController.class.php 第 31 行.
INFO: [ view_parse ] --START--
INFO: [ template_filter ] --START--
INFO: Run Behavior\ContentReplaceBehavior [ RunTime:0.000096s ]
INFO: [ template_filter ] --END-- [ RunTime:0.000169s ]
INFO: Run Behavior\ParseTemplateBehavior [ RunTime:0.011597s ]
INFO: [ view_parse ] --END-- [ RunTime:0.011674s ]
INFO: [ view_filter ] --START--
INFO: Run Behavior\WriteHtmlCacheBehavior [ RunTime:0.000534s ]
INFO: [ view_filter ] --END-- [ RunTime:0.000587s ]
INFO: [ app_end ] --START--
INFO: Run Behavior\ShowPageTraceBehavior [ RunTime:0.000995s ]
INFO: [ app_end ] --END-- [ RunTime:0.001063s ]

[ 2016-09-30T21:41:50+08:00 ] 127.0.0.1 /newmeigui/index.php/Admin/uv
INFO: [ app_init ] --START--
INFO: Run Behavior\BuildLiteBehavior [ RunTime:0.000013s ]
INFO: [ app_init ] --END-- [ RunTime:0.000497s ]
INFO: [ app_begin ] --START--
INFO: Run Behavior\ReadHtmlCacheBehavior [ RunTime:0.000688s ]
INFO: [ app_begin ] --END-- [ RunTime:0.000732s ]
SQL: SHOW COLUMNS FROM `na_adtype` [ RunTime:0.0040s ]
SQL: SHOW COLUMNS FROM `na_adtype` [ RunTime:0.0041s ]
SQL: SELECT * FROM `na_adtype`  [ RunTime:0.0004s ]
NOTIC: [8] Use of undefined constant videoUpload - assumed 'videoUpload' D:\phpworkspaces\newmeigui\Application\Admin\Controller\UploadFilesController.class.php 第 28 行.
INFO: [ view_parse ] --START--
INFO: [ template_filter ] --START--
INFO: Run Behavior\ContentReplaceBehavior [ RunTime:0.000062s ]
INFO: [ template_filter ] --END-- [ RunTime:0.000108s ]
INFO: Run Behavior\ParseTemplateBehavior [ RunTime:0.007554s ]
INFO: [ view_parse ] --END-- [ RunTime:0.007602s ]
INFO: [ view_filter ] --START--
INFO: Run Behavior\WriteHtmlCacheBehavior [ RunTime:0.000454s ]
INFO: [ view_filter ] --END-- [ RunTime:0.000488s ]
INFO: [ app_end ] --START--
INFO: Run Behavior\ShowPageTraceBehavior [ RunTime:0.000664s ]
INFO: [ app_end ] --END-- [ RunTime:0.000700s ]

[ 2016-09-30T21:41:58+08:00 ] 127.0.0.1 /newmeigui/index.php/Admin/UploadFiles/videoAdd
INFO: [ app_init ] --START--
INFO: Run Behavior\BuildLiteBehavior [ RunTime:0.000019s ]
INFO: [ app_init ] --END-- [ RunTime:0.000565s ]
INFO: [ app_begin ] --START--
INFO: Run Behavior\ReadHtmlCacheBehavior [ RunTime:0.000965s ]
INFO: [ app_begin ] --END-- [ RunTime:0.001043s ]
INFO: [ app_end ] --START--
INFO: Run Behavior\ShowPageTraceBehavior [ RunTime:0.000926s ]
INFO: [ app_end ] --END-- [ RunTime:0.001003s ]

[ 2016-09-30T21:42:14+08:00 ] 127.0.0.1 /newmeigui/index.php/Admin/index
INFO: [ app_init ] --START--
INFO: Run Behavior\BuildLiteBehavior [ RunTime:0.000020s ]
INFO: [ app_init ] --END-- [ RunTime:0.000674s ]
INFO: [ app_begin ] --START--
INFO: Run Behavior\ReadHtmlCacheBehavior [ RunTime:0.001354s ]
INFO: [ app_begin ] --END-- [ RunTime:0.001468s ]
NOTIC: [2048] Declaration of Admin\Controller\IndexController::error() should be compatible with Think\Controller::error($message = '', $jumpUrl = '', $ajax = false) D:\phpworkspaces\newmeigui\Application\Admin\Controller\IndexController.class.php 第 31 行.
INFO: [ view_parse ] --START--
INFO: [ template_filter ] --START--
INFO: Run Behavior\ContentReplaceBehavior [ RunTime:0.000106s ]
INFO: [ template_filter ] --END-- [ RunTime:0.000181s ]
INFO: Run Behavior\ParseTemplateBehavior [ RunTime:0.011977s ]
INFO: [ view_parse ] --END-- [ RunTime:0.012041s ]
INFO: [ view_filter ] --START--
INFO: Run Behavior\WriteHtmlCacheBehavior [ RunTime:0.000450s ]
INFO: [ view_filter ] --END-- [ RunTime:0.000483s ]
INFO: [ app_end ] --START--
INFO: Run Behavior\ShowPageTraceBehavior [ RunTime:0.000639s ]
INFO: [ app_end ] --END-- [ RunTime:0.000682s ]

[ 2016-09-30T21:42:17+08:00 ] 127.0.0.1 /newmeigui/index.php/Admin/uv
INFO: [ app_init ] --START--
INFO: Run Behavior\BuildLiteBehavior [ RunTime:0.000018s ]
INFO: [ app_init ] --END-- [ RunTime:0.000585s ]
INFO: [ app_begin ] --START--
INFO: Run Behavior\ReadHtmlCacheBehavior [ RunTime:0.000614s ]
INFO: [ app_begin ] --END-- [ RunTime:0.000665s ]
SQL: SHOW COLUMNS FROM `na_adtype` [ RunTime:0.0037s ]
SQL: SHOW COLUMNS FROM `na_adtype` [ RunTime:0.0044s ]
SQL: SELECT * FROM `na_adtype`  [ RunTime:0.0002s ]
NOTIC: [8] Use of undefined constant videoUpload - assumed 'videoUpload' D:\phpworkspaces\newmeigui\Application\Admin\Controller\UploadFilesController.class.php 第 28 行.
INFO: [ view_parse ] --START--
INFO: [ template_filter ] --START--
INFO: Run Behavior\ContentReplaceBehavior [ RunTime:0.000063s ]
INFO: [ template_filter ] --END-- [ RunTime:0.000102s ]
INFO: Run Behavior\ParseTemplateBehavior [ RunTime:0.007330s ]
INFO: [ view_parse ] --END-- [ RunTime:0.007385s ]
INFO: [ view_filter ] --START--
INFO: Run Behavior\WriteHtmlCacheBehavior [ RunTime:0.000480s ]
INFO: [ view_filter ] --END-- [ RunTime:0.000524s ]
INFO: [ app_end ] --START--
INFO: Run Behavior\ShowPageTraceBehavior [ RunTime:0.000663s ]
INFO: [ app_end ] --END-- [ RunTime:0.000696s ]

[ 2016-09-30T21:42:23+08:00 ] 127.0.0.1 /newmeigui/index.php/Admin/UploadFiles/videoAdd
INFO: [ app_init ] --START--
INFO: Run Behavior\BuildLiteBehavior [ RunTime:0.000029s ]
INFO: [ app_init ] --END-- [ RunTime:0.000936s ]
INFO: [ app_begin ] --START--
INFO: Run Behavior\ReadHtmlCacheBehavior [ RunTime:0.000748s ]
INFO: [ app_begin ] --END-- [ RunTime:0.000799s ]
INFO: [ app_end ] --START--
INFO: Run Behavior\ShowPageTraceBehavior [ RunTime:0.000705s ]
INFO: [ app_end ] --END-- [ RunTime:0.000760s ]

[ 2016-09-30T21:43:31+08:00 ] 127.0.0.1 /newmeigui/index.php/Admin/index
INFO: [ app_init ] --START--
INFO: Run Behavior\BuildLiteBehavior [ RunTime:0.000016s ]
INFO: [ app_init ] --END-- [ RunTime:0.000822s ]
INFO: [ app_begin ] --START--
INFO: Run Behavior\ReadHtmlCacheBehavior [ RunTime:0.001525s ]
INFO: [ app_begin ] --END-- [ RunTime:0.001636s ]
NOTIC: [2048] Declaration of Admin\Controller\IndexController::error() should be compatible with Think\Controller::error($message = '', $jumpUrl = '', $ajax = false) D:\phpworkspaces\newmeigui\Application\Admin\Controller\IndexController.class.php 第 31 行.
INFO: [ view_parse ] --START--
INFO: [ template_filter ] --START--
INFO: Run Behavior\ContentReplaceBehavior [ RunTime:0.000060s ]
INFO: [ template_filter ] --END-- [ RunTime:0.000107s ]
INFO: Run Behavior\ParseTemplateBehavior [ RunTime:0.008472s ]
INFO: [ view_parse ] --END-- [ RunTime:0.008529s ]
INFO: [ view_filter ] --START--
INFO: Run Behavior\WriteHtmlCacheBehavior [ RunTime:0.000417s ]
INFO: [ view_filter ] --END-- [ RunTime:0.000450s ]
INFO: [ app_end ] --START--
INFO: Run Behavior\ShowPageTraceBehavior [ RunTime:0.000687s ]
INFO: [ app_end ] --END-- [ RunTime:0.000721s ]

[ 2016-09-30T21:43:34+08:00 ] 127.0.0.1 /newmeigui/index.php/Admin/uv
INFO: [ app_init ] --START--
INFO: Run Behavior\BuildLiteBehavior [ RunTime:0.000018s ]
INFO: [ app_init ] --END-- [ RunTime:0.000647s ]
INFO: [ app_begin ] --START--
INFO: Run Behavior\ReadHtmlCacheBehavior [ RunTime:0.000711s ]
INFO: [ app_begin ] --END-- [ RunTime:0.000758s ]
SQL: SHOW COLUMNS FROM `na_adtype` [ RunTime:0.0040s ]
SQL: SHOW COLUMNS FROM `na_adtype` [ RunTime:0.0043s ]
SQL: SELECT * FROM `na_adtype`  [ RunTime:0.0003s ]
NOTIC: [8] Use of undefined constant videoUpload - assumed 'videoUpload' D:\phpworkspaces\newmeigui\Application\Admin\Controller\UploadFilesController.class.php 第 28 行.
INFO: [ view_parse ] --START--
INFO: [ template_filter ] --START--
INFO: Run Behavior\ContentReplaceBehavior [ RunTime:0.000065s ]
INFO: [ template_filter ] --END-- [ RunTime:0.000110s ]
INFO: Run Behavior\ParseTemplateBehavior [ RunTime:0.007759s ]
INFO: [ view_parse ] --END-- [ RunTime:0.007809s ]
INFO: [ view_filter ] --START--
INFO: Run Behavior\WriteHtmlCacheBehavior [ RunTime:0.000462s ]
INFO: [ view_filter ] --END-- [ RunTime:0.000495s ]
INFO: [ app_end ] --START--
INFO: Run Behavior\ShowPageTraceBehavior [ RunTime:0.000668s ]
INFO: [ app_end ] --END-- [ RunTime:0.000705s ]

[ 2016-09-30T21:43:40+08:00 ] 127.0.0.1 /newmeigui/index.php/Admin/UploadFiles/videoAdd
INFO: [ app_init ] --START--
INFO: Run Behavior\BuildLiteBehavior [ RunTime:0.000012s ]
INFO: [ app_init ] --END-- [ RunTime:0.000514s ]
INFO: [ app_begin ] --START--
INFO: Run Behavior\ReadHtmlCacheBehavior [ RunTime:0.000779s ]
INFO: [ app_begin ] --END-- [ RunTime:0.000841s ]
INFO: [ app_end ] --START--
INFO: Run Behavior\ShowPageTraceBehavior [ RunTime:0.000765s ]
INFO: [ app_end ] --END-- [ RunTime:0.000830s ]

[ 2016-09-30T21:49:09+08:00 ] 127.0.0.1 /newmeigui/index.php/Admin/index
INFO: [ app_init ] --START--
INFO: Run Behavior\BuildLiteBehavior [ RunTime:0.000015s ]
INFO: [ app_init ] --END-- [ RunTime:0.000446s ]
INFO: [ app_begin ] --START--
INFO: Run Behavior\ReadHtmlCacheBehavior [ RunTime:0.000771s ]
INFO: [ app_begin ] --END-- [ RunTime:0.000819s ]
NOTIC: [2048] Declaration of Admin\Controller\IndexController::error() should be compatible with Think\Controller::error($message = '', $jumpUrl = '', $ajax = false) D:\phpworkspaces\newmeigui\Application\Admin\Controller\IndexController.class.php 第 31 行.
INFO: [ view_parse ] --START--
INFO: [ template_filter ] --START--
INFO: Run Behavior\ContentReplaceBehavior [ RunTime:0.000099s ]
INFO: [ template_filter ] --END-- [ RunTime:0.000187s ]
INFO: Run Behavior\ParseTemplateBehavior [ RunTime:0.009121s ]
INFO: [ view_parse ] --END-- [ RunTime:0.009177s ]
INFO: [ view_filter ] --START--
INFO: Run Behavior\WriteHtmlCacheBehavior [ RunTime:0.000521s ]
INFO: [ view_filter ] --END-- [ RunTime:0.000553s ]
INFO: [ app_end ] --START--
INFO: Run Behavior\ShowPageTraceBehavior [ RunTime:0.000712s ]
INFO: [ app_end ] --END-- [ RunTime:0.000766s ]

[ 2016-09-30T21:49:10+08:00 ] 127.0.0.1 /newmeigui/index.php/Admin/index
INFO: [ app_init ] --START--
INFO: Run Behavior\BuildLiteBehavior [ RunTime:0.000020s ]
INFO: [ app_init ] --END-- [ RunTime:0.000648s ]
INFO: [ app_begin ] --START--
INFO: Run Behavior\ReadHtmlCacheBehavior [ RunTime:0.000736s ]
INFO: [ app_begin ] --END-- [ RunTime:0.000809s ]
NOTIC: [2048] Declaration of Admin\Controller\IndexController::error() should be compatible with Think\Controller::error($message = '', $jumpUrl = '', $ajax = false) D:\phpworkspaces\newmeigui\Application\Admin\Controller\IndexController.class.php 第 31 行.
INFO: [ view_parse ] --START--
INFO: [ template_filter ] --START--
INFO: Run Behavior\ContentReplaceBehavior [ RunTime:0.000064s ]
INFO: [ template_filter ] --END-- [ RunTime:0.000109s ]
INFO: Run Behavior\ParseTemplateBehavior [ RunTime:0.009430s ]
INFO: [ view_parse ] --END-- [ RunTime:0.009490s ]
INFO: [ view_filter ] --START--
INFO: Run Behavior\WriteHtmlCacheBehavior [ RunTime:0.000372s ]
INFO: [ view_filter ] --END-- [ RunTime:0.000405s ]
INFO: [ app_end ] --START--
INFO: Run Behavior\ShowPageTraceBehavior [ RunTime:0.000601s ]
INFO: [ app_end ] --END-- [ RunTime:0.000636s ]

[ 2016-09-30T21:49:14+08:00 ] 127.0.0.1 /newmeigui/index.php/Admin/uv
INFO: [ app_init ] --START--
INFO: Run Behavior\BuildLiteBehavior [ RunTime:0.000015s ]
INFO: [ app_init ] --END-- [ RunTime:0.000587s ]
INFO: [ app_begin ] --START--
INFO: Run Behavior\ReadHtmlCacheBehavior [ RunTime:0.000685s ]
INFO: [ app_begin ] --END-- [ RunTime:0.000733s ]
SQL: SHOW COLUMNS FROM `na_adtype` [ RunTime:0.0041s ]
SQL: SHOW COLUMNS FROM `na_adtype` [ RunTime:0.0050s ]
SQL: SELECT * FROM `na_adtype`  [ RunTime:0.0003s ]
NOTIC: [8] Use of undefined constant videoUpload - assumed 'videoUpload' D:\phpworkspaces\newmeigui\Application\Admin\Controller\UploadFilesController.class.php 第 28 行.
INFO: [ view_parse ] --START--
INFO: [ template_filter ] --START--
INFO: Run Behavior\ContentReplaceBehavior [ RunTime:0.000067s ]
INFO: [ template_filter ] --END-- [ RunTime:0.000118s ]
INFO: Run Behavior\ParseTemplateBehavior [ RunTime:0.007807s ]
INFO: [ view_parse ] --END-- [ RunTime:0.007861s ]
INFO: [ view_filter ] --START--
INFO: Run Behavior\WriteHtmlCacheBehavior [ RunTime:0.000374s ]
INFO: [ view_filter ] --END-- [ RunTime:0.000406s ]
INFO: [ app_end ] --START--
INFO: Run Behavior\ShowPageTraceBehavior [ RunTime:0.000596s ]
INFO: [ app_end ] --END-- [ RunTime:0.000632s ]

[ 2016-09-30T21:49:18+08:00 ] 127.0.0.1 /newmeigui/index.php/Admin/UploadFiles/videoAdd
INFO: [ app_init ] --START--
INFO: Run Behavior\BuildLiteBehavior [ RunTime:0.000013s ]
INFO: [ app_init ] --END-- [ RunTime:0.000428s ]
INFO: [ app_begin ] --START--
INFO: Run Behavior\ReadHtmlCacheBehavior [ RunTime:0.000604s ]
INFO: [ app_begin ] --END-- [ RunTime:0.000662s ]
INFO: [ app_end ] --START--
INFO: Run Behavior\ShowPageTraceBehavior [ RunTime:0.000663s ]
INFO: [ app_end ] --END-- [ RunTime:0.000717s ]

[ 2016-09-30T21:50:13+08:00 ] 127.0.0.1 /newmeigui/index.php/Admin/index
INFO: [ app_init ] --START--
INFO: Run Behavior\BuildLiteBehavior [ RunTime:0.000026s ]
INFO: [ app_init ] --END-- [ RunTime:0.001094s ]
INFO: [ app_begin ] --START--
INFO: Run Behavior\ReadHtmlCacheBehavior [ RunTime:0.001201s ]
INFO: [ app_begin ] --END-- [ RunTime:0.001296s ]
NOTIC: [2048] Declaration of Admin\Controller\IndexController::error() should be compatible with Think\Controller::error($message = '', $jumpUrl = '', $ajax = false) D:\phpworkspaces\newmeigui\Application\Admin\Controller\IndexController.class.php 第 31 行.
INFO: [ view_parse ] --START--
INFO: [ template_filter ] --START--
INFO: Run Behavior\ContentReplaceBehavior [ RunTime:0.000097s ]
INFO: [ template_filter ] --END-- [ RunTime:0.000289s ]
INFO: Run Behavior\ParseTemplateBehavior [ RunTime:0.016996s ]
INFO: [ view_parse ] --END-- [ RunTime:0.017082s ]
INFO: [ view_filter ] --START--
INFO: Run Behavior\WriteHtmlCacheBehavior [ RunTime:0.000684s ]
INFO: [ view_filter ] --END-- [ RunTime:0.000752s ]
INFO: [ app_end ] --START--
INFO: Run Behavior\ShowPageTraceBehavior [ RunTime:0.001200s ]
INFO: [ app_end ] --END-- [ RunTime:0.001275s ]

[ 2016-09-30T21:50:15+08:00 ] 127.0.0.1 /newmeigui/index.php/Admin/uv
INFO: [ app_init ] --START--
INFO: Run Behavior\BuildLiteBehavior [ RunTime:0.000012s ]
INFO: [ app_init ] --END-- [ RunTime:0.000476s ]
INFO: [ app_begin ] --START--
INFO: Run Behavior\ReadHtmlCacheBehavior [ RunTime:0.000683s ]
INFO: [ app_begin ] --END-- [ RunTime:0.000730s ]
SQL: SHOW COLUMNS FROM `na_adtype` [ RunTime:0.0527s ]
SQL: SHOW COLUMNS FROM `na_adtype` [ RunTime:0.0042s ]
SQL: SELECT * FROM `na_adtype`  [ RunTime:0.0003s ]
NOTIC: [8] Use of undefined constant videoUpload - assumed 'videoUpload' D:\phpworkspaces\newmeigui\Application\Admin\Controller\UploadFilesController.class.php 第 28 行.
INFO: [ view_parse ] --START--
INFO: [ template_filter ] --START--
INFO: Run Behavior\ContentReplaceBehavior [ RunTime:0.000076s ]
INFO: [ template_filter ] --END-- [ RunTime:0.000118s ]
INFO: Run Behavior\ParseTemplateBehavior [ RunTime:0.007224s ]
INFO: [ view_parse ] --END-- [ RunTime:0.007269s ]
INFO: [ view_filter ] --START--
INFO: Run Behavior\WriteHtmlCacheBehavior [ RunTime:0.000438s ]
INFO: [ view_filter ] --END-- [ RunTime:0.000473s ]
INFO: [ app_end ] --START--
INFO: Run Behavior\ShowPageTraceBehavior [ RunTime:0.000662s ]
INFO: [ app_end ] --END-- [ RunTime:0.000696s ]

[ 2016-09-30T21:50:26+08:00 ] 127.0.0.1 /newmeigui/index.php/Admin/UploadFiles/videoAdd
INFO: [ app_init ] --START--
INFO: Run Behavior\BuildLiteBehavior [ RunTime:0.000014s ]
INFO: [ app_init ] --END-- [ RunTime:0.000539s ]
INFO: [ app_begin ] --START--
INFO: Run Behavior\ReadHtmlCacheBehavior [ RunTime:0.000738s ]
INFO: [ app_begin ] --END-- [ RunTime:0.000785s ]
INFO: [ app_end ] --START--
INFO: Run Behavior\ShowPageTraceBehavior [ RunTime:0.000723s ]
INFO: [ app_end ] --END-- [ RunTime:0.000783s ]

