[ 2016-12-12T11:36:25+08:00 ] 127.0.0.1 /newmeigui/admin
INFO: [ app_init ] --START--
INFO: Run Behavior\BuildLiteBehavior [ RunTime:0.000000s ]
INFO: [ app_init ] --END-- [ RunTime:0.000000s ]
INFO: [ app_begin ] --START--
INFO: Run Behavior\ReadHtmlCacheBehavior [ RunTime:0.000000s ]
INFO: [ app_begin ] --END-- [ RunTime:0.000000s ]
NOTIC: [2048] Declaration of Admin\Controller\IndexController::error() should be compatible with Think\Controller::error($message = '', $jumpUrl = '', $ajax = false) E:\phpworkspaces\newmeigui\Application\Admin\Controller\IndexController.class.php 第 31 行.

[ 2016-12-12T11:36:26+08:00 ] 127.0.0.1 /newmeigui/index.php/Admin/login/index
INFO: [ app_init ] --START--
INFO: Run Behavior\BuildLiteBehavior [ RunTime:0.000000s ]
INFO: [ app_init ] --END-- [ RunTime:0.000000s ]
INFO: [ app_begin ] --START--
INFO: Run Behavior\ReadHtmlCacheBehavior [ RunTime:0.000000s ]
INFO: [ app_begin ] --END-- [ RunTime:0.001000s ]
NOTIC: [8] Use of undefined constant login - assumed 'login' E:\phpworkspaces\newmeigui\Application\Admin\Controller\LoginController.class.php 第 12 行.
INFO: [ view_parse ] --START--
INFO: [ template_filter ] --START--
INFO: Run Behavior\ContentReplaceBehavior [ RunTime:0.000000s ]
INFO: [ template_filter ] --END-- [ RunTime:0.000000s ]
INFO: Run Behavior\ParseTemplateBehavior [ RunTime:0.018000s ]
INFO: [ view_parse ] --END-- [ RunTime:0.018000s ]
INFO: [ view_filter ] --START--
INFO: Run Behavior\WriteHtmlCacheBehavior [ RunTime:0.001000s ]
INFO: [ view_filter ] --END-- [ RunTime:0.001000s ]
INFO: [ app_end ] --START--
INFO: Run Behavior\ShowPageTraceBehavior [ RunTime:0.000000s ]
INFO: [ app_end ] --END-- [ RunTime:0.000000s ]

[ 2016-12-12T11:36:29+08:00 ] 127.0.0.1 /newmeigui/index.php/Admin/u
INFO: [ app_init ] --START--
INFO: Run Behavior\BuildLiteBehavior [ RunTime:0.000000s ]
INFO: [ app_init ] --END-- [ RunTime:0.000000s ]
INFO: [ app_begin ] --START--
INFO: Run Behavior\ReadHtmlCacheBehavior [ RunTime:0.001000s ]
INFO: [ app_begin ] --END-- [ RunTime:0.001000s ]
SQL: SHOW COLUMNS FROM `na_admin` [ RunTime:0.0160s ]
SQL: SHOW COLUMNS FROM `na_admin` [ RunTime:0.0000s ]
SQL: SELECT * FROM `na_admin` WHERE `na_admin_loginName` = 'admin' LIMIT 1   [ RunTime:0.0000s ]

[ 2016-12-12T11:36:29+08:00 ] 127.0.0.1 /newmeigui/index.php/Admin/index
INFO: [ app_init ] --START--
INFO: Run Behavior\BuildLiteBehavior [ RunTime:0.000000s ]
INFO: [ app_init ] --END-- [ RunTime:0.001000s ]
INFO: [ app_begin ] --START--
INFO: Run Behavior\ReadHtmlCacheBehavior [ RunTime:0.001000s ]
INFO: [ app_begin ] --END-- [ RunTime:0.001000s ]
NOTIC: [2048] Declaration of Admin\Controller\IndexController::error() should be compatible with Think\Controller::error($message = '', $jumpUrl = '', $ajax = false) E:\phpworkspaces\newmeigui\Application\Admin\Controller\IndexController.class.php 第 31 行.
INFO: [ view_parse ] --START--
INFO: [ template_filter ] --START--
INFO: Run Behavior\ContentReplaceBehavior [ RunTime:0.000000s ]
INFO: [ template_filter ] --END-- [ RunTime:0.000000s ]
INFO: Run Behavior\ParseTemplateBehavior [ RunTime:0.018000s ]
INFO: [ view_parse ] --END-- [ RunTime:0.018000s ]
INFO: [ view_filter ] --START--
INFO: Run Behavior\WriteHtmlCacheBehavior [ RunTime:0.000000s ]
INFO: [ view_filter ] --END-- [ RunTime:0.000000s ]
INFO: [ app_end ] --START--
INFO: Run Behavior\ShowPageTraceBehavior [ RunTime:0.000000s ]
INFO: [ app_end ] --END-- [ RunTime:0.000000s ]

[ 2016-12-12T11:36:31+08:00 ] 127.0.0.1 /newmeigui/index.php/Admin/pa
INFO: [ app_init ] --START--
INFO: Run Behavior\BuildLiteBehavior [ RunTime:0.000000s ]
INFO: [ app_init ] --END-- [ RunTime:0.000000s ]
INFO: [ app_begin ] --START--
INFO: Run Behavior\ReadHtmlCacheBehavior [ RunTime:0.000000s ]
INFO: [ app_begin ] --END-- [ RunTime:0.000000s ]
SQL: SHOW COLUMNS FROM `na_picture` [ RunTime:0.0010s ]
SQL: SHOW COLUMNS FROM `na_picture` [ RunTime:0.0010s ]
SQL: SELECT * FROM `na_picture` WHERE `na_picture_type` = '广告'  [ RunTime:0.0010s ]
INFO: [ view_parse ] --START--
INFO: [ template_filter ] --START--
INFO: Run Behavior\ContentReplaceBehavior [ RunTime:0.000000s ]
INFO: [ template_filter ] --END-- [ RunTime:0.000000s ]
NOTIC: [8] Undefined variable: info E:\phpworkspaces\newmeigui\Application\Runtime\Cache\Admin\3b3eed8c69f473ebc4dd119f2469fad8.php 第 54 行.
NOTIC: [8] Undefined variable: info E:\phpworkspaces\newmeigui\Application\Runtime\Cache\Admin\3b3eed8c69f473ebc4dd119f2469fad8.php 第 54 行.
NOTIC: [8] Undefined variable: info E:\phpworkspaces\newmeigui\Application\Runtime\Cache\Admin\3b3eed8c69f473ebc4dd119f2469fad8.php 第 54 行.
NOTIC: [8] Undefined variable: info E:\phpworkspaces\newmeigui\Application\Runtime\Cache\Admin\3b3eed8c69f473ebc4dd119f2469fad8.php 第 54 行.
NOTIC: [8] Undefined variable: info E:\phpworkspaces\newmeigui\Application\Runtime\Cache\Admin\3b3eed8c69f473ebc4dd119f2469fad8.php 第 54 行.
NOTIC: [8] Undefined variable: info E:\phpworkspaces\newmeigui\Application\Runtime\Cache\Admin\3b3eed8c69f473ebc4dd119f2469fad8.php 第 54 行.
NOTIC: [8] Undefined variable: info E:\phpworkspaces\newmeigui\Application\Runtime\Cache\Admin\3b3eed8c69f473ebc4dd119f2469fad8.php 第 54 行.
INFO: Run Behavior\ParseTemplateBehavior [ RunTime:0.005000s ]
INFO: [ view_parse ] --END-- [ RunTime:0.005000s ]
INFO: [ view_filter ] --START--
INFO: Run Behavior\WriteHtmlCacheBehavior [ RunTime:0.000000s ]
INFO: [ view_filter ] --END-- [ RunTime:0.000000s ]
INFO: [ app_end ] --START--
INFO: Run Behavior\ShowPageTraceBehavior [ RunTime:0.001000s ]
INFO: [ app_end ] --END-- [ RunTime:0.001000s ]

[ 2016-12-12T11:36:34+08:00 ] 127.0.0.1 /newmeigui/index.php/Admin/pc
INFO: [ app_init ] --START--
INFO: Run Behavior\BuildLiteBehavior [ RunTime:0.000000s ]
INFO: [ app_init ] --END-- [ RunTime:0.000000s ]
INFO: [ app_begin ] --START--
INFO: Run Behavior\ReadHtmlCacheBehavior [ RunTime:0.001000s ]
INFO: [ app_begin ] --END-- [ RunTime:0.001000s ]
SQL: SHOW COLUMNS FROM `na_picture` [ RunTime:0.0010s ]
SQL: SHOW COLUMNS FROM `na_picture` [ RunTime:0.0120s ]
SQL: SELECT * FROM `na_picture` WHERE `na_picture_type` = '评论'  [ RunTime:0.0000s ]
INFO: [ view_parse ] --START--
INFO: [ template_filter ] --START--
INFO: Run Behavior\ContentReplaceBehavior [ RunTime:0.000000s ]
INFO: [ template_filter ] --END-- [ RunTime:0.000000s ]
NOTIC: [8] Undefined variable: info E:\phpworkspaces\newmeigui\Application\Runtime\Cache\Admin\add60f16dea389933c19692df839a325.php 第 56 行.
NOTIC: [8] Undefined variable: info E:\phpworkspaces\newmeigui\Application\Runtime\Cache\Admin\add60f16dea389933c19692df839a325.php 第 56 行.
NOTIC: [8] Undefined variable: info E:\phpworkspaces\newmeigui\Application\Runtime\Cache\Admin\add60f16dea389933c19692df839a325.php 第 56 行.
NOTIC: [8] Undefined variable: info E:\phpworkspaces\newmeigui\Application\Runtime\Cache\Admin\add60f16dea389933c19692df839a325.php 第 56 行.
NOTIC: [8] Undefined variable: info E:\phpworkspaces\newmeigui\Application\Runtime\Cache\Admin\add60f16dea389933c19692df839a325.php 第 56 行.
INFO: Run Behavior\ParseTemplateBehavior [ RunTime:0.004000s ]
INFO: [ view_parse ] --END-- [ RunTime:0.004000s ]
INFO: [ view_filter ] --START--
INFO: Run Behavior\WriteHtmlCacheBehavior [ RunTime:0.001000s ]
INFO: [ view_filter ] --END-- [ RunTime:0.001000s ]
INFO: [ app_end ] --START--
INFO: Run Behavior\ShowPageTraceBehavior [ RunTime:0.000000s ]
INFO: [ app_end ] --END-- [ RunTime:0.000000s ]

[ 2016-12-12T11:36:41+08:00 ] 127.0.0.1 /newmeigui/index.php/Admin/pa
INFO: [ app_init ] --START--
INFO: Run Behavior\BuildLiteBehavior [ RunTime:0.000000s ]
INFO: [ app_init ] --END-- [ RunTime:0.000000s ]
INFO: [ app_begin ] --START--
INFO: Run Behavior\ReadHtmlCacheBehavior [ RunTime:0.000000s ]
INFO: [ app_begin ] --END-- [ RunTime:0.000000s ]
SQL: SHOW COLUMNS FROM `na_picture` [ RunTime:0.0190s ]
SQL: SHOW COLUMNS FROM `na_picture` [ RunTime:0.0000s ]
SQL: SELECT * FROM `na_picture` WHERE `na_picture_type` = '广告'  [ RunTime:0.0010s ]
INFO: [ view_parse ] --START--
INFO: [ template_filter ] --START--
INFO: Run Behavior\ContentReplaceBehavior [ RunTime:0.000000s ]
INFO: [ template_filter ] --END-- [ RunTime:0.000000s ]
NOTIC: [8] Undefined variable: info E:\phpworkspaces\newmeigui\Application\Runtime\Cache\Admin\3b3eed8c69f473ebc4dd119f2469fad8.php 第 54 行.
NOTIC: [8] Undefined variable: info E:\phpworkspaces\newmeigui\Application\Runtime\Cache\Admin\3b3eed8c69f473ebc4dd119f2469fad8.php 第 54 行.
NOTIC: [8] Undefined variable: info E:\phpworkspaces\newmeigui\Application\Runtime\Cache\Admin\3b3eed8c69f473ebc4dd119f2469fad8.php 第 54 行.
NOTIC: [8] Undefined variable: info E:\phpworkspaces\newmeigui\Application\Runtime\Cache\Admin\3b3eed8c69f473ebc4dd119f2469fad8.php 第 54 行.
NOTIC: [8] Undefined variable: info E:\phpworkspaces\newmeigui\Application\Runtime\Cache\Admin\3b3eed8c69f473ebc4dd119f2469fad8.php 第 54 行.
NOTIC: [8] Undefined variable: info E:\phpworkspaces\newmeigui\Application\Runtime\Cache\Admin\3b3eed8c69f473ebc4dd119f2469fad8.php 第 54 行.
NOTIC: [8] Undefined variable: info E:\phpworkspaces\newmeigui\Application\Runtime\Cache\Admin\3b3eed8c69f473ebc4dd119f2469fad8.php 第 54 行.
INFO: Run Behavior\ParseTemplateBehavior [ RunTime:0.005000s ]
INFO: [ view_parse ] --END-- [ RunTime:0.005000s ]
INFO: [ view_filter ] --START--
INFO: Run Behavior\WriteHtmlCacheBehavior [ RunTime:0.000000s ]
INFO: [ view_filter ] --END-- [ RunTime:0.000000s ]
INFO: [ app_end ] --START--
INFO: Run Behavior\ShowPageTraceBehavior [ RunTime:0.001000s ]
INFO: [ app_end ] --END-- [ RunTime:0.001000s ]

[ 2016-12-12T11:36:57+08:00 ] 127.0.0.1 /newmeigui/index.php/Admin/pc
INFO: [ app_init ] --START--
INFO: Run Behavior\BuildLiteBehavior [ RunTime:0.000000s ]
INFO: [ app_init ] --END-- [ RunTime:0.001000s ]
INFO: [ app_begin ] --START--
INFO: Run Behavior\ReadHtmlCacheBehavior [ RunTime:0.000000s ]
INFO: [ app_begin ] --END-- [ RunTime:0.000000s ]
SQL: SHOW COLUMNS FROM `na_picture` [ RunTime:0.0200s ]
SQL: SHOW COLUMNS FROM `na_picture` [ RunTime:0.0170s ]
SQL: SELECT * FROM `na_picture` WHERE `na_picture_type` = '评论'  [ RunTime:0.0000s ]
INFO: [ view_parse ] --START--
INFO: [ template_filter ] --START--
INFO: Run Behavior\ContentReplaceBehavior [ RunTime:0.000000s ]
INFO: [ template_filter ] --END-- [ RunTime:0.000000s ]
NOTIC: [8] Undefined variable: info E:\phpworkspaces\newmeigui\Application\Runtime\Cache\Admin\add60f16dea389933c19692df839a325.php 第 56 行.
NOTIC: [8] Undefined variable: info E:\phpworkspaces\newmeigui\Application\Runtime\Cache\Admin\add60f16dea389933c19692df839a325.php 第 56 行.
NOTIC: [8] Undefined variable: info E:\phpworkspaces\newmeigui\Application\Runtime\Cache\Admin\add60f16dea389933c19692df839a325.php 第 56 行.
NOTIC: [8] Undefined variable: info E:\phpworkspaces\newmeigui\Application\Runtime\Cache\Admin\add60f16dea389933c19692df839a325.php 第 56 行.
NOTIC: [8] Undefined variable: info E:\phpworkspaces\newmeigui\Application\Runtime\Cache\Admin\add60f16dea389933c19692df839a325.php 第 56 行.
INFO: Run Behavior\ParseTemplateBehavior [ RunTime:0.005000s ]
INFO: [ view_parse ] --END-- [ RunTime:0.005000s ]
INFO: [ view_filter ] --START--
INFO: Run Behavior\WriteHtmlCacheBehavior [ RunTime:0.000000s ]
INFO: [ view_filter ] --END-- [ RunTime:0.000000s ]
INFO: [ app_end ] --START--
INFO: Run Behavior\ShowPageTraceBehavior [ RunTime:0.000000s ]
INFO: [ app_end ] --END-- [ RunTime:0.000000s ]

[ 2016-12-12T11:37:01+08:00 ] 127.0.0.1 /newmeigui/index.php/Admin/at
INFO: [ app_init ] --START--
INFO: Run Behavior\BuildLiteBehavior [ RunTime:0.000000s ]
INFO: [ app_init ] --END-- [ RunTime:0.001000s ]
INFO: [ app_begin ] --START--
INFO: Run Behavior\ReadHtmlCacheBehavior [ RunTime:0.000000s ]
INFO: [ app_begin ] --END-- [ RunTime:0.000000s ]
NOTIC: [8] Use of undefined constant typeAdd - assumed 'typeAdd' E:\phpworkspaces\newmeigui\Application\Admin\Controller\AdtypeController.class.php 第 27 行.
INFO: [ view_parse ] --START--
INFO: [ template_filter ] --START--
INFO: Run Behavior\ContentReplaceBehavior [ RunTime:0.000000s ]
INFO: [ template_filter ] --END-- [ RunTime:0.000000s ]
INFO: Run Behavior\ParseTemplateBehavior [ RunTime:0.006000s ]
INFO: [ view_parse ] --END-- [ RunTime:0.006000s ]
INFO: [ view_filter ] --START--
INFO: Run Behavior\WriteHtmlCacheBehavior [ RunTime:0.000000s ]
INFO: [ view_filter ] --END-- [ RunTime:0.000000s ]
INFO: [ app_end ] --START--
INFO: Run Behavior\ShowPageTraceBehavior [ RunTime:0.001000s ]
INFO: [ app_end ] --END-- [ RunTime:0.001000s ]

[ 2016-12-12T11:37:23+08:00 ] 127.0.0.1 /newmeigui/index.php/Admin/ta
INFO: [ app_init ] --START--
INFO: Run Behavior\BuildLiteBehavior [ RunTime:0.000000s ]
INFO: [ app_init ] --END-- [ RunTime:0.000000s ]
INFO: [ app_begin ] --START--
INFO: Run Behavior\ReadHtmlCacheBehavior [ RunTime:0.000000s ]
INFO: [ app_begin ] --END-- [ RunTime:0.000000s ]
SQL: SHOW COLUMNS FROM `na_adtype` [ RunTime:0.0020s ]
SQL: SHOW COLUMNS FROM `na_adtype` [ RunTime:0.0000s ]
SQL: INSERT INTO `na_adtype` (`na_adtype_time`,`na_adtype_uname`) VALUES ('2016-12-12 11:37:22','admin') [ RunTime:0.0960s ]

[ 2016-12-12T11:37:24+08:00 ] 127.0.0.1 /newmeigui/index.php/Admin/adtype
INFO: [ app_init ] --START--
INFO: Run Behavior\BuildLiteBehavior [ RunTime:0.000000s ]
INFO: [ app_init ] --END-- [ RunTime:0.001000s ]
INFO: [ app_begin ] --START--
INFO: Run Behavior\ReadHtmlCacheBehavior [ RunTime:0.001000s ]
INFO: [ app_begin ] --END-- [ RunTime:0.001000s ]
SQL: SHOW COLUMNS FROM `na_adtype` [ RunTime:0.0260s ]
SQL: SHOW COLUMNS FROM `na_adtype` [ RunTime:0.0010s ]
SQL: SELECT COUNT(*) AS tp_count FROM `na_adtype` LIMIT 1   [ RunTime:0.0000s ]
SQL: SELECT * FROM `na_adtype` ORDER BY `na_adtype_time` desc LIMIT 0,9   [ RunTime:0.0150s ]
NOTIC: [8] Use of undefined constant typeList - assumed 'typeList' E:\phpworkspaces\newmeigui\Application\Admin\Controller\AdtypeController.class.php 第 22 行.
INFO: [ view_parse ] --START--
INFO: [ template_filter ] --START--
INFO: Run Behavior\ContentReplaceBehavior [ RunTime:0.000000s ]
INFO: [ template_filter ] --END-- [ RunTime:0.000000s ]
INFO: Run Behavior\ParseTemplateBehavior [ RunTime:0.019000s ]
INFO: [ view_parse ] --END-- [ RunTime:0.019000s ]
INFO: [ view_filter ] --START--
INFO: Run Behavior\WriteHtmlCacheBehavior [ RunTime:0.000000s ]
INFO: [ view_filter ] --END-- [ RunTime:0.000000s ]
INFO: [ app_end ] --START--
INFO: Run Behavior\ShowPageTraceBehavior [ RunTime:0.000000s ]
INFO: [ app_end ] --END-- [ RunTime:0.000000s ]

[ 2016-12-12T11:37:24+08:00 ] 127.0.0.1 /newmeigui/index.php/Admin/Css/style.css
INFO: [ app_init ] --START--
INFO: Run Behavior\BuildLiteBehavior [ RunTime:0.000000s ]
INFO: [ app_init ] --END-- [ RunTime:0.000000s ]
INFO: [ app_begin ] --START--
INFO: Run Behavior\ReadHtmlCacheBehavior [ RunTime:0.000000s ]
INFO: [ app_begin ] --END-- [ RunTime:0.000000s ]
ERR: 非法操作:style

[ 2016-12-12T11:38:34+08:00 ] 127.0.0.1 /newmeigui/index.php/Admin/adtype
INFO: [ app_init ] --START--
INFO: Run Behavior\BuildLiteBehavior [ RunTime:0.000000s ]
INFO: [ app_init ] --END-- [ RunTime:0.000000s ]
INFO: [ app_begin ] --START--
INFO: Run Behavior\ReadHtmlCacheBehavior [ RunTime:0.001000s ]
INFO: [ app_begin ] --END-- [ RunTime:0.001000s ]
SQL: SHOW COLUMNS FROM `na_adtype` [ RunTime:0.0210s ]
SQL: SHOW COLUMNS FROM `na_adtype` [ RunTime:0.1100s ]
SQL: SELECT COUNT(*) AS tp_count FROM `na_adtype` LIMIT 1   [ RunTime:0.0000s ]
SQL: SELECT * FROM `na_adtype` ORDER BY `na_adtype_time` desc LIMIT 0,9   [ RunTime:0.0000s ]
NOTIC: [8] Use of undefined constant typeList - assumed 'typeList' E:\phpworkspaces\newmeigui\Application\Admin\Controller\AdtypeController.class.php 第 22 行.
INFO: [ view_parse ] --START--
INFO: [ template_filter ] --START--
INFO: Run Behavior\ContentReplaceBehavior [ RunTime:0.000000s ]
INFO: [ template_filter ] --END-- [ RunTime:0.000000s ]
INFO: Run Behavior\ParseTemplateBehavior [ RunTime:0.004000s ]
INFO: [ view_parse ] --END-- [ RunTime:0.004000s ]
INFO: [ view_filter ] --START--
INFO: Run Behavior\WriteHtmlCacheBehavior [ RunTime:0.001000s ]
INFO: [ view_filter ] --END-- [ RunTime:0.001000s ]
INFO: [ app_end ] --START--
INFO: Run Behavior\ShowPageTraceBehavior [ RunTime:0.000000s ]
INFO: [ app_end ] --END-- [ RunTime:0.000000s ]

[ 2016-12-12T11:38:34+08:00 ] 127.0.0.1 /newmeigui/index.php/Admin/Css/style.css
INFO: [ app_init ] --START--
INFO: Run Behavior\BuildLiteBehavior [ RunTime:0.000000s ]
INFO: [ app_init ] --END-- [ RunTime:0.000000s ]
INFO: [ app_begin ] --START--
INFO: Run Behavior\ReadHtmlCacheBehavior [ RunTime:0.000000s ]
INFO: [ app_begin ] --END-- [ RunTime:0.000000s ]
ERR: 非法操作:style

[ 2016-12-12T11:38:36+08:00 ] 127.0.0.1 /newmeigui/index.php/Admin/at
INFO: [ app_init ] --START--
INFO: Run Behavior\BuildLiteBehavior [ RunTime:0.000000s ]
INFO: [ app_init ] --END-- [ RunTime:0.000000s ]
INFO: [ app_begin ] --START--
INFO: Run Behavior\ReadHtmlCacheBehavior [ RunTime:0.000000s ]
INFO: [ app_begin ] --END-- [ RunTime:0.000000s ]
NOTIC: [8] Use of undefined constant typeAdd - assumed 'typeAdd' E:\phpworkspaces\newmeigui\Application\Admin\Controller\AdtypeController.class.php 第 27 行.
INFO: [ view_parse ] --START--
INFO: [ template_filter ] --START--
INFO: Run Behavior\ContentReplaceBehavior [ RunTime:0.000000s ]
INFO: [ template_filter ] --END-- [ RunTime:0.000000s ]
INFO: Run Behavior\ParseTemplateBehavior [ RunTime:0.000000s ]
INFO: [ view_parse ] --END-- [ RunTime:0.000000s ]
INFO: [ view_filter ] --START--
INFO: Run Behavior\WriteHtmlCacheBehavior [ RunTime:0.000000s ]
INFO: [ view_filter ] --END-- [ RunTime:0.000000s ]
INFO: [ app_end ] --START--
INFO: Run Behavior\ShowPageTraceBehavior [ RunTime:0.000000s ]
INFO: [ app_end ] --END-- [ RunTime:0.000000s ]

[ 2016-12-12T11:38:40+08:00 ] 127.0.0.1 /newmeigui/index.php/Admin/pa
INFO: [ app_init ] --START--
INFO: Run Behavior\BuildLiteBehavior [ RunTime:0.000000s ]
INFO: [ app_init ] --END-- [ RunTime:0.001000s ]
INFO: [ app_begin ] --START--
INFO: Run Behavior\ReadHtmlCacheBehavior [ RunTime:0.000000s ]
INFO: [ app_begin ] --END-- [ RunTime:0.000000s ]
SQL: SHOW COLUMNS FROM `na_picture` [ RunTime:0.0000s ]
SQL: SHOW COLUMNS FROM `na_picture` [ RunTime:0.0200s ]
SQL: SELECT * FROM `na_picture` WHERE `na_picture_type` = '广告'  [ RunTime:0.0000s ]
INFO: [ view_parse ] --START--
INFO: [ template_filter ] --START--
INFO: Run Behavior\ContentReplaceBehavior [ RunTime:0.000000s ]
INFO: [ template_filter ] --END-- [ RunTime:0.000000s ]
NOTIC: [8] Undefined variable: info E:\phpworkspaces\newmeigui\Application\Runtime\Cache\Admin\3b3eed8c69f473ebc4dd119f2469fad8.php 第 54 行.
NOTIC: [8] Undefined variable: info E:\phpworkspaces\newmeigui\Application\Runtime\Cache\Admin\3b3eed8c69f473ebc4dd119f2469fad8.php 第 54 行.
NOTIC: [8] Undefined variable: info E:\phpworkspaces\newmeigui\Application\Runtime\Cache\Admin\3b3eed8c69f473ebc4dd119f2469fad8.php 第 54 行.
NOTIC: [8] Undefined variable: info E:\phpworkspaces\newmeigui\Application\Runtime\Cache\Admin\3b3eed8c69f473ebc4dd119f2469fad8.php 第 54 行.
NOTIC: [8] Undefined variable: info E:\phpworkspaces\newmeigui\Application\Runtime\Cache\Admin\3b3eed8c69f473ebc4dd119f2469fad8.php 第 54 行.
NOTIC: [8] Undefined variable: info E:\phpworkspaces\newmeigui\Application\Runtime\Cache\Admin\3b3eed8c69f473ebc4dd119f2469fad8.php 第 54 行.
NOTIC: [8] Undefined variable: info E:\phpworkspaces\newmeigui\Application\Runtime\Cache\Admin\3b3eed8c69f473ebc4dd119f2469fad8.php 第 54 行.
INFO: Run Behavior\ParseTemplateBehavior [ RunTime:0.006000s ]
INFO: [ view_parse ] --END-- [ RunTime:0.006000s ]
INFO: [ view_filter ] --START--
INFO: Run Behavior\WriteHtmlCacheBehavior [ RunTime:0.000000s ]
INFO: [ view_filter ] --END-- [ RunTime:0.000000s ]
INFO: [ app_end ] --START--
INFO: Run Behavior\ShowPageTraceBehavior [ RunTime:0.001000s ]
INFO: [ app_end ] --END-- [ RunTime:0.001000s ]

[ 2016-12-12T11:38:41+08:00 ] 127.0.0.1 /newmeigui/index.php/Admin/pc
INFO: [ app_init ] --START--
INFO: Run Behavior\BuildLiteBehavior [ RunTime:0.000000s ]
INFO: [ app_init ] --END-- [ RunTime:0.001000s ]
INFO: [ app_begin ] --START--
INFO: Run Behavior\ReadHtmlCacheBehavior [ RunTime:0.000000s ]
INFO: [ app_begin ] --END-- [ RunTime:0.000000s ]
SQL: SHOW COLUMNS FROM `na_picture` [ RunTime:0.0000s ]
SQL: SHOW COLUMNS FROM `na_picture` [ RunTime:0.0000s ]
SQL: SELECT * FROM `na_picture` WHERE `na_picture_type` = '评论'  [ RunTime:0.0000s ]
INFO: [ view_parse ] --START--
INFO: [ template_filter ] --START--
INFO: Run Behavior\ContentReplaceBehavior [ RunTime:0.000000s ]
INFO: [ template_filter ] --END-- [ RunTime:0.000000s ]
NOTIC: [8] Undefined variable: info E:\phpworkspaces\newmeigui\Application\Runtime\Cache\Admin\add60f16dea389933c19692df839a325.php 第 56 行.
NOTIC: [8] Undefined variable: info E:\phpworkspaces\newmeigui\Application\Runtime\Cache\Admin\add60f16dea389933c19692df839a325.php 第 56 行.
NOTIC: [8] Undefined variable: info E:\phpworkspaces\newmeigui\Application\Runtime\Cache\Admin\add60f16dea389933c19692df839a325.php 第 56 行.
NOTIC: [8] Undefined variable: info E:\phpworkspaces\newmeigui\Application\Runtime\Cache\Admin\add60f16dea389933c19692df839a325.php 第 56 行.
NOTIC: [8] Undefined variable: info E:\phpworkspaces\newmeigui\Application\Runtime\Cache\Admin\add60f16dea389933c19692df839a325.php 第 56 行.
INFO: Run Behavior\ParseTemplateBehavior [ RunTime:0.000000s ]
INFO: [ view_parse ] --END-- [ RunTime:0.000000s ]
INFO: [ view_filter ] --START--
INFO: Run Behavior\WriteHtmlCacheBehavior [ RunTime:0.000000s ]
INFO: [ view_filter ] --END-- [ RunTime:0.000000s ]
INFO: [ app_end ] --START--
INFO: Run Behavior\ShowPageTraceBehavior [ RunTime:0.000000s ]
INFO: [ app_end ] --END-- [ RunTime:0.000000s ]

[ 2016-12-12T11:43:34+08:00 ] 127.0.0.1 /newmeigui/index.php/Admin/index
INFO: [ app_init ] --START--
INFO: Run Behavior\BuildLiteBehavior [ RunTime:0.000000s ]
INFO: [ app_init ] --END-- [ RunTime:0.001000s ]
INFO: [ app_begin ] --START--
INFO: Run Behavior\ReadHtmlCacheBehavior [ RunTime:0.001000s ]
INFO: [ app_begin ] --END-- [ RunTime:0.001000s ]
NOTIC: [2048] Declaration of Admin\Controller\IndexController::error() should be compatible with Think\Controller::error($message = '', $jumpUrl = '', $ajax = false) E:\phpworkspaces\newmeigui\Application\Admin\Controller\IndexController.class.php 第 31 行.
INFO: [ view_parse ] --START--
INFO: [ template_filter ] --START--
INFO: Run Behavior\ContentReplaceBehavior [ RunTime:0.000000s ]
INFO: [ template_filter ] --END-- [ RunTime:0.000000s ]
INFO: Run Behavior\ParseTemplateBehavior [ RunTime:0.004000s ]
INFO: [ view_parse ] --END-- [ RunTime:0.004000s ]
INFO: [ view_filter ] --START--
INFO: Run Behavior\WriteHtmlCacheBehavior [ RunTime:0.000000s ]
INFO: [ view_filter ] --END-- [ RunTime:0.000000s ]
INFO: [ app_end ] --START--
INFO: Run Behavior\ShowPageTraceBehavior [ RunTime:0.001000s ]
INFO: [ app_end ] --END-- [ RunTime:0.001000s ]

[ 2016-12-12T11:43:37+08:00 ] 127.0.0.1 /newmeigui/index.php/Admin/at
INFO: [ app_init ] --START--
INFO: Run Behavior\BuildLiteBehavior [ RunTime:0.000000s ]
INFO: [ app_init ] --END-- [ RunTime:0.001000s ]
INFO: [ app_begin ] --START--
INFO: Run Behavior\ReadHtmlCacheBehavior [ RunTime:0.001000s ]
INFO: [ app_begin ] --END-- [ RunTime:0.001000s ]
NOTIC: [8] Use of undefined constant typeAdd - assumed 'typeAdd' E:\phpworkspaces\newmeigui\Application\Admin\Controller\AdtypeController.class.php 第 27 行.
INFO: [ view_parse ] --START--
INFO: [ template_filter ] --START--
INFO: Run Behavior\ContentReplaceBehavior [ RunTime:0.000000s ]
INFO: [ template_filter ] --END-- [ RunTime:0.000000s ]
INFO: Run Behavior\ParseTemplateBehavior [ RunTime:0.006000s ]
INFO: [ view_parse ] --END-- [ RunTime:0.006000s ]
INFO: [ view_filter ] --START--
INFO: Run Behavior\WriteHtmlCacheBehavior [ RunTime:0.000000s ]
INFO: [ view_filter ] --END-- [ RunTime:0.000000s ]
INFO: [ app_end ] --START--
INFO: Run Behavior\ShowPageTraceBehavior [ RunTime:0.000000s ]
INFO: [ app_end ] --END-- [ RunTime:0.000000s ]

[ 2016-12-12T11:43:38+08:00 ] 127.0.0.1 /newmeigui/index.php/Admin/adtype
INFO: [ app_init ] --START--
INFO: Run Behavior\BuildLiteBehavior [ RunTime:0.000000s ]
INFO: [ app_init ] --END-- [ RunTime:0.000000s ]
INFO: [ app_begin ] --START--
INFO: Run Behavior\ReadHtmlCacheBehavior [ RunTime:0.000000s ]
INFO: [ app_begin ] --END-- [ RunTime:0.000000s ]
SQL: SHOW COLUMNS FROM `na_adtype` [ RunTime:0.0090s ]
SQL: SHOW COLUMNS FROM `na_adtype` [ RunTime:0.0100s ]
SQL: SELECT COUNT(*) AS tp_count FROM `na_adtype` LIMIT 1   [ RunTime:0.0000s ]
SQL: SELECT * FROM `na_adtype` ORDER BY `na_adtype_time` desc LIMIT 0,9   [ RunTime:0.0000s ]
NOTIC: [8] Use of undefined constant typeList - assumed 'typeList' E:\phpworkspaces\newmeigui\Application\Admin\Controller\AdtypeController.class.php 第 22 行.
INFO: [ view_parse ] --START--
INFO: [ template_filter ] --START--
INFO: Run Behavior\ContentReplaceBehavior [ RunTime:0.000000s ]
INFO: [ template_filter ] --END-- [ RunTime:0.000000s ]
INFO: Run Behavior\ParseTemplateBehavior [ RunTime:0.004000s ]
INFO: [ view_parse ] --END-- [ RunTime:0.004000s ]
INFO: [ view_filter ] --START--
INFO: Run Behavior\WriteHtmlCacheBehavior [ RunTime:0.000000s ]
INFO: [ view_filter ] --END-- [ RunTime:0.000000s ]
INFO: [ app_end ] --START--
INFO: Run Behavior\ShowPageTraceBehavior [ RunTime:0.000000s ]
INFO: [ app_end ] --END-- [ RunTime:0.000000s ]

[ 2016-12-12T11:43:38+08:00 ] 127.0.0.1 /newmeigui/index.php/Admin/Css/style.css
INFO: [ app_init ] --START--
INFO: Run Behavior\BuildLiteBehavior [ RunTime:0.000000s ]
INFO: [ app_init ] --END-- [ RunTime:0.000000s ]
INFO: [ app_begin ] --START--
INFO: Run Behavior\ReadHtmlCacheBehavior [ RunTime:0.001000s ]
INFO: [ app_begin ] --END-- [ RunTime:0.001000s ]
ERR: 非法操作:style

[ 2016-12-12T11:43:39+08:00 ] 127.0.0.1 /newmeigui/index.php/Admin/at
INFO: [ app_init ] --START--
INFO: Run Behavior\BuildLiteBehavior [ RunTime:0.000000s ]
INFO: [ app_init ] --END-- [ RunTime:0.000000s ]
INFO: [ app_begin ] --START--
INFO: Run Behavior\ReadHtmlCacheBehavior [ RunTime:0.001000s ]
INFO: [ app_begin ] --END-- [ RunTime:0.001000s ]
NOTIC: [8] Use of undefined constant typeAdd - assumed 'typeAdd' E:\phpworkspaces\newmeigui\Application\Admin\Controller\AdtypeController.class.php 第 27 行.
INFO: [ view_parse ] --START--
INFO: [ template_filter ] --START--
INFO: Run Behavior\ContentReplaceBehavior [ RunTime:0.000000s ]
INFO: [ template_filter ] --END-- [ RunTime:0.000000s ]
INFO: Run Behavior\ParseTemplateBehavior [ RunTime:0.006000s ]
INFO: [ view_parse ] --END-- [ RunTime:0.006000s ]
INFO: [ view_filter ] --START--
INFO: Run Behavior\WriteHtmlCacheBehavior [ RunTime:0.001000s ]
INFO: [ view_filter ] --END-- [ RunTime:0.001000s ]
INFO: [ app_end ] --START--
INFO: Run Behavior\ShowPageTraceBehavior [ RunTime:0.000000s ]
INFO: [ app_end ] --END-- [ RunTime:0.000000s ]

[ 2016-12-12T16:08:29+08:00 ] 127.0.0.1 /newmeigui/admin
INFO: [ app_init ] --START--
INFO: Run Behavior\BuildLiteBehavior [ RunTime:0.000000s ]
INFO: [ app_init ] --END-- [ RunTime:0.001000s ]
INFO: [ app_begin ] --START--
INFO: Run Behavior\ReadHtmlCacheBehavior [ RunTime:0.001000s ]
INFO: [ app_begin ] --END-- [ RunTime:0.001000s ]
NOTIC: [2048] Declaration of Admin\Controller\IndexController::error() should be compatible with Think\Controller::error($message = '', $jumpUrl = '', $ajax = false) E:\phpworkspaces\newmeigui\Application\Admin\Controller\IndexController.class.php 第 31 行.

[ 2016-12-12T16:08:31+08:00 ] 127.0.0.1 /newmeigui/index.php/Admin/login/index
INFO: [ app_init ] --START--
INFO: Run Behavior\BuildLiteBehavior [ RunTime:0.000000s ]
INFO: [ app_init ] --END-- [ RunTime:0.000000s ]
INFO: [ app_begin ] --START--
INFO: Run Behavior\ReadHtmlCacheBehavior [ RunTime:0.001000s ]
INFO: [ app_begin ] --END-- [ RunTime:0.001000s ]
NOTIC: [8] Use of undefined constant login - assumed 'login' E:\phpworkspaces\newmeigui\Application\Admin\Controller\LoginController.class.php 第 12 行.
INFO: [ view_parse ] --START--
INFO: [ template_filter ] --START--
INFO: Run Behavior\ContentReplaceBehavior [ RunTime:0.000000s ]
INFO: [ template_filter ] --END-- [ RunTime:0.000000s ]
INFO: Run Behavior\ParseTemplateBehavior [ RunTime:0.095000s ]
INFO: [ view_parse ] --END-- [ RunTime:0.095000s ]
INFO: [ view_filter ] --START--
INFO: Run Behavior\WriteHtmlCacheBehavior [ RunTime:0.000000s ]
INFO: [ view_filter ] --END-- [ RunTime:0.000000s ]
INFO: [ app_end ] --START--
INFO: Run Behavior\ShowPageTraceBehavior [ RunTime:0.001000s ]
INFO: [ app_end ] --END-- [ RunTime:0.001000s ]

[ 2016-12-12T16:08:34+08:00 ] 127.0.0.1 /newmeigui/index.php/Admin/u
INFO: [ app_init ] --START--
INFO: Run Behavior\BuildLiteBehavior [ RunTime:0.000000s ]
INFO: [ app_init ] --END-- [ RunTime:0.001000s ]
INFO: [ app_begin ] --START--
INFO: Run Behavior\ReadHtmlCacheBehavior [ RunTime:0.001000s ]
INFO: [ app_begin ] --END-- [ RunTime:0.001000s ]
SQL: SHOW COLUMNS FROM `na_admin` [ RunTime:0.1790s ]
SQL: SHOW COLUMNS FROM `na_admin` [ RunTime:0.0220s ]
SQL: SELECT * FROM `na_admin` WHERE `na_admin_loginName` = 'admin' LIMIT 1   [ RunTime:0.0670s ]

[ 2016-12-12T16:08:35+08:00 ] 127.0.0.1 /newmeigui/index.php/Admin/index
INFO: [ app_init ] --START--
INFO: Run Behavior\BuildLiteBehavior [ RunTime:0.000000s ]
INFO: [ app_init ] --END-- [ RunTime:0.001000s ]
INFO: [ app_begin ] --START--
INFO: Run Behavior\ReadHtmlCacheBehavior [ RunTime:0.001000s ]
INFO: [ app_begin ] --END-- [ RunTime:0.001000s ]
NOTIC: [2048] Declaration of Admin\Controller\IndexController::error() should be compatible with Think\Controller::error($message = '', $jumpUrl = '', $ajax = false) E:\phpworkspaces\newmeigui\Application\Admin\Controller\IndexController.class.php 第 31 行.
INFO: [ view_parse ] --START--
INFO: [ template_filter ] --START--
INFO: Run Behavior\ContentReplaceBehavior [ RunTime:0.001000s ]
INFO: [ template_filter ] --END-- [ RunTime:0.001000s ]
INFO: Run Behavior\ParseTemplateBehavior [ RunTime:0.077000s ]
INFO: [ view_parse ] --END-- [ RunTime:0.077000s ]
INFO: [ view_filter ] --START--
INFO: Run Behavior\WriteHtmlCacheBehavior [ RunTime:0.001000s ]
INFO: [ view_filter ] --END-- [ RunTime:0.001000s ]
INFO: [ app_end ] --START--
INFO: Run Behavior\ShowPageTraceBehavior [ RunTime:0.001000s ]
INFO: [ app_end ] --END-- [ RunTime:0.001000s ]

[ 2016-12-12T16:08:42+08:00 ] 127.0.0.1 /newmeigui/index.php/Admin/uv
INFO: [ app_init ] --START--
INFO: Run Behavior\BuildLiteBehavior [ RunTime:0.000000s ]
INFO: [ app_init ] --END-- [ RunTime:0.000000s ]
INFO: [ app_begin ] --START--
INFO: Run Behavior\ReadHtmlCacheBehavior [ RunTime:0.001000s ]
INFO: [ app_begin ] --END-- [ RunTime:0.001000s ]
SQL: SHOW COLUMNS FROM `na_adtype` [ RunTime:0.1000s ]
SQL: SHOW COLUMNS FROM `na_adtype` [ RunTime:0.0290s ]
SQL: SELECT `na_adtype_type` FROM `na_adtype`  [ RunTime:0.0200s ]
NOTIC: [8] Use of undefined constant videoUpload - assumed 'videoUpload' E:\phpworkspaces\newmeigui\Application\Admin\Controller\UploadFilesController.class.php 第 29 行.
INFO: [ view_parse ] --START--
INFO: [ template_filter ] --START--
INFO: Run Behavior\ContentReplaceBehavior [ RunTime:0.000000s ]
INFO: [ template_filter ] --END-- [ RunTime:0.000000s ]
INFO: Run Behavior\ParseTemplateBehavior [ RunTime:0.077000s ]
INFO: [ view_parse ] --END-- [ RunTime:0.077000s ]
INFO: [ view_filter ] --START--
INFO: Run Behavior\WriteHtmlCacheBehavior [ RunTime:0.001000s ]
INFO: [ view_filter ] --END-- [ RunTime:0.001000s ]
INFO: [ app_end ] --START--
INFO: Run Behavior\ShowPageTraceBehavior [ RunTime:0.001000s ]
INFO: [ app_end ] --END-- [ RunTime:0.001000s ]

[ 2016-12-12T16:09:18+08:00 ] 127.0.0.1 /newmeigui/index.php/Admin/UploadFiles/videoAdd
INFO: [ app_init ] --START--
INFO: Run Behavior\BuildLiteBehavior [ RunTime:0.000000s ]
INFO: [ app_init ] --END-- [ RunTime:0.000000s ]
INFO: [ app_begin ] --START--
INFO: Run Behavior\ReadHtmlCacheBehavior [ RunTime:0.001000s ]
INFO: [ app_begin ] --END-- [ RunTime:0.001000s ]
NOTIC: [2] call_user_func() expects parameter 1 to be a valid callback, no array or string given E:\phpworkspaces\newmeigui\ThinkPHP\Library\Think\Upload.class.php 第 182 行.
INFO: [ app_end ] --START--
INFO: Run Behavior\ShowPageTraceBehavior [ RunTime:0.001000s ]
INFO: [ app_end ] --END-- [ RunTime:0.001000s ]

[ 2016-12-12T16:09:37+08:00 ] 127.0.0.1 /newmeigui/index.php/Admin/UploadFiles/videoPicAdd
INFO: [ app_init ] --START--
INFO: Run Behavior\BuildLiteBehavior [ RunTime:0.000000s ]
INFO: [ app_init ] --END-- [ RunTime:0.001000s ]
INFO: [ app_begin ] --START--
INFO: Run Behavior\ReadHtmlCacheBehavior [ RunTime:0.001000s ]
INFO: [ app_begin ] --END-- [ RunTime:0.001000s ]
NOTIC: [2] call_user_func() expects parameter 1 to be a valid callback, no array or string given E:\phpworkspaces\newmeigui\ThinkPHP\Library\Think\Upload.class.php 第 182 行.
INFO: [ app_end ] --START--
INFO: Run Behavior\ShowPageTraceBehavior [ RunTime:0.001000s ]
INFO: [ app_end ] --END-- [ RunTime:0.001000s ]

[ 2016-12-12T16:10:15+08:00 ] 127.0.0.1 /newmeigui/index.php/Admin/UploadFiles/videoAd
INFO: [ app_init ] --START--
INFO: Run Behavior\BuildLiteBehavior [ RunTime:0.000000s ]
INFO: [ app_init ] --END-- [ RunTime:0.000000s ]
INFO: [ app_begin ] --START--
INFO: Run Behavior\ReadHtmlCacheBehavior [ RunTime:0.000000s ]
INFO: [ app_begin ] --END-- [ RunTime:0.000000s ]
SQL: SHOW COLUMNS FROM `na_ad` [ RunTime:0.7150s ]
SQL: SHOW COLUMNS FROM `na_ad` [ RunTime:0.2190s ]
SQL: INSERT INTO `na_ad` (`na_ad_type`,`na_ad_daoyan`,`na_ad_name`,`na_ad_actor`,`na_ad_place`,`na_ad_language`,`na_ad_year`,`na_ad_introduce`,`na_ad_showPath`,`na_ad_videoPath`,`na_ad_time`,`na_ad_uname`,`na_ad_adtype`) VALUES ('惊恐','无语','瓦房店挖','为','日韩','英语','2016','是大法官大锅饭','Public/admin/uploads/videoPic/2016-12-12/584e5b415d5c0.png','Public/admin/uploads/video/2016-12-12/584e5b2def1c8.mp4','2016-12-12 16:10:09','admin','视频') [ RunTime:5.2270s ]

[ 2016-12-12T16:10:17+08:00 ] 127.0.0.1 /newmeigui/index.php/Admin/list/video
INFO: [ app_init ] --START--
INFO: Run Behavior\BuildLiteBehavior [ RunTime:0.000000s ]
INFO: [ app_init ] --END-- [ RunTime:0.000000s ]
INFO: [ app_begin ] --START--
INFO: Run Behavior\ReadHtmlCacheBehavior [ RunTime:0.001000s ]
INFO: [ app_begin ] --END-- [ RunTime:0.001000s ]
SQL: SHOW COLUMNS FROM `na_ad` [ RunTime:0.0510s ]
SQL: SHOW COLUMNS FROM `na_ad` [ RunTime:0.0270s ]
SQL: SELECT COUNT(*) AS tp_count FROM `na_ad` WHERE `na_ad_name` LIKE '%%' AND `na_ad_adtype` = '视频' LIMIT 1   [ RunTime:0.0650s ]
SQL: SELECT `na_ad_id`,`na_ad_name`,`na_ad_type`,`na_ad_time`,`na_ad_place`,`na_ad_actor`,`na_ad_introduce`,`na_ad_count`,`na_ad_videoPath`,`na_ad_uname`,`na_ad_language`,`na_ad_daoyan`,`na_ad_year` FROM `na_ad` WHERE `na_ad_name` LIKE '%%' AND `na_ad_adtype` = '视频' ORDER BY `na_ad_time` desc LIMIT 0,9   [ RunTime:0.0130s ]
NOTIC: [8] Use of undefined constant videoManage - assumed 'videoManage' E:\phpworkspaces\newmeigui\Application\Admin\Controller\ListController.class.php 第 31 行.
INFO: [ view_parse ] --START--
INFO: [ template_filter ] --START--
INFO: Run Behavior\ContentReplaceBehavior [ RunTime:0.000000s ]
INFO: [ template_filter ] --END-- [ RunTime:0.000000s ]
INFO: Run Behavior\ParseTemplateBehavior [ RunTime:0.024000s ]
INFO: [ view_parse ] --END-- [ RunTime:0.024000s ]
INFO: [ view_filter ] --START--
INFO: Run Behavior\WriteHtmlCacheBehavior [ RunTime:0.000000s ]
INFO: [ view_filter ] --END-- [ RunTime:0.000000s ]
INFO: [ app_end ] --START--
INFO: Run Behavior\ShowPageTraceBehavior [ RunTime:0.001000s ]
INFO: [ app_end ] --END-- [ RunTime:0.001000s ]

[ 2016-12-12T16:14:52+08:00 ] 127.0.0.1 /newmeigui/index.php/Admin/list/deleteV/id/152
INFO: [ app_init ] --START--
INFO: Run Behavior\BuildLiteBehavior [ RunTime:0.000000s ]
INFO: [ app_init ] --END-- [ RunTime:0.000000s ]
INFO: [ app_begin ] --START--
INFO: Run Behavior\ReadHtmlCacheBehavior [ RunTime:0.000000s ]
INFO: [ app_begin ] --END-- [ RunTime:0.000000s ]
SQL: SHOW COLUMNS FROM `na_ad` [ RunTime:0.0330s ]
SQL: SHOW COLUMNS FROM `na_ad` [ RunTime:0.0190s ]
SQL: DELETE FROM `na_ad` WHERE `na_ad_id` = 152 [ RunTime:0.1440s ]

[ 2016-12-12T16:14:53+08:00 ] 127.0.0.1 /newmeigui/index.php/Admin/list/video
INFO: [ app_init ] --START--
INFO: Run Behavior\BuildLiteBehavior [ RunTime:0.000000s ]
INFO: [ app_init ] --END-- [ RunTime:0.000000s ]
INFO: [ app_begin ] --START--
INFO: Run Behavior\ReadHtmlCacheBehavior [ RunTime:0.001000s ]
INFO: [ app_begin ] --END-- [ RunTime:0.001000s ]
SQL: SHOW COLUMNS FROM `na_ad` [ RunTime:0.0310s ]
SQL: SHOW COLUMNS FROM `na_ad` [ RunTime:0.0040s ]
SQL: SELECT COUNT(*) AS tp_count FROM `na_ad` WHERE `na_ad_name` LIKE '%%' AND `na_ad_adtype` = '视频' LIMIT 1   [ RunTime:0.0060s ]
SQL: SELECT `na_ad_id`,`na_ad_name`,`na_ad_type`,`na_ad_time`,`na_ad_place`,`na_ad_actor`,`na_ad_introduce`,`na_ad_count`,`na_ad_videoPath`,`na_ad_uname`,`na_ad_language`,`na_ad_daoyan`,`na_ad_year` FROM `na_ad` WHERE `na_ad_name` LIKE '%%' AND `na_ad_adtype` = '视频' ORDER BY `na_ad_time` desc LIMIT 0,9   [ RunTime:0.0010s ]
NOTIC: [8] Use of undefined constant videoManage - assumed 'videoManage' E:\phpworkspaces\newmeigui\Application\Admin\Controller\ListController.class.php 第 31 行.
INFO: [ view_parse ] --START--
INFO: [ template_filter ] --START--
INFO: Run Behavior\ContentReplaceBehavior [ RunTime:0.000000s ]
INFO: [ template_filter ] --END-- [ RunTime:0.000000s ]
INFO: Run Behavior\ParseTemplateBehavior [ RunTime:0.005000s ]
INFO: [ view_parse ] --END-- [ RunTime:0.005000s ]
INFO: [ view_filter ] --START--
INFO: Run Behavior\WriteHtmlCacheBehavior [ RunTime:0.001000s ]
INFO: [ view_filter ] --END-- [ RunTime:0.001000s ]
INFO: [ app_end ] --START--
INFO: Run Behavior\ShowPageTraceBehavior [ RunTime:0.000000s ]
INFO: [ app_end ] --END-- [ RunTime:0.000000s ]

[ 2016-12-12T16:14:55+08:00 ] 127.0.0.1 /newmeigui/index.php/Admin/UploadFiles/video
INFO: [ app_init ] --START--
INFO: Run Behavior\BuildLiteBehavior [ RunTime:0.000000s ]
INFO: [ app_init ] --END-- [ RunTime:0.000000s ]
INFO: [ app_begin ] --START--
INFO: Run Behavior\ReadHtmlCacheBehavior [ RunTime:0.000000s ]
INFO: [ app_begin ] --END-- [ RunTime:0.001000s ]
SQL: SHOW COLUMNS FROM `na_adtype` [ RunTime:0.1400s ]
SQL: SHOW COLUMNS FROM `na_adtype` [ RunTime:0.0240s ]
SQL: SELECT `na_adtype_type` FROM `na_adtype`  [ RunTime:0.0010s ]
NOTIC: [8] Use of undefined constant videoUpload - assumed 'videoUpload' E:\phpworkspaces\newmeigui\Application\Admin\Controller\UploadFilesController.class.php 第 29 行.
INFO: [ view_parse ] --START--
INFO: [ template_filter ] --START--
INFO: Run Behavior\ContentReplaceBehavior [ RunTime:0.000000s ]
INFO: [ template_filter ] --END-- [ RunTime:0.000000s ]
INFO: Run Behavior\ParseTemplateBehavior [ RunTime:0.006000s ]
INFO: [ view_parse ] --END-- [ RunTime:0.006000s ]
INFO: [ view_filter ] --START--
INFO: Run Behavior\WriteHtmlCacheBehavior [ RunTime:0.001000s ]
INFO: [ view_filter ] --END-- [ RunTime:0.001000s ]
INFO: [ app_end ] --START--
INFO: Run Behavior\ShowPageTraceBehavior [ RunTime:0.001000s ]
INFO: [ app_end ] --END-- [ RunTime:0.001000s ]

[ 2016-12-12T16:15:09+08:00 ] 127.0.0.1 /newmeigui/index.php/Admin/UploadFiles/videoAdd
INFO: [ app_init ] --START--
INFO: Run Behavior\BuildLiteBehavior [ RunTime:0.000000s ]
INFO: [ app_init ] --END-- [ RunTime:0.001000s ]
INFO: [ app_begin ] --START--
INFO: Run Behavior\ReadHtmlCacheBehavior [ RunTime:0.000000s ]
INFO: [ app_begin ] --END-- [ RunTime:0.000000s ]
NOTIC: [2] call_user_func() expects parameter 1 to be a valid callback, no array or string given E:\phpworkspaces\newmeigui\ThinkPHP\Library\Think\Upload.class.php 第 182 行.
INFO: [ app_end ] --START--
INFO: Run Behavior\ShowPageTraceBehavior [ RunTime:0.001000s ]
INFO: [ app_end ] --END-- [ RunTime:0.001000s ]

[ 2016-12-12T16:15:18+08:00 ] 127.0.0.1 /newmeigui/index.php/Admin/UploadFiles/videoPicAdd
INFO: [ app_init ] --START--
INFO: Run Behavior\BuildLiteBehavior [ RunTime:0.000000s ]
INFO: [ app_init ] --END-- [ RunTime:0.000000s ]
INFO: [ app_begin ] --START--
INFO: Run Behavior\ReadHtmlCacheBehavior [ RunTime:0.000000s ]
INFO: [ app_begin ] --END-- [ RunTime:0.000000s ]

[ 2016-12-12T16:15:33+08:00 ] 127.0.0.1 /newmeigui/index.php/Admin/UploadFiles/videoAd
INFO: [ app_init ] --START--
INFO: Run Behavior\BuildLiteBehavior [ RunTime:0.000000s ]
INFO: [ app_init ] --END-- [ RunTime:0.000000s ]
INFO: [ app_begin ] --START--
INFO: Run Behavior\ReadHtmlCacheBehavior [ RunTime:0.000000s ]
INFO: [ app_begin ] --END-- [ RunTime:0.000000s ]
SQL: SHOW COLUMNS FROM `na_ad` [ RunTime:0.1430s ]
SQL: SHOW COLUMNS FROM `na_ad` [ RunTime:0.0260s ]
SQL: INSERT INTO `na_ad` (`na_ad_type`,`na_ad_daoyan`,`na_ad_name`,`na_ad_actor`,`na_ad_place`,`na_ad_language`,`na_ad_year`,`na_ad_introduce`,`na_ad_showPath`,`na_ad_videoPath`,`na_ad_time`,`na_ad_uname`,`na_ad_adtype`) VALUES ('坏人','asfasf','asfsdaf','asfasfsa','中国','日语','2017','sdgdsgdsg','Public/admin/uploads/videoPic/2016-12-12/584e5b415d5c0.png','Public/admin/uploads/video/2016-12-12/584e5c8d364c0.mp4','2016-12-12 16:15:33','admin','视频') [ RunTime:0.2100s ]

[ 2016-12-12T16:15:34+08:00 ] 127.0.0.1 /newmeigui/index.php/Admin/list/video
INFO: [ app_init ] --START--
INFO: Run Behavior\BuildLiteBehavior [ RunTime:0.000000s ]
INFO: [ app_init ] --END-- [ RunTime:0.000000s ]
INFO: [ app_begin ] --START--
INFO: Run Behavior\ReadHtmlCacheBehavior [ RunTime:0.000000s ]
INFO: [ app_begin ] --END-- [ RunTime:0.000000s ]
SQL: SHOW COLUMNS FROM `na_ad` [ RunTime:0.0010s ]
SQL: SHOW COLUMNS FROM `na_ad` [ RunTime:0.0010s ]
SQL: SELECT COUNT(*) AS tp_count FROM `na_ad` WHERE `na_ad_name` LIKE '%%' AND `na_ad_adtype` = '视频' LIMIT 1   [ RunTime:0.0280s ]
SQL: SELECT `na_ad_id`,`na_ad_name`,`na_ad_type`,`na_ad_time`,`na_ad_place`,`na_ad_actor`,`na_ad_introduce`,`na_ad_count`,`na_ad_videoPath`,`na_ad_uname`,`na_ad_language`,`na_ad_daoyan`,`na_ad_year` FROM `na_ad` WHERE `na_ad_name` LIKE '%%' AND `na_ad_adtype` = '视频' ORDER BY `na_ad_time` desc LIMIT 0,9   [ RunTime:0.0030s ]
NOTIC: [8] Use of undefined constant videoManage - assumed 'videoManage' E:\phpworkspaces\newmeigui\Application\Admin\Controller\ListController.class.php 第 31 行.
INFO: [ view_parse ] --START--
INFO: [ template_filter ] --START--
INFO: Run Behavior\ContentReplaceBehavior [ RunTime:0.000000s ]
INFO: [ template_filter ] --END-- [ RunTime:0.000000s ]
INFO: Run Behavior\ParseTemplateBehavior [ RunTime:0.006000s ]
INFO: [ view_parse ] --END-- [ RunTime:0.006000s ]
INFO: [ view_filter ] --START--
INFO: Run Behavior\WriteHtmlCacheBehavior [ RunTime:0.000000s ]
INFO: [ view_filter ] --END-- [ RunTime:0.000000s ]
INFO: [ app_end ] --START--
INFO: Run Behavior\ShowPageTraceBehavior [ RunTime:0.001000s ]
INFO: [ app_end ] --END-- [ RunTime:0.001000s ]

[ 2016-12-12T16:39:02+08:00 ] 127.0.0.1 /newmeigui/index.php/Admin/list/deleteV/id/153
INFO: [ app_init ] --START--
INFO: Run Behavior\BuildLiteBehavior [ RunTime:0.000000s ]
INFO: [ app_init ] --END-- [ RunTime:0.000000s ]
INFO: [ app_begin ] --START--
INFO: Run Behavior\ReadHtmlCacheBehavior [ RunTime:0.000000s ]
INFO: [ app_begin ] --END-- [ RunTime:0.000000s ]
SQL: SHOW COLUMNS FROM `na_ad` [ RunTime:0.0200s ]
SQL: SHOW COLUMNS FROM `na_ad` [ RunTime:0.0180s ]
SQL: DELETE FROM `na_ad` WHERE `na_ad_id` = 153 [ RunTime:0.0940s ]

[ 2016-12-12T16:39:03+08:00 ] 127.0.0.1 /newmeigui/index.php/Admin/list/video
INFO: [ app_init ] --START--
INFO: Run Behavior\BuildLiteBehavior [ RunTime:0.000000s ]
INFO: [ app_init ] --END-- [ RunTime:0.001000s ]
INFO: [ app_begin ] --START--
INFO: Run Behavior\ReadHtmlCacheBehavior [ RunTime:0.000000s ]
INFO: [ app_begin ] --END-- [ RunTime:0.000000s ]
SQL: SHOW COLUMNS FROM `na_ad` [ RunTime:0.0160s ]
SQL: SHOW COLUMNS FROM `na_ad` [ RunTime:0.0120s ]
SQL: SELECT COUNT(*) AS tp_count FROM `na_ad` WHERE `na_ad_name` LIKE '%%' AND `na_ad_adtype` = '视频' LIMIT 1   [ RunTime:0.0000s ]
SQL: SELECT `na_ad_id`,`na_ad_name`,`na_ad_type`,`na_ad_time`,`na_ad_place`,`na_ad_actor`,`na_ad_introduce`,`na_ad_count`,`na_ad_videoPath`,`na_ad_uname`,`na_ad_language`,`na_ad_daoyan`,`na_ad_year` FROM `na_ad` WHERE `na_ad_name` LIKE '%%' AND `na_ad_adtype` = '视频' ORDER BY `na_ad_time` desc LIMIT 0,9   [ RunTime:0.0000s ]
NOTIC: [8] Use of undefined constant videoManage - assumed 'videoManage' E:\phpworkspaces\newmeigui\Application\Admin\Controller\ListController.class.php 第 31 行.
INFO: [ view_parse ] --START--
INFO: [ template_filter ] --START--
INFO: Run Behavior\ContentReplaceBehavior [ RunTime:0.000000s ]
INFO: [ template_filter ] --END-- [ RunTime:0.000000s ]
INFO: Run Behavior\ParseTemplateBehavior [ RunTime:0.017000s ]
INFO: [ view_parse ] --END-- [ RunTime:0.017000s ]
INFO: [ view_filter ] --START--
INFO: Run Behavior\WriteHtmlCacheBehavior [ RunTime:0.000000s ]
INFO: [ view_filter ] --END-- [ RunTime:0.000000s ]
INFO: [ app_end ] --START--
INFO: Run Behavior\ShowPageTraceBehavior [ RunTime:0.001000s ]
INFO: [ app_end ] --END-- [ RunTime:0.001000s ]

[ 2016-12-12T20:11:22+08:00 ] 127.0.0.1 /newmeigui/admin
INFO: [ app_init ] --START--
INFO: Run Behavior\BuildLiteBehavior [ RunTime:0.000000s ]
INFO: [ app_init ] --END-- [ RunTime:0.000000s ]
INFO: [ app_begin ] --START--
INFO: Run Behavior\ReadHtmlCacheBehavior [ RunTime:0.001000s ]
INFO: [ app_begin ] --END-- [ RunTime:0.001000s ]
NOTIC: [2048] Declaration of Admin\Controller\IndexController::error() should be compatible with Think\Controller::error($message = '', $jumpUrl = '', $ajax = false) E:\phpworkspaces\newmeigui\Application\Admin\Controller\IndexController.class.php 第 31 行.
INFO: [ view_parse ] --START--
INFO: [ template_filter ] --START--
INFO: Run Behavior\ContentReplaceBehavior [ RunTime:0.000000s ]
INFO: [ template_filter ] --END-- [ RunTime:0.000000s ]
INFO: Run Behavior\ParseTemplateBehavior [ RunTime:0.016000s ]
INFO: [ view_parse ] --END-- [ RunTime:0.016000s ]
INFO: [ view_filter ] --START--
INFO: Run Behavior\WriteHtmlCacheBehavior [ RunTime:0.000000s ]
INFO: [ view_filter ] --END-- [ RunTime:0.000000s ]
INFO: [ app_end ] --START--
INFO: Run Behavior\ShowPageTraceBehavior [ RunTime:0.001000s ]
INFO: [ app_end ] --END-- [ RunTime:0.001000s ]

[ 2016-12-12T20:11:26+08:00 ] 127.0.0.1 /newmeigui/index.php/Admin/list/video
INFO: [ app_init ] --START--
INFO: Run Behavior\BuildLiteBehavior [ RunTime:0.000000s ]
INFO: [ app_init ] --END-- [ RunTime:0.000000s ]
INFO: [ app_begin ] --START--
INFO: Run Behavior\ReadHtmlCacheBehavior [ RunTime:0.001000s ]
INFO: [ app_begin ] --END-- [ RunTime:0.001000s ]
SQL: SHOW COLUMNS FROM `na_ad` [ RunTime:0.0090s ]
SQL: SHOW COLUMNS FROM `na_ad` [ RunTime:0.0150s ]
SQL: SELECT COUNT(*) AS tp_count FROM `na_ad` WHERE `na_ad_name` LIKE '%%' AND `na_ad_adtype` = '视频' LIMIT 1   [ RunTime:0.0000s ]
SQL: SELECT `na_ad_id`,`na_ad_name`,`na_ad_type`,`na_ad_time`,`na_ad_place`,`na_ad_actor`,`na_ad_introduce`,`na_ad_count`,`na_ad_videoPath`,`na_ad_uname`,`na_ad_language`,`na_ad_daoyan`,`na_ad_year` FROM `na_ad` WHERE `na_ad_name` LIKE '%%' AND `na_ad_adtype` = '视频' ORDER BY `na_ad_time` desc LIMIT 0,9   [ RunTime:0.0000s ]
NOTIC: [8] Use of undefined constant videoManage - assumed 'videoManage' E:\phpworkspaces\newmeigui\Application\Admin\Controller\ListController.class.php 第 31 行.
INFO: [ view_parse ] --START--
INFO: [ template_filter ] --START--
INFO: Run Behavior\ContentReplaceBehavior [ RunTime:0.000000s ]
INFO: [ template_filter ] --END-- [ RunTime:0.000000s ]
INFO: Run Behavior\ParseTemplateBehavior [ RunTime:0.010000s ]
INFO: [ view_parse ] --END-- [ RunTime:0.010000s ]
INFO: [ view_filter ] --START--
INFO: Run Behavior\WriteHtmlCacheBehavior [ RunTime:0.001000s ]
INFO: [ view_filter ] --END-- [ RunTime:0.001000s ]
INFO: [ app_end ] --START--
INFO: Run Behavior\ShowPageTraceBehavior [ RunTime:0.000000s ]
INFO: [ app_end ] --END-- [ RunTime:0.000000s ]

[ 2016-12-12T20:11:27+08:00 ] 127.0.0.1 /newmeigui/index.php/Admin/UploadFiles/video
INFO: [ app_init ] --START--
INFO: Run Behavior\BuildLiteBehavior [ RunTime:0.000000s ]
INFO: [ app_init ] --END-- [ RunTime:0.000000s ]
INFO: [ app_begin ] --START--
INFO: Run Behavior\ReadHtmlCacheBehavior [ RunTime:0.000000s ]
INFO: [ app_begin ] --END-- [ RunTime:0.000000s ]
SQL: SHOW COLUMNS FROM `na_adtype` [ RunTime:0.0010s ]
SQL: SHOW COLUMNS FROM `na_adtype` [ RunTime:0.0000s ]
SQL: SELECT `na_adtype_type` FROM `na_adtype`  [ RunTime:0.0010s ]
NOTIC: [8] Use of undefined constant videoUpload - assumed 'videoUpload' E:\phpworkspaces\newmeigui\Application\Admin\Controller\UploadFilesController.class.php 第 29 行.
INFO: [ view_parse ] --START--
INFO: [ template_filter ] --START--
INFO: Run Behavior\ContentReplaceBehavior [ RunTime:0.000000s ]
INFO: [ template_filter ] --END-- [ RunTime:0.000000s ]
INFO: Run Behavior\ParseTemplateBehavior [ RunTime:0.022000s ]
INFO: [ view_parse ] --END-- [ RunTime:0.022000s ]
INFO: [ view_filter ] --START--
INFO: Run Behavior\WriteHtmlCacheBehavior [ RunTime:0.000000s ]
INFO: [ view_filter ] --END-- [ RunTime:0.000000s ]
INFO: [ app_end ] --START--
INFO: Run Behavior\ShowPageTraceBehavior [ RunTime:0.000000s ]
INFO: [ app_end ] --END-- [ RunTime:0.000000s ]

[ 2016-12-12T20:11:44+08:00 ] 127.0.0.1 /newmeigui/index.php/Admin/UploadFiles/videoAdd
INFO: [ app_init ] --START--
INFO: Run Behavior\BuildLiteBehavior [ RunTime:0.000000s ]
INFO: [ app_init ] --END-- [ RunTime:0.000000s ]
INFO: [ app_begin ] --START--
INFO: Run Behavior\ReadHtmlCacheBehavior [ RunTime:0.001000s ]
INFO: [ app_begin ] --END-- [ RunTime:0.001000s ]
NOTIC: [2] call_user_func() expects parameter 1 to be a valid callback, no array or string given E:\phpworkspaces\newmeigui\ThinkPHP\Library\Think\Upload.class.php 第 182 行.
INFO: [ app_end ] --START--
INFO: Run Behavior\ShowPageTraceBehavior [ RunTime:0.001000s ]
INFO: [ app_end ] --END-- [ RunTime:0.001000s ]

[ 2016-12-12T20:11:56+08:00 ] 127.0.0.1 /newmeigui/index.php/Admin/UploadFiles/videoPicAdd
INFO: [ app_init ] --START--
INFO: Run Behavior\BuildLiteBehavior [ RunTime:0.000000s ]
INFO: [ app_init ] --END-- [ RunTime:0.000000s ]
INFO: [ app_begin ] --START--
INFO: Run Behavior\ReadHtmlCacheBehavior [ RunTime:0.001000s ]
INFO: [ app_begin ] --END-- [ RunTime:0.001000s ]
NOTIC: [2] call_user_func() expects parameter 1 to be a valid callback, no array or string given E:\phpworkspaces\newmeigui\ThinkPHP\Library\Think\Upload.class.php 第 182 行.
INFO: [ app_end ] --START--
INFO: Run Behavior\ShowPageTraceBehavior [ RunTime:0.001000s ]
INFO: [ app_end ] --END-- [ RunTime:0.001000s ]

[ 2016-12-12T20:12:07+08:00 ] 127.0.0.1 /newmeigui/index.php/Admin/UploadFiles/videoAd
INFO: [ app_init ] --START--
INFO: Run Behavior\BuildLiteBehavior [ RunTime:0.000000s ]
INFO: [ app_init ] --END-- [ RunTime:0.000000s ]
INFO: [ app_begin ] --START--
INFO: Run Behavior\ReadHtmlCacheBehavior [ RunTime:0.001000s ]
INFO: [ app_begin ] --END-- [ RunTime:0.001000s ]
SQL: SHOW COLUMNS FROM `na_ad` [ RunTime:0.0010s ]
SQL: SHOW COLUMNS FROM `na_ad` [ RunTime:0.0150s ]
SQL: INSERT INTO `na_ad` (`na_ad_type`,`na_ad_daoyan`,`na_ad_name`,`na_ad_actor`,`na_ad_place`,`na_ad_language`,`na_ad_year`,`na_ad_introduce`,`na_ad_showPath`,`na_ad_videoPath`,`na_ad_time`,`na_ad_uname`,`na_ad_adtype`) VALUES ('惊恐','gesdg','asgseg','sdgsdg','中国','英语','2015','sadgsdgsdgsdg','Public/admin/uploads/videoPic/2016-12-12/584e940c1e9d8.png','Public/admin/uploads/video/2016-12-12/584e9400525f8.mp4','2016-12-12 20:12:07','admin','视频') [ RunTime:0.1220s ]

[ 2016-12-12T20:12:08+08:00 ] 127.0.0.1 /newmeigui/index.php/Admin/list/video
INFO: [ app_init ] --START--
INFO: Run Behavior\BuildLiteBehavior [ RunTime:0.000000s ]
INFO: [ app_init ] --END-- [ RunTime:0.001000s ]
INFO: [ app_begin ] --START--
INFO: Run Behavior\ReadHtmlCacheBehavior [ RunTime:0.000000s ]
INFO: [ app_begin ] --END-- [ RunTime:0.000000s ]
SQL: SHOW COLUMNS FROM `na_ad` [ RunTime:0.0010s ]
SQL: SHOW COLUMNS FROM `na_ad` [ RunTime:0.0010s ]
SQL: SELECT COUNT(*) AS tp_count FROM `na_ad` WHERE `na_ad_name` LIKE '%%' AND `na_ad_adtype` = '视频' LIMIT 1   [ RunTime:0.0000s ]
SQL: SELECT `na_ad_id`,`na_ad_name`,`na_ad_type`,`na_ad_time`,`na_ad_place`,`na_ad_actor`,`na_ad_introduce`,`na_ad_count`,`na_ad_videoPath`,`na_ad_uname`,`na_ad_language`,`na_ad_daoyan`,`na_ad_year` FROM `na_ad` WHERE `na_ad_name` LIKE '%%' AND `na_ad_adtype` = '视频' ORDER BY `na_ad_time` desc LIMIT 0,9   [ RunTime:0.0010s ]
NOTIC: [8] Use of undefined constant videoManage - assumed 'videoManage' E:\phpworkspaces\newmeigui\Application\Admin\Controller\ListController.class.php 第 31 行.
INFO: [ view_parse ] --START--
INFO: [ template_filter ] --START--
INFO: Run Behavior\ContentReplaceBehavior [ RunTime:0.000000s ]
INFO: [ template_filter ] --END-- [ RunTime:0.000000s ]
INFO: Run Behavior\ParseTemplateBehavior [ RunTime:0.005000s ]
INFO: [ view_parse ] --END-- [ RunTime:0.005000s ]
INFO: [ view_filter ] --START--
INFO: Run Behavior\WriteHtmlCacheBehavior [ RunTime:0.000000s ]
INFO: [ view_filter ] --END-- [ RunTime:0.000000s ]
INFO: [ app_end ] --START--
INFO: Run Behavior\ShowPageTraceBehavior [ RunTime:0.001000s ]
INFO: [ app_end ] --END-- [ RunTime:0.001000s ]

[ 2016-12-12T20:12:38+08:00 ] 127.0.0.1 /newmeigui/index.php/Admin/list/video
INFO: [ app_init ] --START--
INFO: Run Behavior\BuildLiteBehavior [ RunTime:0.000000s ]
INFO: [ app_init ] --END-- [ RunTime:0.001000s ]
INFO: [ app_begin ] --START--
INFO: Run Behavior\ReadHtmlCacheBehavior [ RunTime:0.000000s ]
INFO: [ app_begin ] --END-- [ RunTime:0.000000s ]
SQL: SHOW COLUMNS FROM `na_ad` [ RunTime:0.0010s ]
SQL: SHOW COLUMNS FROM `na_ad` [ RunTime:0.0010s ]
SQL: SELECT COUNT(*) AS tp_count FROM `na_ad` WHERE `na_ad_name` LIKE '%%' AND `na_ad_adtype` = '视频' LIMIT 1   [ RunTime:0.0000s ]
SQL: SELECT `na_ad_id`,`na_ad_name`,`na_ad_type`,`na_ad_time`,`na_ad_place`,`na_ad_actor`,`na_ad_introduce`,`na_ad_count`,`na_ad_videoPath`,`na_ad_uname`,`na_ad_language`,`na_ad_daoyan`,`na_ad_year` FROM `na_ad` WHERE `na_ad_name` LIKE '%%' AND `na_ad_adtype` = '视频' ORDER BY `na_ad_time` desc LIMIT 0,9   [ RunTime:0.0010s ]
NOTIC: [8] Use of undefined constant videoManage - assumed 'videoManage' E:\phpworkspaces\newmeigui\Application\Admin\Controller\ListController.class.php 第 31 行.
INFO: [ view_parse ] --START--
INFO: [ template_filter ] --START--
INFO: Run Behavior\ContentReplaceBehavior [ RunTime:0.000000s ]
INFO: [ template_filter ] --END-- [ RunTime:0.000000s ]
INFO: Run Behavior\ParseTemplateBehavior [ RunTime:0.006000s ]
INFO: [ view_parse ] --END-- [ RunTime:0.006000s ]
INFO: [ view_filter ] --START--
INFO: Run Behavior\WriteHtmlCacheBehavior [ RunTime:0.000000s ]
INFO: [ view_filter ] --END-- [ RunTime:0.000000s ]
INFO: [ app_end ] --START--
INFO: Run Behavior\ShowPageTraceBehavior [ RunTime:0.001000s ]
INFO: [ app_end ] --END-- [ RunTime:0.001000s ]

[ 2016-12-12T20:12:40+08:00 ] 127.0.0.1 /newmeigui/index.php/Admin/list/deleteV/id/154
INFO: [ app_init ] --START--
INFO: Run Behavior\BuildLiteBehavior [ RunTime:0.000000s ]
INFO: [ app_init ] --END-- [ RunTime:0.001000s ]
INFO: [ app_begin ] --START--
INFO: Run Behavior\ReadHtmlCacheBehavior [ RunTime:0.001000s ]
INFO: [ app_begin ] --END-- [ RunTime:0.001000s ]
SQL: SHOW COLUMNS FROM `na_ad` [ RunTime:0.0010s ]
SQL: SHOW COLUMNS FROM `na_ad` [ RunTime:0.0010s ]
SQL: DELETE FROM `na_ad` WHERE `na_ad_id` = 154 [ RunTime:0.1340s ]

[ 2016-12-12T20:12:41+08:00 ] 127.0.0.1 /newmeigui/index.php/Admin/list/video
INFO: [ app_init ] --START--
INFO: Run Behavior\BuildLiteBehavior [ RunTime:0.000000s ]
INFO: [ app_init ] --END-- [ RunTime:0.000000s ]
INFO: [ app_begin ] --START--
INFO: Run Behavior\ReadHtmlCacheBehavior [ RunTime:0.000000s ]
INFO: [ app_begin ] --END-- [ RunTime:0.000000s ]
SQL: SHOW COLUMNS FROM `na_ad` [ RunTime:0.0010s ]
SQL: SHOW COLUMNS FROM `na_ad` [ RunTime:0.0010s ]
SQL: SELECT COUNT(*) AS tp_count FROM `na_ad` WHERE `na_ad_name` LIKE '%%' AND `na_ad_adtype` = '视频' LIMIT 1   [ RunTime:0.0000s ]
SQL: SELECT `na_ad_id`,`na_ad_name`,`na_ad_type`,`na_ad_time`,`na_ad_place`,`na_ad_actor`,`na_ad_introduce`,`na_ad_count`,`na_ad_videoPath`,`na_ad_uname`,`na_ad_language`,`na_ad_daoyan`,`na_ad_year` FROM `na_ad` WHERE `na_ad_name` LIKE '%%' AND `na_ad_adtype` = '视频' ORDER BY `na_ad_time` desc LIMIT 0,9   [ RunTime:0.0010s ]
NOTIC: [8] Use of undefined constant videoManage - assumed 'videoManage' E:\phpworkspaces\newmeigui\Application\Admin\Controller\ListController.class.php 第 31 行.
INFO: [ view_parse ] --START--
INFO: [ template_filter ] --START--
INFO: Run Behavior\ContentReplaceBehavior [ RunTime:0.000000s ]
INFO: [ template_filter ] --END-- [ RunTime:0.000000s ]
INFO: Run Behavior\ParseTemplateBehavior [ RunTime:0.005000s ]
INFO: [ view_parse ] --END-- [ RunTime:0.005000s ]
INFO: [ view_filter ] --START--
INFO: Run Behavior\WriteHtmlCacheBehavior [ RunTime:0.000000s ]
INFO: [ view_filter ] --END-- [ RunTime:0.000000s ]
INFO: [ app_end ] --START--
INFO: Run Behavior\ShowPageTraceBehavior [ RunTime:0.001000s ]
INFO: [ app_end ] --END-- [ RunTime:0.001000s ]

