[ 2018-03-01T10:01:37+08:00 ] 127.0.0.1 /newmeigui/admin
INFO: [ app_init ] --START--
INFO: Run Behavior\BuildLiteBehavior [ RunTime:0.000025s ]
INFO: [ app_init ] --END-- [ RunTime:0.000180s ]
INFO: [ app_begin ] --START--
INFO: Run Behavior\ReadHtmlCacheBehavior [ RunTime:0.000605s ]
INFO: [ app_begin ] --END-- [ RunTime:0.000738s ]
NOTIC: [2048] Declaration of Admin\Controller\IndexController::error() should be compatible with Think\Controller::error($message = '', $jumpUrl = '', $ajax = false) D:\phpworkspaces\newmeigui\Application\Admin\Controller\IndexController.class.php 第 31 行.

[ 2018-03-01T10:01:39+08:00 ] 127.0.0.1 /newmeigui/index.php/Admin/login/index
INFO: [ app_init ] --START--
INFO: Run Behavior\BuildLiteBehavior [ RunTime:0.000025s ]
INFO: [ app_init ] --END-- [ RunTime:0.000150s ]
INFO: [ app_begin ] --START--
INFO: Run Behavior\ReadHtmlCacheBehavior [ RunTime:0.000548s ]
INFO: [ app_begin ] --END-- [ RunTime:0.000682s ]
NOTIC: [8] Use of undefined constant login - assumed 'login' D:\phpworkspaces\newmeigui\Application\Admin\Controller\LoginController.class.php 第 12 行.
INFO: [ view_parse ] --START--
INFO: [ template_filter ] --START--
INFO: Run Behavior\ContentReplaceBehavior [ RunTime:0.000072s ]
INFO: [ template_filter ] --END-- [ RunTime:0.000200s ]
INFO: Run Behavior\ParseTemplateBehavior [ RunTime:0.044008s ]
INFO: [ view_parse ] --END-- [ RunTime:0.044243s ]
INFO: [ view_filter ] --START--
INFO: Run Behavior\WriteHtmlCacheBehavior [ RunTime:0.000408s ]
INFO: [ view_filter ] --END-- [ RunTime:0.000567s ]
INFO: [ app_end ] --START--
INFO: Run Behavior\ShowPageTraceBehavior [ RunTime:0.000614s ]
INFO: [ app_end ] --END-- [ RunTime:0.000801s ]

[ 2018-03-01T10:06:08+08:00 ] 127.0.0.1 /newmeigui/index.php/Admin/u
INFO: [ app_init ] --START--
INFO: Run Behavior\BuildLiteBehavior [ RunTime:0.000026s ]
INFO: [ app_init ] --END-- [ RunTime:0.000158s ]
INFO: [ app_begin ] --START--
INFO: Run Behavior\ReadHtmlCacheBehavior [ RunTime:0.001459s ]
INFO: [ app_begin ] --END-- [ RunTime:0.001673s ]
SQL: SHOW COLUMNS FROM `na_admin` [ RunTime:0.0440s ]
SQL: SHOW COLUMNS FROM `na_admin` [ RunTime:0.0058s ]
SQL: SELECT * FROM `na_admin` WHERE `na_admin_loginName` = 'admin' LIMIT 1   [ RunTime:0.0004s ]

[ 2018-03-01T10:06:10+08:00 ] 127.0.0.1 /newmeigui/index.php/Admin/login/index
INFO: [ app_init ] --START--
INFO: Run Behavior\BuildLiteBehavior [ RunTime:0.000024s ]
INFO: [ app_init ] --END-- [ RunTime:0.000147s ]
INFO: [ app_begin ] --START--
INFO: Run Behavior\ReadHtmlCacheBehavior [ RunTime:0.000531s ]
INFO: [ app_begin ] --END-- [ RunTime:0.000659s ]
NOTIC: [8] Use of undefined constant login - assumed 'login' D:\phpworkspaces\newmeigui\Application\Admin\Controller\LoginController.class.php 第 12 行.
INFO: [ view_parse ] --START--
INFO: [ template_filter ] --START--
INFO: Run Behavior\ContentReplaceBehavior [ RunTime:0.000102s ]
INFO: [ template_filter ] --END-- [ RunTime:0.000233s ]
INFO: Run Behavior\ParseTemplateBehavior [ RunTime:0.018000s ]
INFO: [ view_parse ] --END-- [ RunTime:0.018178s ]
INFO: [ view_filter ] --START--
INFO: Run Behavior\WriteHtmlCacheBehavior [ RunTime:0.000675s ]
INFO: [ view_filter ] --END-- [ RunTime:0.000886s ]
INFO: [ app_end ] --START--
INFO: Run Behavior\ShowPageTraceBehavior [ RunTime:0.001063s ]
INFO: [ app_end ] --END-- [ RunTime:0.001299s ]

[ 2018-03-01T10:06:54+08:00 ] 127.0.0.1 /newmeigui/index.php/Admin/u
INFO: [ app_init ] --START--
INFO: Run Behavior\BuildLiteBehavior [ RunTime:0.000027s ]
INFO: [ app_init ] --END-- [ RunTime:0.000162s ]
INFO: [ app_begin ] --START--
INFO: Run Behavior\ReadHtmlCacheBehavior [ RunTime:0.000960s ]
INFO: [ app_begin ] --END-- [ RunTime:0.001202s ]
SQL: SHOW COLUMNS FROM `na_admin` [ RunTime:0.0151s ]
SQL: SHOW COLUMNS FROM `na_admin` [ RunTime:0.0064s ]
SQL: SELECT * FROM `na_admin` WHERE `na_admin_loginName` = 'admin' LIMIT 1   [ RunTime:0.0004s ]

[ 2018-03-01T10:06:57+08:00 ] 127.0.0.1 /newmeigui/index.php/Admin/index
INFO: [ app_init ] --START--
INFO: Run Behavior\BuildLiteBehavior [ RunTime:0.000042s ]
INFO: [ app_init ] --END-- [ RunTime:0.000251s ]
INFO: [ app_begin ] --START--
INFO: Run Behavior\ReadHtmlCacheBehavior [ RunTime:0.000865s ]
INFO: [ app_begin ] --END-- [ RunTime:0.001103s ]
NOTIC: [2048] Declaration of Admin\Controller\IndexController::error() should be compatible with Think\Controller::error($message = '', $jumpUrl = '', $ajax = false) D:\phpworkspaces\newmeigui\Application\Admin\Controller\IndexController.class.php 第 31 行.
INFO: [ view_parse ] --START--
INFO: [ template_filter ] --START--
INFO: Run Behavior\ContentReplaceBehavior [ RunTime:0.000092s ]
INFO: [ template_filter ] --END-- [ RunTime:0.000213s ]
INFO: Run Behavior\ParseTemplateBehavior [ RunTime:0.049906s ]
INFO: [ view_parse ] --END-- [ RunTime:0.050064s ]
INFO: [ view_filter ] --START--
INFO: Run Behavior\WriteHtmlCacheBehavior [ RunTime:0.000469s ]
INFO: [ view_filter ] --END-- [ RunTime:0.000593s ]
INFO: [ app_end ] --START--
INFO: Run Behavior\ShowPageTraceBehavior [ RunTime:0.000661s ]
INFO: [ app_end ] --END-- [ RunTime:0.000812s ]

[ 2018-03-01T10:07:05+08:00 ] 127.0.0.1 /newmeigui/index.php/Admin/admin
INFO: [ app_init ] --START--
INFO: Run Behavior\BuildLiteBehavior [ RunTime:0.000049s ]
INFO: [ app_init ] --END-- [ RunTime:0.000302s ]
INFO: [ app_begin ] --START--
INFO: Run Behavior\ReadHtmlCacheBehavior [ RunTime:0.000828s ]
INFO: [ app_begin ] --END-- [ RunTime:0.000998s ]
SQL: SHOW COLUMNS FROM `na_admin` [ RunTime:0.0174s ]
SQL: SHOW COLUMNS FROM `na_admin` [ RunTime:0.0061s ]
SQL: SELECT * FROM `na_admin` WHERE `na_admin_name` <> 'admin' ORDER BY `na_admin_state`  [ RunTime:0.0004s ]
NOTIC: [8] Use of undefined constant adminList - assumed 'adminList' D:\phpworkspaces\newmeigui\Application\Admin\Controller\AdminController.class.php 第 26 行.
INFO: [ view_parse ] --START--
INFO: [ template_filter ] --START--
INFO: Run Behavior\ContentReplaceBehavior [ RunTime:0.000110s ]
INFO: [ template_filter ] --END-- [ RunTime:0.000360s ]
INFO: Run Behavior\ParseTemplateBehavior [ RunTime:0.061099s ]
INFO: [ view_parse ] --END-- [ RunTime:0.061350s ]
INFO: [ view_filter ] --START--
INFO: Run Behavior\WriteHtmlCacheBehavior [ RunTime:0.000421s ]
INFO: [ view_filter ] --END-- [ RunTime:0.000549s ]
INFO: [ app_end ] --START--
INFO: Run Behavior\ShowPageTraceBehavior [ RunTime:0.000680s ]
INFO: [ app_end ] --END-- [ RunTime:0.000812s ]

[ 2018-03-01T10:07:14+08:00 ] 127.0.0.1 /newmeigui/index.php/Admin/comment
INFO: [ app_init ] --START--
INFO: Run Behavior\BuildLiteBehavior [ RunTime:0.000036s ]
INFO: [ app_init ] --END-- [ RunTime:0.000200s ]
INFO: [ app_begin ] --START--
INFO: Run Behavior\ReadHtmlCacheBehavior [ RunTime:0.001050s ]
INFO: [ app_begin ] --END-- [ RunTime:0.001337s ]
SQL: SHOW COLUMNS FROM `na_comment` [ RunTime:0.0203s ]
SQL: SHOW COLUMNS FROM `na_comment` [ RunTime:0.0079s ]
SQL: SHOW COLUMNS FROM `na_comment` [ RunTime:0.0079s ]
SQL: SELECT COUNT(a.na_comment_id) AS tp_count FROM na_comment a,na_user b WHERE ( a.na_comment_userId=b.na_user_id ) AND a.na_comment_type = '评论' LIMIT 1   [ RunTime:0.0018s ]
SQL: SHOW COLUMNS FROM `na_comment` [ RunTime:0.0057s ]
SQL: SELECT a.*,b.na_user_name,b.na_user_loginName FROM na_comment a,na_user b WHERE ( a.na_comment_userId=b.na_user_id ) AND a.na_comment_type = '评论' ORDER BY a.na_comment_time desc LIMIT 0,10   [ RunTime:0.0434s ]
NOTIC: [8] Use of undefined constant commentList - assumed 'commentList' D:\phpworkspaces\newmeigui\Application\Admin\Controller\CommentController.class.php 第 22 行.
INFO: [ view_parse ] --START--
INFO: [ template_filter ] --START--
INFO: Run Behavior\ContentReplaceBehavior [ RunTime:0.000081s ]
INFO: [ template_filter ] --END-- [ RunTime:0.000203s ]
INFO: Run Behavior\ParseTemplateBehavior [ RunTime:0.075486s ]
INFO: [ view_parse ] --END-- [ RunTime:0.075708s ]
INFO: [ view_filter ] --START--
INFO: Run Behavior\WriteHtmlCacheBehavior [ RunTime:0.000503s ]
INFO: [ view_filter ] --END-- [ RunTime:0.000693s ]
INFO: [ app_end ] --START--
INFO: Run Behavior\ShowPageTraceBehavior [ RunTime:0.000765s ]
INFO: [ app_end ] --END-- [ RunTime:0.000911s ]

[ 2018-03-01T10:07:30+08:00 ] 127.0.0.1 /newmeigui/index.php/Admin/list/video
INFO: [ app_init ] --START--
INFO: Run Behavior\BuildLiteBehavior [ RunTime:0.000026s ]
INFO: [ app_init ] --END-- [ RunTime:0.000176s ]
INFO: [ app_begin ] --START--
INFO: Run Behavior\ReadHtmlCacheBehavior [ RunTime:0.000773s ]
INFO: [ app_begin ] --END-- [ RunTime:0.000971s ]
SQL: SHOW COLUMNS FROM `na_ad` [ RunTime:0.0153s ]
SQL: SHOW COLUMNS FROM `na_ad` [ RunTime:0.0077s ]
SQL: SELECT COUNT(*) AS tp_count FROM `na_ad` WHERE `na_ad_name` LIKE '%%' AND `na_ad_adtype` = '视频' LIMIT 1   [ RunTime:0.0005s ]
SQL: SELECT `na_ad_id`,`na_ad_name`,`na_ad_type`,`na_ad_time`,`na_ad_place`,`na_ad_actor`,`na_ad_introduce`,`na_ad_count`,`na_ad_videoPath`,`na_ad_uname`,`na_ad_language`,`na_ad_daoyan`,`na_ad_year` FROM `na_ad` WHERE `na_ad_name` LIKE '%%' AND `na_ad_adtype` = '视频' ORDER BY `na_ad_time` desc LIMIT 0,9   [ RunTime:0.0005s ]
NOTIC: [8] Use of undefined constant videoManage - assumed 'videoManage' D:\phpworkspaces\newmeigui\Application\Admin\Controller\ListController.class.php 第 31 行.
INFO: [ view_parse ] --START--
INFO: [ template_filter ] --START--
INFO: Run Behavior\ContentReplaceBehavior [ RunTime:0.000093s ]
INFO: [ template_filter ] --END-- [ RunTime:0.000213s ]
INFO: Run Behavior\ParseTemplateBehavior [ RunTime:0.047861s ]
INFO: [ view_parse ] --END-- [ RunTime:0.048082s ]
INFO: [ view_filter ] --START--
INFO: Run Behavior\WriteHtmlCacheBehavior [ RunTime:0.000588s ]
INFO: [ view_filter ] --END-- [ RunTime:0.000828s ]
INFO: [ app_end ] --START--
INFO: Run Behavior\ShowPageTraceBehavior [ RunTime:0.001088s ]
INFO: [ app_end ] --END-- [ RunTime:0.001449s ]

[ 2018-03-01T10:07:34+08:00 ] 127.0.0.1 /newmeigui/index.php/Admin/list
INFO: [ app_init ] --START--
INFO: Run Behavior\BuildLiteBehavior [ RunTime:0.000040s ]
INFO: [ app_init ] --END-- [ RunTime:0.000265s ]
INFO: [ app_begin ] --START--
INFO: Run Behavior\ReadHtmlCacheBehavior [ RunTime:0.000699s ]
INFO: [ app_begin ] --END-- [ RunTime:0.000850s ]
SQL: SHOW COLUMNS FROM `na_ad` [ RunTime:0.0367s ]
SQL: SHOW COLUMNS FROM `na_ad` [ RunTime:0.0063s ]
SQL: SELECT COUNT(*) AS tp_count FROM `na_ad` WHERE `na_ad_name` LIKE '%%' AND `na_ad_adtype` = '图文' LIMIT 1   [ RunTime:0.0004s ]
SQL: SELECT `na_ad_id`,`na_ad_name`,`na_ad_type`,`na_ad_count`,`na_ad_uname`,`na_ad_time` FROM `na_ad` WHERE `na_ad_name` LIKE '%%' AND `na_ad_adtype` = '图文' ORDER BY `na_ad_time` desc LIMIT 0,9   [ RunTime:0.0008s ]
NOTIC: [8] Use of undefined constant ptManage - assumed 'ptManage' D:\phpworkspaces\newmeigui\Application\Admin\Controller\ListController.class.php 第 22 行.
INFO: [ view_parse ] --START--
INFO: [ template_filter ] --START--
INFO: Run Behavior\ContentReplaceBehavior [ RunTime:0.000082s ]
INFO: [ template_filter ] --END-- [ RunTime:0.000204s ]
INFO: Run Behavior\ParseTemplateBehavior [ RunTime:0.125502s ]
INFO: [ view_parse ] --END-- [ RunTime:0.125698s ]
INFO: [ view_filter ] --START--
INFO: Run Behavior\WriteHtmlCacheBehavior [ RunTime:0.000367s ]
INFO: [ view_filter ] --END-- [ RunTime:0.000484s ]
INFO: [ app_end ] --START--
INFO: Run Behavior\ShowPageTraceBehavior [ RunTime:0.000583s ]
INFO: [ app_end ] --END-- [ RunTime:0.000696s ]

[ 2018-03-01T10:07:35+08:00 ] 127.0.0.1 /newmeigui/index.php/Admin/__PUBLIC_/admin/Js/bootstrap.js
INFO: [ app_init ] --START--
INFO: Run Behavior\BuildLiteBehavior [ RunTime:0.000046s ]
INFO: [ app_init ] --END-- [ RunTime:0.000279s ]
INFO: [ app_begin ] --START--
INFO: Run Behavior\ReadHtmlCacheBehavior [ RunTime:0.000950s ]
INFO: [ app_begin ] --END-- [ RunTime:0.001192s ]
ERR: 非法操作:admin
NOTIC: [2] Cannot modify header information - headers already sent by (output started at D:\phpworkspaces\newmeigui\ThinkPHP\Common\functions.php:110) D:\phpworkspaces\newmeigui\ThinkPHP\Library\Think\Think.class.php 第 255 行.
NOTIC: [2] Cannot modify header information - headers already sent by (output started at D:\phpworkspaces\newmeigui\ThinkPHP\Common\functions.php:110) D:\phpworkspaces\newmeigui\ThinkPHP\Library\Think\Think.class.php 第 256 行.

[ 2018-03-01T10:07:35+08:00 ] 127.0.0.1 /newmeigui/index.php/Admin/__PUBLIC_/admin/Js/jquery2.js
INFO: [ app_init ] --START--
INFO: Run Behavior\BuildLiteBehavior [ RunTime:0.000042s ]
INFO: [ app_init ] --END-- [ RunTime:0.000264s ]
INFO: [ app_begin ] --START--
INFO: Run Behavior\ReadHtmlCacheBehavior [ RunTime:0.000954s ]
INFO: [ app_begin ] --END-- [ RunTime:0.001167s ]
ERR: 非法操作:admin
NOTIC: [2] Cannot modify header information - headers already sent by (output started at D:\phpworkspaces\newmeigui\ThinkPHP\Common\functions.php:110) D:\phpworkspaces\newmeigui\ThinkPHP\Library\Think\Think.class.php 第 255 行.
NOTIC: [2] Cannot modify header information - headers already sent by (output started at D:\phpworkspaces\newmeigui\ThinkPHP\Common\functions.php:110) D:\phpworkspaces\newmeigui\ThinkPHP\Library\Think\Think.class.php 第 256 行.

[ 2018-03-01T10:07:35+08:00 ] 127.0.0.1 /newmeigui/index.php/Admin/__PUBLIC_/admin/Js/jquery2.sorted.js
INFO: [ app_init ] --START--
INFO: Run Behavior\BuildLiteBehavior [ RunTime:0.000044s ]
INFO: [ app_init ] --END-- [ RunTime:0.000268s ]
INFO: [ app_begin ] --START--
INFO: Run Behavior\ReadHtmlCacheBehavior [ RunTime:0.000815s ]
INFO: [ app_begin ] --END-- [ RunTime:0.001022s ]
ERR: 非法操作:admin
NOTIC: [2] Cannot modify header information - headers already sent by (output started at D:\phpworkspaces\newmeigui\ThinkPHP\Common\functions.php:110) D:\phpworkspaces\newmeigui\ThinkPHP\Library\Think\Think.class.php 第 255 行.
NOTIC: [2] Cannot modify header information - headers already sent by (output started at D:\phpworkspaces\newmeigui\ThinkPHP\Common\functions.php:110) D:\phpworkspaces\newmeigui\ThinkPHP\Library\Think\Think.class.php 第 256 行.

[ 2018-03-01T10:07:35+08:00 ] 127.0.0.1 /newmeigui/index.php/Admin/__PUBLIC_/admin/Js/ckform.js
INFO: [ app_init ] --START--
INFO: Run Behavior\BuildLiteBehavior [ RunTime:0.000046s ]
INFO: [ app_init ] --END-- [ RunTime:0.000278s ]
INFO: [ app_begin ] --START--
INFO: Run Behavior\ReadHtmlCacheBehavior [ RunTime:0.001036s ]
INFO: [ app_begin ] --END-- [ RunTime:0.001259s ]
ERR: 非法操作:admin
NOTIC: [2] Cannot modify header information - headers already sent by (output started at D:\phpworkspaces\newmeigui\ThinkPHP\Common\functions.php:110) D:\phpworkspaces\newmeigui\ThinkPHP\Library\Think\Think.class.php 第 255 行.
NOTIC: [2] Cannot modify header information - headers already sent by (output started at D:\phpworkspaces\newmeigui\ThinkPHP\Common\functions.php:110) D:\phpworkspaces\newmeigui\ThinkPHP\Library\Think\Think.class.php 第 256 行.

[ 2018-03-01T10:07:35+08:00 ] 127.0.0.1 /newmeigui/index.php/Admin/__PUBLIC_/admin/Js/common.js
INFO: [ app_init ] --START--
INFO: Run Behavior\BuildLiteBehavior [ RunTime:0.000027s ]
INFO: [ app_init ] --END-- [ RunTime:0.000173s ]
INFO: [ app_begin ] --START--
INFO: Run Behavior\ReadHtmlCacheBehavior [ RunTime:0.001259s ]
INFO: [ app_begin ] --END-- [ RunTime:0.001467s ]
ERR: 非法操作:admin
NOTIC: [2] Cannot modify header information - headers already sent by (output started at D:\phpworkspaces\newmeigui\ThinkPHP\Common\functions.php:110) D:\phpworkspaces\newmeigui\ThinkPHP\Library\Think\Think.class.php 第 255 行.
NOTIC: [2] Cannot modify header information - headers already sent by (output started at D:\phpworkspaces\newmeigui\ThinkPHP\Common\functions.php:110) D:\phpworkspaces\newmeigui\ThinkPHP\Library\Think\Think.class.php 第 256 行.

[ 2018-03-01T10:07:38+08:00 ] 127.0.0.1 /newmeigui/index.php/Admin/List/index/p/2.html
INFO: [ app_init ] --START--
INFO: Run Behavior\BuildLiteBehavior [ RunTime:0.000027s ]
INFO: [ app_init ] --END-- [ RunTime:0.000163s ]
INFO: [ app_begin ] --START--
INFO: Run Behavior\ReadHtmlCacheBehavior [ RunTime:0.000550s ]
INFO: [ app_begin ] --END-- [ RunTime:0.000681s ]
SQL: SHOW COLUMNS FROM `na_ad` [ RunTime:0.0121s ]
SQL: SHOW COLUMNS FROM `na_ad` [ RunTime:0.0062s ]
SQL: SELECT COUNT(*) AS tp_count FROM `na_ad` WHERE `na_ad_name` LIKE '%%' AND `na_ad_adtype` = '图文' LIMIT 1   [ RunTime:0.0004s ]
SQL: SELECT `na_ad_id`,`na_ad_name`,`na_ad_type`,`na_ad_count`,`na_ad_uname`,`na_ad_time` FROM `na_ad` WHERE `na_ad_name` LIKE '%%' AND `na_ad_adtype` = '图文' ORDER BY `na_ad_time` desc LIMIT 9,9   [ RunTime:0.0007s ]
NOTIC: [8] Use of undefined constant ptManage - assumed 'ptManage' D:\phpworkspaces\newmeigui\Application\Admin\Controller\ListController.class.php 第 22 行.
INFO: [ view_parse ] --START--
INFO: [ template_filter ] --START--
INFO: Run Behavior\ContentReplaceBehavior [ RunTime:0.000077s ]
INFO: [ template_filter ] --END-- [ RunTime:0.000195s ]
INFO: Run Behavior\ParseTemplateBehavior [ RunTime:0.011193s ]
INFO: [ view_parse ] --END-- [ RunTime:0.011365s ]
INFO: [ view_filter ] --START--
INFO: Run Behavior\WriteHtmlCacheBehavior [ RunTime:0.000425s ]
INFO: [ view_filter ] --END-- [ RunTime:0.000546s ]
INFO: [ app_end ] --START--
INFO: Run Behavior\ShowPageTraceBehavior [ RunTime:0.001365s ]
INFO: [ app_end ] --END-- [ RunTime:0.001611s ]

[ 2018-03-01T10:07:39+08:00 ] 127.0.0.1 /newmeigui/index.php/Admin/List/index/p/__PUBLIC_/admin/Js/common.js
INFO: [ app_init ] --START--
INFO: Run Behavior\BuildLiteBehavior [ RunTime:0.000044s ]
INFO: [ app_init ] --END-- [ RunTime:0.000269s ]
INFO: [ app_begin ] --START--
INFO: Run Behavior\ReadHtmlCacheBehavior [ RunTime:0.000826s ]
INFO: [ app_begin ] --END-- [ RunTime:0.001184s ]
SQL: SHOW COLUMNS FROM `na_ad` [ RunTime:0.0069s ]
SQL: SHOW COLUMNS FROM `na_ad` [ RunTime:0.0082s ]
SQL: SELECT COUNT(*) AS tp_count FROM `na_ad` WHERE `na_ad_name` LIKE '%%' AND `na_ad_adtype` = '图文' LIMIT 1   [ RunTime:0.0005s ]
SQL: SELECT `na_ad_id`,`na_ad_name`,`na_ad_type`,`na_ad_count`,`na_ad_uname`,`na_ad_time` FROM `na_ad` WHERE `na_ad_name` LIKE '%%' AND `na_ad_adtype` = '图文' ORDER BY `na_ad_time` desc LIMIT 0,9   [ RunTime:0.0006s ]
NOTIC: [8] Use of undefined constant ptManage - assumed 'ptManage' D:\phpworkspaces\newmeigui\Application\Admin\Controller\ListController.class.php 第 22 行.
INFO: [ view_parse ] --START--
INFO: [ template_filter ] --START--
INFO: Run Behavior\ContentReplaceBehavior [ RunTime:0.000088s ]
INFO: [ template_filter ] --END-- [ RunTime:0.000222s ]
INFO: Run Behavior\ParseTemplateBehavior [ RunTime:0.015130s ]
INFO: [ view_parse ] --END-- [ RunTime:0.015330s ]
INFO: [ view_filter ] --START--
INFO: Run Behavior\WriteHtmlCacheBehavior [ RunTime:0.000370s ]
INFO: [ view_filter ] --END-- [ RunTime:0.000489s ]
INFO: [ app_end ] --START--
INFO: Run Behavior\ShowPageTraceBehavior [ RunTime:0.000712s ]
INFO: [ app_end ] --END-- [ RunTime:0.000833s ]

[ 2018-03-01T10:07:39+08:00 ] 127.0.0.1 /newmeigui/index.php/Admin/List/index/p/__PUBLIC_/admin/Js/jquery2.js
INFO: [ app_init ] --START--
INFO: Run Behavior\BuildLiteBehavior [ RunTime:0.000341s ]
INFO: [ app_init ] --END-- [ RunTime:0.000589s ]
INFO: [ app_begin ] --START--
INFO: Run Behavior\ReadHtmlCacheBehavior [ RunTime:0.001015s ]
INFO: [ app_begin ] --END-- [ RunTime:0.001228s ]
SQL: SHOW COLUMNS FROM `na_ad` [ RunTime:0.0112s ]
SQL: SHOW COLUMNS FROM `na_ad` [ RunTime:0.0115s ]
SQL: SELECT COUNT(*) AS tp_count FROM `na_ad` WHERE `na_ad_name` LIKE '%%' AND `na_ad_adtype` = '图文' LIMIT 1   [ RunTime:0.0007s ]
SQL: SELECT `na_ad_id`,`na_ad_name`,`na_ad_type`,`na_ad_count`,`na_ad_uname`,`na_ad_time` FROM `na_ad` WHERE `na_ad_name` LIKE '%%' AND `na_ad_adtype` = '图文' ORDER BY `na_ad_time` desc LIMIT 0,9   [ RunTime:0.0005s ]
NOTIC: [8] Use of undefined constant ptManage - assumed 'ptManage' D:\phpworkspaces\newmeigui\Application\Admin\Controller\ListController.class.php 第 22 行.
INFO: [ view_parse ] --START--
INFO: [ template_filter ] --START--
INFO: Run Behavior\ContentReplaceBehavior [ RunTime:0.000090s ]
INFO: [ template_filter ] --END-- [ RunTime:0.000224s ]
INFO: Run Behavior\ParseTemplateBehavior [ RunTime:0.017007s ]
INFO: [ view_parse ] --END-- [ RunTime:0.017154s ]
INFO: [ view_filter ] --START--
INFO: Run Behavior\WriteHtmlCacheBehavior [ RunTime:0.000412s ]
INFO: [ view_filter ] --END-- [ RunTime:0.000524s ]
INFO: [ app_end ] --START--
INFO: Run Behavior\ShowPageTraceBehavior [ RunTime:0.000690s ]
INFO: [ app_end ] --END-- [ RunTime:0.000812s ]

[ 2018-03-01T10:07:40+08:00 ] 127.0.0.1 /newmeigui/index.php/Admin/List/index/p/__PUBLIC_/admin/Js/jquery2.sorted.js
INFO: [ app_init ] --START--
INFO: Run Behavior\BuildLiteBehavior [ RunTime:0.000037s ]
INFO: [ app_init ] --END-- [ RunTime:0.000243s ]
INFO: [ app_begin ] --START--
INFO: Run Behavior\ReadHtmlCacheBehavior [ RunTime:0.000792s ]
INFO: [ app_begin ] --END-- [ RunTime:0.001011s ]
SQL: SHOW COLUMNS FROM `na_ad` [ RunTime:0.0056s ]
SQL: SHOW COLUMNS FROM `na_ad` [ RunTime:0.0060s ]
SQL: SELECT COUNT(*) AS tp_count FROM `na_ad` WHERE `na_ad_name` LIKE '%%' AND `na_ad_adtype` = '图文' LIMIT 1   [ RunTime:0.0004s ]
SQL: SELECT `na_ad_id`,`na_ad_name`,`na_ad_type`,`na_ad_count`,`na_ad_uname`,`na_ad_time` FROM `na_ad` WHERE `na_ad_name` LIKE '%%' AND `na_ad_adtype` = '图文' ORDER BY `na_ad_time` desc LIMIT 0,9   [ RunTime:0.0005s ]
NOTIC: [8] Use of undefined constant ptManage - assumed 'ptManage' D:\phpworkspaces\newmeigui\Application\Admin\Controller\ListController.class.php 第 22 行.
INFO: [ view_parse ] --START--
INFO: [ template_filter ] --START--
INFO: Run Behavior\ContentReplaceBehavior [ RunTime:0.000083s ]
INFO: [ template_filter ] --END-- [ RunTime:0.000238s ]
INFO: Run Behavior\ParseTemplateBehavior [ RunTime:0.009949s ]
INFO: [ view_parse ] --END-- [ RunTime:0.010087s ]
INFO: [ view_filter ] --START--
INFO: Run Behavior\WriteHtmlCacheBehavior [ RunTime:0.000336s ]
INFO: [ view_filter ] --END-- [ RunTime:0.000444s ]
INFO: [ app_end ] --START--
INFO: Run Behavior\ShowPageTraceBehavior [ RunTime:0.000503s ]
INFO: [ app_end ] --END-- [ RunTime:0.000611s ]

[ 2018-03-01T10:07:40+08:00 ] 127.0.0.1 /newmeigui/index.php/Admin/List/index/p/__PUBLIC_/admin/Js/ckform.js
INFO: [ app_init ] --START--
INFO: Run Behavior\BuildLiteBehavior [ RunTime:0.000045s ]
INFO: [ app_init ] --END-- [ RunTime:0.000279s ]
INFO: [ app_begin ] --START--
INFO: Run Behavior\ReadHtmlCacheBehavior [ RunTime:0.001199s ]
INFO: [ app_begin ] --END-- [ RunTime:0.001543s ]
SQL: SHOW COLUMNS FROM `na_ad` [ RunTime:0.0152s ]
SQL: SHOW COLUMNS FROM `na_ad` [ RunTime:0.0062s ]
SQL: SELECT COUNT(*) AS tp_count FROM `na_ad` WHERE `na_ad_name` LIKE '%%' AND `na_ad_adtype` = '图文' LIMIT 1   [ RunTime:0.0011s ]
SQL: SELECT `na_ad_id`,`na_ad_name`,`na_ad_type`,`na_ad_count`,`na_ad_uname`,`na_ad_time` FROM `na_ad` WHERE `na_ad_name` LIKE '%%' AND `na_ad_adtype` = '图文' ORDER BY `na_ad_time` desc LIMIT 0,9   [ RunTime:0.0004s ]
NOTIC: [8] Use of undefined constant ptManage - assumed 'ptManage' D:\phpworkspaces\newmeigui\Application\Admin\Controller\ListController.class.php 第 22 行.
INFO: [ view_parse ] --START--
INFO: [ template_filter ] --START--
INFO: Run Behavior\ContentReplaceBehavior [ RunTime:0.000079s ]
INFO: [ template_filter ] --END-- [ RunTime:0.000198s ]
INFO: Run Behavior\ParseTemplateBehavior [ RunTime:0.010747s ]
INFO: [ view_parse ] --END-- [ RunTime:0.010931s ]
INFO: [ view_filter ] --START--
INFO: Run Behavior\WriteHtmlCacheBehavior [ RunTime:0.000349s ]
INFO: [ view_filter ] --END-- [ RunTime:0.000455s ]
INFO: [ app_end ] --START--
INFO: Run Behavior\ShowPageTraceBehavior [ RunTime:0.000596s ]
INFO: [ app_end ] --END-- [ RunTime:0.000704s ]

[ 2018-03-01T10:07:40+08:00 ] 127.0.0.1 /newmeigui/index.php/Admin/List/index/p/__PUBLIC_/admin/Js/bootstrap.js
INFO: [ app_init ] --START--
INFO: Run Behavior\BuildLiteBehavior [ RunTime:0.000043s ]
INFO: [ app_init ] --END-- [ RunTime:0.000266s ]
INFO: [ app_begin ] --START--
INFO: Run Behavior\ReadHtmlCacheBehavior [ RunTime:0.001114s ]
INFO: [ app_begin ] --END-- [ RunTime:0.001378s ]
SQL: SHOW COLUMNS FROM `na_ad` [ RunTime:0.0059s ]
SQL: SHOW COLUMNS FROM `na_ad` [ RunTime:0.0081s ]
SQL: SELECT COUNT(*) AS tp_count FROM `na_ad` WHERE `na_ad_name` LIKE '%%' AND `na_ad_adtype` = '图文' LIMIT 1   [ RunTime:0.0004s ]
SQL: SELECT `na_ad_id`,`na_ad_name`,`na_ad_type`,`na_ad_count`,`na_ad_uname`,`na_ad_time` FROM `na_ad` WHERE `na_ad_name` LIKE '%%' AND `na_ad_adtype` = '图文' ORDER BY `na_ad_time` desc LIMIT 0,9   [ RunTime:0.0007s ]
NOTIC: [8] Use of undefined constant ptManage - assumed 'ptManage' D:\phpworkspaces\newmeigui\Application\Admin\Controller\ListController.class.php 第 22 行.
INFO: [ view_parse ] --START--
INFO: [ template_filter ] --START--
INFO: Run Behavior\ContentReplaceBehavior [ RunTime:0.000082s ]
INFO: [ template_filter ] --END-- [ RunTime:0.000206s ]
INFO: Run Behavior\ParseTemplateBehavior [ RunTime:0.014121s ]
INFO: [ view_parse ] --END-- [ RunTime:0.014312s ]
INFO: [ view_filter ] --START--
INFO: Run Behavior\WriteHtmlCacheBehavior [ RunTime:0.000644s ]
INFO: [ view_filter ] --END-- [ RunTime:0.000897s ]
INFO: [ app_end ] --START--
INFO: Run Behavior\ShowPageTraceBehavior [ RunTime:0.002224s ]
INFO: [ app_end ] --END-- [ RunTime:0.002425s ]

[ 2018-03-01T10:07:47+08:00 ] 127.0.0.1 /newmeigui/index.php/Admin/list/editPt/id/139
INFO: [ app_init ] --START--
INFO: Run Behavior\BuildLiteBehavior [ RunTime:0.000042s ]
INFO: [ app_init ] --END-- [ RunTime:0.000254s ]
INFO: [ app_begin ] --START--
INFO: Run Behavior\ReadHtmlCacheBehavior [ RunTime:0.000689s ]
INFO: [ app_begin ] --END-- [ RunTime:0.000817s ]
SQL: SHOW COLUMNS FROM `na_adtype` [ RunTime:0.0185s ]
SQL: SHOW COLUMNS FROM `na_adtype` [ RunTime:0.0075s ]
SQL: SELECT `na_adtype_type` FROM `na_adtype`  [ RunTime:0.0003s ]
SQL: SHOW COLUMNS FROM `na_ad` [ RunTime:0.0182s ]
SQL: SHOW COLUMNS FROM `na_ad` [ RunTime:0.0147s ]
SQL: SELECT * FROM `na_ad` WHERE `na_ad_id` = 139 LIMIT 1   [ RunTime:0.0003s ]
NOTIC: [8] Use of undefined constant editPt - assumed 'editPt' D:\phpworkspaces\newmeigui\Application\Admin\Controller\ListController.class.php 第 64 行.
INFO: [ view_parse ] --START--
INFO: [ template_filter ] --START--
INFO: Run Behavior\ContentReplaceBehavior [ RunTime:0.000146s ]
INFO: [ template_filter ] --END-- [ RunTime:0.000512s ]
INFO: Run Behavior\ParseTemplateBehavior [ RunTime:0.090316s ]
INFO: [ view_parse ] --END-- [ RunTime:0.090444s ]
INFO: [ view_filter ] --START--
INFO: Run Behavior\WriteHtmlCacheBehavior [ RunTime:0.000348s ]
INFO: [ view_filter ] --END-- [ RunTime:0.000456s ]
INFO: [ app_end ] --START--
INFO: Run Behavior\ShowPageTraceBehavior [ RunTime:0.000580s ]
INFO: [ app_end ] --END-- [ RunTime:0.000694s ]

[ 2018-03-01T10:07:58+08:00 ] 127.0.0.1 /newmeigui/index.php/Admin/UploadFiles
INFO: [ app_init ] --START--
INFO: Run Behavior\BuildLiteBehavior [ RunTime:0.000049s ]
INFO: [ app_init ] --END-- [ RunTime:0.000302s ]
INFO: [ app_begin ] --START--
INFO: Run Behavior\ReadHtmlCacheBehavior [ RunTime:0.000831s ]
INFO: [ app_begin ] --END-- [ RunTime:0.001062s ]
SQL: SHOW COLUMNS FROM `na_adtype` [ RunTime:0.0163s ]
SQL: SHOW COLUMNS FROM `na_adtype` [ RunTime:0.0143s ]
SQL: SELECT `na_adtype_type` FROM `na_adtype`  [ RunTime:0.0005s ]
NOTIC: [8] Use of undefined constant ptUpload - assumed 'ptUpload' D:\phpworkspaces\newmeigui\Application\Admin\Controller\UploadFilesController.class.php 第 23 行.
INFO: [ view_parse ] --START--
INFO: [ template_filter ] --START--
INFO: Run Behavior\ContentReplaceBehavior [ RunTime:0.000091s ]
INFO: [ template_filter ] --END-- [ RunTime:0.000213s ]
INFO: Run Behavior\ParseTemplateBehavior [ RunTime:0.049929s ]
INFO: [ view_parse ] --END-- [ RunTime:0.050113s ]
INFO: [ view_filter ] --START--
INFO: Run Behavior\WriteHtmlCacheBehavior [ RunTime:0.000502s ]
INFO: [ view_filter ] --END-- [ RunTime:0.000640s ]
INFO: [ app_end ] --START--
INFO: Run Behavior\ShowPageTraceBehavior [ RunTime:0.000698s ]
INFO: [ app_end ] --END-- [ RunTime:0.000853s ]

[ 2018-03-01T10:08:20+08:00 ] 127.0.0.1 /newmeigui/index.php/Admin/pa
INFO: [ app_init ] --START--
INFO: Run Behavior\BuildLiteBehavior [ RunTime:0.000028s ]
INFO: [ app_init ] --END-- [ RunTime:0.000171s ]
INFO: [ app_begin ] --START--
INFO: Run Behavior\ReadHtmlCacheBehavior [ RunTime:0.000742s ]
INFO: [ app_begin ] --END-- [ RunTime:0.000911s ]
SQL: SHOW COLUMNS FROM `na_picture` [ RunTime:0.0156s ]
SQL: SHOW COLUMNS FROM `na_picture` [ RunTime:0.0116s ]
SQL: SELECT * FROM `na_picture` WHERE `na_picture_type` = '广告'  [ RunTime:0.0007s ]
INFO: [ view_parse ] --START--
INFO: [ template_filter ] --START--
INFO: Run Behavior\ContentReplaceBehavior [ RunTime:0.000108s ]
INFO: [ template_filter ] --END-- [ RunTime:0.000232s ]
INFO: Run Behavior\ParseTemplateBehavior [ RunTime:0.137725s ]
INFO: [ view_parse ] --END-- [ RunTime:0.137969s ]
INFO: [ view_filter ] --START--
INFO: Run Behavior\WriteHtmlCacheBehavior [ RunTime:0.000353s ]
INFO: [ view_filter ] --END-- [ RunTime:0.000461s ]
INFO: [ app_end ] --START--
INFO: Run Behavior\ShowPageTraceBehavior [ RunTime:0.001059s ]
INFO: [ app_end ] --END-- [ RunTime:0.001323s ]

[ 2018-03-01T10:14:05+08:00 ] 127.0.0.1 /newmeigui/index.php/Admin/adtype
INFO: [ app_init ] --START--
INFO: Run Behavior\BuildLiteBehavior [ RunTime:0.000041s ]
INFO: [ app_init ] --END-- [ RunTime:0.000254s ]
INFO: [ app_begin ] --START--
INFO: Run Behavior\ReadHtmlCacheBehavior [ RunTime:0.000689s ]
INFO: [ app_begin ] --END-- [ RunTime:0.000865s ]
SQL: SHOW COLUMNS FROM `na_adtype` [ RunTime:0.0130s ]
SQL: SHOW COLUMNS FROM `na_adtype` [ RunTime:0.0056s ]
SQL: SELECT COUNT(*) AS tp_count FROM `na_adtype` LIMIT 1   [ RunTime:0.0003s ]
SQL: SELECT * FROM `na_adtype` ORDER BY `na_adtype_time` desc LIMIT 0,9   [ RunTime:0.0004s ]
NOTIC: [8] Use of undefined constant typeList - assumed 'typeList' D:\phpworkspaces\newmeigui\Application\Admin\Controller\AdtypeController.class.php 第 23 行.
INFO: [ view_parse ] --START--
INFO: [ template_filter ] --START--
INFO: Run Behavior\ContentReplaceBehavior [ RunTime:0.000078s ]
INFO: [ template_filter ] --END-- [ RunTime:0.000199s ]
INFO: Run Behavior\ParseTemplateBehavior [ RunTime:0.050368s ]
INFO: [ view_parse ] --END-- [ RunTime:0.050589s ]
INFO: [ view_filter ] --START--
INFO: Run Behavior\WriteHtmlCacheBehavior [ RunTime:0.000490s ]
INFO: [ view_filter ] --END-- [ RunTime:0.000667s ]
INFO: [ app_end ] --START--
INFO: Run Behavior\ShowPageTraceBehavior [ RunTime:0.000662s ]
INFO: [ app_end ] --END-- [ RunTime:0.000789s ]

[ 2018-03-01T10:14:06+08:00 ] 127.0.0.1 /newmeigui/index.php/Admin/Css/style.css
INFO: [ app_init ] --START--
INFO: Run Behavior\BuildLiteBehavior [ RunTime:0.000043s ]
INFO: [ app_init ] --END-- [ RunTime:0.000257s ]
INFO: [ app_begin ] --START--
INFO: Run Behavior\ReadHtmlCacheBehavior [ RunTime:0.000956s ]
INFO: [ app_begin ] --END-- [ RunTime:0.001143s ]
ERR: 非法操作:style
NOTIC: [2] Cannot modify header information - headers already sent by (output started at D:\phpworkspaces\newmeigui\ThinkPHP\Common\functions.php:110) D:\phpworkspaces\newmeigui\ThinkPHP\Library\Think\Think.class.php 第 255 行.
NOTIC: [2] Cannot modify header information - headers already sent by (output started at D:\phpworkspaces\newmeigui\ThinkPHP\Common\functions.php:110) D:\phpworkspaces\newmeigui\ThinkPHP\Library\Think\Think.class.php 第 256 行.

[ 2018-03-01T10:14:08+08:00 ] 127.0.0.1 /newmeigui/index.php/Admin/adtype/et/id/42
INFO: [ app_init ] --START--
INFO: Run Behavior\BuildLiteBehavior [ RunTime:0.000043s ]
INFO: [ app_init ] --END-- [ RunTime:0.000252s ]
INFO: [ app_begin ] --START--
INFO: Run Behavior\ReadHtmlCacheBehavior [ RunTime:0.000706s ]
INFO: [ app_begin ] --END-- [ RunTime:0.000836s ]
SQL: SHOW COLUMNS FROM `na_adtype` [ RunTime:0.0133s ]
SQL: SHOW COLUMNS FROM `na_adtype` [ RunTime:0.0087s ]
SQL: SELECT * FROM `na_adtype` WHERE `na_adtype_id` = 42 LIMIT 1   [ RunTime:0.0005s ]
INFO: [ view_parse ] --START--
INFO: [ template_filter ] --START--
INFO: Run Behavior\ContentReplaceBehavior [ RunTime:0.000146s ]
INFO: [ template_filter ] --END-- [ RunTime:0.000276s ]
INFO: Run Behavior\ParseTemplateBehavior [ RunTime:0.146000s ]
INFO: [ view_parse ] --END-- [ RunTime:0.146252s ]
INFO: [ view_filter ] --START--
INFO: Run Behavior\WriteHtmlCacheBehavior [ RunTime:0.000640s ]
INFO: [ view_filter ] --END-- [ RunTime:0.000847s ]
INFO: [ app_end ] --START--
INFO: Run Behavior\ShowPageTraceBehavior [ RunTime:0.001124s ]
INFO: [ app_end ] --END-- [ RunTime:0.001369s ]

[ 2018-03-01T10:14:18+08:00 ] 127.0.0.1 /newmeigui/index.php/Admin/Adtype/up_pic
INFO: [ app_init ] --START--
INFO: Run Behavior\BuildLiteBehavior [ RunTime:0.000026s ]
INFO: [ app_init ] --END-- [ RunTime:0.000158s ]
INFO: [ app_begin ] --START--
INFO: Run Behavior\ReadHtmlCacheBehavior [ RunTime:0.001102s ]
INFO: [ app_begin ] --END-- [ RunTime:0.001370s ]
NOTIC: [2] call_user_func() expects parameter 1 to be a valid callback, no array or string given D:\phpworkspaces\newmeigui\ThinkPHP\Library\Think\Upload.class.php 第 182 行.
INFO: [ app_end ] --START--
INFO: Run Behavior\ShowPageTraceBehavior [ RunTime:0.001583s ]
INFO: [ app_end ] --END-- [ RunTime:0.001805s ]

[ 2018-03-01T10:14:40+08:00 ] 127.0.0.1 /newmeigui/index.php/Admin/UploadFiles
INFO: [ app_init ] --START--
INFO: Run Behavior\BuildLiteBehavior [ RunTime:0.000025s ]
INFO: [ app_init ] --END-- [ RunTime:0.000153s ]
INFO: [ app_begin ] --START--
INFO: Run Behavior\ReadHtmlCacheBehavior [ RunTime:0.001252s ]
INFO: [ app_begin ] --END-- [ RunTime:0.001449s ]
SQL: SHOW COLUMNS FROM `na_adtype` [ RunTime:0.0261s ]
SQL: SHOW COLUMNS FROM `na_adtype` [ RunTime:0.0074s ]
SQL: SELECT `na_adtype_type` FROM `na_adtype`  [ RunTime:0.0004s ]
NOTIC: [8] Use of undefined constant ptUpload - assumed 'ptUpload' D:\phpworkspaces\newmeigui\Application\Admin\Controller\UploadFilesController.class.php 第 23 行.
INFO: [ view_parse ] --START--
INFO: [ template_filter ] --START--
INFO: Run Behavior\ContentReplaceBehavior [ RunTime:0.000140s ]
INFO: [ template_filter ] --END-- [ RunTime:0.000342s ]
INFO: Run Behavior\ParseTemplateBehavior [ RunTime:0.031445s ]
INFO: [ view_parse ] --END-- [ RunTime:0.031669s ]
INFO: [ view_filter ] --START--
INFO: Run Behavior\WriteHtmlCacheBehavior [ RunTime:0.000772s ]
INFO: [ view_filter ] --END-- [ RunTime:0.000947s ]
INFO: [ app_end ] --START--
INFO: Run Behavior\ShowPageTraceBehavior [ RunTime:0.000787s ]
INFO: [ app_end ] --END-- [ RunTime:0.000937s ]

[ 2018-03-01T10:14:46+08:00 ] 127.0.0.1 /newmeigui/index.php/Admin/uv
INFO: [ app_init ] --START--
INFO: Run Behavior\BuildLiteBehavior [ RunTime:0.000027s ]
INFO: [ app_init ] --END-- [ RunTime:0.000164s ]
INFO: [ app_begin ] --START--
INFO: Run Behavior\ReadHtmlCacheBehavior [ RunTime:0.001792s ]
INFO: [ app_begin ] --END-- [ RunTime:0.002036s ]
SQL: SHOW COLUMNS FROM `na_adtype` [ RunTime:0.0138s ]
SQL: SHOW COLUMNS FROM `na_adtype` [ RunTime:0.0101s ]
SQL: SELECT `na_adtype_type` FROM `na_adtype`  [ RunTime:0.0003s ]
NOTIC: [8] Use of undefined constant videoUpload - assumed 'videoUpload' D:\phpworkspaces\newmeigui\Application\Admin\Controller\UploadFilesController.class.php 第 33 行.
INFO: [ view_parse ] --START--
INFO: [ template_filter ] --START--
INFO: Run Behavior\ContentReplaceBehavior [ RunTime:0.000120s ]
INFO: [ template_filter ] --END-- [ RunTime:0.000253s ]
INFO: Run Behavior\ParseTemplateBehavior [ RunTime:0.189266s ]
INFO: [ view_parse ] --END-- [ RunTime:0.189459s ]
INFO: [ view_filter ] --START--
INFO: Run Behavior\WriteHtmlCacheBehavior [ RunTime:0.000472s ]
INFO: [ view_filter ] --END-- [ RunTime:0.000625s ]
INFO: [ app_end ] --START--
INFO: Run Behavior\ShowPageTraceBehavior [ RunTime:0.000783s ]
INFO: [ app_end ] --END-- [ RunTime:0.000956s ]

[ 2018-03-01T10:16:51+08:00 ] 127.0.0.1 /newmeigui/index.php/Admin/UploadFiles
INFO: [ app_init ] --START--
INFO: Run Behavior\BuildLiteBehavior [ RunTime:0.000045s ]
INFO: [ app_init ] --END-- [ RunTime:0.000284s ]
INFO: [ app_begin ] --START--
INFO: Run Behavior\ReadHtmlCacheBehavior [ RunTime:0.000899s ]
INFO: [ app_begin ] --END-- [ RunTime:0.001138s ]
SQL: SHOW COLUMNS FROM `na_adtype` [ RunTime:0.0143s ]
SQL: SHOW COLUMNS FROM `na_adtype` [ RunTime:0.0083s ]
SQL: SELECT `na_adtype_type` FROM `na_adtype`  [ RunTime:0.0005s ]
NOTIC: [8] Use of undefined constant ptUpload - assumed 'ptUpload' D:\phpworkspaces\newmeigui\Application\Admin\Controller\UploadFilesController.class.php 第 23 行.
INFO: [ view_parse ] --START--
INFO: [ template_filter ] --START--
INFO: Run Behavior\ContentReplaceBehavior [ RunTime:0.000112s ]
INFO: [ template_filter ] --END-- [ RunTime:0.000234s ]
INFO: Run Behavior\ParseTemplateBehavior [ RunTime:0.029129s ]
INFO: [ view_parse ] --END-- [ RunTime:0.029306s ]
INFO: [ view_filter ] --START--
INFO: Run Behavior\WriteHtmlCacheBehavior [ RunTime:0.000315s ]
INFO: [ view_filter ] --END-- [ RunTime:0.000423s ]
INFO: [ app_end ] --START--
INFO: Run Behavior\ShowPageTraceBehavior [ RunTime:0.000552s ]
INFO: [ app_end ] --END-- [ RunTime:0.000666s ]

[ 2018-03-01T10:17:05+08:00 ] 127.0.0.1 /newmeigui/index.php/Admin/adtype
INFO: [ app_init ] --START--
INFO: Run Behavior\BuildLiteBehavior [ RunTime:0.000027s ]
INFO: [ app_init ] --END-- [ RunTime:0.000162s ]
INFO: [ app_begin ] --START--
INFO: Run Behavior\ReadHtmlCacheBehavior [ RunTime:0.001504s ]
INFO: [ app_begin ] --END-- [ RunTime:0.001757s ]
SQL: SHOW COLUMNS FROM `na_adtype` [ RunTime:0.0372s ]
SQL: SHOW COLUMNS FROM `na_adtype` [ RunTime:0.0059s ]
SQL: SELECT COUNT(*) AS tp_count FROM `na_adtype` LIMIT 1   [ RunTime:0.0002s ]
SQL: SELECT * FROM `na_adtype` ORDER BY `na_adtype_time` desc LIMIT 0,9   [ RunTime:0.0005s ]
NOTIC: [8] Use of undefined constant typeList - assumed 'typeList' D:\phpworkspaces\newmeigui\Application\Admin\Controller\AdtypeController.class.php 第 23 行.
INFO: [ view_parse ] --START--
INFO: [ template_filter ] --START--
INFO: Run Behavior\ContentReplaceBehavior [ RunTime:0.000089s ]
INFO: [ template_filter ] --END-- [ RunTime:0.000220s ]
INFO: Run Behavior\ParseTemplateBehavior [ RunTime:0.010985s ]
INFO: [ view_parse ] --END-- [ RunTime:0.011263s ]
INFO: [ view_filter ] --START--
INFO: Run Behavior\WriteHtmlCacheBehavior [ RunTime:0.000500s ]
INFO: [ view_filter ] --END-- [ RunTime:0.000756s ]
INFO: [ app_end ] --START--
INFO: Run Behavior\ShowPageTraceBehavior [ RunTime:0.000852s ]
INFO: [ app_end ] --END-- [ RunTime:0.001082s ]

[ 2018-03-01T10:17:05+08:00 ] 127.0.0.1 /newmeigui/index.php/Admin/Css/style.css
INFO: [ app_init ] --START--
INFO: Run Behavior\BuildLiteBehavior [ RunTime:0.000044s ]
INFO: [ app_init ] --END-- [ RunTime:0.000266s ]
INFO: [ app_begin ] --START--
INFO: Run Behavior\ReadHtmlCacheBehavior [ RunTime:0.000866s ]
INFO: [ app_begin ] --END-- [ RunTime:0.001080s ]
ERR: 非法操作:style
NOTIC: [2] Cannot modify header information - headers already sent by (output started at D:\phpworkspaces\newmeigui\ThinkPHP\Common\functions.php:110) D:\phpworkspaces\newmeigui\ThinkPHP\Library\Think\Think.class.php 第 255 行.
NOTIC: [2] Cannot modify header information - headers already sent by (output started at D:\phpworkspaces\newmeigui\ThinkPHP\Common\functions.php:110) D:\phpworkspaces\newmeigui\ThinkPHP\Library\Think\Think.class.php 第 256 行.

[ 2018-03-01T10:17:07+08:00 ] 127.0.0.1 /newmeigui/index.php/Admin/at
INFO: [ app_init ] --START--
INFO: Run Behavior\BuildLiteBehavior [ RunTime:0.000026s ]
INFO: [ app_init ] --END-- [ RunTime:0.000190s ]
INFO: [ app_begin ] --START--
INFO: Run Behavior\ReadHtmlCacheBehavior [ RunTime:0.000924s ]
INFO: [ app_begin ] --END-- [ RunTime:0.001132s ]
INFO: [ view_parse ] --START--
INFO: [ template_filter ] --START--
INFO: Run Behavior\ContentReplaceBehavior [ RunTime:0.000269s ]
INFO: [ template_filter ] --END-- [ RunTime:0.000513s ]
INFO: Run Behavior\ParseTemplateBehavior [ RunTime:0.098600s ]
INFO: [ view_parse ] --END-- [ RunTime:0.098863s ]
INFO: [ view_filter ] --START--
INFO: Run Behavior\WriteHtmlCacheBehavior [ RunTime:0.000884s ]
INFO: [ view_filter ] --END-- [ RunTime:0.001114s ]
INFO: [ app_end ] --START--
INFO: Run Behavior\ShowPageTraceBehavior [ RunTime:0.000665s ]
INFO: [ app_end ] --END-- [ RunTime:0.000836s ]

[ 2018-03-01T10:18:54+08:00 ] 127.0.0.1 /newmeigui/index.php/Admin/gg
INFO: [ app_init ] --START--
INFO: Run Behavior\BuildLiteBehavior [ RunTime:0.000056s ]
INFO: [ app_init ] --END-- [ RunTime:0.000277s ]
INFO: [ app_begin ] --START--
INFO: Run Behavior\ReadHtmlCacheBehavior [ RunTime:0.000707s ]
INFO: [ app_begin ] --END-- [ RunTime:0.000865s ]

[ 2018-03-01T10:18:56+08:00 ] 127.0.0.1 /newmeigui/index.php/Admin/login
INFO: [ app_init ] --START--
INFO: Run Behavior\BuildLiteBehavior [ RunTime:0.000042s ]
INFO: [ app_init ] --END-- [ RunTime:0.000274s ]
INFO: [ app_begin ] --START--
INFO: Run Behavior\ReadHtmlCacheBehavior [ RunTime:0.000713s ]
INFO: [ app_begin ] --END-- [ RunTime:0.000840s ]
NOTIC: [8] Use of undefined constant login - assumed 'login' D:\phpworkspaces\newmeigui\Application\Admin\Controller\LoginController.class.php 第 12 行.
INFO: [ view_parse ] --START--
INFO: [ template_filter ] --START--
INFO: Run Behavior\ContentReplaceBehavior [ RunTime:0.000066s ]
INFO: [ template_filter ] --END-- [ RunTime:0.000184s ]
INFO: Run Behavior\ParseTemplateBehavior [ RunTime:0.007436s ]
INFO: [ view_parse ] --END-- [ RunTime:0.007605s ]
INFO: [ view_filter ] --START--
INFO: Run Behavior\WriteHtmlCacheBehavior [ RunTime:0.000545s ]
INFO: [ view_filter ] --END-- [ RunTime:0.000750s ]
INFO: [ app_end ] --START--
INFO: Run Behavior\ShowPageTraceBehavior [ RunTime:0.000995s ]
INFO: [ app_end ] --END-- [ RunTime:0.001147s ]

[ 2018-03-01T10:20:34+08:00 ] 127.0.0.1 /newmeigui/index.php/Admin/u
INFO: [ app_init ] --START--
INFO: Run Behavior\BuildLiteBehavior [ RunTime:0.000025s ]
INFO: [ app_init ] --END-- [ RunTime:0.000155s ]
INFO: [ app_begin ] --START--
INFO: Run Behavior\ReadHtmlCacheBehavior [ RunTime:0.000630s ]
INFO: [ app_begin ] --END-- [ RunTime:0.000759s ]
SQL: SHOW COLUMNS FROM `na_admin` [ RunTime:0.0136s ]
SQL: SHOW COLUMNS FROM `na_admin` [ RunTime:0.0068s ]
SQL: SELECT * FROM `na_admin` WHERE `na_admin_loginName` = 'admin' LIMIT 1   [ RunTime:0.0006s ]

[ 2018-03-01T10:20:36+08:00 ] 127.0.0.1 /newmeigui/index.php/Admin/index
INFO: [ app_init ] --START--
INFO: Run Behavior\BuildLiteBehavior [ RunTime:0.000026s ]
INFO: [ app_init ] --END-- [ RunTime:0.000156s ]
INFO: [ app_begin ] --START--
INFO: Run Behavior\ReadHtmlCacheBehavior [ RunTime:0.000933s ]
INFO: [ app_begin ] --END-- [ RunTime:0.001113s ]
NOTIC: [2048] Declaration of Admin\Controller\IndexController::error() should be compatible with Think\Controller::error($message = '', $jumpUrl = '', $ajax = false) D:\phpworkspaces\newmeigui\Application\Admin\Controller\IndexController.class.php 第 31 行.
INFO: [ view_parse ] --START--
INFO: [ template_filter ] --START--
INFO: Run Behavior\ContentReplaceBehavior [ RunTime:0.000155s ]
INFO: [ template_filter ] --END-- [ RunTime:0.000360s ]
INFO: Run Behavior\ParseTemplateBehavior [ RunTime:0.024745s ]
INFO: [ view_parse ] --END-- [ RunTime:0.024928s ]
INFO: [ view_filter ] --START--
INFO: Run Behavior\WriteHtmlCacheBehavior [ RunTime:0.000577s ]
INFO: [ view_filter ] --END-- [ RunTime:0.000758s ]
INFO: [ app_end ] --START--
INFO: Run Behavior\ShowPageTraceBehavior [ RunTime:0.000747s ]
INFO: [ app_end ] --END-- [ RunTime:0.000861s ]

[ 2018-03-01T10:20:57+08:00 ] 127.0.0.1 /newmeigui/Admin/index
INFO: [ app_init ] --START--
INFO: Run Behavior\BuildLiteBehavior [ RunTime:0.000025s ]
INFO: [ app_init ] --END-- [ RunTime:0.000152s ]
INFO: [ app_begin ] --START--
INFO: Run Behavior\ReadHtmlCacheBehavior [ RunTime:0.000827s ]
INFO: [ app_begin ] --END-- [ RunTime:0.000964s ]
NOTIC: [2048] Declaration of Admin\Controller\IndexController::error() should be compatible with Think\Controller::error($message = '', $jumpUrl = '', $ajax = false) D:\phpworkspaces\newmeigui\Application\Admin\Controller\IndexController.class.php 第 31 行.
INFO: [ view_parse ] --START--
INFO: [ template_filter ] --START--
INFO: Run Behavior\ContentReplaceBehavior [ RunTime:0.000092s ]
INFO: [ template_filter ] --END-- [ RunTime:0.000206s ]
INFO: Run Behavior\ParseTemplateBehavior [ RunTime:0.008344s ]
INFO: [ view_parse ] --END-- [ RunTime:0.008476s ]
INFO: [ view_filter ] --START--
INFO: Run Behavior\WriteHtmlCacheBehavior [ RunTime:0.000406s ]
INFO: [ view_filter ] --END-- [ RunTime:0.000522s ]
INFO: [ app_end ] --START--
INFO: Run Behavior\ShowPageTraceBehavior [ RunTime:0.000703s ]
INFO: [ app_end ] --END-- [ RunTime:0.000993s ]

[ 2018-03-01T10:29:27+08:00 ] 127.0.0.1 /newmeigui/Admin/index
INFO: [ app_init ] --START--
INFO: Run Behavior\BuildLiteBehavior [ RunTime:0.000025s ]
INFO: [ app_init ] --END-- [ RunTime:0.000153s ]
INFO: [ app_begin ] --START--
INFO: Run Behavior\ReadHtmlCacheBehavior [ RunTime:0.000713s ]
INFO: [ app_begin ] --END-- [ RunTime:0.000850s ]
NOTIC: [2048] Declaration of Admin\Controller\IndexController::error() should be compatible with Think\Controller::error($message = '', $jumpUrl = '', $ajax = false) D:\phpworkspaces\newmeigui\Application\Admin\Controller\IndexController.class.php 第 31 行.
INFO: [ view_parse ] --START--
INFO: [ template_filter ] --START--
INFO: Run Behavior\ContentReplaceBehavior [ RunTime:0.000096s ]
INFO: [ template_filter ] --END-- [ RunTime:0.000216s ]
INFO: Run Behavior\ParseTemplateBehavior [ RunTime:0.009055s ]
INFO: [ view_parse ] --END-- [ RunTime:0.009180s ]
INFO: [ view_filter ] --START--
INFO: Run Behavior\WriteHtmlCacheBehavior [ RunTime:0.000359s ]
INFO: [ view_filter ] --END-- [ RunTime:0.000506s ]
INFO: [ app_end ] --START--
INFO: Run Behavior\ShowPageTraceBehavior [ RunTime:0.000610s ]
INFO: [ app_end ] --END-- [ RunTime:0.000718s ]

